[0.023s] Invoking command in '/home/nvidia/ros2_ws/src/rby1_movement/build/rby1_movement': CMAKE_PREFIX_PATH=${CMAKE_PREFIX_PATH}:/opt/ros/humble /usr/bin/cmake --build /home/nvidia/ros2_ws/src/rby1_movement/build/rby1_movement -- -j8 -l8
[0.102s] [ 50%] [32mBuilding CXX object CMakeFiles/rby1_movement_subscriber.dir/src/rby1_movement_subscriber.cpp.o[0m
[7.521s] [01m[K/home/nvidia/ros2_ws/src/rby1_movement/src/rby1_movement_subscriber.cpp:[m[K In constructor ‘[01m[KRBY1_Movement::RBY1_Movement(std::shared_ptr<rb::Robot<rb::y1_model::A> >, std::unique_ptr<rb::RobotCommandStreamHandler<rb::y1_model::A> >)[m[K’:
[7.521s] [01m[K/home/nvidia/ros2_ws/src/rby1_movement/src/rby1_movement_subscriber.cpp:24:9:[m[K [01;31m[Kerror: [m[Kuse of deleted function ‘[01m[Kstd::unique_ptr<_Tp, _Dp>::unique_ptr(const std::unique_ptr<_Tp, _Dp>&) [with _Tp = rb::RobotCommandStreamHandler<rb::y1_model::A>; _Dp = std::default_delete<rb::RobotCommandStreamHandler<rb::y1_model::A> >][m[K’
[7.521s]    24 |         [01;31m[Kstream(stream)[m[K {
[7.521s]       |         [01;31m[K^~~~~~~~~~~~~~[m[K
[7.521s] In file included from [01m[K/usr/include/c++/11/bits/locale_conv.h:41[m[K,
[7.521s]                  from [01m[K/usr/include/c++/11/locale:43[m[K,
[7.521s]                  from [01m[K/usr/include/c++/11/iomanip:43[m[K,
[7.522s]                  from [01m[K/home/nvidia/ros2_ws/src/rby1_movement/src/rby1_movement_subscriber.cpp:1[m[K:
[7.522s] [01m[K/usr/include/c++/11/bits/unique_ptr.h:468:7:[m[K [01;36m[Knote: [m[Kdeclared here
[7.522s]   468 |       [01;36m[Kunique_ptr[m[K(const unique_ptr&) = delete;
[7.522s]       |       [01;36m[K^~~~~~~~~~[m[K
[7.558s] [01m[K/home/nvidia/ros2_ws/src/rby1_movement/src/rby1_movement_subscriber.cpp:[m[K In member function ‘[01m[Kvoid RBY1_Movement::joy_callback(sensor_msgs::msg::Joy_<std::allocator<void> >::SharedPtr)[m[K’:
[7.558s] [01m[K/home/nvidia/ros2_ws/src/rby1_movement/src/rby1_movement_subscriber.cpp:113:33:[m[K [01;31m[Kerror: [m[Kcannot convert ‘[01m[Krb::MobilityCommandBuilder[m[K’ to ‘[01m[Kconst rb::RobotCommandBuilder&[m[K’
[7.558s]   113 |            stream->SendCommand([01;31m[Kmobility_command[m[K);
[7.558s]       |                                [01;31m[K^~~~~~~~~~~~~~~~[m[K
[7.558s]       |                                [01;31m[K|[m[K
[7.558s]       |                                [01;31m[Krb::MobilityCommandBuilder[m[K
[7.558s] 
[7.558s] In file included from [01m[K/home/nvidia/ros2_ws/src/rby1_movement/src/rby1_movement_subscriber.cpp:7[m[K:
[7.559s] [01m[K/home/nvidia/rby1-sdk/include/rby1-sdk/robot.h:249:63:[m[K [01;36m[Knote: [m[K  initializing argument 1 of ‘[01m[Krb::RobotCommandFeedback rb::RobotCommandStreamHandler<T>::SendCommand(const rb::RobotCommandBuilder&, int) [with T = rb::y1_model::A][m[K’
[7.559s]   249 | and([01;36m[Kconst RobotCommandBuilder& builder[m[K, int timeout_ms = 1000);
[7.559s]       |     [01;36m[K~~~~~~~~~~~~~~~~~~~~~~~~~~~^~~~~~~[m[K
[7.559s] 
[9.095s] In file included from [01m[K/usr/include/aarch64-linux-gnu/c++/11/bits/c++allocator.h:33[m[K,
[9.095s]                  from [01m[K/usr/include/c++/11/bits/allocator.h:46[m[K,
[9.095s]                  from [01m[K/usr/include/c++/11/string:41[m[K,
[9.095s]                  from [01m[K/usr/include/c++/11/bits/locale_classes.h:40[m[K,
[9.095s]                  from [01m[K/usr/include/c++/11/bits/ios_base.h:41[m[K,
[9.095s]                  from [01m[K/usr/include/c++/11/iomanip:40[m[K,
[9.095s]                  from [01m[K/home/nvidia/ros2_ws/src/rby1_movement/src/rby1_movement_subscriber.cpp:1[m[K:
[9.095s] /usr/include/c++/11/ext/new_allocator.h: In instantiation of ‘[01m[Kvoid __gnu_cxx::new_allocator<_Tp>::construct(_Up*, _Args&& ...) [with _Up = RBY1_Movement; _Args = {std::shared_ptr<rb::Robot<rb::y1_model::A> >&, std::unique_ptr<rb::RobotCommandStreamHandler<rb::y1_model::A>, std::default_delete<rb::RobotCommandStreamHandler<rb::y1_model::A> > >&}; _Tp = RBY1_Movement][m[K’:
[9.096s] [01m[K/usr/include/c++/11/bits/alloc_traits.h:516:17:[m[K   required from ‘[01m[Kstatic void std::allocator_traits<std::allocator<_CharT> >::construct(std::allocator_traits<std::allocator<_CharT> >::allocator_type&, _Up*, _Args&& ...) [with _Up = RBY1_Movement; _Args = {std::shared_ptr<rb::Robot<rb::y1_model::A> >&, std::unique_ptr<rb::RobotCommandStreamHandler<rb::y1_model::A>, std::default_delete<rb::RobotCommandStreamHandler<rb::y1_model::A> > >&}; _Tp = RBY1_Movement; std::allocator_traits<std::allocator<_CharT> >::allocator_type = std::allocator<RBY1_Movement>][m[K’
[9.096s] [01m[K/usr/include/c++/11/bits/shared_ptr_base.h:519:39:[m[K   required from ‘[01m[Kstd::_Sp_counted_ptr_inplace<_Tp, _Alloc, _Lp>::_Sp_counted_ptr_inplace(_Alloc, _Args&& ...) [with _Args = {std::shared_ptr<rb::Robot<rb::y1_model::A> >&, std::unique_ptr<rb::RobotCommandStreamHandler<rb::y1_model::A>, std::default_delete<rb::RobotCommandStreamHandler<rb::y1_model::A> > >&}; _Tp = RBY1_Movement; _Alloc = std::allocator<RBY1_Movement>; __gnu_cxx::_Lock_policy _Lp = __gnu_cxx::_S_atomic][m[K’
[9.096s] [01m[K/usr/include/c++/11/bits/shared_ptr_base.h:650:16:[m[K   required from ‘[01m[Kstd::__shared_count<_Lp>::__shared_count(_Tp*&, std::_Sp_alloc_shared_tag<_Alloc>, _Args&& ...) [with _Tp = RBY1_Movement; _Alloc = std::allocator<RBY1_Movement>; _Args = {std::shared_ptr<rb::Robot<rb::y1_model::A> >&, std::unique_ptr<rb::RobotCommandStreamHandler<rb::y1_model::A>, std::default_delete<rb::RobotCommandStreamHandler<rb::y1_model::A> > >&}; __gnu_cxx::_Lock_policy _Lp = __gnu_cxx::_S_atomic][m[K’
[9.096s] [01m[K/usr/include/c++/11/bits/shared_ptr_base.h:1342:14:[m[K   required from ‘[01m[Kstd::__shared_ptr<_Tp, _Lp>::__shared_ptr(std::_Sp_alloc_shared_tag<_Tp>, _Args&& ...) [with _Alloc = std::allocator<RBY1_Movement>; _Args = {std::shared_ptr<rb::Robot<rb::y1_model::A> >&, std::unique_ptr<rb::RobotCommandStreamHandler<rb::y1_model::A>, std::default_delete<rb::RobotCommandStreamHandler<rb::y1_model::A> > >&}; _Tp = RBY1_Movement; __gnu_cxx::_Lock_policy _Lp = __gnu_cxx::_S_atomic][m[K’
[9.096s] [01m[K/usr/include/c++/11/bits/shared_ptr.h:409:59:[m[K   required from ‘[01m[Kstd::shared_ptr<_Tp>::shared_ptr(std::_Sp_alloc_shared_tag<_Tp>, _Args&& ...) [with _Alloc = std::allocator<RBY1_Movement>; _Args = {std::shared_ptr<rb::Robot<rb::y1_model::A> >&, std::unique_ptr<rb::RobotCommandStreamHandler<rb::y1_model::A>, std::default_delete<rb::RobotCommandStreamHandler<rb::y1_model::A> > >&}; _Tp = RBY1_Movement][m[K’
[9.096s] [01m[K/usr/include/c++/11/bits/shared_ptr.h:862:14:[m[K   required from ‘[01m[Kstd::shared_ptr<_Tp> std::allocate_shared(const _Alloc&, _Args&& ...) [with _Tp = RBY1_Movement; _Alloc = std::allocator<RBY1_Movement>; _Args = {std::shared_ptr<rb::Robot<rb::y1_model::A> >&, std::unique_ptr<rb::RobotCommandStreamHandler<rb::y1_model::A>, std::default_delete<rb::RobotCommandStreamHandler<rb::y1_model::A> > >&}][m[K’
[9.096s] [01m[K/usr/include/c++/11/bits/shared_ptr.h:878:39:[m[K   required from ‘[01m[Kstd::shared_ptr<_Tp> std::make_shared(_Args&& ...) [with _Tp = RBY1_Movement; _Args = {std::shared_ptr<rb::Robot<rb::y1_model::A> >&, std::unique_ptr<rb::RobotCommandStreamHandler<rb::y1_model::A>, std::default_delete<rb::RobotCommandStreamHandler<rb::y1_model::A> > >&}][m[K’
[9.096s] [01m[K/home/nvidia/ros2_ws/src/rby1_movement/src/rby1_movement_subscriber.cpp:136:49:[m[K   required from here
[9.096s] [01m[K/usr/include/c++/11/ext/new_allocator.h:162:11:[m[K [01;31m[Kerror: [m[Kuse of deleted function ‘[01m[Kstd::unique_ptr<_Tp, _Dp>::unique_ptr(const std::unique_ptr<_Tp, _Dp>&) [with _Tp = rb::RobotCommandStreamHandler<rb::y1_model::A>; _Dp = std::default_delete<rb::RobotCommandStreamHandler<rb::y1_model::A> >][m[K’
[9.097s]   162 |         { [01;31m[K::new((void *)__p) _Up(std::forward<_Args>(__args)...)[m[K; }
[9.097s]       |           [01;31m[K^~~~~~~~~~~~~~~~~~~~~~~~~~~~~~~~~~~~~~~~~~~~~~~~~~~~~~[m[K
[9.097s] In file included from [01m[K/usr/include/c++/11/bits/locale_conv.h:41[m[K,
[9.097s]                  from [01m[K/usr/include/c++/11/locale:43[m[K,
[9.097s]                  from [01m[K/usr/include/c++/11/iomanip:43[m[K,
[9.097s]                  from [01m[K/home/nvidia/ros2_ws/src/rby1_movement/src/rby1_movement_subscriber.cpp:1[m[K:
[9.097s] [01m[K/usr/include/c++/11/bits/unique_ptr.h:468:7:[m[K [01;36m[Knote: [m[Kdeclared here
[9.097s]   468 |       [01;36m[Kunique_ptr[m[K(const unique_ptr&) = delete;
[9.097s]       |       [01;36m[K^~~~~~~~~~[m[K
[9.097s] [01m[K/home/nvidia/ros2_ws/src/rby1_movement/src/rby1_movement_subscriber.cpp:21:127:[m[K [01;36m[Knote: [m[K  initializing argument 2 of ‘[01m[KRBY1_Movement::RBY1_Movement(std::shared_ptr<rb::Robot<rb::y1_model::A> >, std::unique_ptr<rb::RobotCommandStreamHandler<rb::y1_model::A> >)[m[K’
[9.097s]    21 | [01;36m[KmmandStreamHandler<y1_model::A>> stream[m[K) :
[9.098s]       | [01;36m[K~~~~~~~~~~~~~~~~~~~~~~~~~~~~~~~~~^~~~~~[m[K
[9.098s] 
[12.627s] gmake[2]: *** [CMakeFiles/rby1_movement_subscriber.dir/build.make:79: CMakeFiles/rby1_movement_subscriber.dir/src/rby1_movement_subscriber.cpp.o] Error 1
[12.628s] gmake[1]: *** [CMakeFiles/Makefile2:153: CMakeFiles/rby1_movement_subscriber.dir/all] Error 2
[12.629s] gmake: *** [Makefile:146: all] Error 2
[12.634s] Invoked command in '/home/nvidia/ros2_ws/src/rby1_movement/build/rby1_movement' returned '2': CMAKE_PREFIX_PATH=${CMAKE_PREFIX_PATH}:/opt/ros/humble /usr/bin/cmake --build /home/nvidia/ros2_ws/src/rby1_movement/build/rby1_movement -- -j8 -l8
