[0.022s] Invoking command in '/home/nvidia/ros2_ws/src/rby1_movement/build/rby1_movement': CMAKE_PREFIX_PATH=${CMAKE_PREFIX_PATH}:/home/nvidia/ros2_ws/install/keyboard_joy:/opt/ros/humble /usr/bin/cmake --build /home/nvidia/ros2_ws/src/rby1_movement/build/rby1_movement -- -j8 -l8
[0.087s] [  8%] Built target rby1_movement__rosidl_generator_c
[0.088s] [ 11%] Built target rby1_movement__cpp
[0.098s] [ 11%] Built target ament_cmake_python_copy_rby1_movement
[0.098s] [ 14%] [32mBuilding CXX object CMakeFiles/speed_server.dir/src/rby1_movement_subscriber.cpp.o[0m
[0.099s] [ 17%] [32mBuilding CXX object CMakeFiles/rby1_movement_subscriber.dir/src/rby1_movement_subscriber.cpp.o[0m
[0.110s] [ 34%] Built target rby1_movement__rosidl_typesupport_introspection_c
[0.111s] [ 34%] Built target rby1_movement__rosidl_typesupport_fastrtps_c
[0.111s] [ 42%] Built target rby1_movement__rosidl_typesupport_c
[0.116s] [ 51%] Built target rby1_movement__rosidl_typesupport_cpp
[0.117s] [ 60%] Built target rby1_movement__rosidl_typesupport_fastrtps_cpp
[0.123s] [ 68%] Built target rby1_movement__rosidl_typesupport_introspection_cpp
[0.142s] [ 68%] Built target rby1_movement
[0.164s] [ 71%] Built target rby1_movement__py
[0.188s] [ 77%] Built target rby1_movement__rosidl_generator_py
[0.213s] [ 94%] Built target rby1_movement__rosidl_typesupport_c__pyext
[0.213s] [ 94%] Built target rby1_movement__rosidl_typesupport_introspection_c__pyext
[0.214s] [ 94%] Built target rby1_movement__rosidl_typesupport_fastrtps_c__pyext
[0.563s] running egg_info
[0.564s] writing rby1_movement.egg-info/PKG-INFO
[0.565s] writing dependency_links to rby1_movement.egg-info/dependency_links.txt
[0.565s] writing top-level names to rby1_movement.egg-info/top_level.txt
[0.569s] reading manifest file 'rby1_movement.egg-info/SOURCES.txt'
[0.570s] writing manifest file 'rby1_movement.egg-info/SOURCES.txt'
[0.632s] [ 94%] Built target ament_cmake_python_build_rby1_movement_egg
[0.719s] [01m[K/home/nvidia/ros2_ws/src/rby1_movement/src/rby1_movement_subscriber.cpp:10:10:[m[K [01;31m[Kfatal error: [m[Krby1_movement/srv/speed_control.hpp: No such file or directory
[0.719s]    10 | #include [01;31m[K"rby1_movement/srv/speed_control.hpp"[m[K
[0.719s]       |          [01;31m[K^~~~~~~~~~~~~~~~~~~~~~~~~~~~~~~~~~~~~[m[K
[0.719s] compilation terminated.
[0.720s] [01m[K/home/nvidia/ros2_ws/src/rby1_movement/src/rby1_movement_subscriber.cpp:10:10:[m[K [01;31m[Kfatal error: [m[Krby1_movement/srv/speed_control.hpp: No such file or directory
[0.720s]    10 | #include [01;31m[K"rby1_movement/srv/speed_control.hpp"[m[K
[0.720s]       |          [01;31m[K^~~~~~~~~~~~~~~~~~~~~~~~~~~~~~~~~~~~~[m[K
[0.720s] compilation terminated.
[0.728s] gmake[2]: *** [CMakeFiles/rby1_movement_subscriber.dir/build.make:79: CMakeFiles/rby1_movement_subscriber.dir/src/rby1_movement_subscriber.cpp.o] Error 1
[0.728s] gmake[2]: *** [CMakeFiles/speed_server.dir/build.make:79: CMakeFiles/speed_server.dir/src/rby1_movement_subscriber.cpp.o] Error 1
[0.729s] gmake[1]: *** [CMakeFiles/Makefile2:731: CMakeFiles/rby1_movement_subscriber.dir/all] Error 2
[0.729s] gmake[1]: *** Waiting for unfinished jobs....
[0.729s] gmake[1]: *** [CMakeFiles/Makefile2:763: CMakeFiles/speed_server.dir/all] Error 2
[0.730s] gmake: *** [Makefile:146: all] Error 2
[0.736s] Invoked command in '/home/nvidia/ros2_ws/src/rby1_movement/build/rby1_movement' returned '2': CMAKE_PREFIX_PATH=${CMAKE_PREFIX_PATH}:/home/nvidia/ros2_ws/install/keyboard_joy:/opt/ros/humble /usr/bin/cmake --build /home/nvidia/ros2_ws/src/rby1_movement/build/rby1_movement -- -j8 -l8
