[0.045s] Invoking command in '/home/nvidia/ros2_ws/src/rby1_robot_state/build/rby1_robot_state': CMAKE_PREFIX_PATH=${CMAKE_PREFIX_PATH}:/home/nvidia/ros2_ws/install/launch_param_builder:/home/nvidia/ros2_ws/install/keyboard_joy:/home/nvidia/rby1_ros2_ws/install/rby1_subscriber_pkg:/home/nvidia/rby1_ros2_ws/install/rby1_mobile_control:/opt/ros/humble /usr/bin/cmake --build /home/nvidia/ros2_ws/src/rby1_robot_state/build/rby1_robot_state -- -j8 -l8
[0.318s] [ 50%] [32mBuilding CXX object CMakeFiles/robot_state_publisher.dir/src/robot_state_publisher.cpp.o[0m
[8.367s] /home/nvidia/ros2_ws/src/rby1_robot_state/src/robot_state_publisher.cpp: In instantiation of ‘[01m[KRobotStatePublisher::RobotStatePublisher(std::shared_ptr<rb::Robot<rb::y1_model::A> >, std::unique_ptr<rb::RobotCommandStreamHandler<rb::y1_model::A> >)::<lambda(const auto:47&, const auto:48&)> [with auto:47 = rb::RobotState<rb::y1_model::A>; auto:48 = rb::ControlManagerState][m[K’:
[8.368s] [01m[K/usr/include/c++/11/type_traits:2530:26:[m[K   required by substitution of ‘[01m[Ktemplate<class _Fn, class ... _Args> static std::__result_of_success<decltype (declval<_Fn>()((declval<_Args>)()...)), std::__invoke_other> std::__result_of_other_impl::_S_test(int) [with _Fn = RobotStatePublisher::RobotStatePublisher(std::shared_ptr<rb::Robot<rb::y1_model::A> >, std::unique_ptr<rb::RobotCommandStreamHandler<rb::y1_model::A> >)::<lambda(const auto:47&, const auto:48&)>&; _Args = {const rb::RobotState<rb::y1_model::A>&, const rb::ControlManagerState&}][m[K’
[8.368s] [01m[K/usr/include/c++/11/type_traits:2541:55:[m[K   required from ‘[01m[Kstruct std::__result_of_impl<false, false, RobotStatePublisher::RobotStatePublisher(std::shared_ptr<rb::Robot<rb::y1_model::A> >, std::unique_ptr<rb::RobotCommandStreamHandler<rb::y1_model::A> >)::<lambda(const auto:47&, const auto:48&)>&, const rb::RobotState<rb::y1_model::A>&, const rb::ControlManagerState&>[m[K’
[8.368s] [01m[K/usr/include/c++/11/bits/std_function.h:348:9:[m[K   recursively required by substitution of ‘[01m[Ktemplate<class _Result, class _Ret> struct std::__is_invocable_impl<_Result, _Ret, true, std::__void_t<typename _CTp::type> > [with _Result = std::__invoke_result<RobotStatePublisher::RobotStatePublisher(std::shared_ptr<rb::Robot<rb::y1_model::A> >, std::unique_ptr<rb::RobotCommandStreamHandler<rb::y1_model::A> >)::<lambda(const auto:47&, const auto:48&)>&, const rb::RobotState<rb::y1_model::A>&, const rb::ControlManagerState&>; _Ret = void][m[K’
[8.368s] [01m[K/usr/include/c++/11/bits/std_function.h:348:9:[m[K   required from ‘[01m[Kstruct std::function<void(const rb::RobotState<rb::y1_model::A>&, const rb::ControlManagerState&)>::_Callable<RobotStatePublisher::RobotStatePublisher(std::shared_ptr<rb::Robot<rb::y1_model::A> >, std::unique_ptr<rb::RobotCommandStreamHandler<rb::y1_model::A> >)::<lambda(const auto:47&, const auto:48&)>, RobotStatePublisher::RobotStatePublisher(std::shared_ptr<rb::Robot<rb::y1_model::A> >, std::unique_ptr<rb::RobotCommandStreamHandler<rb::y1_model::A> >)::<lambda(const auto:47&, const auto:48&)>, std::__invoke_result<RobotStatePublisher::RobotStatePublisher(std::shared_ptr<rb::Robot<rb::y1_model::A> >, std::unique_ptr<rb::RobotCommandStreamHandler<rb::y1_model::A> >)::<lambda(const auto:47&, const auto:48&)>&, const rb::RobotState<rb::y1_model::A>&, const rb::ControlManagerState&> >[m[K’
[8.368s] [01m[K/usr/include/c++/11/bits/std_function.h:353:8:[m[K   required by substitution of ‘[01m[Ktemplate<class _Res, class ... _ArgTypes> template<class _Cond, class _Tp> using _Requires = std::__enable_if_t<_Cond::value, _Tp> [with _Cond = std::function<void(const rb::RobotState<rb::y1_model::A>&, const rb::ControlManagerState&)>::_Callable<RobotStatePublisher::RobotStatePublisher(std::shared_ptr<rb::Robot<rb::y1_model::A> >, std::unique_ptr<rb::RobotCommandStreamHandler<rb::y1_model::A> >)::<lambda(const auto:47&, const auto:48&)>, RobotStatePublisher::RobotStatePublisher(std::shared_ptr<rb::Robot<rb::y1_model::A> >, std::unique_ptr<rb::RobotCommandStreamHandler<rb::y1_model::A> >)::<lambda(const auto:47&, const auto:48&)>, std::__invoke_result<RobotStatePublisher::RobotStatePublisher(std::shared_ptr<rb::Robot<rb::y1_model::A> >, std::unique_ptr<rb::RobotCommandStreamHandler<rb::y1_model::A> >)::<lambda(const auto:47&, const auto:48&)>&, const rb::RobotState<rb::y1_model::A>&, const rb::ControlManagerState&> >; _Tp = void; _Res = void; _ArgTypes = {const rb::RobotState<rb::y1_model::A>&, const rb::ControlManagerState&}][m[K’
[8.368s] [01m[K/usr/include/c++/11/bits/std_function.h:434:9:[m[K   required by substitution of ‘[01m[Ktemplate<class _Functor, class _Constraints> std::function<void(const rb::RobotState<rb::y1_model::A>&, const rb::ControlManagerState&)>::function(_Functor&&) [with _Functor = RobotStatePublisher::RobotStatePublisher(std::shared_ptr<rb::Robot<rb::y1_model::A> >, std::unique_ptr<rb::RobotCommandStreamHandler<rb::y1_model::A> >)::<lambda(const auto:47&, const auto:48&)>; _Constraints = <missing>][m[K’
[8.368s] [01m[K/home/nvidia/ros2_ws/src/rby1_robot_state/src/robot_state_publisher.cpp:39:32:[m[K   required from here
[8.368s] [01m[K/home/nvidia/ros2_ws/src/rby1_robot_state/src/robot_state_publisher.cpp:40:51:[m[K [01;35m[Kwarning: [m[Kunused parameter ‘[01m[Kcontrol_manager[m[K’ [[01;35m[K]8;;https://gcc.gnu.org/onlinedocs/gcc/Warning-Options.html#index-Wunused-parameter-Wunused-parameter]8;;[m[K]
[8.369s]    40 |             [this](const auto& state, [01;35m[Kconst auto& control_manager[m[K) {
[8.369s]       |                                       [01;35m[K~~~~~~~~~~~~^~~~~~~~~~~~~~~[m[K
[12.428s] [100%] [32m[1mLinking CXX executable robot_state_publisher[0m
[13.760s] [100%] Built target robot_state_publisher
[13.777s] Invoked command in '/home/nvidia/ros2_ws/src/rby1_robot_state/build/rby1_robot_state' returned '0': CMAKE_PREFIX_PATH=${CMAKE_PREFIX_PATH}:/home/nvidia/ros2_ws/install/launch_param_builder:/home/nvidia/ros2_ws/install/keyboard_joy:/home/nvidia/rby1_ros2_ws/install/rby1_subscriber_pkg:/home/nvidia/rby1_ros2_ws/install/rby1_mobile_control:/opt/ros/humble /usr/bin/cmake --build /home/nvidia/ros2_ws/src/rby1_robot_state/build/rby1_robot_state -- -j8 -l8
[13.797s] Invoking command in '/home/nvidia/ros2_ws/src/rby1_robot_state/build/rby1_robot_state': CMAKE_PREFIX_PATH=${CMAKE_PREFIX_PATH}:/home/nvidia/ros2_ws/install/launch_param_builder:/home/nvidia/ros2_ws/install/keyboard_joy:/home/nvidia/rby1_ros2_ws/install/rby1_subscriber_pkg:/home/nvidia/rby1_ros2_ws/install/rby1_mobile_control:/opt/ros/humble /usr/bin/cmake --install /home/nvidia/ros2_ws/src/rby1_robot_state/build/rby1_robot_state
[13.809s] -- Install configuration: ""
[13.809s] -- Installing: /home/nvidia/ros2_ws/src/rby1_robot_state/install/rby1_robot_state/lib/rby1_robot_state/robot_state_publisher
[13.814s] -- Set non-toolchain portion of runtime path of "/home/nvidia/ros2_ws/src/rby1_robot_state/install/rby1_robot_state/lib/rby1_robot_state/robot_state_publisher" to ""
[13.816s] -- Up-to-date: /home/nvidia/ros2_ws/src/rby1_robot_state/install/rby1_robot_state/share/ament_index/resource_index/package_run_dependencies/rby1_robot_state
[13.816s] -- Up-to-date: /home/nvidia/ros2_ws/src/rby1_robot_state/install/rby1_robot_state/share/ament_index/resource_index/parent_prefix_path/rby1_robot_state
[13.818s] -- Up-to-date: /home/nvidia/ros2_ws/src/rby1_robot_state/install/rby1_robot_state/share/rby1_robot_state/environment/ament_prefix_path.sh
[13.818s] -- Up-to-date: /home/nvidia/ros2_ws/src/rby1_robot_state/install/rby1_robot_state/share/rby1_robot_state/environment/ament_prefix_path.dsv
[13.818s] -- Up-to-date: /home/nvidia/ros2_ws/src/rby1_robot_state/install/rby1_robot_state/share/rby1_robot_state/environment/path.sh
[13.818s] -- Up-to-date: /home/nvidia/ros2_ws/src/rby1_robot_state/install/rby1_robot_state/share/rby1_robot_state/environment/path.dsv
[13.819s] -- Up-to-date: /home/nvidia/ros2_ws/src/rby1_robot_state/install/rby1_robot_state/share/rby1_robot_state/local_setup.bash
[13.819s] -- Up-to-date: /home/nvidia/ros2_ws/src/rby1_robot_state/install/rby1_robot_state/share/rby1_robot_state/local_setup.sh
[13.819s] -- Up-to-date: /home/nvidia/ros2_ws/src/rby1_robot_state/install/rby1_robot_state/share/rby1_robot_state/local_setup.zsh
[13.819s] -- Up-to-date: /home/nvidia/ros2_ws/src/rby1_robot_state/install/rby1_robot_state/share/rby1_robot_state/local_setup.dsv
[13.819s] -- Installing: /home/nvidia/ros2_ws/src/rby1_robot_state/install/rby1_robot_state/share/rby1_robot_state/package.dsv
[13.820s] -- Up-to-date: /home/nvidia/ros2_ws/src/rby1_robot_state/install/rby1_robot_state/share/ament_index/resource_index/packages/rby1_robot_state
[13.820s] -- Up-to-date: /home/nvidia/ros2_ws/src/rby1_robot_state/install/rby1_robot_state/share/rby1_robot_state/cmake/rby1_robot_stateConfig.cmake
[13.820s] -- Up-to-date: /home/nvidia/ros2_ws/src/rby1_robot_state/install/rby1_robot_state/share/rby1_robot_state/cmake/rby1_robot_stateConfig-version.cmake
[13.820s] -- Up-to-date: /home/nvidia/ros2_ws/src/rby1_robot_state/install/rby1_robot_state/share/rby1_robot_state/package.xml
[13.826s] Invoked command in '/home/nvidia/ros2_ws/src/rby1_robot_state/build/rby1_robot_state' returned '0': CMAKE_PREFIX_PATH=${CMAKE_PREFIX_PATH}:/home/nvidia/ros2_ws/install/launch_param_builder:/home/nvidia/ros2_ws/install/keyboard_joy:/home/nvidia/rby1_ros2_ws/install/rby1_subscriber_pkg:/home/nvidia/rby1_ros2_ws/install/rby1_mobile_control:/opt/ros/humble /usr/bin/cmake --install /home/nvidia/ros2_ws/src/rby1_robot_state/build/rby1_robot_state
