[0.202s] DEBUG:colcon:Command line arguments: ['/usr/bin/colcon', 'build']
[0.203s] DEBUG:colcon:Parsed command line arguments: Namespace(log_base=None, log_level=None, verb_name='build', build_base='build', install_base='install', merge_install=False, symlink_install=False, test_result_base=None, continue_on_error=False, executor='parallel', parallel_workers=8, event_handlers=None, ignore_user_meta=False, metas=['./colcon.meta'], base_paths=['.'], packages_ignore=None, packages_ignore_regex=None, paths=None, packages_up_to=None, packages_up_to_regex=None, packages_above=None, packages_above_and_dependencies=None, packages_above_depth=None, packages_select_by_dep=None, packages_skip_by_dep=None, packages_skip_up_to=None, packages_select_build_failed=False, packages_skip_build_finished=False, packages_select_test_failures=False, packages_skip_test_passed=False, packages_select=None, packages_skip=None, packages_select_regex=None, packages_skip_regex=None, packages_start=None, packages_end=None, allow_overriding=[], cmake_args=None, cmake_target=None, cmake_target_skip_unavailable=False, cmake_clean_cache=False, cmake_clean_first=False, cmake_force_configure=False, ament_cmake_args=None, catkin_cmake_args=None, catkin_skip_building_tests=False, mixin_files=None, mixin=None, verb_parser=<colcon_mixin.mixin.mixin_argument.MixinArgumentDecorator object at 0xffff9f435f00>, verb_extension=<colcon_core.verb.build.BuildVerb object at 0xffff9f435930>, main=<bound method BuildVerb.main of <colcon_core.verb.build.BuildVerb object at 0xffff9f435930>>, mixin_verb=('build',))
[0.514s] Level 1:colcon.colcon_core.package_discovery:discover_packages(colcon_meta) check parameters
[0.514s] Level 1:colcon.colcon_core.package_discovery:discover_packages(recursive) check parameters
[0.514s] Level 1:colcon.colcon_core.package_discovery:discover_packages(ignore) check parameters
[0.514s] Level 1:colcon.colcon_core.package_discovery:discover_packages(path) check parameters
[0.514s] Level 1:colcon.colcon_core.package_discovery:discover_packages(colcon_meta) discover
[0.514s] Level 1:colcon.colcon_core.package_discovery:discover_packages(recursive) discover
[0.514s] INFO:colcon.colcon_core.package_discovery:Crawling recursively for packages in '/home/nvidia/ros2_ws/src/rby1_movement'
[0.515s] Level 1:colcon.colcon_core.package_identification:_identify(.) by extensions ['ignore', 'ignore_ament_install']
[0.515s] Level 1:colcon.colcon_core.package_identification:_identify(.) by extension 'ignore'
[0.515s] Level 1:colcon.colcon_core.package_identification:_identify(.) by extension 'ignore_ament_install'
[0.515s] Level 1:colcon.colcon_core.package_identification:_identify(.) by extensions ['colcon_pkg']
[0.515s] Level 1:colcon.colcon_core.package_identification:_identify(.) by extension 'colcon_pkg'
[0.515s] Level 1:colcon.colcon_core.package_identification:_identify(.) by extensions ['colcon_meta']
[0.515s] Level 1:colcon.colcon_core.package_identification:_identify(.) by extension 'colcon_meta'
[0.515s] Level 1:colcon.colcon_core.package_identification:_identify(.) by extensions ['ros']
[0.515s] Level 1:colcon.colcon_core.package_identification:_identify(.) by extension 'ros'
[0.539s] DEBUG:colcon.colcon_core.package_identification:Package '.' with type 'ros.ament_cmake' and name 'rby1_movement'
[0.539s] Level 1:colcon.colcon_core.package_discovery:discover_packages(recursive) using defaults
[0.539s] Level 1:colcon.colcon_core.package_discovery:discover_packages(ignore) discover
[0.539s] Level 1:colcon.colcon_core.package_discovery:discover_packages(ignore) using defaults
[0.539s] Level 1:colcon.colcon_core.package_discovery:discover_packages(path) discover
[0.539s] Level 1:colcon.colcon_core.package_discovery:discover_packages(path) using defaults
[0.602s] Level 1:colcon.colcon_core.package_discovery:discover_packages(prefix_path) check parameters
[0.602s] Level 1:colcon.colcon_core.package_discovery:discover_packages(prefix_path) discover
[0.607s] DEBUG:colcon.colcon_installed_package_information.package_discovery:Found 1 installed packages in /home/nvidia/ros2_ws/src/rby1_movement/install
[0.608s] DEBUG:colcon.colcon_installed_package_information.package_discovery:Found 14 installed packages in /home/nvidia/ros2_ws/install
[0.610s] DEBUG:colcon.colcon_installed_package_information.package_discovery:Found 293 installed packages in /opt/ros/humble
[0.613s] Level 1:colcon.colcon_core.package_discovery:discover_packages(prefix_path) using defaults
[0.683s] Level 5:colcon.colcon_core.verb:set package 'rby1_movement' build argument 'cmake_args' from command line to 'None'
[0.683s] Level 5:colcon.colcon_core.verb:set package 'rby1_movement' build argument 'cmake_target' from command line to 'None'
[0.683s] Level 5:colcon.colcon_core.verb:set package 'rby1_movement' build argument 'cmake_target_skip_unavailable' from command line to 'False'
[0.683s] Level 5:colcon.colcon_core.verb:set package 'rby1_movement' build argument 'cmake_clean_cache' from command line to 'False'
[0.683s] Level 5:colcon.colcon_core.verb:set package 'rby1_movement' build argument 'cmake_clean_first' from command line to 'False'
[0.683s] Level 5:colcon.colcon_core.verb:set package 'rby1_movement' build argument 'cmake_force_configure' from command line to 'False'
[0.683s] Level 5:colcon.colcon_core.verb:set package 'rby1_movement' build argument 'ament_cmake_args' from command line to 'None'
[0.683s] Level 5:colcon.colcon_core.verb:set package 'rby1_movement' build argument 'catkin_cmake_args' from command line to 'None'
[0.683s] Level 5:colcon.colcon_core.verb:set package 'rby1_movement' build argument 'catkin_skip_building_tests' from command line to 'False'
[0.684s] DEBUG:colcon.colcon_core.verb:Building package 'rby1_movement' with the following arguments: {'ament_cmake_args': None, 'build_base': '/home/nvidia/ros2_ws/src/rby1_movement/build/rby1_movement', 'catkin_cmake_args': None, 'catkin_skip_building_tests': False, 'cmake_args': None, 'cmake_clean_cache': False, 'cmake_clean_first': False, 'cmake_force_configure': False, 'cmake_target': None, 'cmake_target_skip_unavailable': False, 'install_base': '/home/nvidia/ros2_ws/src/rby1_movement/install/rby1_movement', 'merge_install': False, 'path': '/home/nvidia/ros2_ws/src/rby1_movement', 'symlink_install': False, 'test_result_base': None}
[0.684s] INFO:colcon.colcon_core.executor:Executing jobs using 'parallel' executor
[0.686s] DEBUG:colcon.colcon_parallel_executor.executor.parallel:run_until_complete
[0.687s] INFO:colcon.colcon_ros.task.ament_cmake.build:Building ROS package in '/home/nvidia/ros2_ws/src/rby1_movement' with build type 'ament_cmake'
[0.687s] INFO:colcon.colcon_cmake.task.cmake.build:Building CMake package in '/home/nvidia/ros2_ws/src/rby1_movement'
[0.691s] INFO:colcon.colcon_core.plugin_system:Skipping extension 'colcon_core.shell.bat': Not used on non-Windows systems
[0.691s] INFO:colcon.colcon_core.shell:Skip shell extension 'powershell' for command environment: Not usable outside of PowerShell
[0.691s] DEBUG:colcon.colcon_core.shell:Skip shell extension 'dsv' for command environment
[0.710s] DEBUG:colcon.colcon_core.event_handler.log_command:Invoking command in '/home/nvidia/ros2_ws/src/rby1_movement/build/rby1_movement': CMAKE_PREFIX_PATH=${CMAKE_PREFIX_PATH}:/opt/ros/humble /usr/bin/cmake --build /home/nvidia/ros2_ws/src/rby1_movement/build/rby1_movement -- -j8 -l8
[22.122s] DEBUG:colcon.colcon_core.event_handler.log_command:Invoked command in '/home/nvidia/ros2_ws/src/rby1_movement/build/rby1_movement' returned '0': CMAKE_PREFIX_PATH=${CMAKE_PREFIX_PATH}:/opt/ros/humble /usr/bin/cmake --build /home/nvidia/ros2_ws/src/rby1_movement/build/rby1_movement -- -j8 -l8
[22.138s] DEBUG:colcon.colcon_core.event_handler.log_command:Invoking command in '/home/nvidia/ros2_ws/src/rby1_movement/build/rby1_movement': CMAKE_PREFIX_PATH=${CMAKE_PREFIX_PATH}:/opt/ros/humble /usr/bin/cmake --install /home/nvidia/ros2_ws/src/rby1_movement/build/rby1_movement
[22.159s] Level 1:colcon.colcon_core.environment:create_environment_scripts_only(rby1_movement)
[22.160s] DEBUG:colcon.colcon_core.event_handler.log_command:Invoked command in '/home/nvidia/ros2_ws/src/rby1_movement/build/rby1_movement' returned '0': CMAKE_PREFIX_PATH=${CMAKE_PREFIX_PATH}:/opt/ros/humble /usr/bin/cmake --install /home/nvidia/ros2_ws/src/rby1_movement/build/rby1_movement
[22.168s] Level 1:colcon.colcon_core.environment:checking '/home/nvidia/ros2_ws/src/rby1_movement/install/rby1_movement' for CMake module files
[22.171s] Level 1:colcon.colcon_core.environment:checking '/home/nvidia/ros2_ws/src/rby1_movement/install/rby1_movement' for CMake config files
[22.172s] Level 1:colcon.colcon_core.shell:create_environment_hook('rby1_movement', 'cmake_prefix_path')
[22.173s] INFO:colcon.colcon_core.shell:Creating environment hook '/home/nvidia/ros2_ws/src/rby1_movement/install/rby1_movement/share/rby1_movement/hook/cmake_prefix_path.ps1'
[22.176s] INFO:colcon.colcon_core.shell:Creating environment descriptor '/home/nvidia/ros2_ws/src/rby1_movement/install/rby1_movement/share/rby1_movement/hook/cmake_prefix_path.dsv'
[22.177s] INFO:colcon.colcon_core.shell:Creating environment hook '/home/nvidia/ros2_ws/src/rby1_movement/install/rby1_movement/share/rby1_movement/hook/cmake_prefix_path.sh'
[22.181s] Level 1:colcon.colcon_core.environment:checking '/home/nvidia/ros2_ws/src/rby1_movement/install/rby1_movement/lib'
[22.182s] Level 1:colcon.colcon_core.environment:checking '/home/nvidia/ros2_ws/src/rby1_movement/install/rby1_movement/bin'
[22.182s] Level 1:colcon.colcon_core.environment:checking '/home/nvidia/ros2_ws/src/rby1_movement/install/rby1_movement/lib/pkgconfig/rby1_movement.pc'
[22.183s] Level 1:colcon.colcon_core.environment:checking '/home/nvidia/ros2_ws/src/rby1_movement/install/rby1_movement/lib/python3.10/site-packages'
[22.184s] Level 1:colcon.colcon_core.environment:checking '/home/nvidia/ros2_ws/src/rby1_movement/install/rby1_movement/bin'
[22.185s] INFO:colcon.colcon_core.shell:Creating package script '/home/nvidia/ros2_ws/src/rby1_movement/install/rby1_movement/share/rby1_movement/package.ps1'
[22.188s] INFO:colcon.colcon_core.shell:Creating package descriptor '/home/nvidia/ros2_ws/src/rby1_movement/install/rby1_movement/share/rby1_movement/package.dsv'
[22.190s] INFO:colcon.colcon_core.shell:Creating package script '/home/nvidia/ros2_ws/src/rby1_movement/install/rby1_movement/share/rby1_movement/package.sh'
[22.193s] INFO:colcon.colcon_core.shell:Creating package script '/home/nvidia/ros2_ws/src/rby1_movement/install/rby1_movement/share/rby1_movement/package.bash'
[22.195s] INFO:colcon.colcon_core.shell:Creating package script '/home/nvidia/ros2_ws/src/rby1_movement/install/rby1_movement/share/rby1_movement/package.zsh'
[22.198s] Level 1:colcon.colcon_core.environment:create_file_with_runtime_dependencies(/home/nvidia/ros2_ws/src/rby1_movement/install/rby1_movement/share/colcon-core/packages/rby1_movement)
[22.200s] Level 1:colcon.colcon_core.environment:create_environment_scripts_only(rby1_movement)
[22.200s] Level 1:colcon.colcon_core.environment:checking '/home/nvidia/ros2_ws/src/rby1_movement/install/rby1_movement' for CMake module files
[22.202s] Level 1:colcon.colcon_core.environment:checking '/home/nvidia/ros2_ws/src/rby1_movement/install/rby1_movement' for CMake config files
[22.203s] Level 1:colcon.colcon_core.shell:create_environment_hook('rby1_movement', 'cmake_prefix_path')
[22.203s] INFO:colcon.colcon_core.shell:Creating environment hook '/home/nvidia/ros2_ws/src/rby1_movement/install/rby1_movement/share/rby1_movement/hook/cmake_prefix_path.ps1'
[22.205s] INFO:colcon.colcon_core.shell:Creating environment descriptor '/home/nvidia/ros2_ws/src/rby1_movement/install/rby1_movement/share/rby1_movement/hook/cmake_prefix_path.dsv'
[22.206s] INFO:colcon.colcon_core.shell:Creating environment hook '/home/nvidia/ros2_ws/src/rby1_movement/install/rby1_movement/share/rby1_movement/hook/cmake_prefix_path.sh'
[22.207s] Level 1:colcon.colcon_core.environment:checking '/home/nvidia/ros2_ws/src/rby1_movement/install/rby1_movement/lib'
[22.208s] Level 1:colcon.colcon_core.environment:checking '/home/nvidia/ros2_ws/src/rby1_movement/install/rby1_movement/bin'
[22.208s] Level 1:colcon.colcon_core.environment:checking '/home/nvidia/ros2_ws/src/rby1_movement/install/rby1_movement/lib/pkgconfig/rby1_movement.pc'
[22.209s] Level 1:colcon.colcon_core.environment:checking '/home/nvidia/ros2_ws/src/rby1_movement/install/rby1_movement/lib/python3.10/site-packages'
[22.209s] Level 1:colcon.colcon_core.environment:checking '/home/nvidia/ros2_ws/src/rby1_movement/install/rby1_movement/bin'
[22.210s] INFO:colcon.colcon_core.shell:Creating package script '/home/nvidia/ros2_ws/src/rby1_movement/install/rby1_movement/share/rby1_movement/package.ps1'
[22.211s] INFO:colcon.colcon_core.shell:Creating package descriptor '/home/nvidia/ros2_ws/src/rby1_movement/install/rby1_movement/share/rby1_movement/package.dsv'
[22.213s] INFO:colcon.colcon_core.shell:Creating package script '/home/nvidia/ros2_ws/src/rby1_movement/install/rby1_movement/share/rby1_movement/package.sh'
[22.214s] INFO:colcon.colcon_core.shell:Creating package script '/home/nvidia/ros2_ws/src/rby1_movement/install/rby1_movement/share/rby1_movement/package.bash'
[22.215s] INFO:colcon.colcon_core.shell:Creating package script '/home/nvidia/ros2_ws/src/rby1_movement/install/rby1_movement/share/rby1_movement/package.zsh'
[22.216s] Level 1:colcon.colcon_core.environment:create_file_with_runtime_dependencies(/home/nvidia/ros2_ws/src/rby1_movement/install/rby1_movement/share/colcon-core/packages/rby1_movement)
[22.218s] DEBUG:colcon.colcon_parallel_executor.executor.parallel:closing loop
[22.218s] DEBUG:colcon.colcon_parallel_executor.executor.parallel:loop closed
[22.219s] DEBUG:colcon.colcon_parallel_executor.executor.parallel:run_until_complete finished with '0'
[22.219s] DEBUG:colcon.colcon_core.event_reactor:joining thread
[22.240s] INFO:colcon.colcon_core.plugin_system:Skipping extension 'colcon_notification.desktop_notification.terminal_notifier': Not used on non-Darwin systems
[22.240s] INFO:colcon.colcon_core.plugin_system:Skipping extension 'colcon_notification.desktop_notification.win32': Not used on non-Windows systems
[22.240s] INFO:colcon.colcon_notification.desktop_notification:Sending desktop notification using 'notify2'
[22.283s] DEBUG:colcon.colcon_core.event_reactor:joined thread
[22.285s] INFO:colcon.colcon_core.shell:Creating prefix script '/home/nvidia/ros2_ws/src/rby1_movement/install/local_setup.ps1'
[22.288s] INFO:colcon.colcon_core.shell:Creating prefix util module '/home/nvidia/ros2_ws/src/rby1_movement/install/_local_setup_util_ps1.py'
[22.292s] INFO:colcon.colcon_core.shell:Creating prefix chain script '/home/nvidia/ros2_ws/src/rby1_movement/install/setup.ps1'
[22.298s] INFO:colcon.colcon_core.shell:Creating prefix script '/home/nvidia/ros2_ws/src/rby1_movement/install/local_setup.sh'
[22.299s] INFO:colcon.colcon_core.shell:Creating prefix util module '/home/nvidia/ros2_ws/src/rby1_movement/install/_local_setup_util_sh.py'
[22.301s] INFO:colcon.colcon_core.shell:Creating prefix chain script '/home/nvidia/ros2_ws/src/rby1_movement/install/setup.sh'
[22.306s] INFO:colcon.colcon_core.shell:Creating prefix script '/home/nvidia/ros2_ws/src/rby1_movement/install/local_setup.bash'
[22.308s] INFO:colcon.colcon_core.shell:Creating prefix chain script '/home/nvidia/ros2_ws/src/rby1_movement/install/setup.bash'
[22.312s] INFO:colcon.colcon_core.shell:Creating prefix script '/home/nvidia/ros2_ws/src/rby1_movement/install/local_setup.zsh'
[22.314s] INFO:colcon.colcon_core.shell:Creating prefix chain script '/home/nvidia/ros2_ws/src/rby1_movement/install/setup.zsh'
