[0.021s] Invoking command in '/home/nvidia/ros2_ws/src/rby1_movement/build/rby1_movement': CMAKE_PREFIX_PATH=${CMAKE_PREFIX_PATH}:/opt/ros/humble /usr/bin/cmake --build /home/nvidia/ros2_ws/src/rby1_movement/build/rby1_movement -- -j8 -l8
[0.100s] [ 50%] [32mBuilding CXX object CMakeFiles/rby1_movement_subscriber.dir/src/rby1_movement_subscriber.cpp.o[0m
[7.395s] [01m[K/home/nvidia/ros2_ws/src/rby1_movement/src/rby1_movement_subscriber.cpp:57:23:[m[K [01;31m[Kerror: [m[K‘[01m[Ksonst[m[K’ has not been declared
[7.395s]    57 |     void joy_callback([01;31m[Ksonst[m[K sensor_msgs::msg::Joy::SharedPtr msg){
[7.395s]       |                       [01;31m[K^~~~~[m[K
[7.395s] [01m[K/home/nvidia/ros2_ws/src/rby1_movement/src/rby1_movement_subscriber.cpp:57:62:[m[K [01;31m[Kerror: [m[Kexpected unqualified-id before ‘[01m[Kmsg[m[K’
[7.395s]    57 | nst sensor_msgs::msg::Joy::SharedPtr [01;31m[Kmsg[m[K){
[7.396s]       |                                      [01;31m[K^~~[m[K
[7.396s] 
[7.396s] [01m[K/home/nvidia/ros2_ws/src/rby1_movement/src/rby1_movement_subscriber.cpp:57:61:[m[K [01;31m[Kerror: [m[Kexpected ‘[01m[K)[m[K’ before ‘[01m[Kmsg[m[K’
[7.396s]    57 | nst sensor_msgs::msg::Joy::SharedPtr[01;31m[K [m[K[32m[Kmsg[m[K){
[7.396s]       |                                     [01;31m[K^[m[K[32m[K~~~[m[K
[7.396s]       |                                     [32m[K)[m[K
[7.397s] [01m[K/home/nvidia/ros2_ws/src/rby1_movement/src/rby1_movement_subscriber.cpp:57:52:[m[K [01;31m[Kerror: [m[Kexpected ‘[01m[K;[m[K’ at end of member declaration
[7.397s]    57 | k(sonst sensor_msgs::msg::Joy::[01;31m[KSharedPtr[m[K msg){
[7.397s]       |                                [01;31m[K^~~~~~~~~[m[K
[7.397s]       |                                         [32m[K;[m[K
[7.400s] [01m[K/home/nvidia/ros2_ws/src/rby1_movement/src/rby1_movement_subscriber.cpp:57:62:[m[K [01;31m[Kerror: [m[K‘[01m[Kmsg[m[K’ does not name a type
[7.400s]    57 | nst sensor_msgs::msg::Joy::SharedPtr [01;31m[Kmsg[m[K){
[7.400s]       |                                      [01;31m[K^~~[m[K
[7.400s] 
[7.478s] [01m[K/home/nvidia/ros2_ws/src/rby1_movement/src/rby1_movement_subscriber.cpp:61:60:[m[K [01;31m[Kerror: [m[Kredeclaration of ‘[01m[Krclcpp::Subscription<sensor_msgs::msg::Joy_<std::allocator<void> > >::SharedPtr RBY1_Movement::joy_sub_[m[K’
[7.478s]    61 | ensor_msgs::msg::Joy>::SharedPtr [01;31m[Kjoy_sub_[m[K;
[7.479s]       |                                  [01;31m[K^~~~~~~~[m[K
[7.479s] 
[7.479s] [01m[K/home/nvidia/ros2_ws/src/rby1_movement/src/rby1_movement_subscriber.cpp:60:60:[m[K [01;36m[Knote: [m[Kprevious declaration ‘[01m[Krclcpp::Subscription<sensor_msgs::msg::Joy_<std::allocator<void> > >::SharedPtr RBY1_Movement::joy_sub_[m[K’
[7.479s]    60 | ensor_msgs::msg::Joy>::SharedPtr [01;36m[Kjoy_sub_[m[K;
[7.479s]       |                                  [01;36m[K^~~~~~~~[m[K
[7.480s] 
[8.539s] In file included from [01m[K/opt/ros/humble/include/rclcpp/rclcpp/client.hpp:39[m[K,
[8.539s]                  from [01m[K/opt/ros/humble/include/rclcpp/rclcpp/callback_group.hpp:24[m[K,
[8.540s]                  from [01m[K/opt/ros/humble/include/rclcpp/rclcpp/any_executable.hpp:20[m[K,
[8.540s]                  from [01m[K/opt/ros/humble/include/rclcpp/rclcpp/memory_strategy.hpp:25[m[K,
[8.540s]                  from [01m[K/opt/ros/humble/include/rclcpp/rclcpp/memory_strategies.hpp:18[m[K,
[8.540s]                  from [01m[K/opt/ros/humble/include/rclcpp/rclcpp/executor_options.hpp:20[m[K,
[8.540s]                  from [01m[K/opt/ros/humble/include/rclcpp/rclcpp/executor.hpp:37[m[K,
[8.541s]                  from [01m[K/opt/ros/humble/include/rclcpp/rclcpp/executors/multi_threaded_executor.hpp:25[m[K,
[8.541s]                  from [01m[K/opt/ros/humble/include/rclcpp/rclcpp/executors.hpp:21[m[K,
[8.541s]                  from [01m[K/opt/ros/humble/include/rclcpp/rclcpp/rclcpp.hpp:155[m[K,
[8.541s]                  from [01m[K/home/nvidia/ros2_ws/src/rby1_movement/src/rby1_movement_subscriber.cpp:4[m[K:
[8.542s] /opt/ros/humble/include/rclcpp/rclcpp/function_traits.hpp: In instantiation of ‘[01m[Kstruct rclcpp::function_traits::function_traits<std::_Bind<void (RBY1_Movement::*(RBY1_Movement*, std::_Placeholder<1>))(...)> >[m[K’:
[8.542s] [01m[K/opt/ros/humble/include/rclcpp/rclcpp/any_subscription_callback.hpp:380:10:[m[K   recursively required by substitution of ‘[01m[Ktemplate<class MessageT, class CallbackT> struct rclcpp::detail::SubscriptionCallbackTypeHelper<MessageT, CallbackT, typename std::enable_if<rclcpp::function_traits::same_arguments<CallbackT, std::function<void(std::shared_ptr<_Tp>, const rclcpp::MessageInfo&)> >::value, void>::type> [with MessageT = sensor_msgs::msg::Joy_<std::allocator<void> >; CallbackT = std::_Bind<void (RBY1_Movement::*(RBY1_Movement*, std::_Placeholder<1>))(...)>][m[K’
[8.542s] [01m[K/opt/ros/humble/include/rclcpp/rclcpp/any_subscription_callback.hpp:380:10:[m[K   required from ‘[01m[Krclcpp::AnySubscriptionCallback<MessageT, AllocatorT> rclcpp::AnySubscriptionCallback<MessageT, AllocatorT>::set(CallbackT) [with CallbackT = std::_Bind<void (RBY1_Movement::*(RBY1_Movement*, std::_Placeholder<1>))(...)>; MessageT = sensor_msgs::msg::Joy_<std::allocator<void> >; AllocatorT = std::allocator<void>][m[K’
[8.542s] [01m[K/opt/ros/humble/include/rclcpp/rclcpp/subscription_factory.hpp:94:32:[m[K   required from ‘[01m[Krclcpp::SubscriptionFactory rclcpp::create_subscription_factory(CallbackT&&, const rclcpp::SubscriptionOptionsWithAllocator<AllocatorT>&, typename MessageMemoryStrategyT::SharedPtr, std::shared_ptr<rclcpp::topic_statistics::SubscriptionTopicStatistics<ROSMessageType> >) [with MessageT = sensor_msgs::msg::Joy_<std::allocator<void> >; CallbackT = std::_Bind<void (RBY1_Movement::*(RBY1_Movement*, std::_Placeholder<1>))(...)>; AllocatorT = std::allocator<void>; SubscriptionT = rclcpp::Subscription<sensor_msgs::msg::Joy_<std::allocator<void> > >; MessageMemoryStrategyT = rclcpp::message_memory_strategy::MessageMemoryStrategy<sensor_msgs::msg::Joy_<std::allocator<void> >, std::allocator<void> >; ROSMessageType = sensor_msgs::msg::Joy_<std::allocator<void> >; typename MessageMemoryStrategyT::SharedPtr = std::shared_ptr<rclcpp::message_memory_strategy::MessageMemoryStrategy<sensor_msgs::msg::Joy_<std::allocator<void> >, std::allocator<void> > >][m[K’
[8.543s] [01m[K/opt/ros/humble/include/rclcpp/rclcpp/create_subscription.hpp:122:63:[m[K   required from ‘[01m[Kstd::shared_ptr<ROSMessageT> rclcpp::detail::create_subscription(NodeParametersT&, NodeTopicsT&, const string&, const rclcpp::QoS&, CallbackT&&, const rclcpp::SubscriptionOptionsWithAllocator<AllocatorT>&, typename MessageMemoryStrategyT::SharedPtr) [with MessageT = sensor_msgs::msg::Joy_<std::allocator<void> >; CallbackT = std::_Bind<void (RBY1_Movement::*(RBY1_Movement*, std::_Placeholder<1>))(...)>; AllocatorT = std::allocator<void>; SubscriptionT = rclcpp::Subscription<sensor_msgs::msg::Joy_<std::allocator<void> > >; MessageMemoryStrategyT = rclcpp::message_memory_strategy::MessageMemoryStrategy<sensor_msgs::msg::Joy_<std::allocator<void> >, std::allocator<void> >; NodeParametersT = rclcpp::Node; NodeTopicsT = rclcpp::Node; ROSMessageType = sensor_msgs::msg::Joy_<std::allocator<void> >; std::string = std::__cxx11::basic_string<char>; typename MessageMemoryStrategyT::SharedPtr = std::shared_ptr<rclcpp::message_memory_strategy::MessageMemoryStrategy<sensor_msgs::msg::Joy_<std::allocator<void> >, std::allocator<void> > >][m[K’
[8.543s] [01m[K/opt/ros/humble/include/rclcpp/rclcpp/create_subscription.hpp:191:76:[m[K   required from ‘[01m[Kstd::shared_ptr<ROSMessageT> rclcpp::create_subscription(NodeT&, const string&, const rclcpp::QoS&, CallbackT&&, const rclcpp::SubscriptionOptionsWithAllocator<AllocatorT>&, typename MessageMemoryStrategyT::SharedPtr) [with MessageT = sensor_msgs::msg::Joy_<std::allocator<void> >; CallbackT = std::_Bind<void (RBY1_Movement::*(RBY1_Movement*, std::_Placeholder<1>))(...)>; AllocatorT = std::allocator<void>; SubscriptionT = rclcpp::Subscription<sensor_msgs::msg::Joy_<std::allocator<void> > >; MessageMemoryStrategyT = rclcpp::message_memory_strategy::MessageMemoryStrategy<sensor_msgs::msg::Joy_<std::allocator<void> >, std::allocator<void> >; NodeT = rclcpp::Node; std::string = std::__cxx11::basic_string<char>; typename MessageMemoryStrategyT::SharedPtr = std::shared_ptr<rclcpp::message_memory_strategy::MessageMemoryStrategy<sensor_msgs::msg::Joy_<std::allocator<void> >, std::allocator<void> > >][m[K’
[8.543s] [01m[K/opt/ros/humble/include/rclcpp/rclcpp/node_impl.hpp:99:47:[m[K   required from ‘[01m[Kstd::shared_ptr<ROSMessageT> rclcpp::Node::create_subscription(const string&, const rclcpp::QoS&, CallbackT&&, const rclcpp::SubscriptionOptionsWithAllocator<AllocatorT>&, typename MessageMemoryStrategyT::SharedPtr) [with MessageT = sensor_msgs::msg::Joy_<std::allocator<void> >; CallbackT = std::_Bind<void (RBY1_Movement::*(RBY1_Movement*, std::_Placeholder<1>))(...)>; AllocatorT = std::allocator<void>; SubscriptionT = rclcpp::Subscription<sensor_msgs::msg::Joy_<std::allocator<void> > >; MessageMemoryStrategyT = rclcpp::message_memory_strategy::MessageMemoryStrategy<sensor_msgs::msg::Joy_<std::allocator<void> >, std::allocator<void> >; std::string = std::__cxx11::basic_string<char>; typename MessageMemoryStrategyT::SharedPtr = std::shared_ptr<rclcpp::message_memory_strategy::MessageMemoryStrategy<sensor_msgs::msg::Joy_<std::allocator<void> >, std::allocator<void> > >][m[K’
[8.543s] [01m[K/home/nvidia/ros2_ws/src/rby1_movement/src/rby1_movement_subscriber.cpp:41:69:[m[K   required from here
[8.544s] [01m[K/opt/ros/humble/include/rclcpp/rclcpp/function_traits.hpp:51:9:[m[K [01;31m[Kerror: [m[K‘[01m[Kdecltype[m[K’ cannot resolve address of overloaded function
[8.544s]    51 |   using [01;31m[Karguments[m[K = typename tuple_tail<
[8.544s]       |         [01;31m[K^~~~~~~~~[m[K
[8.544s] [01m[K/opt/ros/humble/include/rclcpp/rclcpp/function_traits.hpp:57:9:[m[K [01;31m[Kerror: [m[K‘[01m[Kdecltype[m[K’ cannot resolve address of overloaded function
[8.544s]    57 |   using [01;31m[Kargument_type[m[K = typename std::tuple_element<N, arguments>::type;
[8.545s]       |         [01;31m[K^~~~~~~~~~~~~[m[K
[8.545s] [01m[K/opt/ros/humble/include/rclcpp/rclcpp/function_traits.hpp:59:9:[m[K [01;31m[Kerror: [m[K‘[01m[Kdecltype[m[K’ cannot resolve address of overloaded function
[8.545s]    59 |   using [01;31m[Kreturn_type[m[K = typename function_traits<decltype( &FunctionT::operator())>::return_type;
[8.545s]       |         [01;31m[K^~~~~~~~~~~[m[K
[12.889s] gmake[2]: *** [CMakeFiles/rby1_movement_subscriber.dir/build.make:79: CMakeFiles/rby1_movement_subscriber.dir/src/rby1_movement_subscriber.cpp.o] Error 1
[12.890s] gmake[1]: *** [CMakeFiles/Makefile2:153: CMakeFiles/rby1_movement_subscriber.dir/all] Error 2
[12.891s] gmake: *** [Makefile:146: all] Error 2
[12.897s] Invoked command in '/home/nvidia/ros2_ws/src/rby1_movement/build/rby1_movement' returned '2': CMAKE_PREFIX_PATH=${CMAKE_PREFIX_PATH}:/opt/ros/humble /usr/bin/cmake --build /home/nvidia/ros2_ws/src/rby1_movement/build/rby1_movement -- -j8 -l8
