/home/nvidia/ros2_ws/src/rby1_robot_state/src/robot_state_publisher.cpp: In instantiation of ‘[01m[KRobotStatePublisher::RobotStatePublisher(std::shared_ptr<rb::Robot<rb::y1_model::A> >, std::unique_ptr<rb::RobotCommandStreamHandler<rb::y1_model::A> >)::<lambda(const auto:49&, const auto:50&)> [with auto:49 = rb::RobotState<rb::y1_model::A>; auto:50 = rb::ControlManagerState][m[K’:
[01m[K/usr/include/c++/11/type_traits:2530:26:[m[K   required by substitution of ‘[01m[Ktemplate<class _Fn, class ... _Args> static std::__result_of_success<decltype (declval<_Fn>()((declval<_Args>)()...)), std::__invoke_other> std::__result_of_other_impl::_S_test(int) [with _Fn = RobotStatePublisher::RobotStatePublisher(std::shared_ptr<rb::Robot<rb::y1_model::A> >, std::unique_ptr<rb::RobotCommandStreamHandler<rb::y1_model::A> >)::<lambda(const auto:49&, const auto:50&)>&; _Args = {const rb::RobotState<rb::y1_model::A>&, const rb::ControlManagerState&}][m[K’
[01m[K/usr/include/c++/11/type_traits:2541:55:[m[K   required from ‘[01m[Kstruct std::__result_of_impl<false, false, RobotStatePublisher::RobotStatePublisher(std::shared_ptr<rb::Robot<rb::y1_model::A> >, std::unique_ptr<rb::RobotCommandStreamHandler<rb::y1_model::A> >)::<lambda(const auto:49&, const auto:50&)>&, const rb::RobotState<rb::y1_model::A>&, const rb::ControlManagerState&>[m[K’
[01m[K/usr/include/c++/11/bits/std_function.h:348:9:[m[K   recursively required by substitution of ‘[01m[Ktemplate<class _Result, class _Ret> struct std::__is_invocable_impl<_Result, _Ret, true, std::__void_t<typename _CTp::type> > [with _Result = std::__invoke_result<RobotStatePublisher::RobotStatePublisher(std::shared_ptr<rb::Robot<rb::y1_model::A> >, std::unique_ptr<rb::RobotCommandStreamHandler<rb::y1_model::A> >)::<lambda(const auto:49&, const auto:50&)>&, const rb::RobotState<rb::y1_model::A>&, const rb::ControlManagerState&>; _Ret = void][m[K’
[01m[K/usr/include/c++/11/bits/std_function.h:348:9:[m[K   required from ‘[01m[Kstruct std::function<void(const rb::RobotState<rb::y1_model::A>&, const rb::ControlManagerState&)>::_Callable<RobotStatePublisher::RobotStatePublisher(std::shared_ptr<rb::Robot<rb::y1_model::A> >, std::unique_ptr<rb::RobotCommandStreamHandler<rb::y1_model::A> >)::<lambda(const auto:49&, const auto:50&)>, RobotStatePublisher::RobotStatePublisher(std::shared_ptr<rb::Robot<rb::y1_model::A> >, std::unique_ptr<rb::RobotCommandStreamHandler<rb::y1_model::A> >)::<lambda(const auto:49&, const auto:50&)>, std::__invoke_result<RobotStatePublisher::RobotStatePublisher(std::shared_ptr<rb::Robot<rb::y1_model::A> >, std::unique_ptr<rb::RobotCommandStreamHandler<rb::y1_model::A> >)::<lambda(const auto:49&, const auto:50&)>&, const rb::RobotState<rb::y1_model::A>&, const rb::ControlManagerState&> >[m[K’
[01m[K/usr/include/c++/11/bits/std_function.h:353:8:[m[K   required by substitution of ‘[01m[Ktemplate<class _Res, class ... _ArgTypes> template<class _Cond, class _Tp> using _Requires = std::__enable_if_t<_Cond::value, _Tp> [with _Cond = std::function<void(const rb::RobotState<rb::y1_model::A>&, const rb::ControlManagerState&)>::_Callable<RobotStatePublisher::RobotStatePublisher(std::shared_ptr<rb::Robot<rb::y1_model::A> >, std::unique_ptr<rb::RobotCommandStreamHandler<rb::y1_model::A> >)::<lambda(const auto:49&, const auto:50&)>, RobotStatePublisher::RobotStatePublisher(std::shared_ptr<rb::Robot<rb::y1_model::A> >, std::unique_ptr<rb::RobotCommandStreamHandler<rb::y1_model::A> >)::<lambda(const auto:49&, const auto:50&)>, std::__invoke_result<RobotStatePublisher::RobotStatePublisher(std::shared_ptr<rb::Robot<rb::y1_model::A> >, std::unique_ptr<rb::RobotCommandStreamHandler<rb::y1_model::A> >)::<lambda(const auto:49&, const auto:50&)>&, const rb::RobotState<rb::y1_model::A>&, const rb::ControlManagerState&> >; _Tp = void; _Res = void; _ArgTypes = {const rb::RobotState<rb::y1_model::A>&, const rb::ControlManagerState&}][m[K’
[01m[K/usr/include/c++/11/bits/std_function.h:434:9:[m[K   required by substitution of ‘[01m[Ktemplate<class _Functor, class _Constraints> std::function<void(const rb::RobotState<rb::y1_model::A>&, const rb::ControlManagerState&)>::function(_Functor&&) [with _Functor = RobotStatePublisher::RobotStatePublisher(std::shared_ptr<rb::Robot<rb::y1_model::A> >, std::unique_ptr<rb::RobotCommandStreamHandler<rb::y1_model::A> >)::<lambda(const auto:49&, const auto:50&)>; _Constraints = <missing>][m[K’
[01m[K/home/nvidia/ros2_ws/src/rby1_robot_state/src/robot_state_publisher.cpp:38:32:[m[K   required from here
[01m[K/home/nvidia/ros2_ws/src/rby1_robot_state/src/robot_state_publisher.cpp:45:73:[m[K [01;31m[Kerror: [m[K‘[01m[Kconst struct rb::RobotState<rb::y1_model::A>[m[K’ has no member named ‘[01m[Kjoint_state[m[K’; did you mean ‘[01m[Kjoint_states[m[K’?
   45 |                     msg->name.push_back("joint_" + std::to_string([01;31m[Kstate.joint_state[m[K[i]));
      |                                                                   [01;31m[K~~~~~~^~~~~~~~~~~[m[K
      |                                                                   [32m[Kjoint_states[m[K
[01m[K/home/nvidia/ros2_ws/src/rby1_robot_state/src/robot_state_publisher.cpp:46:51:[m[K [01;31m[Kerror: [m[K‘[01m[Kconst struct rb::RobotState<rb::y1_model::A>[m[K’ has no member named ‘[01m[Kjoint_state[m[K’; did you mean ‘[01m[Kjoint_states[m[K’?
   46 |                     msg->position.push_back([01;31m[Kstate.joint_state[m[K[i].position);
      |                                             [01;31m[K~~~~~~^~~~~~~~~~~[m[K
      |                                             [32m[Kjoint_states[m[K
[01m[K/home/nvidia/ros2_ws/src/rby1_robot_state/src/robot_state_publisher.cpp:47:51:[m[K [01;31m[Kerror: [m[K‘[01m[Kconst struct rb::RobotState<rb::y1_model::A>[m[K’ has no member named ‘[01m[Kjoint_state[m[K’; did you mean ‘[01m[Kjoint_states[m[K’?
   47 |                     msg->velocity.push_back([01;31m[Kstate.joint_state[m[K[i].velocity);
      |                                             [01;31m[K~~~~~~^~~~~~~~~~~[m[K
      |                                             [32m[Kjoint_states[m[K
[01m[K/home/nvidia/ros2_ws/src/rby1_robot_state/src/robot_state_publisher.cpp:48:49:[m[K [01;31m[Kerror: [m[K‘[01m[Kconst struct rb::RobotState<rb::y1_model::A>[m[K’ has no member named ‘[01m[Kjoint_state[m[K’; did you mean ‘[01m[Kjoint_states[m[K’?
   48 |                     msg->effort.push_back([01;31m[Kstate.joint_state[m[K[i].effort);
      |                                           [01;31m[K~~~~~~^~~~~~~~~~~[m[K
      |                                           [32m[Kjoint_states[m[K
[01m[K/home/nvidia/ros2_ws/src/rby1_robot_state/src/robot_state_publisher.cpp:39:51:[m[K [01;35m[Kwarning: [m[Kunused parameter ‘[01m[Kcontrol_manager[m[K’ [[01;35m[K]8;;https://gcc.gnu.org/onlinedocs/gcc/Warning-Options.html#index-Wunused-parameter-Wunused-parameter]8;;[m[K]
   39 |             [this](const auto& state, [01;35m[Kconst auto& control_manager[m[K) {
      |                                       [01;35m[K~~~~~~~~~~~~^~~~~~~~~~~~~~~[m[K
gmake[2]: *** [CMakeFiles/robot_state_publisher.dir/build.make:79: CMakeFiles/robot_state_publisher.dir/src/robot_state_publisher.cpp.o] Error 1
gmake[1]: *** [CMakeFiles/Makefile2:153: CMakeFiles/robot_state_publisher.dir/all] Error 2
gmake: *** [Makefile:146: all] Error 2
