[0.213s] DEBUG:colcon:Command line arguments: ['/usr/bin/colcon', 'build']
[0.213s] DEBUG:colcon:Parsed command line arguments: Namespace(log_base=None, log_level=None, verb_name='build', build_base='build', install_base='install', merge_install=False, symlink_install=False, test_result_base=None, continue_on_error=False, executor='parallel', parallel_workers=8, event_handlers=None, ignore_user_meta=False, metas=['./colcon.meta'], base_paths=['.'], packages_ignore=None, packages_ignore_regex=None, paths=None, packages_up_to=None, packages_up_to_regex=None, packages_above=None, packages_above_and_dependencies=None, packages_above_depth=None, packages_select_by_dep=None, packages_skip_by_dep=None, packages_skip_up_to=None, packages_select_build_failed=False, packages_skip_build_finished=False, packages_select_test_failures=False, packages_skip_test_passed=False, packages_select=None, packages_skip=None, packages_select_regex=None, packages_skip_regex=None, packages_start=None, packages_end=None, allow_overriding=[], cmake_args=None, cmake_target=None, cmake_target_skip_unavailable=False, cmake_clean_cache=False, cmake_clean_first=False, cmake_force_configure=False, ament_cmake_args=None, catkin_cmake_args=None, catkin_skip_building_tests=False, mixin_files=None, mixin=None, verb_parser=<colcon_mixin.mixin.mixin_argument.MixinArgumentDecorator object at 0xffff881f00a0>, verb_extension=<colcon_core.verb.build.BuildVerb object at 0xffff881b7a90>, main=<bound method BuildVerb.main of <colcon_core.verb.build.BuildVerb object at 0xffff881b7a90>>, mixin_verb=('build',))
[0.554s] Level 1:colcon.colcon_core.package_discovery:discover_packages(colcon_meta) check parameters
[0.555s] Level 1:colcon.colcon_core.package_discovery:discover_packages(recursive) check parameters
[0.555s] Level 1:colcon.colcon_core.package_discovery:discover_packages(ignore) check parameters
[0.555s] Level 1:colcon.colcon_core.package_discovery:discover_packages(path) check parameters
[0.555s] Level 1:colcon.colcon_core.package_discovery:discover_packages(colcon_meta) discover
[0.555s] Level 1:colcon.colcon_core.package_discovery:discover_packages(recursive) discover
[0.555s] INFO:colcon.colcon_core.package_discovery:Crawling recursively for packages in '/home/nvidia/ros2_ws/src/rby1_robot_state'
[0.555s] Level 1:colcon.colcon_core.package_identification:_identify(.) by extensions ['ignore', 'ignore_ament_install']
[0.556s] Level 1:colcon.colcon_core.package_identification:_identify(.) by extension 'ignore'
[0.556s] Level 1:colcon.colcon_core.package_identification:_identify(.) by extension 'ignore_ament_install'
[0.556s] Level 1:colcon.colcon_core.package_identification:_identify(.) by extensions ['colcon_pkg']
[0.556s] Level 1:colcon.colcon_core.package_identification:_identify(.) by extension 'colcon_pkg'
[0.556s] Level 1:colcon.colcon_core.package_identification:_identify(.) by extensions ['colcon_meta']
[0.556s] Level 1:colcon.colcon_core.package_identification:_identify(.) by extension 'colcon_meta'
[0.556s] Level 1:colcon.colcon_core.package_identification:_identify(.) by extensions ['ros']
[0.556s] Level 1:colcon.colcon_core.package_identification:_identify(.) by extension 'ros'
[0.580s] DEBUG:colcon.colcon_core.package_identification:Package '.' with type 'ros.ament_cmake' and name 'rby1_robot_state'
[0.580s] Level 1:colcon.colcon_core.package_discovery:discover_packages(recursive) using defaults
[0.580s] Level 1:colcon.colcon_core.package_discovery:discover_packages(ignore) discover
[0.580s] Level 1:colcon.colcon_core.package_discovery:discover_packages(ignore) using defaults
[0.581s] Level 1:colcon.colcon_core.package_discovery:discover_packages(path) discover
[0.581s] Level 1:colcon.colcon_core.package_discovery:discover_packages(path) using defaults
[0.645s] Level 1:colcon.colcon_core.package_discovery:discover_packages(prefix_path) check parameters
[0.646s] Level 1:colcon.colcon_core.package_discovery:discover_packages(prefix_path) discover
[0.652s] DEBUG:colcon.colcon_installed_package_information.package_discovery:Found 1 installed packages in /home/nvidia/ros2_ws/src/rby1_robot_state/install
[0.655s] DEBUG:colcon.colcon_installed_package_information.package_discovery:Found 36 installed packages in /home/nvidia/ros2_ws/install
[0.656s] DEBUG:colcon.colcon_installed_package_information.package_discovery:Found 1 installed packages in /home/nvidia/ros2_ws/src/rby1_base_movement/install
[0.657s] DEBUG:colcon.colcon_installed_package_information.package_discovery:Found 6 installed packages in /home/nvidia/rby1_ros2_ws/install
[0.658s] DEBUG:colcon.colcon_installed_package_information.package_discovery:Found 1 installed packages in /home/nvidia/ros2_ws/src/rby1_arm_movement/install
[0.658s] DEBUG:colcon.colcon_installed_package_information.package_discovery:Found 1 installed packages in /home/nvidia/ros2_ws/src/rby1_movement/install
[0.659s] DEBUG:colcon.colcon_installed_package_information.package_discovery:Found 1 installed packages in /home/nvidia/ros2_ws/src/ros2-keyboard/keyboard/install
[0.660s] DEBUG:colcon.colcon_installed_package_information.package_discovery:Found 1 installed packages in /home/nvidia/ros2_ws/src/rby1_nva_description/install
[0.663s] DEBUG:colcon.colcon_installed_package_information.package_discovery:Found 440 installed packages in /opt/ros/humble
[0.667s] Level 1:colcon.colcon_core.package_discovery:discover_packages(prefix_path) using defaults
[0.769s] Level 5:colcon.colcon_core.verb:set package 'rby1_robot_state' build argument 'cmake_args' from command line to 'None'
[0.769s] Level 5:colcon.colcon_core.verb:set package 'rby1_robot_state' build argument 'cmake_target' from command line to 'None'
[0.769s] Level 5:colcon.colcon_core.verb:set package 'rby1_robot_state' build argument 'cmake_target_skip_unavailable' from command line to 'False'
[0.769s] Level 5:colcon.colcon_core.verb:set package 'rby1_robot_state' build argument 'cmake_clean_cache' from command line to 'False'
[0.769s] Level 5:colcon.colcon_core.verb:set package 'rby1_robot_state' build argument 'cmake_clean_first' from command line to 'False'
[0.770s] Level 5:colcon.colcon_core.verb:set package 'rby1_robot_state' build argument 'cmake_force_configure' from command line to 'False'
[0.770s] Level 5:colcon.colcon_core.verb:set package 'rby1_robot_state' build argument 'ament_cmake_args' from command line to 'None'
[0.770s] Level 5:colcon.colcon_core.verb:set package 'rby1_robot_state' build argument 'catkin_cmake_args' from command line to 'None'
[0.770s] Level 5:colcon.colcon_core.verb:set package 'rby1_robot_state' build argument 'catkin_skip_building_tests' from command line to 'False'
[0.770s] DEBUG:colcon.colcon_core.verb:Building package 'rby1_robot_state' with the following arguments: {'ament_cmake_args': None, 'build_base': '/home/nvidia/ros2_ws/src/rby1_robot_state/build/rby1_robot_state', 'catkin_cmake_args': None, 'catkin_skip_building_tests': False, 'cmake_args': None, 'cmake_clean_cache': False, 'cmake_clean_first': False, 'cmake_force_configure': False, 'cmake_target': None, 'cmake_target_skip_unavailable': False, 'install_base': '/home/nvidia/ros2_ws/src/rby1_robot_state/install/rby1_robot_state', 'merge_install': False, 'path': '/home/nvidia/ros2_ws/src/rby1_robot_state', 'symlink_install': False, 'test_result_base': None}
[0.770s] INFO:colcon.colcon_core.executor:Executing jobs using 'parallel' executor
[0.772s] DEBUG:colcon.colcon_parallel_executor.executor.parallel:run_until_complete
[0.773s] INFO:colcon.colcon_ros.task.ament_cmake.build:Building ROS package in '/home/nvidia/ros2_ws/src/rby1_robot_state' with build type 'ament_cmake'
[0.773s] INFO:colcon.colcon_cmake.task.cmake.build:Building CMake package in '/home/nvidia/ros2_ws/src/rby1_robot_state'
[0.777s] INFO:colcon.colcon_core.plugin_system:Skipping extension 'colcon_core.shell.bat': Not used on non-Windows systems
[0.777s] INFO:colcon.colcon_core.shell:Skip shell extension 'powershell' for command environment: Not usable outside of PowerShell
[0.777s] DEBUG:colcon.colcon_core.shell:Skip shell extension 'dsv' for command environment
[0.806s] DEBUG:colcon.colcon_core.event_handler.log_command:Invoking command in '/home/nvidia/ros2_ws/src/rby1_robot_state/build/rby1_robot_state': CMAKE_PREFIX_PATH=${CMAKE_PREFIX_PATH}:/home/nvidia/ros2_ws/install/launch_param_builder:/home/nvidia/ros2_ws/install/keyboard_joy:/home/nvidia/rby1_ros2_ws/install/rby1_subscriber_pkg:/home/nvidia/rby1_ros2_ws/install/rby1_mobile_control:/opt/ros/humble /usr/bin/cmake --build /home/nvidia/ros2_ws/src/rby1_robot_state/build/rby1_robot_state -- -j8 -l8
[14.131s] DEBUG:colcon.colcon_core.event_handler.log_command:Invoked command in '/home/nvidia/ros2_ws/src/rby1_robot_state/build/rby1_robot_state' returned '0': CMAKE_PREFIX_PATH=${CMAKE_PREFIX_PATH}:/home/nvidia/ros2_ws/install/launch_param_builder:/home/nvidia/ros2_ws/install/keyboard_joy:/home/nvidia/rby1_ros2_ws/install/rby1_subscriber_pkg:/home/nvidia/rby1_ros2_ws/install/rby1_mobile_control:/opt/ros/humble /usr/bin/cmake --build /home/nvidia/ros2_ws/src/rby1_robot_state/build/rby1_robot_state -- -j8 -l8
[14.149s] DEBUG:colcon.colcon_core.event_handler.log_command:Invoking command in '/home/nvidia/ros2_ws/src/rby1_robot_state/build/rby1_robot_state': CMAKE_PREFIX_PATH=${CMAKE_PREFIX_PATH}:/home/nvidia/ros2_ws/install/launch_param_builder:/home/nvidia/ros2_ws/install/keyboard_joy:/home/nvidia/rby1_ros2_ws/install/rby1_subscriber_pkg:/home/nvidia/rby1_ros2_ws/install/rby1_mobile_control:/opt/ros/humble /usr/bin/cmake --install /home/nvidia/ros2_ws/src/rby1_robot_state/build/rby1_robot_state
[14.165s] Level 1:colcon.colcon_core.environment:create_environment_scripts_only(rby1_robot_state)
[14.167s] DEBUG:colcon.colcon_core.event_handler.log_command:Invoked command in '/home/nvidia/ros2_ws/src/rby1_robot_state/build/rby1_robot_state' returned '0': CMAKE_PREFIX_PATH=${CMAKE_PREFIX_PATH}:/home/nvidia/ros2_ws/install/launch_param_builder:/home/nvidia/ros2_ws/install/keyboard_joy:/home/nvidia/rby1_ros2_ws/install/rby1_subscriber_pkg:/home/nvidia/rby1_ros2_ws/install/rby1_mobile_control:/opt/ros/humble /usr/bin/cmake --install /home/nvidia/ros2_ws/src/rby1_robot_state/build/rby1_robot_state
[14.173s] Level 1:colcon.colcon_core.environment:checking '/home/nvidia/ros2_ws/src/rby1_robot_state/install/rby1_robot_state' for CMake module files
[14.175s] Level 1:colcon.colcon_core.environment:checking '/home/nvidia/ros2_ws/src/rby1_robot_state/install/rby1_robot_state' for CMake config files
[14.175s] Level 1:colcon.colcon_core.shell:create_environment_hook('rby1_robot_state', 'cmake_prefix_path')
[14.176s] INFO:colcon.colcon_core.shell:Creating environment hook '/home/nvidia/ros2_ws/src/rby1_robot_state/install/rby1_robot_state/share/rby1_robot_state/hook/cmake_prefix_path.ps1'
[14.178s] INFO:colcon.colcon_core.shell:Creating environment descriptor '/home/nvidia/ros2_ws/src/rby1_robot_state/install/rby1_robot_state/share/rby1_robot_state/hook/cmake_prefix_path.dsv'
[14.179s] INFO:colcon.colcon_core.shell:Creating environment hook '/home/nvidia/ros2_ws/src/rby1_robot_state/install/rby1_robot_state/share/rby1_robot_state/hook/cmake_prefix_path.sh'
[14.182s] Level 1:colcon.colcon_core.environment:checking '/home/nvidia/ros2_ws/src/rby1_robot_state/install/rby1_robot_state/lib'
[14.183s] Level 1:colcon.colcon_core.environment:checking '/home/nvidia/ros2_ws/src/rby1_robot_state/install/rby1_robot_state/bin'
[14.183s] Level 1:colcon.colcon_core.environment:checking '/home/nvidia/ros2_ws/src/rby1_robot_state/install/rby1_robot_state/lib/pkgconfig/rby1_robot_state.pc'
[14.184s] Level 1:colcon.colcon_core.environment:checking '/home/nvidia/ros2_ws/src/rby1_robot_state/install/rby1_robot_state/lib/python3.10/site-packages'
[14.185s] Level 1:colcon.colcon_core.environment:checking '/home/nvidia/ros2_ws/src/rby1_robot_state/install/rby1_robot_state/bin'
[14.186s] INFO:colcon.colcon_core.shell:Creating package script '/home/nvidia/ros2_ws/src/rby1_robot_state/install/rby1_robot_state/share/rby1_robot_state/package.ps1'
[14.190s] INFO:colcon.colcon_core.shell:Creating package descriptor '/home/nvidia/ros2_ws/src/rby1_robot_state/install/rby1_robot_state/share/rby1_robot_state/package.dsv'
[14.192s] INFO:colcon.colcon_core.shell:Creating package script '/home/nvidia/ros2_ws/src/rby1_robot_state/install/rby1_robot_state/share/rby1_robot_state/package.sh'
[14.195s] INFO:colcon.colcon_core.shell:Creating package script '/home/nvidia/ros2_ws/src/rby1_robot_state/install/rby1_robot_state/share/rby1_robot_state/package.bash'
[14.198s] INFO:colcon.colcon_core.shell:Creating package script '/home/nvidia/ros2_ws/src/rby1_robot_state/install/rby1_robot_state/share/rby1_robot_state/package.zsh'
[14.200s] Level 1:colcon.colcon_core.environment:create_file_with_runtime_dependencies(/home/nvidia/ros2_ws/src/rby1_robot_state/install/rby1_robot_state/share/colcon-core/packages/rby1_robot_state)
[14.202s] Level 1:colcon.colcon_core.environment:create_environment_scripts_only(rby1_robot_state)
[14.203s] Level 1:colcon.colcon_core.environment:checking '/home/nvidia/ros2_ws/src/rby1_robot_state/install/rby1_robot_state' for CMake module files
[14.205s] Level 1:colcon.colcon_core.environment:checking '/home/nvidia/ros2_ws/src/rby1_robot_state/install/rby1_robot_state' for CMake config files
[14.205s] Level 1:colcon.colcon_core.shell:create_environment_hook('rby1_robot_state', 'cmake_prefix_path')
[14.206s] INFO:colcon.colcon_core.shell:Creating environment hook '/home/nvidia/ros2_ws/src/rby1_robot_state/install/rby1_robot_state/share/rby1_robot_state/hook/cmake_prefix_path.ps1'
[14.208s] INFO:colcon.colcon_core.shell:Creating environment descriptor '/home/nvidia/ros2_ws/src/rby1_robot_state/install/rby1_robot_state/share/rby1_robot_state/hook/cmake_prefix_path.dsv'
[14.209s] INFO:colcon.colcon_core.shell:Creating environment hook '/home/nvidia/ros2_ws/src/rby1_robot_state/install/rby1_robot_state/share/rby1_robot_state/hook/cmake_prefix_path.sh'
[14.211s] Level 1:colcon.colcon_core.environment:checking '/home/nvidia/ros2_ws/src/rby1_robot_state/install/rby1_robot_state/lib'
[14.211s] Level 1:colcon.colcon_core.environment:checking '/home/nvidia/ros2_ws/src/rby1_robot_state/install/rby1_robot_state/bin'
[14.211s] Level 1:colcon.colcon_core.environment:checking '/home/nvidia/ros2_ws/src/rby1_robot_state/install/rby1_robot_state/lib/pkgconfig/rby1_robot_state.pc'
[14.212s] Level 1:colcon.colcon_core.environment:checking '/home/nvidia/ros2_ws/src/rby1_robot_state/install/rby1_robot_state/lib/python3.10/site-packages'
[14.213s] Level 1:colcon.colcon_core.environment:checking '/home/nvidia/ros2_ws/src/rby1_robot_state/install/rby1_robot_state/bin'
[14.214s] INFO:colcon.colcon_core.shell:Creating package script '/home/nvidia/ros2_ws/src/rby1_robot_state/install/rby1_robot_state/share/rby1_robot_state/package.ps1'
[14.215s] INFO:colcon.colcon_core.shell:Creating package descriptor '/home/nvidia/ros2_ws/src/rby1_robot_state/install/rby1_robot_state/share/rby1_robot_state/package.dsv'
[14.217s] INFO:colcon.colcon_core.shell:Creating package script '/home/nvidia/ros2_ws/src/rby1_robot_state/install/rby1_robot_state/share/rby1_robot_state/package.sh'
[14.218s] INFO:colcon.colcon_core.shell:Creating package script '/home/nvidia/ros2_ws/src/rby1_robot_state/install/rby1_robot_state/share/rby1_robot_state/package.bash'
[14.219s] INFO:colcon.colcon_core.shell:Creating package script '/home/nvidia/ros2_ws/src/rby1_robot_state/install/rby1_robot_state/share/rby1_robot_state/package.zsh'
[14.221s] Level 1:colcon.colcon_core.environment:create_file_with_runtime_dependencies(/home/nvidia/ros2_ws/src/rby1_robot_state/install/rby1_robot_state/share/colcon-core/packages/rby1_robot_state)
[14.222s] DEBUG:colcon.colcon_parallel_executor.executor.parallel:closing loop
[14.223s] DEBUG:colcon.colcon_parallel_executor.executor.parallel:loop closed
[14.223s] DEBUG:colcon.colcon_parallel_executor.executor.parallel:run_until_complete finished with '0'
[14.223s] DEBUG:colcon.colcon_core.event_reactor:joining thread
[14.246s] INFO:colcon.colcon_core.plugin_system:Skipping extension 'colcon_notification.desktop_notification.terminal_notifier': Not used on non-Darwin systems
[14.246s] INFO:colcon.colcon_core.plugin_system:Skipping extension 'colcon_notification.desktop_notification.win32': Not used on non-Windows systems
[14.247s] INFO:colcon.colcon_notification.desktop_notification:Sending desktop notification using 'notify2'
[14.299s] DEBUG:colcon.colcon_core.event_reactor:joined thread
[14.300s] INFO:colcon.colcon_core.shell:Creating prefix script '/home/nvidia/ros2_ws/src/rby1_robot_state/install/local_setup.ps1'
[14.304s] INFO:colcon.colcon_core.shell:Creating prefix util module '/home/nvidia/ros2_ws/src/rby1_robot_state/install/_local_setup_util_ps1.py'
[14.309s] INFO:colcon.colcon_core.shell:Creating prefix chain script '/home/nvidia/ros2_ws/src/rby1_robot_state/install/setup.ps1'
[14.320s] INFO:colcon.colcon_core.shell:Creating prefix script '/home/nvidia/ros2_ws/src/rby1_robot_state/install/local_setup.sh'
[14.322s] INFO:colcon.colcon_core.shell:Creating prefix util module '/home/nvidia/ros2_ws/src/rby1_robot_state/install/_local_setup_util_sh.py'
[14.324s] INFO:colcon.colcon_core.shell:Creating prefix chain script '/home/nvidia/ros2_ws/src/rby1_robot_state/install/setup.sh'
[14.334s] INFO:colcon.colcon_core.shell:Creating prefix script '/home/nvidia/ros2_ws/src/rby1_robot_state/install/local_setup.bash'
[14.336s] INFO:colcon.colcon_core.shell:Creating prefix chain script '/home/nvidia/ros2_ws/src/rby1_robot_state/install/setup.bash'
[14.345s] INFO:colcon.colcon_core.shell:Creating prefix script '/home/nvidia/ros2_ws/src/rby1_robot_state/install/local_setup.zsh'
[14.347s] INFO:colcon.colcon_core.shell:Creating prefix chain script '/home/nvidia/ros2_ws/src/rby1_robot_state/install/setup.zsh'
