[01m[K/home/nvidia/ros2_ws/src/rby1_movement/src/rby1_movement_subscriber.cpp:[m[K In constructor ‘[01m[KRBY1_Movement::RBY1_Movement(std::shared_ptr<rb::Robot<rb::y1_model::A> >, std::thread)[m[K’:
[01m[K/home/nvidia/ros2_ws/src/rby1_movement/src/rby1_movement_subscriber.cpp:19:63:[m[K [01;35m[Kwarning: [m[Kunused parameter ‘[01m[Krobot_[m[K’ [[01;35m[K]8;;https://gcc.gnu.org/onlinedocs/gcc/Warning-Options.html#index-Wunused-parameter-Wunused-parameter]8;;[m[K]
   19 |   RBY1_Movement([01;35m[Kstd::shared_ptr<rb::Robot<rb::y1_model::A>> robot_[m[K, std::thread robot_thread_) : Node("rby1_movement_subscriber") {
      |                 [01;35m[K~~~~~~~~~~~~~~~~~~~~~~~~~~~~~~~~~~~~~~~~~~~~^~~~~~[m[K

[01m[K/home/nvidia/ros2_ws/src/rby1_movement/src/rby1_movement_subscriber.cpp:19:83:[m[K [01;35m[Kwarning: [m[Kunused parameter ‘[01m[Krobot_thread_[m[K’ [[01;35m[K]8;;https://gcc.gnu.org/onlinedocs/gcc/Warning-Options.html#index-Wunused-parameter-Wunused-parameter]8;;[m[K]
   19 | :shared_ptr<rb::Robot<rb::y1_model::A>> robot_, [01;35m[Kstd::thread robot_thread_[m[K) : Node("rby1_movement_subscriber") {
      |                                                 [01;35m[K~~~~~~~~~~~~^~~~~~~~~~~~~[m[K

[01m[K/home/nvidia/ros2_ws/src/rby1_movement/src/rby1_movement_subscriber.cpp:[m[K In destructor ‘[01m[Kvirtual RBY1_Movement::~RBY1_Movement()[m[K’:
[01m[K/home/nvidia/ros2_ws/src/rby1_movement/src/rby1_movement_subscriber.cpp:45:13:[m[K [01;31m[Kerror: [m[K‘[01m[Krobot_thread_[m[K’ was not declared in this scope
   45 |         if ([01;31m[Krobot_thread_[m[K.joinable()){
      |             [01;31m[K^~~~~~~~~~~~~[m[K
[01m[K/home/nvidia/ros2_ws/src/rby1_movement/src/rby1_movement_subscriber.cpp:[m[K In member function ‘[01m[Kvoid RBY1_Movement::joy_callback(sensor_msgs::msg::Joy_<std::allocator<void> >::SharedPtr)[m[K’:
[01m[K/home/nvidia/ros2_ws/src/rby1_movement/src/rby1_movement_subscriber.cpp:76:23:[m[K [01;31m[Kerror: [m[K‘[01m[Krobot_[m[K’ was not declared in this scope
   76 |             auto rv = [01;31m[Krobot_[m[K
      |                       [01;31m[K^~~~~~[m[K
[01m[K/home/nvidia/ros2_ws/src/rby1_movement/src/rby1_movement_subscriber.cpp:[m[K In function ‘[01m[Kint main(int, char**)[m[K’:
[01m[K/home/nvidia/ros2_ws/src/rby1_movement/src/rby1_movement_subscriber.cpp:96:34:[m[K [01;31m[Kerror: [m[Kinvalid use of ‘[01m[Kthis[m[K’ in non-member function
   96 |     robot_thread_ = std::thread([[01;31m[Kthis[m[K]() {
      |                                  [01;31m[K^~~~[m[K
[01m[K/home/nvidia/ros2_ws/src/rby1_movement/src/rby1_movement_subscriber.cpp:[m[K In lambda function:
[01m[K/home/nvidia/ros2_ws/src/rby1_movement/src/rby1_movement_subscriber.cpp:97:9:[m[K [01;31m[Kerror: [m[K‘[01m[Krobot_[m[K’ is not captured
   97 |         [01;31m[Krobot_[m[K->Connect();
      |         [01;31m[K^~~~~~[m[K
[01m[K/home/nvidia/ros2_ws/src/rby1_movement/src/rby1_movement_subscriber.cpp:96:38:[m[K [01;36m[Knote: [m[Kthe lambda has no capture-default
   96 |     robot_thread_ = std::thread([this[01;36m[K][m[K() {
      |                                      [01;36m[K^[m[K
[01m[K/home/nvidia/ros2_ws/src/rby1_movement/src/rby1_movement_subscriber.cpp:93:49:[m[K [01;36m[Knote: [m[K‘[01m[Kstd::shared_ptr<rb::Robot<rb::y1_model::A> > robot_[m[K’ declared here
   93 |     std::shared_ptr<rb::Robot<rb::y1_model::A>> [01;36m[Krobot_[m[K;
      |                                                 [01;36m[K^~~~~~[m[K
[01m[K/home/nvidia/ros2_ws/src/rby1_movement/src/rby1_movement_subscriber.cpp:98:22:[m[K [01;31m[Kerror: [m[K‘[01m[Krobot_[m[K’ is not captured
   98 |         std::cout << [01;31m[Krobot_[m[K->GetRobotInfo().robot_version << std::endl;
      |                      [01;31m[K^~~~~~[m[K
[01m[K/home/nvidia/ros2_ws/src/rby1_movement/src/rby1_movement_subscriber.cpp:96:38:[m[K [01;36m[Knote: [m[Kthe lambda has no capture-default
   96 |     robot_thread_ = std::thread([this[01;36m[K][m[K() {
      |                                      [01;36m[K^[m[K
[01m[K/home/nvidia/ros2_ws/src/rby1_movement/src/rby1_movement_subscriber.cpp:93:49:[m[K [01;36m[Knote: [m[K‘[01m[Kstd::shared_ptr<rb::Robot<rb::y1_model::A> > robot_[m[K’ declared here
   93 |     std::shared_ptr<rb::Robot<rb::y1_model::A>> [01;36m[Krobot_[m[K;
      |                                                 [01;36m[K^~~~~~[m[K
In file included from [01m[K/usr/include/aarch64-linux-gnu/c++/11/bits/c++allocator.h:33[m[K,
                 from [01m[K/usr/include/c++/11/bits/allocator.h:46[m[K,
                 from [01m[K/usr/include/c++/11/string:41[m[K,
                 from [01m[K/usr/include/c++/11/bits/locale_classes.h:40[m[K,
                 from [01m[K/usr/include/c++/11/bits/ios_base.h:41[m[K,
                 from [01m[K/usr/include/c++/11/iomanip:40[m[K,
                 from [01m[K/home/nvidia/ros2_ws/src/rby1_movement/src/rby1_movement_subscriber.cpp:1[m[K:
/usr/include/c++/11/ext/new_allocator.h: In instantiation of ‘[01m[Kvoid __gnu_cxx::new_allocator<_Tp>::construct(_Up*, _Args&& ...) [with _Up = RBY1_Movement; _Args = {std::shared_ptr<rb::Robot<rb::y1_model::A> >&, std::thread&}; _Tp = RBY1_Movement][m[K’:
[01m[K/usr/include/c++/11/bits/alloc_traits.h:516:17:[m[K   required from ‘[01m[Kstatic void std::allocator_traits<std::allocator<_CharT> >::construct(std::allocator_traits<std::allocator<_CharT> >::allocator_type&, _Up*, _Args&& ...) [with _Up = RBY1_Movement; _Args = {std::shared_ptr<rb::Robot<rb::y1_model::A> >&, std::thread&}; _Tp = RBY1_Movement; std::allocator_traits<std::allocator<_CharT> >::allocator_type = std::allocator<RBY1_Movement>][m[K’
[01m[K/usr/include/c++/11/bits/shared_ptr_base.h:519:39:[m[K   required from ‘[01m[Kstd::_Sp_counted_ptr_inplace<_Tp, _Alloc, _Lp>::_Sp_counted_ptr_inplace(_Alloc, _Args&& ...) [with _Args = {std::shared_ptr<rb::Robot<rb::y1_model::A> >&, std::thread&}; _Tp = RBY1_Movement; _Alloc = std::allocator<RBY1_Movement>; __gnu_cxx::_Lock_policy _Lp = __gnu_cxx::_S_atomic][m[K’
[01m[K/usr/include/c++/11/bits/shared_ptr_base.h:650:16:[m[K   required from ‘[01m[Kstd::__shared_count<_Lp>::__shared_count(_Tp*&, std::_Sp_alloc_shared_tag<_Alloc>, _Args&& ...) [with _Tp = RBY1_Movement; _Alloc = std::allocator<RBY1_Movement>; _Args = {std::shared_ptr<rb::Robot<rb::y1_model::A> >&, std::thread&}; __gnu_cxx::_Lock_policy _Lp = __gnu_cxx::_S_atomic][m[K’
[01m[K/usr/include/c++/11/bits/shared_ptr_base.h:1342:14:[m[K   required from ‘[01m[Kstd::__shared_ptr<_Tp, _Lp>::__shared_ptr(std::_Sp_alloc_shared_tag<_Tp>, _Args&& ...) [with _Alloc = std::allocator<RBY1_Movement>; _Args = {std::shared_ptr<rb::Robot<rb::y1_model::A> >&, std::thread&}; _Tp = RBY1_Movement; __gnu_cxx::_Lock_policy _Lp = __gnu_cxx::_S_atomic][m[K’
[01m[K/usr/include/c++/11/bits/shared_ptr.h:409:59:[m[K   required from ‘[01m[Kstd::shared_ptr<_Tp>::shared_ptr(std::_Sp_alloc_shared_tag<_Tp>, _Args&& ...) [with _Alloc = std::allocator<RBY1_Movement>; _Args = {std::shared_ptr<rb::Robot<rb::y1_model::A> >&, std::thread&}; _Tp = RBY1_Movement][m[K’
[01m[K/usr/include/c++/11/bits/shared_ptr.h:862:14:[m[K   required from ‘[01m[Kstd::shared_ptr<_Tp> std::allocate_shared(const _Alloc&, _Args&& ...) [with _Tp = RBY1_Movement; _Alloc = std::allocator<RBY1_Movement>; _Args = {std::shared_ptr<rb::Robot<rb::y1_model::A> >&, std::thread&}][m[K’
[01m[K/usr/include/c++/11/bits/shared_ptr.h:878:39:[m[K   required from ‘[01m[Kstd::shared_ptr<_Tp> std::make_shared(_Args&& ...) [with _Tp = RBY1_Movement; _Args = {std::shared_ptr<rb::Robot<rb::y1_model::A> >&, std::thread&}][m[K’
[01m[K/home/nvidia/ros2_ws/src/rby1_movement/src/rby1_movement_subscriber.cpp:103:49:[m[K   required from here
[01m[K/usr/include/c++/11/ext/new_allocator.h:162:11:[m[K [01;31m[Kerror: [m[Kuse of deleted function ‘[01m[Kstd::thread::thread(const std::thread&)[m[K’
  162 |         { [01;31m[K::new((void *)__p) _Up(std::forward<_Args>(__args)...)[m[K; }
      |           [01;31m[K^~~~~~~~~~~~~~~~~~~~~~~~~~~~~~~~~~~~~~~~~~~~~~~~~~~~~~[m[K
In file included from [01m[K/usr/include/c++/11/thread:43[m[K,
                 from [01m[K/home/nvidia/ros2_ws/src/rby1_movement/src/rby1_movement_subscriber.cpp:3[m[K:
[01m[K/usr/include/c++/11/bits/std_thread.h:155:5:[m[K [01;36m[Knote: [m[Kdeclared here
  155 |     [01;36m[Kthread[m[K(const thread&) = delete;
      |     [01;36m[K^~~~~~[m[K
[01m[K/home/nvidia/ros2_ws/src/rby1_movement/src/rby1_movement_subscriber.cpp:19:83:[m[K [01;36m[Knote: [m[K  initializing argument 2 of ‘[01m[KRBY1_Movement::RBY1_Movement(std::shared_ptr<rb::Robot<rb::y1_model::A> >, std::thread)[m[K’
   19 | :shared_ptr<rb::Robot<rb::y1_model::A>> robot_, [01;36m[Kstd::thread robot_thread_[m[K) : Node("rby1_movement_subscriber") {
      |                                                 [01;36m[K~~~~~~~~~~~~^~~~~~~~~~~~~[m[K

gmake[2]: *** [CMakeFiles/rby1_movement_subscriber.dir/build.make:79: CMakeFiles/rby1_movement_subscriber.dir/src/rby1_movement_subscriber.cpp.o] Error 1
gmake[1]: *** [CMakeFiles/Makefile2:153: CMakeFiles/rby1_movement_subscriber.dir/all] Error 2
gmake: *** [Makefile:146: all] Error 2
