[0.212s] DEBUG:colcon:Command line arguments: ['/usr/bin/colcon', 'build']
[0.212s] DEBUG:colcon:Parsed command line arguments: Namespace(log_base=None, log_level=None, verb_name='build', build_base='build', install_base='install', merge_install=False, symlink_install=False, test_result_base=None, continue_on_error=False, executor='parallel', parallel_workers=8, event_handlers=None, ignore_user_meta=False, metas=['./colcon.meta'], base_paths=['.'], packages_ignore=None, packages_ignore_regex=None, paths=None, packages_up_to=None, packages_up_to_regex=None, packages_above=None, packages_above_and_dependencies=None, packages_above_depth=None, packages_select_by_dep=None, packages_skip_by_dep=None, packages_skip_up_to=None, packages_select_build_failed=False, packages_skip_build_finished=False, packages_select_test_failures=False, packages_skip_test_passed=False, packages_select=None, packages_skip=None, packages_select_regex=None, packages_skip_regex=None, packages_start=None, packages_end=None, allow_overriding=[], cmake_args=None, cmake_target=None, cmake_target_skip_unavailable=False, cmake_clean_cache=False, cmake_clean_first=False, cmake_force_configure=False, ament_cmake_args=None, catkin_cmake_args=None, catkin_skip_building_tests=False, mixin_files=None, mixin=None, verb_parser=<colcon_mixin.mixin.mixin_argument.MixinArgumentDecorator object at 0xffff98893f70>, verb_extension=<colcon_core.verb.build.BuildVerb object at 0xffff988939a0>, main=<bound method BuildVerb.main of <colcon_core.verb.build.BuildVerb object at 0xffff988939a0>>, mixin_verb=('build',))
[0.543s] Level 1:colcon.colcon_core.package_discovery:discover_packages(colcon_meta) check parameters
[0.543s] Level 1:colcon.colcon_core.package_discovery:discover_packages(recursive) check parameters
[0.544s] Level 1:colcon.colcon_core.package_discovery:discover_packages(ignore) check parameters
[0.544s] Level 1:colcon.colcon_core.package_discovery:discover_packages(path) check parameters
[0.544s] Level 1:colcon.colcon_core.package_discovery:discover_packages(colcon_meta) discover
[0.544s] Level 1:colcon.colcon_core.package_discovery:discover_packages(recursive) discover
[0.544s] INFO:colcon.colcon_core.package_discovery:Crawling recursively for packages in '/home/nvidia/ros2_ws/src/rby1_base_movement'
[0.544s] Level 1:colcon.colcon_core.package_identification:_identify(.) by extensions ['ignore', 'ignore_ament_install']
[0.544s] Level 1:colcon.colcon_core.package_identification:_identify(.) by extension 'ignore'
[0.544s] Level 1:colcon.colcon_core.package_identification:_identify(.) by extension 'ignore_ament_install'
[0.544s] Level 1:colcon.colcon_core.package_identification:_identify(.) by extensions ['colcon_pkg']
[0.545s] Level 1:colcon.colcon_core.package_identification:_identify(.) by extension 'colcon_pkg'
[0.545s] Level 1:colcon.colcon_core.package_identification:_identify(.) by extensions ['colcon_meta']
[0.545s] Level 1:colcon.colcon_core.package_identification:_identify(.) by extension 'colcon_meta'
[0.545s] Level 1:colcon.colcon_core.package_identification:_identify(.) by extensions ['ros']
[0.545s] Level 1:colcon.colcon_core.package_identification:_identify(.) by extension 'ros'
[0.569s] DEBUG:colcon.colcon_core.package_identification:Package '.' with type 'ros.ament_cmake' and name 'rby1_base_movement'
[0.569s] Level 1:colcon.colcon_core.package_discovery:discover_packages(recursive) using defaults
[0.569s] Level 1:colcon.colcon_core.package_discovery:discover_packages(ignore) discover
[0.569s] Level 1:colcon.colcon_core.package_discovery:discover_packages(ignore) using defaults
[0.569s] Level 1:colcon.colcon_core.package_discovery:discover_packages(path) discover
[0.569s] Level 1:colcon.colcon_core.package_discovery:discover_packages(path) using defaults
[0.634s] Level 1:colcon.colcon_core.package_discovery:discover_packages(prefix_path) check parameters
[0.634s] Level 1:colcon.colcon_core.package_discovery:discover_packages(prefix_path) discover
[0.638s] WARNING:colcon.colcon_ros.prefix_path.ament:The path '/home/nvidia/ros2_ws/install/moveit_resources_pr2_description' in the environment variable AMENT_PREFIX_PATH doesn't exist
[0.638s] WARNING:colcon.colcon_ros.prefix_path.ament:The path '/home/nvidia/ros2_ws/install/moveit_resources_panda_description' in the environment variable AMENT_PREFIX_PATH doesn't exist
[0.638s] WARNING:colcon.colcon_ros.prefix_path.ament:The path '/home/nvidia/ros2_ws/install/moveit_common' in the environment variable AMENT_PREFIX_PATH doesn't exist
[0.639s] WARNING:colcon.colcon_ros.prefix_path.catkin:The path '/home/nvidia/ros2_ws/install/moveit_resources_pr2_description' in the environment variable CMAKE_PREFIX_PATH doesn't exist
[0.640s] WARNING:colcon.colcon_ros.prefix_path.catkin:The path '/home/nvidia/ros2_ws/install/moveit_resources_panda_description' in the environment variable CMAKE_PREFIX_PATH doesn't exist
[0.640s] WARNING:colcon.colcon_ros.prefix_path.catkin:The path '/home/nvidia/ros2_ws/install/moveit_common' in the environment variable CMAKE_PREFIX_PATH doesn't exist
[0.641s] DEBUG:colcon.colcon_installed_package_information.package_discovery:Found 1 installed packages in /home/nvidia/ros2_ws/src/rby1_base_movement/install
[0.642s] DEBUG:colcon.colcon_installed_package_information.package_discovery:Found 1 installed packages in /home/nvidia/ros2_ws/src/rby1_arm_movement/install
[0.643s] DEBUG:colcon.colcon_installed_package_information.package_discovery:Found 20 installed packages in /home/nvidia/ros2_ws/install
[0.645s] DEBUG:colcon.colcon_installed_package_information.package_discovery:Found 20 installed packages in /home/nvidia/ros2_ws/src/install
[0.648s] DEBUG:colcon.colcon_installed_package_information.package_discovery:Found 1 installed packages in /home/nvidia/ros2_ws/src/rby1_movement/install
[0.649s] DEBUG:colcon.colcon_installed_package_information.package_discovery:Found 1 installed packages in /home/nvidia/ros2_ws/src/ros2-keyboard/keyboard/install
[0.652s] DEBUG:colcon.colcon_installed_package_information.package_discovery:Found 385 installed packages in /opt/ros/humble
[0.655s] Level 1:colcon.colcon_core.package_discovery:discover_packages(prefix_path) using defaults
[0.746s] Level 5:colcon.colcon_core.verb:set package 'rby1_base_movement' build argument 'cmake_args' from command line to 'None'
[0.747s] Level 5:colcon.colcon_core.verb:set package 'rby1_base_movement' build argument 'cmake_target' from command line to 'None'
[0.747s] Level 5:colcon.colcon_core.verb:set package 'rby1_base_movement' build argument 'cmake_target_skip_unavailable' from command line to 'False'
[0.747s] Level 5:colcon.colcon_core.verb:set package 'rby1_base_movement' build argument 'cmake_clean_cache' from command line to 'False'
[0.747s] Level 5:colcon.colcon_core.verb:set package 'rby1_base_movement' build argument 'cmake_clean_first' from command line to 'False'
[0.747s] Level 5:colcon.colcon_core.verb:set package 'rby1_base_movement' build argument 'cmake_force_configure' from command line to 'False'
[0.747s] Level 5:colcon.colcon_core.verb:set package 'rby1_base_movement' build argument 'ament_cmake_args' from command line to 'None'
[0.747s] Level 5:colcon.colcon_core.verb:set package 'rby1_base_movement' build argument 'catkin_cmake_args' from command line to 'None'
[0.747s] Level 5:colcon.colcon_core.verb:set package 'rby1_base_movement' build argument 'catkin_skip_building_tests' from command line to 'False'
[0.747s] DEBUG:colcon.colcon_core.verb:Building package 'rby1_base_movement' with the following arguments: {'ament_cmake_args': None, 'build_base': '/home/nvidia/ros2_ws/src/rby1_base_movement/build/rby1_base_movement', 'catkin_cmake_args': None, 'catkin_skip_building_tests': False, 'cmake_args': None, 'cmake_clean_cache': False, 'cmake_clean_first': False, 'cmake_force_configure': False, 'cmake_target': None, 'cmake_target_skip_unavailable': False, 'install_base': '/home/nvidia/ros2_ws/src/rby1_base_movement/install/rby1_base_movement', 'merge_install': False, 'path': '/home/nvidia/ros2_ws/src/rby1_base_movement', 'symlink_install': False, 'test_result_base': None}
[0.747s] INFO:colcon.colcon_core.executor:Executing jobs using 'parallel' executor
[0.750s] DEBUG:colcon.colcon_parallel_executor.executor.parallel:run_until_complete
[0.750s] INFO:colcon.colcon_ros.task.ament_cmake.build:Building ROS package in '/home/nvidia/ros2_ws/src/rby1_base_movement' with build type 'ament_cmake'
[0.751s] INFO:colcon.colcon_cmake.task.cmake.build:Building CMake package in '/home/nvidia/ros2_ws/src/rby1_base_movement'
[0.754s] INFO:colcon.colcon_core.plugin_system:Skipping extension 'colcon_core.shell.bat': Not used on non-Windows systems
[0.755s] INFO:colcon.colcon_core.shell:Skip shell extension 'powershell' for command environment: Not usable outside of PowerShell
[0.755s] DEBUG:colcon.colcon_core.shell:Skip shell extension 'dsv' for command environment
[0.779s] DEBUG:colcon.colcon_core.event_handler.log_command:Invoking command in '/home/nvidia/ros2_ws/src/rby1_base_movement/build/rby1_base_movement': CMAKE_PREFIX_PATH=${CMAKE_PREFIX_PATH}:/home/nvidia/ros2_ws/src/install/launch_param_builder:/home/nvidia/ros2_ws/src/install/keyboard_joy:/home/nvidia/ros2_ws/install/launch_param_builder:/home/nvidia/ros2_ws/install/keyboard_joy:/opt/ros/humble /usr/bin/cmake --build /home/nvidia/ros2_ws/src/rby1_base_movement/build/rby1_base_movement -- -j8 -l8
[22.101s] DEBUG:colcon.colcon_core.event_handler.log_command:Invoked command in '/home/nvidia/ros2_ws/src/rby1_base_movement/build/rby1_base_movement' returned '0': CMAKE_PREFIX_PATH=${CMAKE_PREFIX_PATH}:/home/nvidia/ros2_ws/src/install/launch_param_builder:/home/nvidia/ros2_ws/src/install/keyboard_joy:/home/nvidia/ros2_ws/install/launch_param_builder:/home/nvidia/ros2_ws/install/keyboard_joy:/opt/ros/humble /usr/bin/cmake --build /home/nvidia/ros2_ws/src/rby1_base_movement/build/rby1_base_movement -- -j8 -l8
[22.118s] DEBUG:colcon.colcon_core.event_handler.log_command:Invoking command in '/home/nvidia/ros2_ws/src/rby1_base_movement/build/rby1_base_movement': CMAKE_PREFIX_PATH=${CMAKE_PREFIX_PATH}:/home/nvidia/ros2_ws/src/install/launch_param_builder:/home/nvidia/ros2_ws/src/install/keyboard_joy:/home/nvidia/ros2_ws/install/launch_param_builder:/home/nvidia/ros2_ws/install/keyboard_joy:/opt/ros/humble /usr/bin/cmake --install /home/nvidia/ros2_ws/src/rby1_base_movement/build/rby1_base_movement
[22.143s] Level 1:colcon.colcon_core.environment:create_environment_scripts_only(rby1_base_movement)
[22.144s] DEBUG:colcon.colcon_core.event_handler.log_command:Invoked command in '/home/nvidia/ros2_ws/src/rby1_base_movement/build/rby1_base_movement' returned '0': CMAKE_PREFIX_PATH=${CMAKE_PREFIX_PATH}:/home/nvidia/ros2_ws/src/install/launch_param_builder:/home/nvidia/ros2_ws/src/install/keyboard_joy:/home/nvidia/ros2_ws/install/launch_param_builder:/home/nvidia/ros2_ws/install/keyboard_joy:/opt/ros/humble /usr/bin/cmake --install /home/nvidia/ros2_ws/src/rby1_base_movement/build/rby1_base_movement
[22.150s] Level 1:colcon.colcon_core.environment:checking '/home/nvidia/ros2_ws/src/rby1_base_movement/install/rby1_base_movement' for CMake module files
[22.151s] Level 1:colcon.colcon_core.environment:checking '/home/nvidia/ros2_ws/src/rby1_base_movement/install/rby1_base_movement' for CMake config files
[22.152s] Level 1:colcon.colcon_core.shell:create_environment_hook('rby1_base_movement', 'cmake_prefix_path')
[22.152s] INFO:colcon.colcon_core.shell:Creating environment hook '/home/nvidia/ros2_ws/src/rby1_base_movement/install/rby1_base_movement/share/rby1_base_movement/hook/cmake_prefix_path.ps1'
[22.154s] INFO:colcon.colcon_core.shell:Creating environment descriptor '/home/nvidia/ros2_ws/src/rby1_base_movement/install/rby1_base_movement/share/rby1_base_movement/hook/cmake_prefix_path.dsv'
[22.156s] INFO:colcon.colcon_core.shell:Creating environment hook '/home/nvidia/ros2_ws/src/rby1_base_movement/install/rby1_base_movement/share/rby1_base_movement/hook/cmake_prefix_path.sh'
[22.159s] Level 1:colcon.colcon_core.environment:checking '/home/nvidia/ros2_ws/src/rby1_base_movement/install/rby1_base_movement/lib'
[22.160s] Level 1:colcon.colcon_core.environment:checking '/home/nvidia/ros2_ws/src/rby1_base_movement/install/rby1_base_movement/bin'
[22.160s] Level 1:colcon.colcon_core.environment:checking '/home/nvidia/ros2_ws/src/rby1_base_movement/install/rby1_base_movement/lib/pkgconfig/rby1_base_movement.pc'
[22.161s] Level 1:colcon.colcon_core.environment:checking '/home/nvidia/ros2_ws/src/rby1_base_movement/install/rby1_base_movement/lib/python3.10/site-packages'
[22.162s] Level 1:colcon.colcon_core.environment:checking '/home/nvidia/ros2_ws/src/rby1_base_movement/install/rby1_base_movement/bin'
[22.163s] INFO:colcon.colcon_core.shell:Creating package script '/home/nvidia/ros2_ws/src/rby1_base_movement/install/rby1_base_movement/share/rby1_base_movement/package.ps1'
[22.167s] INFO:colcon.colcon_core.shell:Creating package descriptor '/home/nvidia/ros2_ws/src/rby1_base_movement/install/rby1_base_movement/share/rby1_base_movement/package.dsv'
[22.169s] INFO:colcon.colcon_core.shell:Creating package script '/home/nvidia/ros2_ws/src/rby1_base_movement/install/rby1_base_movement/share/rby1_base_movement/package.sh'
[22.172s] INFO:colcon.colcon_core.shell:Creating package script '/home/nvidia/ros2_ws/src/rby1_base_movement/install/rby1_base_movement/share/rby1_base_movement/package.bash'
[22.174s] INFO:colcon.colcon_core.shell:Creating package script '/home/nvidia/ros2_ws/src/rby1_base_movement/install/rby1_base_movement/share/rby1_base_movement/package.zsh'
[22.176s] Level 1:colcon.colcon_core.environment:create_file_with_runtime_dependencies(/home/nvidia/ros2_ws/src/rby1_base_movement/install/rby1_base_movement/share/colcon-core/packages/rby1_base_movement)
[22.179s] Level 1:colcon.colcon_core.environment:create_environment_scripts_only(rby1_base_movement)
[22.179s] Level 1:colcon.colcon_core.environment:checking '/home/nvidia/ros2_ws/src/rby1_base_movement/install/rby1_base_movement' for CMake module files
[22.181s] Level 1:colcon.colcon_core.environment:checking '/home/nvidia/ros2_ws/src/rby1_base_movement/install/rby1_base_movement' for CMake config files
[22.182s] Level 1:colcon.colcon_core.shell:create_environment_hook('rby1_base_movement', 'cmake_prefix_path')
[22.183s] INFO:colcon.colcon_core.shell:Creating environment hook '/home/nvidia/ros2_ws/src/rby1_base_movement/install/rby1_base_movement/share/rby1_base_movement/hook/cmake_prefix_path.ps1'
[22.184s] INFO:colcon.colcon_core.shell:Creating environment descriptor '/home/nvidia/ros2_ws/src/rby1_base_movement/install/rby1_base_movement/share/rby1_base_movement/hook/cmake_prefix_path.dsv'
[22.185s] INFO:colcon.colcon_core.shell:Creating environment hook '/home/nvidia/ros2_ws/src/rby1_base_movement/install/rby1_base_movement/share/rby1_base_movement/hook/cmake_prefix_path.sh'
[22.187s] Level 1:colcon.colcon_core.environment:checking '/home/nvidia/ros2_ws/src/rby1_base_movement/install/rby1_base_movement/lib'
[22.187s] Level 1:colcon.colcon_core.environment:checking '/home/nvidia/ros2_ws/src/rby1_base_movement/install/rby1_base_movement/bin'
[22.187s] Level 1:colcon.colcon_core.environment:checking '/home/nvidia/ros2_ws/src/rby1_base_movement/install/rby1_base_movement/lib/pkgconfig/rby1_base_movement.pc'
[22.188s] Level 1:colcon.colcon_core.environment:checking '/home/nvidia/ros2_ws/src/rby1_base_movement/install/rby1_base_movement/lib/python3.10/site-packages'
[22.189s] Level 1:colcon.colcon_core.environment:checking '/home/nvidia/ros2_ws/src/rby1_base_movement/install/rby1_base_movement/bin'
[22.190s] INFO:colcon.colcon_core.shell:Creating package script '/home/nvidia/ros2_ws/src/rby1_base_movement/install/rby1_base_movement/share/rby1_base_movement/package.ps1'
[22.191s] INFO:colcon.colcon_core.shell:Creating package descriptor '/home/nvidia/ros2_ws/src/rby1_base_movement/install/rby1_base_movement/share/rby1_base_movement/package.dsv'
[22.193s] INFO:colcon.colcon_core.shell:Creating package script '/home/nvidia/ros2_ws/src/rby1_base_movement/install/rby1_base_movement/share/rby1_base_movement/package.sh'
[22.194s] INFO:colcon.colcon_core.shell:Creating package script '/home/nvidia/ros2_ws/src/rby1_base_movement/install/rby1_base_movement/share/rby1_base_movement/package.bash'
[22.195s] INFO:colcon.colcon_core.shell:Creating package script '/home/nvidia/ros2_ws/src/rby1_base_movement/install/rby1_base_movement/share/rby1_base_movement/package.zsh'
[22.196s] Level 1:colcon.colcon_core.environment:create_file_with_runtime_dependencies(/home/nvidia/ros2_ws/src/rby1_base_movement/install/rby1_base_movement/share/colcon-core/packages/rby1_base_movement)
[22.197s] DEBUG:colcon.colcon_parallel_executor.executor.parallel:closing loop
[22.198s] DEBUG:colcon.colcon_parallel_executor.executor.parallel:loop closed
[22.199s] DEBUG:colcon.colcon_parallel_executor.executor.parallel:run_until_complete finished with '0'
[22.199s] DEBUG:colcon.colcon_core.event_reactor:joining thread
[22.221s] INFO:colcon.colcon_core.plugin_system:Skipping extension 'colcon_notification.desktop_notification.terminal_notifier': Not used on non-Darwin systems
[22.221s] INFO:colcon.colcon_core.plugin_system:Skipping extension 'colcon_notification.desktop_notification.win32': Not used on non-Windows systems
[22.221s] INFO:colcon.colcon_notification.desktop_notification:Sending desktop notification using 'notify2'
[22.282s] DEBUG:colcon.colcon_core.event_reactor:joined thread
[22.283s] INFO:colcon.colcon_core.shell:Creating prefix script '/home/nvidia/ros2_ws/src/rby1_base_movement/install/local_setup.ps1'
[22.286s] INFO:colcon.colcon_core.shell:Creating prefix util module '/home/nvidia/ros2_ws/src/rby1_base_movement/install/_local_setup_util_ps1.py'
[22.291s] INFO:colcon.colcon_core.shell:Creating prefix chain script '/home/nvidia/ros2_ws/src/rby1_base_movement/install/setup.ps1'
[22.301s] INFO:colcon.colcon_core.shell:Creating prefix script '/home/nvidia/ros2_ws/src/rby1_base_movement/install/local_setup.sh'
[22.303s] INFO:colcon.colcon_core.shell:Creating prefix util module '/home/nvidia/ros2_ws/src/rby1_base_movement/install/_local_setup_util_sh.py'
[22.305s] INFO:colcon.colcon_core.shell:Creating prefix chain script '/home/nvidia/ros2_ws/src/rby1_base_movement/install/setup.sh'
[22.314s] INFO:colcon.colcon_core.shell:Creating prefix script '/home/nvidia/ros2_ws/src/rby1_base_movement/install/local_setup.bash'
[22.316s] INFO:colcon.colcon_core.shell:Creating prefix chain script '/home/nvidia/ros2_ws/src/rby1_base_movement/install/setup.bash'
[22.325s] INFO:colcon.colcon_core.shell:Creating prefix script '/home/nvidia/ros2_ws/src/rby1_base_movement/install/local_setup.zsh'
[22.326s] INFO:colcon.colcon_core.shell:Creating prefix chain script '/home/nvidia/ros2_ws/src/rby1_base_movement/install/setup.zsh'
