-- Found ament_cmake: 1.3.11 (/opt/ros/humble/share/ament_cmake/cmake)
-- Found rclcpp: 16.0.12 (/opt/ros/humble/share/rclcpp/cmake)
-- Found rosidl_generator_c: 3.1.6 (/opt/ros/humble/share/rosidl_generator_c/cmake)
-- Found rosidl_adapter: 3.1.6 (/opt/ros/humble/share/rosidl_adapter/cmake)
-- Found rosidl_generator_cpp: 3.1.6 (/opt/ros/humble/share/rosidl_generator_cpp/cmake)
-- Using all available rosidl_typesupport_c: rosidl_typesupport_fastrtps_c;rosidl_typesupport_introspection_c
-- Using all available rosidl_typesupport_cpp: rosidl_typesupport_fastrtps_cpp;rosidl_typesupport_introspection_cpp
-- Found rmw_implementation_cmake: 6.1.2 (/opt/ros/humble/share/rmw_implementation_cmake/cmake)
-- Found rmw_cyclonedds_cpp: 1.3.4 (/opt/ros/humble/share/rmw_cyclonedds_cpp/cmake)
-- Using RMW implementation 'rmw_cyclonedds_cpp' as default
-- Found sensor_msgs: 4.8.0 (/opt/ros/humble/share/sensor_msgs/cmake)
-- Found rosidl_default_generators: 1.2.0 (/opt/ros/humble/share/rosidl_default_generators/cmake)
-- Found ament_cmake_ros: 0.10.0 (/opt/ros/humble/share/ament_cmake_ros/cmake)
-- Using all available rosidl_typesupport_c: rosidl_typesupport_fastrtps_c;rosidl_typesupport_introspection_c
-- Using all available rosidl_typesupport_cpp: rosidl_typesupport_fastrtps_cpp;rosidl_typesupport_introspection_cpp
-- Found python_cmake_module: 0.10.0 (/opt/ros/humble/share/python_cmake_module/cmake)
-- Using PYTHON_EXECUTABLE: /usr/bin/python3
-- Using PYTHON_INCLUDE_DIRS: /usr/include/python3.10
-- Using PYTHON_LIBRARIES: /usr/lib/aarch64-linux-gnu/libpython3.10.so
-- Found ament_lint_auto: 0.12.12 (/opt/ros/humble/share/ament_lint_auto/cmake)
-- Added test 'cppcheck' to perform static code analysis on C / C++ code
-- Configured cppcheck include dirs: $<BUILD_INTERFACE:/home/nvidia/ros2_ws/src/rby1_movement/build/rby1_movement/rosidl_generator_c>;$<BUILD_INTERFACE:/home/nvidia/ros2_ws/src/rby1_movement/build/rby1_movement/rosidl_typesupport_fastrtps_c>;$<BUILD_INTERFACE:/home/nvidia/ros2_ws/src/rby1_movement/build/rby1_movement/rosidl_generator_cpp>;$<BUILD_INTERFACE:/home/nvidia/ros2_ws/src/rby1_movement/build/rby1_movement/rosidl_typesupport_fastrtps_cpp>;$<BUILD_INTERFACE:/home/nvidia/ros2_ws/src/rby1_movement/build/rby1_movement/rosidl_typesupport_introspection_c>;$<BUILD_INTERFACE:/home/nvidia/ros2_ws/src/rby1_movement/build/rby1_movement/rosidl_typesupport_introspection_cpp>;/home/nvidia/ros2_ws/src/rby1_movement/build/rby1_movement/rosidl_generator_c;/home/nvidia/ros2_ws/src/rby1_movement/build/rby1_movement/rosidl_generator_py
-- Configured cppcheck exclude dirs and/or files: 
-- Added test 'flake8' to check Python code syntax and style conventions
-- Added test 'lint_cmake' to check CMake code style
-- Added test 'pep257' to check Python code against some of the docstring style conventions in PEP 257
-- Added test 'uncrustify' to check C / C++ code style
-- Configured uncrustify additional arguments: 
-- Added test 'xmllint' to check XML markup files
-- Configuring done (5.0s)
-- Generating done (0.1s)
-- Build files have been written to: /home/nvidia/ros2_ws/src/rby1_movement/build/rby1_movement
[  5%] Built target rby1_movement__cpp
[  5%] [32mBuilding CXX object CMakeFiles/speed_server.dir/src/rby1_movement_subscriber.cpp.o[0m
[  8%] [32mBuilding CXX object CMakeFiles/rby1_movement_subscriber.dir/src/rby1_movement_subscriber.cpp.o[0m
[ 17%] Built target rby1_movement__rosidl_generator_c
[ 17%] Built target ament_cmake_python_copy_rby1_movement
[ 25%] Built target rby1_movement__rosidl_typesupport_cpp
[ 48%] Built target rby1_movement__rosidl_typesupport_fastrtps_cpp
[ 48%] Built target rby1_movement__rosidl_typesupport_introspection_cpp
[ 60%] Built target rby1_movement__rosidl_typesupport_introspection_c
[ 60%] Built target rby1_movement__rosidl_typesupport_fastrtps_c
[ 68%] Built target rby1_movement__rosidl_typesupport_c
[ 68%] Built target rby1_movement
[ 71%] [34m[1mGenerating Python code for ROS interfaces[0m
running egg_info
writing rby1_movement.egg-info/PKG-INFO
writing dependency_links to rby1_movement.egg-info/dependency_links.txt
writing top-level names to rby1_movement.egg-info/top_level.txt
reading manifest file 'rby1_movement.egg-info/SOURCES.txt'
writing manifest file 'rby1_movement.egg-info/SOURCES.txt'
[ 71%] Built target ament_cmake_python_build_rby1_movement_egg
[ 71%] Built target rby1_movement__py
[ 74%] [32mBuilding C object CMakeFiles/rby1_movement__rosidl_generator_py.dir/rosidl_generator_py/rby1_movement/srv/_speed_control_s.c.o[0m
[ 77%] [32m[1mLinking C shared library rosidl_generator_py/rby1_movement/librby1_movement__rosidl_generator_py.so[0m
[ 77%] Built target rby1_movement__rosidl_generator_py
[ 85%] [32mBuilding C object CMakeFiles/rby1_movement__rosidl_typesupport_c__pyext.dir/rosidl_generator_py/rby1_movement/_rby1_movement_s.ep.rosidl_typesupport_c.c.o[0m
[ 85%] [32mBuilding C object CMakeFiles/rby1_movement__rosidl_typesupport_fastrtps_c__pyext.dir/rosidl_generator_py/rby1_movement/_rby1_movement_s.ep.rosidl_typesupport_fastrtps_c.c.o[0m
[ 85%] [32mBuilding C object CMakeFiles/rby1_movement__rosidl_typesupport_introspection_c__pyext.dir/rosidl_generator_py/rby1_movement/_rby1_movement_s.ep.rosidl_typesupport_introspection_c.c.o[0m
[ 94%] [32m[1mLinking C shared library rosidl_generator_py/rby1_movement/rby1_movement_s__rosidl_typesupport_fastrtps_c.cpython-310-aarch64-linux-gnu.so[0m
[ 94%] [32m[1mLinking C shared library rosidl_generator_py/rby1_movement/rby1_movement_s__rosidl_typesupport_introspection_c.cpython-310-aarch64-linux-gnu.so[0m
[ 94%] [32m[1mLinking C shared library rosidl_generator_py/rby1_movement/rby1_movement_s__rosidl_typesupport_c.cpython-310-aarch64-linux-gnu.so[0m
[ 94%] Built target rby1_movement__rosidl_typesupport_c__pyext
[ 94%] Built target rby1_movement__rosidl_typesupport_fastrtps_c__pyext
[ 94%] Built target rby1_movement__rosidl_typesupport_introspection_c__pyext
