[0.167s] DEBUG:colcon:Command line arguments: ['/usr/bin/colcon', 'build']
[0.167s] DEBUG:colcon:Parsed command line arguments: Namespace(log_base=None, log_level=None, verb_name='build', build_base='build', install_base='install', merge_install=False, symlink_install=False, test_result_base=None, continue_on_error=False, executor='parallel', parallel_workers=12, event_handlers=None, ignore_user_meta=False, metas=['./colcon.meta'], base_paths=['.'], packages_ignore=None, packages_ignore_regex=None, paths=None, packages_up_to=None, packages_up_to_regex=None, packages_above=None, packages_above_and_dependencies=None, packages_above_depth=None, packages_select_by_dep=None, packages_skip_by_dep=None, packages_skip_up_to=None, packages_select_build_failed=False, packages_skip_build_finished=False, packages_select_test_failures=False, packages_skip_test_passed=False, packages_select=None, packages_skip=None, packages_select_regex=None, packages_skip_regex=None, packages_start=None, packages_end=None, allow_overriding=[], cmake_args=None, cmake_target=None, cmake_target_skip_unavailable=False, cmake_clean_cache=False, cmake_clean_first=False, cmake_force_configure=False, ament_cmake_args=None, catkin_cmake_args=None, catkin_skip_building_tests=False, mixin_files=None, mixin=None, verb_parser=<colcon_mixin.mixin.mixin_argument.MixinArgumentDecorator object at 0xffff960027d0>, verb_extension=<colcon_core.verb.build.BuildVerb object at 0xffff96002200>, main=<bound method BuildVerb.main of <colcon_core.verb.build.BuildVerb object at 0xffff96002200>>, mixin_verb=('build',))
[0.423s] Level 1:colcon.colcon_core.package_discovery:discover_packages(colcon_meta) check parameters
[0.424s] Level 1:colcon.colcon_core.package_discovery:discover_packages(recursive) check parameters
[0.424s] Level 1:colcon.colcon_core.package_discovery:discover_packages(ignore) check parameters
[0.424s] Level 1:colcon.colcon_core.package_discovery:discover_packages(path) check parameters
[0.424s] Level 1:colcon.colcon_core.package_discovery:discover_packages(colcon_meta) discover
[0.424s] Level 1:colcon.colcon_core.package_discovery:discover_packages(recursive) discover
[0.424s] INFO:colcon.colcon_core.package_discovery:Crawling recursively for packages in '/home/nvidia/ros2_ws/src/rby1_base_movement'
[0.424s] Level 1:colcon.colcon_core.package_identification:_identify(.) by extensions ['ignore', 'ignore_ament_install']
[0.425s] Level 1:colcon.colcon_core.package_identification:_identify(.) by extension 'ignore'
[0.425s] Level 1:colcon.colcon_core.package_identification:_identify(.) by extension 'ignore_ament_install'
[0.425s] Level 1:colcon.colcon_core.package_identification:_identify(.) by extensions ['colcon_pkg']
[0.425s] Level 1:colcon.colcon_core.package_identification:_identify(.) by extension 'colcon_pkg'
[0.425s] Level 1:colcon.colcon_core.package_identification:_identify(.) by extensions ['colcon_meta']
[0.425s] Level 1:colcon.colcon_core.package_identification:_identify(.) by extension 'colcon_meta'
[0.425s] Level 1:colcon.colcon_core.package_identification:_identify(.) by extensions ['ros']
[0.425s] Level 1:colcon.colcon_core.package_identification:_identify(.) by extension 'ros'
[0.444s] DEBUG:colcon.colcon_core.package_identification:Package '.' with type 'ros.ament_cmake' and name 'rby1_base_movement'
[0.445s] Level 1:colcon.colcon_core.package_discovery:discover_packages(recursive) using defaults
[0.445s] Level 1:colcon.colcon_core.package_discovery:discover_packages(ignore) discover
[0.445s] Level 1:colcon.colcon_core.package_discovery:discover_packages(ignore) using defaults
[0.445s] Level 1:colcon.colcon_core.package_discovery:discover_packages(path) discover
[0.445s] Level 1:colcon.colcon_core.package_discovery:discover_packages(path) using defaults
[0.501s] Level 1:colcon.colcon_core.package_discovery:discover_packages(prefix_path) check parameters
[0.501s] Level 1:colcon.colcon_core.package_discovery:discover_packages(prefix_path) discover
[0.505s] DEBUG:colcon.colcon_installed_package_information.package_discovery:Found 22 installed packages in /home/nvidia/ros2_ws/install
[0.506s] DEBUG:colcon.colcon_installed_package_information.package_discovery:Found 1 installed packages in /home/nvidia/ros2_ws/src/rby1_movement/install
[0.507s] DEBUG:colcon.colcon_installed_package_information.package_discovery:Found 1 installed packages in /home/nvidia/ros2_ws/src/ros2-keyboard/keyboard/install
[0.509s] DEBUG:colcon.colcon_installed_package_information.package_discovery:Found 321 installed packages in /opt/ros/humble
[0.511s] Level 1:colcon.colcon_core.package_discovery:discover_packages(prefix_path) using defaults
[0.573s] Level 5:colcon.colcon_core.verb:set package 'rby1_base_movement' build argument 'cmake_args' from command line to 'None'
[0.573s] Level 5:colcon.colcon_core.verb:set package 'rby1_base_movement' build argument 'cmake_target' from command line to 'None'
[0.573s] Level 5:colcon.colcon_core.verb:set package 'rby1_base_movement' build argument 'cmake_target_skip_unavailable' from command line to 'False'
[0.573s] Level 5:colcon.colcon_core.verb:set package 'rby1_base_movement' build argument 'cmake_clean_cache' from command line to 'False'
[0.573s] Level 5:colcon.colcon_core.verb:set package 'rby1_base_movement' build argument 'cmake_clean_first' from command line to 'False'
[0.573s] Level 5:colcon.colcon_core.verb:set package 'rby1_base_movement' build argument 'cmake_force_configure' from command line to 'False'
[0.573s] Level 5:colcon.colcon_core.verb:set package 'rby1_base_movement' build argument 'ament_cmake_args' from command line to 'None'
[0.573s] Level 5:colcon.colcon_core.verb:set package 'rby1_base_movement' build argument 'catkin_cmake_args' from command line to 'None'
[0.573s] Level 5:colcon.colcon_core.verb:set package 'rby1_base_movement' build argument 'catkin_skip_building_tests' from command line to 'False'
[0.573s] DEBUG:colcon.colcon_core.verb:Building package 'rby1_base_movement' with the following arguments: {'ament_cmake_args': None, 'build_base': '/home/nvidia/ros2_ws/src/rby1_base_movement/build/rby1_base_movement', 'catkin_cmake_args': None, 'catkin_skip_building_tests': False, 'cmake_args': None, 'cmake_clean_cache': False, 'cmake_clean_first': False, 'cmake_force_configure': False, 'cmake_target': None, 'cmake_target_skip_unavailable': False, 'install_base': '/home/nvidia/ros2_ws/src/rby1_base_movement/install/rby1_base_movement', 'merge_install': False, 'path': '/home/nvidia/ros2_ws/src/rby1_base_movement', 'symlink_install': False, 'test_result_base': None}
[0.573s] INFO:colcon.colcon_core.executor:Executing jobs using 'parallel' executor
[0.575s] DEBUG:colcon.colcon_parallel_executor.executor.parallel:run_until_complete
[0.576s] INFO:colcon.colcon_ros.task.ament_cmake.build:Building ROS package in '/home/nvidia/ros2_ws/src/rby1_base_movement' with build type 'ament_cmake'
[0.576s] INFO:colcon.colcon_cmake.task.cmake.build:Building CMake package in '/home/nvidia/ros2_ws/src/rby1_base_movement'
[0.579s] INFO:colcon.colcon_core.plugin_system:Skipping extension 'colcon_core.shell.bat': Not used on non-Windows systems
[0.579s] INFO:colcon.colcon_core.shell:Skip shell extension 'powershell' for command environment: Not usable outside of PowerShell
[0.579s] DEBUG:colcon.colcon_core.shell:Skip shell extension 'dsv' for command environment
[0.596s] DEBUG:colcon.colcon_core.event_handler.log_command:Invoking command in '/home/nvidia/ros2_ws/src/rby1_base_movement/build/rby1_base_movement': CMAKE_PREFIX_PATH=${CMAKE_PREFIX_PATH}:/home/nvidia/ros2_ws/install/keyboard_joy:/opt/ros/humble /usr/bin/cmake /home/nvidia/ros2_ws/src/rby1_base_movement -DCMAKE_INSTALL_PREFIX=/home/nvidia/ros2_ws/src/rby1_base_movement/install/rby1_base_movement
[3.266s] DEBUG:colcon.colcon_core.event_handler.log_command:Invoked command in '/home/nvidia/ros2_ws/src/rby1_base_movement/build/rby1_base_movement' returned '0': CMAKE_PREFIX_PATH=${CMAKE_PREFIX_PATH}:/home/nvidia/ros2_ws/install/keyboard_joy:/opt/ros/humble /usr/bin/cmake /home/nvidia/ros2_ws/src/rby1_base_movement -DCMAKE_INSTALL_PREFIX=/home/nvidia/ros2_ws/src/rby1_base_movement/install/rby1_base_movement
[3.271s] DEBUG:colcon.colcon_core.event_handler.log_command:Invoking command in '/home/nvidia/ros2_ws/src/rby1_base_movement/build/rby1_base_movement': CMAKE_PREFIX_PATH=${CMAKE_PREFIX_PATH}:/home/nvidia/ros2_ws/install/keyboard_joy:/opt/ros/humble /usr/bin/cmake --build /home/nvidia/ros2_ws/src/rby1_base_movement/build/rby1_base_movement -- -j12 -l12
[21.440s] DEBUG:colcon.colcon_core.event_handler.log_command:Invoked command in '/home/nvidia/ros2_ws/src/rby1_base_movement/build/rby1_base_movement' returned '0': CMAKE_PREFIX_PATH=${CMAKE_PREFIX_PATH}:/home/nvidia/ros2_ws/install/keyboard_joy:/opt/ros/humble /usr/bin/cmake --build /home/nvidia/ros2_ws/src/rby1_base_movement/build/rby1_base_movement -- -j12 -l12
[21.456s] DEBUG:colcon.colcon_core.event_handler.log_command:Invoking command in '/home/nvidia/ros2_ws/src/rby1_base_movement/build/rby1_base_movement': CMAKE_PREFIX_PATH=${CMAKE_PREFIX_PATH}:/home/nvidia/ros2_ws/install/keyboard_joy:/opt/ros/humble /usr/bin/cmake --install /home/nvidia/ros2_ws/src/rby1_base_movement/build/rby1_base_movement
[21.480s] Level 1:colcon.colcon_core.environment:create_environment_scripts_only(rby1_base_movement)
[21.482s] DEBUG:colcon.colcon_core.event_handler.log_command:Invoked command in '/home/nvidia/ros2_ws/src/rby1_base_movement/build/rby1_base_movement' returned '0': CMAKE_PREFIX_PATH=${CMAKE_PREFIX_PATH}:/home/nvidia/ros2_ws/install/keyboard_joy:/opt/ros/humble /usr/bin/cmake --install /home/nvidia/ros2_ws/src/rby1_base_movement/build/rby1_base_movement
[21.490s] Level 1:colcon.colcon_core.environment:checking '/home/nvidia/ros2_ws/src/rby1_base_movement/install/rby1_base_movement' for CMake module files
[21.492s] Level 1:colcon.colcon_core.environment:checking '/home/nvidia/ros2_ws/src/rby1_base_movement/install/rby1_base_movement' for CMake config files
[21.493s] Level 1:colcon.colcon_core.shell:create_environment_hook('rby1_base_movement', 'cmake_prefix_path')
[21.494s] INFO:colcon.colcon_core.shell:Creating environment hook '/home/nvidia/ros2_ws/src/rby1_base_movement/install/rby1_base_movement/share/rby1_base_movement/hook/cmake_prefix_path.ps1'
[21.497s] INFO:colcon.colcon_core.shell:Creating environment descriptor '/home/nvidia/ros2_ws/src/rby1_base_movement/install/rby1_base_movement/share/rby1_base_movement/hook/cmake_prefix_path.dsv'
[21.499s] INFO:colcon.colcon_core.shell:Creating environment hook '/home/nvidia/ros2_ws/src/rby1_base_movement/install/rby1_base_movement/share/rby1_base_movement/hook/cmake_prefix_path.sh'
[21.503s] Level 1:colcon.colcon_core.environment:checking '/home/nvidia/ros2_ws/src/rby1_base_movement/install/rby1_base_movement/lib'
[21.503s] Level 1:colcon.colcon_core.environment:checking '/home/nvidia/ros2_ws/src/rby1_base_movement/install/rby1_base_movement/bin'
[21.504s] Level 1:colcon.colcon_core.environment:checking '/home/nvidia/ros2_ws/src/rby1_base_movement/install/rby1_base_movement/lib/pkgconfig/rby1_base_movement.pc'
[21.505s] Level 1:colcon.colcon_core.environment:checking '/home/nvidia/ros2_ws/src/rby1_base_movement/install/rby1_base_movement/lib/python3.10/site-packages'
[21.505s] Level 1:colcon.colcon_core.environment:checking '/home/nvidia/ros2_ws/src/rby1_base_movement/install/rby1_base_movement/bin'
[21.507s] INFO:colcon.colcon_core.shell:Creating package script '/home/nvidia/ros2_ws/src/rby1_base_movement/install/rby1_base_movement/share/rby1_base_movement/package.ps1'
[21.510s] INFO:colcon.colcon_core.shell:Creating package descriptor '/home/nvidia/ros2_ws/src/rby1_base_movement/install/rby1_base_movement/share/rby1_base_movement/package.dsv'
[21.512s] INFO:colcon.colcon_core.shell:Creating package script '/home/nvidia/ros2_ws/src/rby1_base_movement/install/rby1_base_movement/share/rby1_base_movement/package.sh'
[21.515s] INFO:colcon.colcon_core.shell:Creating package script '/home/nvidia/ros2_ws/src/rby1_base_movement/install/rby1_base_movement/share/rby1_base_movement/package.bash'
[21.517s] INFO:colcon.colcon_core.shell:Creating package script '/home/nvidia/ros2_ws/src/rby1_base_movement/install/rby1_base_movement/share/rby1_base_movement/package.zsh'
[21.520s] Level 1:colcon.colcon_core.environment:create_file_with_runtime_dependencies(/home/nvidia/ros2_ws/src/rby1_base_movement/install/rby1_base_movement/share/colcon-core/packages/rby1_base_movement)
[21.522s] Level 1:colcon.colcon_core.environment:create_environment_scripts_only(rby1_base_movement)
[21.523s] Level 1:colcon.colcon_core.environment:checking '/home/nvidia/ros2_ws/src/rby1_base_movement/install/rby1_base_movement' for CMake module files
[21.525s] Level 1:colcon.colcon_core.environment:checking '/home/nvidia/ros2_ws/src/rby1_base_movement/install/rby1_base_movement' for CMake config files
[21.526s] Level 1:colcon.colcon_core.shell:create_environment_hook('rby1_base_movement', 'cmake_prefix_path')
[21.527s] INFO:colcon.colcon_core.shell:Creating environment hook '/home/nvidia/ros2_ws/src/rby1_base_movement/install/rby1_base_movement/share/rby1_base_movement/hook/cmake_prefix_path.ps1'
[21.529s] INFO:colcon.colcon_core.shell:Creating environment descriptor '/home/nvidia/ros2_ws/src/rby1_base_movement/install/rby1_base_movement/share/rby1_base_movement/hook/cmake_prefix_path.dsv'
[21.530s] INFO:colcon.colcon_core.shell:Creating environment hook '/home/nvidia/ros2_ws/src/rby1_base_movement/install/rby1_base_movement/share/rby1_base_movement/hook/cmake_prefix_path.sh'
[21.533s] Level 1:colcon.colcon_core.environment:checking '/home/nvidia/ros2_ws/src/rby1_base_movement/install/rby1_base_movement/lib'
[21.533s] Level 1:colcon.colcon_core.environment:checking '/home/nvidia/ros2_ws/src/rby1_base_movement/install/rby1_base_movement/bin'
[21.533s] Level 1:colcon.colcon_core.environment:checking '/home/nvidia/ros2_ws/src/rby1_base_movement/install/rby1_base_movement/lib/pkgconfig/rby1_base_movement.pc'
[21.534s] Level 1:colcon.colcon_core.environment:checking '/home/nvidia/ros2_ws/src/rby1_base_movement/install/rby1_base_movement/lib/python3.10/site-packages'
[21.535s] Level 1:colcon.colcon_core.environment:checking '/home/nvidia/ros2_ws/src/rby1_base_movement/install/rby1_base_movement/bin'
[21.536s] INFO:colcon.colcon_core.shell:Creating package script '/home/nvidia/ros2_ws/src/rby1_base_movement/install/rby1_base_movement/share/rby1_base_movement/package.ps1'
[21.538s] INFO:colcon.colcon_core.shell:Creating package descriptor '/home/nvidia/ros2_ws/src/rby1_base_movement/install/rby1_base_movement/share/rby1_base_movement/package.dsv'
[21.539s] INFO:colcon.colcon_core.shell:Creating package script '/home/nvidia/ros2_ws/src/rby1_base_movement/install/rby1_base_movement/share/rby1_base_movement/package.sh'
[21.541s] INFO:colcon.colcon_core.shell:Creating package script '/home/nvidia/ros2_ws/src/rby1_base_movement/install/rby1_base_movement/share/rby1_base_movement/package.bash'
[21.543s] INFO:colcon.colcon_core.shell:Creating package script '/home/nvidia/ros2_ws/src/rby1_base_movement/install/rby1_base_movement/share/rby1_base_movement/package.zsh'
[21.544s] Level 1:colcon.colcon_core.environment:create_file_with_runtime_dependencies(/home/nvidia/ros2_ws/src/rby1_base_movement/install/rby1_base_movement/share/colcon-core/packages/rby1_base_movement)
[21.546s] DEBUG:colcon.colcon_parallel_executor.executor.parallel:closing loop
[21.546s] DEBUG:colcon.colcon_parallel_executor.executor.parallel:loop closed
[21.547s] DEBUG:colcon.colcon_parallel_executor.executor.parallel:run_until_complete finished with '0'
[21.547s] DEBUG:colcon.colcon_core.event_reactor:joining thread
[21.569s] INFO:colcon.colcon_core.plugin_system:Skipping extension 'colcon_notification.desktop_notification.terminal_notifier': Not used on non-Darwin systems
[21.569s] INFO:colcon.colcon_core.plugin_system:Skipping extension 'colcon_notification.desktop_notification.win32': Not used on non-Windows systems
[21.569s] INFO:colcon.colcon_notification.desktop_notification:Sending desktop notification using 'notify2'
[21.608s] DEBUG:colcon.colcon_core.event_reactor:joined thread
[21.610s] INFO:colcon.colcon_core.shell:Creating prefix script '/home/nvidia/ros2_ws/src/rby1_base_movement/install/local_setup.ps1'
[21.613s] INFO:colcon.colcon_core.shell:Creating prefix util module '/home/nvidia/ros2_ws/src/rby1_base_movement/install/_local_setup_util_ps1.py'
[21.618s] INFO:colcon.colcon_core.shell:Creating prefix chain script '/home/nvidia/ros2_ws/src/rby1_base_movement/install/setup.ps1'
[21.626s] INFO:colcon.colcon_core.shell:Creating prefix script '/home/nvidia/ros2_ws/src/rby1_base_movement/install/local_setup.sh'
[21.628s] INFO:colcon.colcon_core.shell:Creating prefix util module '/home/nvidia/ros2_ws/src/rby1_base_movement/install/_local_setup_util_sh.py'
[21.630s] INFO:colcon.colcon_core.shell:Creating prefix chain script '/home/nvidia/ros2_ws/src/rby1_base_movement/install/setup.sh'
[21.636s] INFO:colcon.colcon_core.shell:Creating prefix script '/home/nvidia/ros2_ws/src/rby1_base_movement/install/local_setup.bash'
[21.638s] INFO:colcon.colcon_core.shell:Creating prefix chain script '/home/nvidia/ros2_ws/src/rby1_base_movement/install/setup.bash'
[21.644s] INFO:colcon.colcon_core.shell:Creating prefix script '/home/nvidia/ros2_ws/src/rby1_base_movement/install/local_setup.zsh'
[21.646s] INFO:colcon.colcon_core.shell:Creating prefix chain script '/home/nvidia/ros2_ws/src/rby1_base_movement/install/setup.zsh'
