[0.022s] Invoking command in '/home/nvidia/ros2_ws/src/rby1_movement/build/rby1_movement': CMAKE_PREFIX_PATH=${CMAKE_PREFIX_PATH}:/opt/ros/humble /usr/bin/cmake --build /home/nvidia/ros2_ws/src/rby1_movement/build/rby1_movement -- -j8 -l8
[0.102s] [ 50%] [32mBuilding CXX object CMakeFiles/rby1_movement_subscriber.dir/src/rby1_movement_subscriber.cpp.o[0m
[7.519s] [01m[K/home/nvidia/ros2_ws/src/rby1_movement/src/rby1_movement_subscriber.cpp:[m[K In constructor ‘[01m[KRBY1_Movement::RBY1_Movement()[m[K’:
[7.520s] [01m[K/home/nvidia/ros2_ws/src/rby1_movement/src/rby1_movement_subscriber.cpp:50:9:[m[K [01;35m[Kwarning: [m[Kstatement has no effect [[01;35m[K]8;;https://gcc.gnu.org/onlinedocs/gcc/Warning-Options.html#index-Wunused-value-Wunused-value]8;;[m[K]
[7.520s]    50 |         [01;35m[Kjoy_sub_[m[K;
[7.520s]       |         [01;35m[K^~~~~~~~[m[K
[19.115s] [100%] [32m[1mLinking CXX executable rby1_movement_subscriber[0m
[19.835s] [100%] Built target rby1_movement_subscriber
[19.852s] Invoked command in '/home/nvidia/ros2_ws/src/rby1_movement/build/rby1_movement' returned '0': CMAKE_PREFIX_PATH=${CMAKE_PREFIX_PATH}:/opt/ros/humble /usr/bin/cmake --build /home/nvidia/ros2_ws/src/rby1_movement/build/rby1_movement -- -j8 -l8
[19.867s] Invoking command in '/home/nvidia/ros2_ws/src/rby1_movement/build/rby1_movement': CMAKE_PREFIX_PATH=${CMAKE_PREFIX_PATH}:/opt/ros/humble /usr/bin/cmake --install /home/nvidia/ros2_ws/src/rby1_movement/build/rby1_movement
[19.875s] -- Install configuration: ""
[19.875s] -- Installing: /home/nvidia/ros2_ws/src/rby1_movement/install/rby1_movement/lib/rby1_movement/rby1_movement_subscriber
[19.884s] -- Set non-toolchain portion of runtime path of "/home/nvidia/ros2_ws/src/rby1_movement/install/rby1_movement/lib/rby1_movement/rby1_movement_subscriber" to ""
[19.884s] -- Up-to-date: /home/nvidia/ros2_ws/src/rby1_movement/install/rby1_movement/share/ament_index/resource_index/package_run_dependencies/rby1_movement
[19.885s] -- Up-to-date: /home/nvidia/ros2_ws/src/rby1_movement/install/rby1_movement/share/ament_index/resource_index/parent_prefix_path/rby1_movement
[19.885s] -- Up-to-date: /home/nvidia/ros2_ws/src/rby1_movement/install/rby1_movement/share/rby1_movement/environment/ament_prefix_path.sh
[19.885s] -- Up-to-date: /home/nvidia/ros2_ws/src/rby1_movement/install/rby1_movement/share/rby1_movement/environment/ament_prefix_path.dsv
[19.885s] -- Up-to-date: /home/nvidia/ros2_ws/src/rby1_movement/install/rby1_movement/share/rby1_movement/environment/path.sh
[19.885s] -- Up-to-date: /home/nvidia/ros2_ws/src/rby1_movement/install/rby1_movement/share/rby1_movement/environment/path.dsv
[19.886s] -- Up-to-date: /home/nvidia/ros2_ws/src/rby1_movement/install/rby1_movement/share/rby1_movement/local_setup.bash
[19.886s] -- Up-to-date: /home/nvidia/ros2_ws/src/rby1_movement/install/rby1_movement/share/rby1_movement/local_setup.sh
[19.886s] -- Up-to-date: /home/nvidia/ros2_ws/src/rby1_movement/install/rby1_movement/share/rby1_movement/local_setup.zsh
[19.886s] -- Up-to-date: /home/nvidia/ros2_ws/src/rby1_movement/install/rby1_movement/share/rby1_movement/local_setup.dsv
[19.886s] -- Installing: /home/nvidia/ros2_ws/src/rby1_movement/install/rby1_movement/share/rby1_movement/package.dsv
[19.886s] -- Up-to-date: /home/nvidia/ros2_ws/src/rby1_movement/install/rby1_movement/share/ament_index/resource_index/packages/rby1_movement
[19.887s] -- Up-to-date: /home/nvidia/ros2_ws/src/rby1_movement/install/rby1_movement/share/rby1_movement/cmake/rby1_movementConfig.cmake
[19.887s] -- Up-to-date: /home/nvidia/ros2_ws/src/rby1_movement/install/rby1_movement/share/rby1_movement/cmake/rby1_movementConfig-version.cmake
[19.887s] -- Up-to-date: /home/nvidia/ros2_ws/src/rby1_movement/install/rby1_movement/share/rby1_movement/package.xml
[19.890s] Invoked command in '/home/nvidia/ros2_ws/src/rby1_movement/build/rby1_movement' returned '0': CMAKE_PREFIX_PATH=${CMAKE_PREFIX_PATH}:/opt/ros/humble /usr/bin/cmake --install /home/nvidia/ros2_ws/src/rby1_movement/build/rby1_movement
