-- The C compiler identification is GNU 11.4.0
-- The CXX compiler identification is GNU 11.4.0
-- Detecting C compiler ABI info
-- Detecting C compiler ABI info - done
-- Check for working C compiler: /usr/bin/cc - skipped
-- Detecting C compile features
-- Detecting C compile features - done
-- Detecting CXX compiler ABI info
-- Detecting CXX compiler ABI info - done
-- Check for working CXX compiler: /usr/bin/c++ - skipped
-- Detecting CXX compile features
-- Detecting CXX compile features - done
-- Found ament_cmake: 1.3.11 (/opt/ros/humble/share/ament_cmake/cmake)
-- Found Python3: /usr/bin/python3 (found version "3.10.12") found components: Interpreter
-- Found rclcpp: 16.0.12 (/opt/ros/humble/share/rclcpp/cmake)
-- Found rosidl_generator_c: 3.1.6 (/opt/ros/humble/share/rosidl_generator_c/cmake)
-- Found rosidl_adapter: 3.1.6 (/opt/ros/humble/share/rosidl_adapter/cmake)
-- Found rosidl_generator_cpp: 3.1.6 (/opt/ros/humble/share/rosidl_generator_cpp/cmake)
-- Using all available rosidl_typesupport_c: rosidl_typesupport_fastrtps_c;rosidl_typesupport_introspection_c
-- Using all available rosidl_typesupport_cpp: rosidl_typesupport_fastrtps_cpp;rosidl_typesupport_introspection_cpp
-- Found rmw_implementation_cmake: 6.1.2 (/opt/ros/humble/share/rmw_implementation_cmake/cmake)
-- Found rmw_cyclonedds_cpp: 1.3.4 (/opt/ros/humble/share/rmw_cyclonedds_cpp/cmake)
-- Using RMW implementation 'rmw_cyclonedds_cpp' as default
-- Performing Test CMAKE_HAVE_LIBC_PTHREAD
-- Performing Test CMAKE_HAVE_LIBC_PTHREAD - Success
-- Found Threads: TRUE
-- Found sensor_msgs: 4.8.0 (/opt/ros/humble/share/sensor_msgs/cmake)
-- Found rosidl_default_generators: 1.2.0 (/opt/ros/humble/share/rosidl_default_generators/cmake)
-- Found ament_lint_auto: 0.12.12 (/opt/ros/humble/share/ament_lint_auto/cmake)
-- Added test 'cppcheck' to perform static code analysis on C / C++ code
-- Configured cppcheck include dirs: 
-- Configured cppcheck exclude dirs and/or files: 
-- Added test 'flake8' to check Python code syntax and style conventions
-- Added test 'lint_cmake' to check CMake code style
-- Added test 'pep257' to check Python code against some of the docstring style conventions in PEP 257
-- Added test 'uncrustify' to check C / C++ code style
-- Configured uncrustify additional arguments: 
-- Added test 'xmllint' to check XML markup files
-- Configuring done (2.6s)
-- Generating done (0.0s)
-- Build files have been written to: /home/nvidia/ros2_ws/src/rby1_base_movement/build/rby1_base_movement
[ 50%] [32mBuilding CXX object CMakeFiles/rby1_base_movement_subscriber.dir/src/rby1_base_movement_subscriber.cpp.o[0m
[100%] [32m[1mLinking CXX executable rby1_base_movement_subscriber[0m
[100%] Built target rby1_base_movement_subscriber
-- Install configuration: ""
-- Installing: /home/nvidia/ros2_ws/src/rby1_base_movement/install/rby1_base_movement/lib/rby1_base_movement/rby1_base_movement_subscriber
-- Set non-toolchain portion of runtime path of "/home/nvidia/ros2_ws/src/rby1_base_movement/install/rby1_base_movement/lib/rby1_base_movement/rby1_base_movement_subscriber" to ""
-- Installing: /home/nvidia/ros2_ws/src/rby1_base_movement/install/rby1_base_movement/share/rby1_base_movement//launch
-- Installing: /home/nvidia/ros2_ws/src/rby1_base_movement/install/rby1_base_movement/share/rby1_base_movement//launch/control_base.launch.py
-- Installing: /home/nvidia/ros2_ws/src/rby1_base_movement/install/rby1_base_movement/share/rby1_base_movement//launch/movement.launch.py
-- Installing: /home/nvidia/ros2_ws/src/rby1_base_movement/install/rby1_base_movement/share/ament_index/resource_index/package_run_dependencies/rby1_base_movement
-- Installing: /home/nvidia/ros2_ws/src/rby1_base_movement/install/rby1_base_movement/share/ament_index/resource_index/parent_prefix_path/rby1_base_movement
-- Installing: /home/nvidia/ros2_ws/src/rby1_base_movement/install/rby1_base_movement/share/rby1_base_movement/environment/ament_prefix_path.sh
-- Installing: /home/nvidia/ros2_ws/src/rby1_base_movement/install/rby1_base_movement/share/rby1_base_movement/environment/ament_prefix_path.dsv
-- Installing: /home/nvidia/ros2_ws/src/rby1_base_movement/install/rby1_base_movement/share/rby1_base_movement/environment/path.sh
-- Installing: /home/nvidia/ros2_ws/src/rby1_base_movement/install/rby1_base_movement/share/rby1_base_movement/environment/path.dsv
-- Installing: /home/nvidia/ros2_ws/src/rby1_base_movement/install/rby1_base_movement/share/rby1_base_movement/local_setup.bash
-- Installing: /home/nvidia/ros2_ws/src/rby1_base_movement/install/rby1_base_movement/share/rby1_base_movement/local_setup.sh
-- Installing: /home/nvidia/ros2_ws/src/rby1_base_movement/install/rby1_base_movement/share/rby1_base_movement/local_setup.zsh
-- Installing: /home/nvidia/ros2_ws/src/rby1_base_movement/install/rby1_base_movement/share/rby1_base_movement/local_setup.dsv
-- Installing: /home/nvidia/ros2_ws/src/rby1_base_movement/install/rby1_base_movement/share/rby1_base_movement/package.dsv
-- Installing: /home/nvidia/ros2_ws/src/rby1_base_movement/install/rby1_base_movement/share/ament_index/resource_index/packages/rby1_base_movement
-- Installing: /home/nvidia/ros2_ws/src/rby1_base_movement/install/rby1_base_movement/share/rby1_base_movement/cmake/rby1_base_movementConfig.cmake
-- Installing: /home/nvidia/ros2_ws/src/rby1_base_movement/install/rby1_base_movement/share/rby1_base_movement/cmake/rby1_base_movementConfig-version.cmake
-- Installing: /home/nvidia/ros2_ws/src/rby1_base_movement/install/rby1_base_movement/share/rby1_base_movement/package.xml
