[0.027s] Invoking command in '/home/nvidia/ros2_ws/src/rby1_movement/build/rby1_movement': CMAKE_PREFIX_PATH=${CMAKE_PREFIX_PATH}:/opt/ros/humble /usr/bin/cmake --build /home/nvidia/ros2_ws/src/rby1_movement/build/rby1_movement -- -j8 -l8
[0.301s] [ 50%] [32mBuilding CXX object CMakeFiles/rby1_movement_subscriber.dir/src/rby1_movement_subscriber.cpp.o[0m
[8.290s] [01m[K/home/nvidia/ros2_ws/src/rby1_movement/src/rby1_movement_subscriber.cpp:[m[K In member function ‘[01m[Kvoid RBY1_Movement::joy_callback(sensor_msgs::msg::Joy_<std::allocator<void> >::SharedPtr)[m[K’:
[8.290s] [01m[K/home/nvidia/ros2_ws/src/rby1_movement/src/rby1_movement_subscriber.cpp:81:20:[m[K [01;35m[Kwarning: [m[Kunused variable ‘[01m[Kcontrol_hold_time[m[K’ [[01;35m[K]8;;https://gcc.gnu.org/onlinedocs/gcc/Warning-Options.html#index-Wunused-variable-Wunused-variable]8;;[m[K]
[8.291s]    81 |             double [01;35m[Kcontrol_hold_time[m[K = 1e6;
[8.291s]       |                    [01;35m[K^~~~~~~~~~~~~~~~~[m[K
[20.110s] [100%] [32m[1mLinking CXX executable rby1_movement_subscriber[0m
[22.062s] [100%] Built target rby1_movement_subscriber
[22.074s] Invoked command in '/home/nvidia/ros2_ws/src/rby1_movement/build/rby1_movement' returned '0': CMAKE_PREFIX_PATH=${CMAKE_PREFIX_PATH}:/opt/ros/humble /usr/bin/cmake --build /home/nvidia/ros2_ws/src/rby1_movement/build/rby1_movement -- -j8 -l8
[22.091s] Invoking command in '/home/nvidia/ros2_ws/src/rby1_movement/build/rby1_movement': CMAKE_PREFIX_PATH=${CMAKE_PREFIX_PATH}:/opt/ros/humble /usr/bin/cmake --install /home/nvidia/ros2_ws/src/rby1_movement/build/rby1_movement
[22.100s] -- Install configuration: ""
[22.103s] -- Installing: /home/nvidia/ros2_ws/src/rby1_movement/install/rby1_movement/lib/rby1_movement/rby1_movement_subscriber
[22.112s] -- Set non-toolchain portion of runtime path of "/home/nvidia/ros2_ws/src/rby1_movement/install/rby1_movement/lib/rby1_movement/rby1_movement_subscriber" to ""
[22.114s] -- Up-to-date: /home/nvidia/ros2_ws/src/rby1_movement/install/rby1_movement/share/ament_index/resource_index/package_run_dependencies/rby1_movement
[22.114s] -- Up-to-date: /home/nvidia/ros2_ws/src/rby1_movement/install/rby1_movement/share/ament_index/resource_index/parent_prefix_path/rby1_movement
[22.115s] -- Up-to-date: /home/nvidia/ros2_ws/src/rby1_movement/install/rby1_movement/share/rby1_movement/environment/ament_prefix_path.sh
[22.115s] -- Up-to-date: /home/nvidia/ros2_ws/src/rby1_movement/install/rby1_movement/share/rby1_movement/environment/ament_prefix_path.dsv
[22.115s] -- Up-to-date: /home/nvidia/ros2_ws/src/rby1_movement/install/rby1_movement/share/rby1_movement/environment/path.sh
[22.116s] -- Up-to-date: /home/nvidia/ros2_ws/src/rby1_movement/install/rby1_movement/share/rby1_movement/environment/path.dsv
[22.116s] -- Up-to-date: /home/nvidia/ros2_ws/src/rby1_movement/install/rby1_movement/share/rby1_movement/local_setup.bash
[22.116s] -- Up-to-date: /home/nvidia/ros2_ws/src/rby1_movement/install/rby1_movement/share/rby1_movement/local_setup.sh
[22.116s] -- Up-to-date: /home/nvidia/ros2_ws/src/rby1_movement/install/rby1_movement/share/rby1_movement/local_setup.zsh
[22.116s] -- Up-to-date: /home/nvidia/ros2_ws/src/rby1_movement/install/rby1_movement/share/rby1_movement/local_setup.dsv
[22.116s] -- Installing: /home/nvidia/ros2_ws/src/rby1_movement/install/rby1_movement/share/rby1_movement/package.dsv
[22.117s] -- Up-to-date: /home/nvidia/ros2_ws/src/rby1_movement/install/rby1_movement/share/ament_index/resource_index/packages/rby1_movement
[22.117s] -- Up-to-date: /home/nvidia/ros2_ws/src/rby1_movement/install/rby1_movement/share/rby1_movement/cmake/rby1_movementConfig.cmake
[22.117s] -- Up-to-date: /home/nvidia/ros2_ws/src/rby1_movement/install/rby1_movement/share/rby1_movement/cmake/rby1_movementConfig-version.cmake
[22.118s] -- Up-to-date: /home/nvidia/ros2_ws/src/rby1_movement/install/rby1_movement/share/rby1_movement/package.xml
[22.122s] Invoked command in '/home/nvidia/ros2_ws/src/rby1_movement/build/rby1_movement' returned '0': CMAKE_PREFIX_PATH=${CMAKE_PREFIX_PATH}:/opt/ros/humble /usr/bin/cmake --install /home/nvidia/ros2_ws/src/rby1_movement/build/rby1_movement
