[0.019s] Invoking command in '/home/nvidia/ros2_ws/src/rby1_movement/build/rby1_movement': CMAKE_PREFIX_PATH=${CMAKE_PREFIX_PATH}:/opt/ros/humble /usr/bin/cmake --build /home/nvidia/ros2_ws/src/rby1_movement/build/rby1_movement -- -j8 -l8
[0.099s] [ 50%] [32mBuilding CXX object CMakeFiles/rby1_movement_subscriber.dir/src/rby1_movement_subscriber.cpp.o[0m
[7.497s] [01m[K/home/nvidia/ros2_ws/src/rby1_movement/src/rby1_movement_subscriber.cpp:[m[K In lambda function:
[7.497s] [01m[K/home/nvidia/ros2_ws/src/rby1_movement/src/rby1_movement_subscriber.cpp:25:9:[m[K [01;31m[Kerror: [m[Kexpected primary-expression before ‘[01m[K)[m[K’ token
[7.497s]    25 |         [01;31m[K)[m[K;
[7.497s]       |         [01;31m[K^[m[K
[7.497s] [01m[K/home/nvidia/ros2_ws/src/rby1_movement/src/rby1_movement_subscriber.cpp:[m[K In constructor ‘[01m[KRBY1_Movement::RBY1_Movement()[m[K’:
[7.498s] [01m[K/home/nvidia/ros2_ws/src/rby1_movement/src/rby1_movement_subscriber.cpp:20:40:[m[K [01;31m[Kerror: [m[Kexpected primary-expression before ‘[01m[K([m[K’ token
[7.498s]    20 |             robot_thread_ = std::thread[01;31m[K([m[K[this]() {
[7.498s]       |                                        [01;31m[K^[m[K
[7.498s] [01m[K/home/nvidia/ros2_ws/src/rby1_movement/src/rby1_movement_subscriber.cpp:42:9:[m[K [01;31m[Kerror: [m[Kexpected ‘[01m[K)[m[K’ before ‘[01m[Kjoy_sub_[m[K’
[7.498s]    42 |         [01;31m[Kjoy_sub_[m[K = this->create_subscription<sensor_msgs::msg::Joy> (
[7.498s]       |         [01;31m[K^~~~~~~~[m[K
[7.498s] [01m[K/home/nvidia/ros2_ws/src/rby1_movement/src/rby1_movement_subscriber.cpp:20:40:[m[K [01;36m[Knote: [m[Kto match this ‘[01m[K([m[K’
[7.498s]    20 |             robot_thread_ = std::thread[01;36m[K([m[K[this]() {
[7.498s]       |                                        [01;36m[K^[m[K
[8.706s] gmake[2]: *** [CMakeFiles/rby1_movement_subscriber.dir/build.make:79: CMakeFiles/rby1_movement_subscriber.dir/src/rby1_movement_subscriber.cpp.o] Error 1
[8.707s] gmake[1]: *** [CMakeFiles/Makefile2:153: CMakeFiles/rby1_movement_subscriber.dir/all] Error 2
[8.707s] gmake: *** [Makefile:146: all] Error 2
[8.713s] Invoked command in '/home/nvidia/ros2_ws/src/rby1_movement/build/rby1_movement' returned '2': CMAKE_PREFIX_PATH=${CMAKE_PREFIX_PATH}:/opt/ros/humble /usr/bin/cmake --build /home/nvidia/ros2_ws/src/rby1_movement/build/rby1_movement -- -j8 -l8
