[0.031s] Invoking command in '/home/nvidia/ros2_ws/src/rby1_robot_state/build/rby1_robot_state': CMAKE_PREFIX_PATH=${CMAKE_PREFIX_PATH}:/home/nvidia/ros2_ws/install/launch_param_builder:/home/nvidia/ros2_ws/install/keyboard_joy:/home/nvidia/rby1_ros2_ws/install/rby1_subscriber_pkg:/home/nvidia/rby1_ros2_ws/install/rby1_mobile_control:/opt/ros/humble /usr/bin/cmake --build /home/nvidia/ros2_ws/src/rby1_robot_state/build/rby1_robot_state -- -j8 -l8
[0.114s] [ 50%] [32mBuilding CXX object CMakeFiles/robot_state_publisher.dir/src/robot_state_publisher.cpp.o[0m
[9.539s] [100%] [32m[1mLinking CXX executable robot_state_publisher[0m
[10.731s] [100%] Built target robot_state_publisher
[10.747s] Invoked command in '/home/nvidia/ros2_ws/src/rby1_robot_state/build/rby1_robot_state' returned '0': CMAKE_PREFIX_PATH=${CMAKE_PREFIX_PATH}:/home/nvidia/ros2_ws/install/launch_param_builder:/home/nvidia/ros2_ws/install/keyboard_joy:/home/nvidia/rby1_ros2_ws/install/rby1_subscriber_pkg:/home/nvidia/rby1_ros2_ws/install/rby1_mobile_control:/opt/ros/humble /usr/bin/cmake --build /home/nvidia/ros2_ws/src/rby1_robot_state/build/rby1_robot_state -- -j8 -l8
[10.762s] Invoking command in '/home/nvidia/ros2_ws/src/rby1_robot_state/build/rby1_robot_state': CMAKE_PREFIX_PATH=${CMAKE_PREFIX_PATH}:/home/nvidia/ros2_ws/install/launch_param_builder:/home/nvidia/ros2_ws/install/keyboard_joy:/home/nvidia/rby1_ros2_ws/install/rby1_subscriber_pkg:/home/nvidia/rby1_ros2_ws/install/rby1_mobile_control:/opt/ros/humble /usr/bin/cmake --install /home/nvidia/ros2_ws/src/rby1_robot_state/build/rby1_robot_state
[10.771s] -- Install configuration: ""
[10.771s] -- Installing: /home/nvidia/ros2_ws/src/rby1_robot_state/install/rby1_robot_state/lib/rby1_robot_state/robot_state_publisher
[10.772s] -- Set non-toolchain portion of runtime path of "/home/nvidia/ros2_ws/src/rby1_robot_state/install/rby1_robot_state/lib/rby1_robot_state/robot_state_publisher" to ""
[10.773s] -- Installing: /home/nvidia/ros2_ws/src/rby1_robot_state/install/rby1_robot_state/share/ament_index/resource_index/package_run_dependencies/rby1_robot_state
[10.773s] -- Installing: /home/nvidia/ros2_ws/src/rby1_robot_state/install/rby1_robot_state/share/ament_index/resource_index/parent_prefix_path/rby1_robot_state
[10.773s] -- Installing: /home/nvidia/ros2_ws/src/rby1_robot_state/install/rby1_robot_state/share/rby1_robot_state/environment/ament_prefix_path.sh
[10.774s] -- Installing: /home/nvidia/ros2_ws/src/rby1_robot_state/install/rby1_robot_state/share/rby1_robot_state/environment/ament_prefix_path.dsv
[10.774s] -- Installing: /home/nvidia/ros2_ws/src/rby1_robot_state/install/rby1_robot_state/share/rby1_robot_state/environment/path.sh
[10.774s] -- Installing: /home/nvidia/ros2_ws/src/rby1_robot_state/install/rby1_robot_state/share/rby1_robot_state/environment/path.dsv
[10.774s] -- Installing: /home/nvidia/ros2_ws/src/rby1_robot_state/install/rby1_robot_state/share/rby1_robot_state/local_setup.bash
[10.775s] -- Installing: /home/nvidia/ros2_ws/src/rby1_robot_state/install/rby1_robot_state/share/rby1_robot_state/local_setup.sh
[10.775s] -- Installing: /home/nvidia/ros2_ws/src/rby1_robot_state/install/rby1_robot_state/share/rby1_robot_state/local_setup.zsh
[10.775s] -- Installing: /home/nvidia/ros2_ws/src/rby1_robot_state/install/rby1_robot_state/share/rby1_robot_state/local_setup.dsv
[10.775s] -- Installing: /home/nvidia/ros2_ws/src/rby1_robot_state/install/rby1_robot_state/share/rby1_robot_state/package.dsv
[10.776s] -- Installing: /home/nvidia/ros2_ws/src/rby1_robot_state/install/rby1_robot_state/share/ament_index/resource_index/packages/rby1_robot_state
[10.776s] -- Installing: /home/nvidia/ros2_ws/src/rby1_robot_state/install/rby1_robot_state/share/rby1_robot_state/cmake/rby1_robot_stateConfig.cmake
[10.776s] -- Installing: /home/nvidia/ros2_ws/src/rby1_robot_state/install/rby1_robot_state/share/rby1_robot_state/cmake/rby1_robot_stateConfig-version.cmake
[10.776s] -- Installing: /home/nvidia/ros2_ws/src/rby1_robot_state/install/rby1_robot_state/share/rby1_robot_state/package.xml
[10.779s] Invoked command in '/home/nvidia/ros2_ws/src/rby1_robot_state/build/rby1_robot_state' returned '0': CMAKE_PREFIX_PATH=${CMAKE_PREFIX_PATH}:/home/nvidia/ros2_ws/install/launch_param_builder:/home/nvidia/ros2_ws/install/keyboard_joy:/home/nvidia/rby1_ros2_ws/install/rby1_subscriber_pkg:/home/nvidia/rby1_ros2_ws/install/rby1_mobile_control:/opt/ros/humble /usr/bin/cmake --install /home/nvidia/ros2_ws/src/rby1_robot_state/build/rby1_robot_state
