[0.351s] DEBUG:colcon:Command line arguments: ['/usr/bin/colcon', 'build']
[0.351s] DEBUG:colcon:Parsed command line arguments: Namespace(log_base=None, log_level=None, verb_name='build', build_base='build', install_base='install', merge_install=False, symlink_install=False, test_result_base=None, continue_on_error=False, executor='parallel', parallel_workers=8, event_handlers=None, ignore_user_meta=False, metas=['./colcon.meta'], base_paths=['.'], packages_ignore=None, packages_ignore_regex=None, paths=None, packages_up_to=None, packages_up_to_regex=None, packages_above=None, packages_above_and_dependencies=None, packages_above_depth=None, packages_select_by_dep=None, packages_skip_by_dep=None, packages_skip_up_to=None, packages_select_build_failed=False, packages_skip_build_finished=False, packages_select_test_failures=False, packages_skip_test_passed=False, packages_select=None, packages_skip=None, packages_select_regex=None, packages_skip_regex=None, packages_start=None, packages_end=None, allow_overriding=[], cmake_args=None, cmake_target=None, cmake_target_skip_unavailable=False, cmake_clean_cache=False, cmake_clean_first=False, cmake_force_configure=False, ament_cmake_args=None, catkin_cmake_args=None, catkin_skip_building_tests=False, mixin_files=None, mixin=None, verb_parser=<colcon_mixin.mixin.mixin_argument.MixinArgumentDecorator object at 0xffff8d6800d0>, verb_extension=<colcon_core.verb.build.BuildVerb object at 0xffff8d647ac0>, main=<bound method BuildVerb.main of <colcon_core.verb.build.BuildVerb object at 0xffff8d647ac0>>, mixin_verb=('build',))
[0.913s] Level 1:colcon.colcon_core.package_discovery:discover_packages(colcon_meta) check parameters
[0.913s] Level 1:colcon.colcon_core.package_discovery:discover_packages(recursive) check parameters
[0.913s] Level 1:colcon.colcon_core.package_discovery:discover_packages(ignore) check parameters
[0.914s] Level 1:colcon.colcon_core.package_discovery:discover_packages(path) check parameters
[0.914s] Level 1:colcon.colcon_core.package_discovery:discover_packages(colcon_meta) discover
[0.914s] Level 1:colcon.colcon_core.package_discovery:discover_packages(recursive) discover
[0.914s] INFO:colcon.colcon_core.package_discovery:Crawling recursively for packages in '/home/nvidia/ros2_ws/src/rby1_robot_state'
[0.914s] Level 1:colcon.colcon_core.package_identification:_identify(.) by extensions ['ignore', 'ignore_ament_install']
[0.914s] Level 1:colcon.colcon_core.package_identification:_identify(.) by extension 'ignore'
[0.914s] Level 1:colcon.colcon_core.package_identification:_identify(.) by extension 'ignore_ament_install'
[0.915s] Level 1:colcon.colcon_core.package_identification:_identify(.) by extensions ['colcon_pkg']
[0.915s] Level 1:colcon.colcon_core.package_identification:_identify(.) by extension 'colcon_pkg'
[0.915s] Level 1:colcon.colcon_core.package_identification:_identify(.) by extensions ['colcon_meta']
[0.915s] Level 1:colcon.colcon_core.package_identification:_identify(.) by extension 'colcon_meta'
[0.915s] Level 1:colcon.colcon_core.package_identification:_identify(.) by extensions ['ros']
[0.915s] Level 1:colcon.colcon_core.package_identification:_identify(.) by extension 'ros'
[0.949s] DEBUG:colcon.colcon_core.package_identification:Package '.' with type 'ros.ament_cmake' and name 'rby1_robot_state'
[0.949s] Level 1:colcon.colcon_core.package_discovery:discover_packages(recursive) using defaults
[0.950s] Level 1:colcon.colcon_core.package_discovery:discover_packages(ignore) discover
[0.950s] Level 1:colcon.colcon_core.package_discovery:discover_packages(ignore) using defaults
[0.950s] Level 1:colcon.colcon_core.package_discovery:discover_packages(path) discover
[0.950s] Level 1:colcon.colcon_core.package_discovery:discover_packages(path) using defaults
[1.028s] Level 1:colcon.colcon_core.package_discovery:discover_packages(prefix_path) check parameters
[1.029s] Level 1:colcon.colcon_core.package_discovery:discover_packages(prefix_path) discover
[1.042s] DEBUG:colcon.colcon_installed_package_information.package_discovery:Found 36 installed packages in /home/nvidia/ros2_ws/install
[1.043s] DEBUG:colcon.colcon_installed_package_information.package_discovery:Found 1 installed packages in /home/nvidia/ros2_ws/src/rby1_base_movement/install
[1.044s] DEBUG:colcon.colcon_installed_package_information.package_discovery:Found 6 installed packages in /home/nvidia/rby1_ros2_ws/install
[1.045s] DEBUG:colcon.colcon_installed_package_information.package_discovery:Found 1 installed packages in /home/nvidia/ros2_ws/src/rby1_arm_movement/install
[1.046s] DEBUG:colcon.colcon_installed_package_information.package_discovery:Found 1 installed packages in /home/nvidia/ros2_ws/src/rby1_movement/install
[1.046s] DEBUG:colcon.colcon_installed_package_information.package_discovery:Found 1 installed packages in /home/nvidia/ros2_ws/src/ros2-keyboard/keyboard/install
[1.047s] DEBUG:colcon.colcon_installed_package_information.package_discovery:Found 1 installed packages in /home/nvidia/ros2_ws/src/rby1_nva_description/install
[1.050s] DEBUG:colcon.colcon_installed_package_information.package_discovery:Found 440 installed packages in /opt/ros/humble
[1.054s] Level 1:colcon.colcon_core.package_discovery:discover_packages(prefix_path) using defaults
[1.239s] Level 5:colcon.colcon_core.verb:set package 'rby1_robot_state' build argument 'cmake_args' from command line to 'None'
[1.239s] Level 5:colcon.colcon_core.verb:set package 'rby1_robot_state' build argument 'cmake_target' from command line to 'None'
[1.239s] Level 5:colcon.colcon_core.verb:set package 'rby1_robot_state' build argument 'cmake_target_skip_unavailable' from command line to 'False'
[1.239s] Level 5:colcon.colcon_core.verb:set package 'rby1_robot_state' build argument 'cmake_clean_cache' from command line to 'False'
[1.239s] Level 5:colcon.colcon_core.verb:set package 'rby1_robot_state' build argument 'cmake_clean_first' from command line to 'False'
[1.239s] Level 5:colcon.colcon_core.verb:set package 'rby1_robot_state' build argument 'cmake_force_configure' from command line to 'False'
[1.239s] Level 5:colcon.colcon_core.verb:set package 'rby1_robot_state' build argument 'ament_cmake_args' from command line to 'None'
[1.239s] Level 5:colcon.colcon_core.verb:set package 'rby1_robot_state' build argument 'catkin_cmake_args' from command line to 'None'
[1.239s] Level 5:colcon.colcon_core.verb:set package 'rby1_robot_state' build argument 'catkin_skip_building_tests' from command line to 'False'
[1.240s] DEBUG:colcon.colcon_core.verb:Building package 'rby1_robot_state' with the following arguments: {'ament_cmake_args': None, 'build_base': '/home/nvidia/ros2_ws/src/rby1_robot_state/build/rby1_robot_state', 'catkin_cmake_args': None, 'catkin_skip_building_tests': False, 'cmake_args': None, 'cmake_clean_cache': False, 'cmake_clean_first': False, 'cmake_force_configure': False, 'cmake_target': None, 'cmake_target_skip_unavailable': False, 'install_base': '/home/nvidia/ros2_ws/src/rby1_robot_state/install/rby1_robot_state', 'merge_install': False, 'path': '/home/nvidia/ros2_ws/src/rby1_robot_state', 'symlink_install': False, 'test_result_base': None}
[1.240s] INFO:colcon.colcon_core.executor:Executing jobs using 'parallel' executor
[1.242s] DEBUG:colcon.colcon_parallel_executor.executor.parallel:run_until_complete
[1.243s] INFO:colcon.colcon_ros.task.ament_cmake.build:Building ROS package in '/home/nvidia/ros2_ws/src/rby1_robot_state' with build type 'ament_cmake'
[1.243s] INFO:colcon.colcon_cmake.task.cmake.build:Building CMake package in '/home/nvidia/ros2_ws/src/rby1_robot_state'
[1.254s] INFO:colcon.colcon_core.plugin_system:Skipping extension 'colcon_core.shell.bat': Not used on non-Windows systems
[1.255s] INFO:colcon.colcon_core.shell:Skip shell extension 'powershell' for command environment: Not usable outside of PowerShell
[1.255s] DEBUG:colcon.colcon_core.shell:Skip shell extension 'dsv' for command environment
[1.289s] DEBUG:colcon.colcon_core.event_handler.log_command:Invoking command in '/home/nvidia/ros2_ws/src/rby1_robot_state/build/rby1_robot_state': CMAKE_PREFIX_PATH=${CMAKE_PREFIX_PATH}:/home/nvidia/ros2_ws/install/launch_param_builder:/home/nvidia/ros2_ws/install/keyboard_joy:/home/nvidia/rby1_ros2_ws/install/rby1_subscriber_pkg:/home/nvidia/rby1_ros2_ws/install/rby1_mobile_control:/opt/ros/humble /usr/bin/cmake --build /home/nvidia/ros2_ws/src/rby1_robot_state/build/rby1_robot_state -- -j8 -l8
[1.579s] DEBUG:colcon.colcon_core.event_handler.log_command:Invoked command in '/home/nvidia/ros2_ws/src/rby1_robot_state/build/rby1_robot_state' returned '0': CMAKE_PREFIX_PATH=${CMAKE_PREFIX_PATH}:/home/nvidia/ros2_ws/install/launch_param_builder:/home/nvidia/ros2_ws/install/keyboard_joy:/home/nvidia/rby1_ros2_ws/install/rby1_subscriber_pkg:/home/nvidia/rby1_ros2_ws/install/rby1_mobile_control:/opt/ros/humble /usr/bin/cmake --build /home/nvidia/ros2_ws/src/rby1_robot_state/build/rby1_robot_state -- -j8 -l8
[1.592s] DEBUG:colcon.colcon_core.event_handler.log_command:Invoking command in '/home/nvidia/ros2_ws/src/rby1_robot_state/build/rby1_robot_state': CMAKE_PREFIX_PATH=${CMAKE_PREFIX_PATH}:/home/nvidia/ros2_ws/install/launch_param_builder:/home/nvidia/ros2_ws/install/keyboard_joy:/home/nvidia/rby1_ros2_ws/install/rby1_subscriber_pkg:/home/nvidia/rby1_ros2_ws/install/rby1_mobile_control:/opt/ros/humble /usr/bin/cmake --install /home/nvidia/ros2_ws/src/rby1_robot_state/build/rby1_robot_state
[1.608s] Level 1:colcon.colcon_core.environment:create_environment_scripts_only(rby1_robot_state)
[1.609s] DEBUG:colcon.colcon_core.event_handler.log_command:Invoked command in '/home/nvidia/ros2_ws/src/rby1_robot_state/build/rby1_robot_state' returned '0': CMAKE_PREFIX_PATH=${CMAKE_PREFIX_PATH}:/home/nvidia/ros2_ws/install/launch_param_builder:/home/nvidia/ros2_ws/install/keyboard_joy:/home/nvidia/rby1_ros2_ws/install/rby1_subscriber_pkg:/home/nvidia/rby1_ros2_ws/install/rby1_mobile_control:/opt/ros/humble /usr/bin/cmake --install /home/nvidia/ros2_ws/src/rby1_robot_state/build/rby1_robot_state
[1.621s] Level 1:colcon.colcon_core.environment:checking '/home/nvidia/ros2_ws/src/rby1_robot_state/install/rby1_robot_state' for CMake module files
[1.623s] Level 1:colcon.colcon_core.environment:checking '/home/nvidia/ros2_ws/src/rby1_robot_state/install/rby1_robot_state' for CMake config files
[1.624s] Level 1:colcon.colcon_core.shell:create_environment_hook('rby1_robot_state', 'cmake_prefix_path')
[1.625s] INFO:colcon.colcon_core.shell:Creating environment hook '/home/nvidia/ros2_ws/src/rby1_robot_state/install/rby1_robot_state/share/rby1_robot_state/hook/cmake_prefix_path.ps1'
[1.627s] INFO:colcon.colcon_core.shell:Creating environment descriptor '/home/nvidia/ros2_ws/src/rby1_robot_state/install/rby1_robot_state/share/rby1_robot_state/hook/cmake_prefix_path.dsv'
[1.628s] INFO:colcon.colcon_core.shell:Creating environment hook '/home/nvidia/ros2_ws/src/rby1_robot_state/install/rby1_robot_state/share/rby1_robot_state/hook/cmake_prefix_path.sh'
[1.631s] Level 1:colcon.colcon_core.environment:checking '/home/nvidia/ros2_ws/src/rby1_robot_state/install/rby1_robot_state/lib'
[1.631s] Level 1:colcon.colcon_core.environment:checking '/home/nvidia/ros2_ws/src/rby1_robot_state/install/rby1_robot_state/bin'
[1.631s] Level 1:colcon.colcon_core.environment:checking '/home/nvidia/ros2_ws/src/rby1_robot_state/install/rby1_robot_state/lib/pkgconfig/rby1_robot_state.pc'
[1.631s] Level 1:colcon.colcon_core.environment:checking '/home/nvidia/ros2_ws/src/rby1_robot_state/install/rby1_robot_state/lib/python3.10/site-packages'
[1.632s] Level 1:colcon.colcon_core.environment:checking '/home/nvidia/ros2_ws/src/rby1_robot_state/install/rby1_robot_state/bin'
[1.632s] INFO:colcon.colcon_core.shell:Creating package script '/home/nvidia/ros2_ws/src/rby1_robot_state/install/rby1_robot_state/share/rby1_robot_state/package.ps1'
[1.634s] INFO:colcon.colcon_core.shell:Creating package descriptor '/home/nvidia/ros2_ws/src/rby1_robot_state/install/rby1_robot_state/share/rby1_robot_state/package.dsv'
[1.636s] INFO:colcon.colcon_core.shell:Creating package script '/home/nvidia/ros2_ws/src/rby1_robot_state/install/rby1_robot_state/share/rby1_robot_state/package.sh'
[1.637s] INFO:colcon.colcon_core.shell:Creating package script '/home/nvidia/ros2_ws/src/rby1_robot_state/install/rby1_robot_state/share/rby1_robot_state/package.bash'
[1.640s] INFO:colcon.colcon_core.shell:Creating package script '/home/nvidia/ros2_ws/src/rby1_robot_state/install/rby1_robot_state/share/rby1_robot_state/package.zsh'
[1.642s] Level 1:colcon.colcon_core.environment:create_file_with_runtime_dependencies(/home/nvidia/ros2_ws/src/rby1_robot_state/install/rby1_robot_state/share/colcon-core/packages/rby1_robot_state)
[1.645s] Level 1:colcon.colcon_core.environment:create_environment_scripts_only(rby1_robot_state)
[1.645s] Level 1:colcon.colcon_core.environment:checking '/home/nvidia/ros2_ws/src/rby1_robot_state/install/rby1_robot_state' for CMake module files
[1.646s] Level 1:colcon.colcon_core.environment:checking '/home/nvidia/ros2_ws/src/rby1_robot_state/install/rby1_robot_state' for CMake config files
[1.646s] Level 1:colcon.colcon_core.shell:create_environment_hook('rby1_robot_state', 'cmake_prefix_path')
[1.647s] INFO:colcon.colcon_core.shell:Creating environment hook '/home/nvidia/ros2_ws/src/rby1_robot_state/install/rby1_robot_state/share/rby1_robot_state/hook/cmake_prefix_path.ps1'
[1.648s] INFO:colcon.colcon_core.shell:Creating environment descriptor '/home/nvidia/ros2_ws/src/rby1_robot_state/install/rby1_robot_state/share/rby1_robot_state/hook/cmake_prefix_path.dsv'
[1.648s] INFO:colcon.colcon_core.shell:Creating environment hook '/home/nvidia/ros2_ws/src/rby1_robot_state/install/rby1_robot_state/share/rby1_robot_state/hook/cmake_prefix_path.sh'
[1.649s] Level 1:colcon.colcon_core.environment:checking '/home/nvidia/ros2_ws/src/rby1_robot_state/install/rby1_robot_state/lib'
[1.650s] Level 1:colcon.colcon_core.environment:checking '/home/nvidia/ros2_ws/src/rby1_robot_state/install/rby1_robot_state/bin'
[1.650s] Level 1:colcon.colcon_core.environment:checking '/home/nvidia/ros2_ws/src/rby1_robot_state/install/rby1_robot_state/lib/pkgconfig/rby1_robot_state.pc'
[1.650s] Level 1:colcon.colcon_core.environment:checking '/home/nvidia/ros2_ws/src/rby1_robot_state/install/rby1_robot_state/lib/python3.10/site-packages'
[1.650s] Level 1:colcon.colcon_core.environment:checking '/home/nvidia/ros2_ws/src/rby1_robot_state/install/rby1_robot_state/bin'
[1.651s] INFO:colcon.colcon_core.shell:Creating package script '/home/nvidia/ros2_ws/src/rby1_robot_state/install/rby1_robot_state/share/rby1_robot_state/package.ps1'
[1.652s] INFO:colcon.colcon_core.shell:Creating package descriptor '/home/nvidia/ros2_ws/src/rby1_robot_state/install/rby1_robot_state/share/rby1_robot_state/package.dsv'
[1.653s] INFO:colcon.colcon_core.shell:Creating package script '/home/nvidia/ros2_ws/src/rby1_robot_state/install/rby1_robot_state/share/rby1_robot_state/package.sh'
[1.654s] INFO:colcon.colcon_core.shell:Creating package script '/home/nvidia/ros2_ws/src/rby1_robot_state/install/rby1_robot_state/share/rby1_robot_state/package.bash'
[1.654s] INFO:colcon.colcon_core.shell:Creating package script '/home/nvidia/ros2_ws/src/rby1_robot_state/install/rby1_robot_state/share/rby1_robot_state/package.zsh'
[1.656s] Level 1:colcon.colcon_core.environment:create_file_with_runtime_dependencies(/home/nvidia/ros2_ws/src/rby1_robot_state/install/rby1_robot_state/share/colcon-core/packages/rby1_robot_state)
[1.656s] DEBUG:colcon.colcon_parallel_executor.executor.parallel:closing loop
[1.657s] DEBUG:colcon.colcon_parallel_executor.executor.parallel:loop closed
[1.657s] DEBUG:colcon.colcon_parallel_executor.executor.parallel:run_until_complete finished with '0'
[1.658s] DEBUG:colcon.colcon_core.event_reactor:joining thread
[1.686s] INFO:colcon.colcon_core.plugin_system:Skipping extension 'colcon_notification.desktop_notification.terminal_notifier': Not used on non-Darwin systems
[1.686s] INFO:colcon.colcon_core.plugin_system:Skipping extension 'colcon_notification.desktop_notification.win32': Not used on non-Windows systems
[1.686s] INFO:colcon.colcon_notification.desktop_notification:Sending desktop notification using 'notify2'
[1.766s] DEBUG:colcon.colcon_core.event_reactor:joined thread
[1.767s] INFO:colcon.colcon_core.shell:Creating prefix script '/home/nvidia/ros2_ws/src/rby1_robot_state/install/local_setup.ps1'
[1.771s] INFO:colcon.colcon_core.shell:Creating prefix util module '/home/nvidia/ros2_ws/src/rby1_robot_state/install/_local_setup_util_ps1.py'
[1.774s] INFO:colcon.colcon_core.shell:Creating prefix chain script '/home/nvidia/ros2_ws/src/rby1_robot_state/install/setup.ps1'
[1.785s] INFO:colcon.colcon_core.shell:Creating prefix script '/home/nvidia/ros2_ws/src/rby1_robot_state/install/local_setup.sh'
[1.788s] INFO:colcon.colcon_core.shell:Creating prefix util module '/home/nvidia/ros2_ws/src/rby1_robot_state/install/_local_setup_util_sh.py'
[1.790s] INFO:colcon.colcon_core.shell:Creating prefix chain script '/home/nvidia/ros2_ws/src/rby1_robot_state/install/setup.sh'
[1.802s] INFO:colcon.colcon_core.shell:Creating prefix script '/home/nvidia/ros2_ws/src/rby1_robot_state/install/local_setup.bash'
[1.804s] INFO:colcon.colcon_core.shell:Creating prefix chain script '/home/nvidia/ros2_ws/src/rby1_robot_state/install/setup.bash'
[1.815s] INFO:colcon.colcon_core.shell:Creating prefix script '/home/nvidia/ros2_ws/src/rby1_robot_state/install/local_setup.zsh'
[1.817s] INFO:colcon.colcon_core.shell:Creating prefix chain script '/home/nvidia/ros2_ws/src/rby1_robot_state/install/setup.zsh'
