[0.022s] Invoking command in '/home/nvidia/ros2_ws/src/rby1_movement/build/rby1_movement': CMAKE_PREFIX_PATH=${CMAKE_PREFIX_PATH}:/opt/ros/humble /usr/bin/cmake --build /home/nvidia/ros2_ws/src/rby1_movement/build/rby1_movement -- -j8 -l8
[0.099s] [ 50%] [32mBuilding CXX object CMakeFiles/rby1_movement_subscriber.dir/src/rby1_movement_subscriber.cpp.o[0m
[19.333s] [100%] [32m[1mLinking CXX executable rby1_movement_subscriber[0m
[21.154s] [100%] Built target rby1_movement_subscriber
[21.167s] Invoked command in '/home/nvidia/ros2_ws/src/rby1_movement/build/rby1_movement' returned '0': CMAKE_PREFIX_PATH=${CMAKE_PREFIX_PATH}:/opt/ros/humble /usr/bin/cmake --build /home/nvidia/ros2_ws/src/rby1_movement/build/rby1_movement -- -j8 -l8
[21.181s] Invoking command in '/home/nvidia/ros2_ws/src/rby1_movement/build/rby1_movement': CMAKE_PREFIX_PATH=${CMAKE_PREFIX_PATH}:/opt/ros/humble /usr/bin/cmake --install /home/nvidia/ros2_ws/src/rby1_movement/build/rby1_movement
[21.192s] -- Install configuration: ""
[21.192s] -- Installing: /home/nvidia/ros2_ws/src/rby1_movement/install/rby1_movement/lib/rby1_movement/rby1_movement_subscriber
[21.201s] -- Set non-toolchain portion of runtime path of "/home/nvidia/ros2_ws/src/rby1_movement/install/rby1_movement/lib/rby1_movement/rby1_movement_subscriber" to ""
[21.201s] -- Up-to-date: /home/nvidia/ros2_ws/src/rby1_movement/install/rby1_movement/share/ament_index/resource_index/package_run_dependencies/rby1_movement
[21.201s] -- Up-to-date: /home/nvidia/ros2_ws/src/rby1_movement/install/rby1_movement/share/ament_index/resource_index/parent_prefix_path/rby1_movement
[21.202s] -- Up-to-date: /home/nvidia/ros2_ws/src/rby1_movement/install/rby1_movement/share/rby1_movement/environment/ament_prefix_path.sh
[21.202s] -- Up-to-date: /home/nvidia/ros2_ws/src/rby1_movement/install/rby1_movement/share/rby1_movement/environment/ament_prefix_path.dsv
[21.202s] -- Up-to-date: /home/nvidia/ros2_ws/src/rby1_movement/install/rby1_movement/share/rby1_movement/environment/path.sh
[21.202s] -- Up-to-date: /home/nvidia/ros2_ws/src/rby1_movement/install/rby1_movement/share/rby1_movement/environment/path.dsv
[21.202s] -- Up-to-date: /home/nvidia/ros2_ws/src/rby1_movement/install/rby1_movement/share/rby1_movement/local_setup.bash
[21.203s] -- Up-to-date: /home/nvidia/ros2_ws/src/rby1_movement/install/rby1_movement/share/rby1_movement/local_setup.sh
[21.203s] -- Up-to-date: /home/nvidia/ros2_ws/src/rby1_movement/install/rby1_movement/share/rby1_movement/local_setup.zsh
[21.203s] -- Up-to-date: /home/nvidia/ros2_ws/src/rby1_movement/install/rby1_movement/share/rby1_movement/local_setup.dsv
[21.203s] -- Installing: /home/nvidia/ros2_ws/src/rby1_movement/install/rby1_movement/share/rby1_movement/package.dsv
[21.203s] -- Up-to-date: /home/nvidia/ros2_ws/src/rby1_movement/install/rby1_movement/share/ament_index/resource_index/packages/rby1_movement
[21.203s] -- Up-to-date: /home/nvidia/ros2_ws/src/rby1_movement/install/rby1_movement/share/rby1_movement/cmake/rby1_movementConfig.cmake
[21.204s] -- Up-to-date: /home/nvidia/ros2_ws/src/rby1_movement/install/rby1_movement/share/rby1_movement/cmake/rby1_movementConfig-version.cmake
[21.204s] -- Up-to-date: /home/nvidia/ros2_ws/src/rby1_movement/install/rby1_movement/share/rby1_movement/package.xml
[21.206s] Invoked command in '/home/nvidia/ros2_ws/src/rby1_movement/build/rby1_movement' returned '0': CMAKE_PREFIX_PATH=${CMAKE_PREFIX_PATH}:/opt/ros/humble /usr/bin/cmake --install /home/nvidia/ros2_ws/src/rby1_movement/build/rby1_movement
