[0.032s] Invoking command in '/home/nvidia/ros2_ws/src/rby1_robot_state/build/rby1_robot_state': CMAKE_PREFIX_PATH=${CMAKE_PREFIX_PATH}:/home/nvidia/ros2_ws/install/launch_param_builder:/home/nvidia/ros2_ws/install/keyboard_joy:/home/nvidia/rby1_ros2_ws/install/rby1_subscriber_pkg:/home/nvidia/rby1_ros2_ws/install/rby1_mobile_control:/opt/ros/humble /usr/bin/cmake --build /home/nvidia/ros2_ws/src/rby1_robot_state/build/rby1_robot_state -- -j8 -l8
[0.118s] [ 50%] [32mBuilding CXX object CMakeFiles/robot_state_publisher.dir/src/robot_state_publisher.cpp.o[0m
[7.591s] [01m[K/home/nvidia/ros2_ws/src/rby1_robot_state/src/robot_state_publisher.cpp:[m[K In lambda function:
[7.591s] [01m[K/home/nvidia/ros2_ws/src/rby1_robot_state/src/robot_state_publisher.cpp:51:27:[m[K [01;31m[Kerror: [m[Kno match for ‘[01m[Koperator<<[m[K’ (operand types are ‘[01m[Kstd::ostream[m[K’ {aka ‘[01m[Kstd::basic_ostream<char>[m[K’} and ‘[01m[Kstd::unique_ptr<sensor_msgs::msg::JointState_<std::allocator<void> >, std::default_delete<sensor_msgs::msg::JointState_<std::allocator<void> > > >[m[K’)
[7.593s]    51 |                 [32m[Kstd::cout[m[K [01;31m[K<<[m[K [34m[Kmsg[m[K << std::endl;
[7.594s]       |                 [32m[K~~~~~~~~~[m[K [01;31m[K^~[m[K [34m[K~~~[m[K
[7.594s]       |                      [32m[K|[m[K       [34m[K|[m[K
[7.594s]       |                      [32m[K|[m[K       [34m[Kstd::unique_ptr<sensor_msgs::msg::JointState_<std::allocator<void> >, std::default_delete<sensor_msgs::msg::JointState_<std::allocator<void> > > >[m[K
[7.595s]       |                      [32m[Kstd::ostream {aka std::basic_ostream<char>}[m[K
[7.595s] [01m[K/home/nvidia/ros2_ws/src/rby1_robot_state/src/robot_state_publisher.cpp:51:27:[m[K [01;36m[Knote: [m[Kcandidate: ‘[01m[Koperator<<(int, int)[m[K’ (built-in)
[7.595s]    51 |                 [01;36m[Kstd::cout << msg[m[K << std::endl;
[7.596s]       |                 [01;36m[K~~~~~~~~~~^~~~~~[m[K
[7.596s] [01m[K/home/nvidia/ros2_ws/src/rby1_robot_state/src/robot_state_publisher.cpp:51:27:[m[K [01;36m[Knote: [m[K  no known conversion for argument 2 from ‘[01m[Kstd::unique_ptr<sensor_msgs::msg::JointState_<std::allocator<void> >, std::default_delete<sensor_msgs::msg::JointState_<std::allocator<void> > > >[m[K’ to ‘[01m[Kint[m[K’
[7.596s] In file included from [01m[K/usr/include/c++/11/iostream:39[m[K,
[7.597s]                  from [01m[K/opt/ros/humble/include/rclcpp/rclcpp/executor.hpp:22[m[K,
[7.597s]                  from [01m[K/opt/ros/humble/include/rclcpp/rclcpp/executors/multi_threaded_executor.hpp:25[m[K,
[7.597s]                  from [01m[K/opt/ros/humble/include/rclcpp/rclcpp/executors.hpp:21[m[K,
[7.598s]                  from [01m[K/opt/ros/humble/include/rclcpp/rclcpp/rclcpp.hpp:155[m[K,
[7.598s]                  from [01m[K/home/nvidia/ros2_ws/src/rby1_robot_state/src/robot_state_publisher.cpp:2[m[K:
[7.598s] [01m[K/usr/include/c++/11/ostream:108:7:[m[K [01;36m[Knote: [m[Kcandidate: ‘[01m[Kstd::basic_ostream<_CharT, _Traits>::__ostream_type& std::basic_ostream<_CharT, _Traits>::operator<<(std::basic_ostream<_CharT, _Traits>::__ostream_type& (*)(std::basic_ostream<_CharT, _Traits>::__ostream_type&)) [with _CharT = char; _Traits = std::char_traits<char>; std::basic_ostream<_CharT, _Traits>::__ostream_type = std::basic_ostream<char>][m[K’
[7.598s]   108 |       [01;36m[Koperator[m[K<<(__ostream_type& (*__pf)(__ostream_type&))
[7.598s]       |       [01;36m[K^~~~~~~~[m[K
[7.599s] [01m[K/usr/include/c++/11/ostream:108:36:[m[K [01;36m[Knote: [m[K  no known conversion for argument 1 from ‘[01m[Kstd::unique_ptr<sensor_msgs::msg::JointState_<std::allocator<void> >, std::default_delete<sensor_msgs::msg::JointState_<std::allocator<void> > > >[m[K’ to ‘[01m[Kstd::basic_ostream<char>::__ostream_type& (*)(std::basic_ostream<char>::__ostream_type&)[m[K’ {aka ‘[01m[Kstd::basic_ostream<char>& (*)(std::basic_ostream<char>&)[m[K’}
[7.599s]   108 |       operator<<([01;36m[K__ostream_type& (*__pf)(__ostream_type&)[m[K)
[7.599s]       |                  [01;36m[K~~~~~~~~~~~~~~~~~~^~~~~~~~~~~~~~~~~~~~~~[m[K
[7.599s] [01m[K/usr/include/c++/11/ostream:117:7:[m[K [01;36m[Knote: [m[Kcandidate: ‘[01m[Kstd::basic_ostream<_CharT, _Traits>::__ostream_type& std::basic_ostream<_CharT, _Traits>::operator<<(std::basic_ostream<_CharT, _Traits>::__ios_type& (*)(std::basic_ostream<_CharT, _Traits>::__ios_type&)) [with _CharT = char; _Traits = std::char_traits<char>; std::basic_ostream<_CharT, _Traits>::__ostream_type = std::basic_ostream<char>; std::basic_ostream<_CharT, _Traits>::__ios_type = std::basic_ios<char>][m[K’
[7.600s]   117 |       [01;36m[Koperator[m[K<<(__ios_type& (*__pf)(__ios_type&))
[7.600s]       |       [01;36m[K^~~~~~~~[m[K
[7.600s] [01m[K/usr/include/c++/11/ostream:117:32:[m[K [01;36m[Knote: [m[K  no known conversion for argument 1 from ‘[01m[Kstd::unique_ptr<sensor_msgs::msg::JointState_<std::allocator<void> >, std::default_delete<sensor_msgs::msg::JointState_<std::allocator<void> > > >[m[K’ to ‘[01m[Kstd::basic_ostream<char>::__ios_type& (*)(std::basic_ostream<char>::__ios_type&)[m[K’ {aka ‘[01m[Kstd::basic_ios<char>& (*)(std::basic_ios<char>&)[m[K’}
[7.600s]   117 |       operator<<([01;36m[K__ios_type& (*__pf)(__ios_type&)[m[K)
[7.600s]       |                  [01;36m[K~~~~~~~~~~~~~~^~~~~~~~~~~~~~~~~~[m[K
[7.601s] [01m[K/usr/include/c++/11/ostream:127:7:[m[K [01;36m[Knote: [m[Kcandidate: ‘[01m[Kstd::basic_ostream<_CharT, _Traits>::__ostream_type& std::basic_ostream<_CharT, _Traits>::operator<<(std::ios_base& (*)(std::ios_base&)) [with _CharT = char; _Traits = std::char_traits<char>; std::basic_ostream<_CharT, _Traits>::__ostream_type = std::basic_ostream<char>][m[K’
[7.601s]   127 |       [01;36m[Koperator[m[K<<(ios_base& (*__pf) (ios_base&))
[7.601s]       |       [01;36m[K^~~~~~~~[m[K
[7.601s] [01m[K/usr/include/c++/11/ostream:127:30:[m[K [01;36m[Knote: [m[K  no known conversion for argument 1 from ‘[01m[Kstd::unique_ptr<sensor_msgs::msg::JointState_<std::allocator<void> >, std::default_delete<sensor_msgs::msg::JointState_<std::allocator<void> > > >[m[K’ to ‘[01m[Kstd::ios_base& (*)(std::ios_base&)[m[K’
[7.601s]   127 |       operator<<([01;36m[Kios_base& (*__pf) (ios_base&)[m[K)
[7.602s]       |                  [01;36m[K~~~~~~~~~~~~^~~~~~~~~~~~~~~~~[m[K
[7.602s] [01m[K/usr/include/c++/11/ostream:166:7:[m[K [01;36m[Knote: [m[Kcandidate: ‘[01m[Kstd::basic_ostream<_CharT, _Traits>::__ostream_type& std::basic_ostream<_CharT, _Traits>::operator<<(long int) [with _CharT = char; _Traits = std::char_traits<char>; std::basic_ostream<_CharT, _Traits>::__ostream_type = std::basic_ostream<char>][m[K’
[7.602s]   166 |       [01;36m[Koperator[m[K<<(long __n)
[7.602s]       |       [01;36m[K^~~~~~~~[m[K
[7.603s] [01m[K/usr/include/c++/11/ostream:166:23:[m[K [01;36m[Knote: [m[K  no known conversion for argument 1 from ‘[01m[Kstd::unique_ptr<sensor_msgs::msg::JointState_<std::allocator<void> >, std::default_delete<sensor_msgs::msg::JointState_<std::allocator<void> > > >[m[K’ to ‘[01m[Klong int[m[K’
[7.603s]   166 |       operator<<([01;36m[Klong __n[m[K)
[7.603s]       |                  [01;36m[K~~~~~^~~[m[K
[7.603s] [01m[K/usr/include/c++/11/ostream:170:7:[m[K [01;36m[Knote: [m[Kcandidate: ‘[01m[Kstd::basic_ostream<_CharT, _Traits>::__ostream_type& std::basic_ostream<_CharT, _Traits>::operator<<(long unsigned int) [with _CharT = char; _Traits = std::char_traits<char>; std::basic_ostream<_CharT, _Traits>::__ostream_type = std::basic_ostream<char>][m[K’
[7.603s]   170 |       [01;36m[Koperator[m[K<<(unsigned long __n)
[7.604s]       |       [01;36m[K^~~~~~~~[m[K
[7.604s] [01m[K/usr/include/c++/11/ostream:170:32:[m[K [01;36m[Knote: [m[K  no known conversion for argument 1 from ‘[01m[Kstd::unique_ptr<sensor_msgs::msg::JointState_<std::allocator<void> >, std::default_delete<sensor_msgs::msg::JointState_<std::allocator<void> > > >[m[K’ to ‘[01m[Klong unsigned int[m[K’
[7.604s]   170 |       operator<<([01;36m[Kunsigned long __n[m[K)
[7.604s]       |                  [01;36m[K~~~~~~~~~~~~~~^~~[m[K
[7.604s] [01m[K/usr/include/c++/11/ostream:174:7:[m[K [01;36m[Knote: [m[Kcandidate: ‘[01m[Kstd::basic_ostream<_CharT, _Traits>::__ostream_type& std::basic_ostream<_CharT, _Traits>::operator<<(bool) [with _CharT = char; _Traits = std::char_traits<char>; std::basic_ostream<_CharT, _Traits>::__ostream_type = std::basic_ostream<char>][m[K’
[7.605s]   174 |       [01;36m[Koperator[m[K<<(bool __n)
[7.605s]       |       [01;36m[K^~~~~~~~[m[K
[7.605s] [01m[K/usr/include/c++/11/ostream:174:23:[m[K [01;36m[Knote: [m[K  no known conversion for argument 1 from ‘[01m[Kstd::unique_ptr<sensor_msgs::msg::JointState_<std::allocator<void> >, std::default_delete<sensor_msgs::msg::JointState_<std::allocator<void> > > >[m[K’ to ‘[01m[Kbool[m[K’
[7.605s]   174 |       operator<<([01;36m[Kbool __n[m[K)
[7.605s]       |                  [01;36m[K~~~~~^~~[m[K
[7.606s] In file included from [01m[K/usr/include/c++/11/ostream:829[m[K,
[7.606s]                  from [01m[K/usr/include/c++/11/iostream:39[m[K,
[7.606s]                  from [01m[K/opt/ros/humble/include/rclcpp/rclcpp/executor.hpp:22[m[K,
[7.606s]                  from [01m[K/opt/ros/humble/include/rclcpp/rclcpp/executors/multi_threaded_executor.hpp:25[m[K,
[7.606s]                  from [01m[K/opt/ros/humble/include/rclcpp/rclcpp/executors.hpp:21[m[K,
[7.607s]                  from [01m[K/opt/ros/humble/include/rclcpp/rclcpp/rclcpp.hpp:155[m[K,
[7.607s]                  from [01m[K/home/nvidia/ros2_ws/src/rby1_robot_state/src/robot_state_publisher.cpp:2[m[K:
[7.607s] [01m[K/usr/include/c++/11/bits/ostream.tcc:91:5:[m[K [01;36m[Knote: [m[Kcandidate: ‘[01m[Kstd::basic_ostream<_Ch, _Tr>& std::basic_ostream<_CharT, _Traits>::operator<<(short int) [with _CharT = char; _Traits = std::char_traits<char>][m[K’
[7.607s]    91 |     [01;36m[Kbasic_ostream<_CharT, _Traits>[m[K::
[7.608s]       |     [01;36m[K^~~~~~~~~~~~~~~~~~~~~~~~~~~~~~[m[K
[7.608s] [01m[K/usr/include/c++/11/bits/ostream.tcc:92:22:[m[K [01;36m[Knote: [m[K  no known conversion for argument 1 from ‘[01m[Kstd::unique_ptr<sensor_msgs::msg::JointState_<std::allocator<void> >, std::default_delete<sensor_msgs::msg::JointState_<std::allocator<void> > > >[m[K’ to ‘[01m[Kshort int[m[K’
[7.608s]    92 |     operator<<([01;36m[Kshort __n[m[K)
[7.608s]       |                [01;36m[K~~~~~~^~~[m[K
[7.608s] In file included from [01m[K/usr/include/c++/11/iostream:39[m[K,
[7.609s]                  from [01m[K/opt/ros/humble/include/rclcpp/rclcpp/executor.hpp:22[m[K,
[7.609s]                  from [01m[K/opt/ros/humble/include/rclcpp/rclcpp/executors/multi_threaded_executor.hpp:25[m[K,
[7.609s]                  from [01m[K/opt/ros/humble/include/rclcpp/rclcpp/executors.hpp:21[m[K,
[7.610s]                  from [01m[K/opt/ros/humble/include/rclcpp/rclcpp/rclcpp.hpp:155[m[K,
[7.610s]                  from [01m[K/home/nvidia/ros2_ws/src/rby1_robot_state/src/robot_state_publisher.cpp:2[m[K:
[7.610s] [01m[K/usr/include/c++/11/ostream:181:7:[m[K [01;36m[Knote: [m[Kcandidate: ‘[01m[Kstd::basic_ostream<_CharT, _Traits>::__ostream_type& std::basic_ostream<_CharT, _Traits>::operator<<(short unsigned int) [with _CharT = char; _Traits = std::char_traits<char>; std::basic_ostream<_CharT, _Traits>::__ostream_type = std::basic_ostream<char>][m[K’
[7.611s]   181 |       [01;36m[Koperator[m[K<<(unsigned short __n)
[7.611s]       |       [01;36m[K^~~~~~~~[m[K
[7.611s] [01m[K/usr/include/c++/11/ostream:181:33:[m[K [01;36m[Knote: [m[K  no known conversion for argument 1 from ‘[01m[Kstd::unique_ptr<sensor_msgs::msg::JointState_<std::allocator<void> >, std::default_delete<sensor_msgs::msg::JointState_<std::allocator<void> > > >[m[K’ to ‘[01m[Kshort unsigned int[m[K’
[7.611s]   181 |       operator<<([01;36m[Kunsigned short __n[m[K)
[7.612s]       |                  [01;36m[K~~~~~~~~~~~~~~~^~~[m[K
[7.612s] In file included from [01m[K/usr/include/c++/11/ostream:829[m[K,
[7.612s]                  from [01m[K/usr/include/c++/11/iostream:39[m[K,
[7.612s]                  from [01m[K/opt/ros/humble/include/rclcpp/rclcpp/executor.hpp:22[m[K,
[7.613s]                  from [01m[K/opt/ros/humble/include/rclcpp/rclcpp/executors/multi_threaded_executor.hpp:25[m[K,
[7.613s]                  from [01m[K/opt/ros/humble/include/rclcpp/rclcpp/executors.hpp:21[m[K,
[7.613s]                  from [01m[K/opt/ros/humble/include/rclcpp/rclcpp/rclcpp.hpp:155[m[K,
[7.613s]                  from [01m[K/home/nvidia/ros2_ws/src/rby1_robot_state/src/robot_state_publisher.cpp:2[m[K:
[7.613s] [01m[K/usr/include/c++/11/bits/ostream.tcc:105:5:[m[K [01;36m[Knote: [m[Kcandidate: ‘[01m[Kstd::basic_ostream<_Ch, _Tr>& std::basic_ostream<_CharT, _Traits>::operator<<(int) [with _CharT = char; _Traits = std::char_traits<char>][m[K’
[7.614s]   105 |     [01;36m[Kbasic_ostream<_CharT, _Traits>[m[K::
[7.614s]       |     [01;36m[K^~~~~~~~~~~~~~~~~~~~~~~~~~~~~~[m[K
[7.614s] [01m[K/usr/include/c++/11/bits/ostream.tcc:106:20:[m[K [01;36m[Knote: [m[K  no known conversion for argument 1 from ‘[01m[Kstd::unique_ptr<sensor_msgs::msg::JointState_<std::allocator<void> >, std::default_delete<sensor_msgs::msg::JointState_<std::allocator<void> > > >[m[K’ to ‘[01m[Kint[m[K’
[7.614s]   106 |     operator<<([01;36m[Kint __n[m[K)
[7.614s]       |                [01;36m[K~~~~^~~[m[K
[7.615s] In file included from [01m[K/usr/include/c++/11/iostream:39[m[K,
[7.615s]                  from [01m[K/opt/ros/humble/include/rclcpp/rclcpp/executor.hpp:22[m[K,
[7.615s]                  from [01m[K/opt/ros/humble/include/rclcpp/rclcpp/executors/multi_threaded_executor.hpp:25[m[K,
[7.615s]                  from [01m[K/opt/ros/humble/include/rclcpp/rclcpp/executors.hpp:21[m[K,
[7.615s]                  from [01m[K/opt/ros/humble/include/rclcpp/rclcpp/rclcpp.hpp:155[m[K,
[7.616s]                  from [01m[K/home/nvidia/ros2_ws/src/rby1_robot_state/src/robot_state_publisher.cpp:2[m[K:
[7.616s] [01m[K/usr/include/c++/11/ostream:192:7:[m[K [01;36m[Knote: [m[Kcandidate: ‘[01m[Kstd::basic_ostream<_CharT, _Traits>::__ostream_type& std::basic_ostream<_CharT, _Traits>::operator<<(unsigned int) [with _CharT = char; _Traits = std::char_traits<char>; std::basic_ostream<_CharT, _Traits>::__ostream_type = std::basic_ostream<char>][m[K’
[7.616s]   192 |       [01;36m[Koperator[m[K<<(unsigned int __n)
[7.616s]       |       [01;36m[K^~~~~~~~[m[K
[7.616s] [01m[K/usr/include/c++/11/ostream:192:31:[m[K [01;36m[Knote: [m[K  no known conversion for argument 1 from ‘[01m[Kstd::unique_ptr<sensor_msgs::msg::JointState_<std::allocator<void> >, std::default_delete<sensor_msgs::msg::JointState_<std::allocator<void> > > >[m[K’ to ‘[01m[Kunsigned int[m[K’
[7.617s]   192 |       operator<<([01;36m[Kunsigned int __n[m[K)
[7.617s]       |                  [01;36m[K~~~~~~~~~~~~~^~~[m[K
[7.617s] [01m[K/usr/include/c++/11/ostream:201:7:[m[K [01;36m[Knote: [m[Kcandidate: ‘[01m[Kstd::basic_ostream<_CharT, _Traits>::__ostream_type& std::basic_ostream<_CharT, _Traits>::operator<<(long long int) [with _CharT = char; _Traits = std::char_traits<char>; std::basic_ostream<_CharT, _Traits>::__ostream_type = std::basic_ostream<char>][m[K’
[7.617s]   201 |       [01;36m[Koperator[m[K<<(long long __n)
[7.617s]       |       [01;36m[K^~~~~~~~[m[K
[7.618s] [01m[K/usr/include/c++/11/ostream:201:28:[m[K [01;36m[Knote: [m[K  no known conversion for argument 1 from ‘[01m[Kstd::unique_ptr<sensor_msgs::msg::JointState_<std::allocator<void> >, std::default_delete<sensor_msgs::msg::JointState_<std::allocator<void> > > >[m[K’ to ‘[01m[Klong long int[m[K’
[7.618s]   201 |       operator<<([01;36m[Klong long __n[m[K)
[7.618s]       |                  [01;36m[K~~~~~~~~~~^~~[m[K
[7.618s] [01m[K/usr/include/c++/11/ostream:205:7:[m[K [01;36m[Knote: [m[Kcandidate: ‘[01m[Kstd::basic_ostream<_CharT, _Traits>::__ostream_type& std::basic_ostream<_CharT, _Traits>::operator<<(long long unsigned int) [with _CharT = char; _Traits = std::char_traits<char>; std::basic_ostream<_CharT, _Traits>::__ostream_type = std::basic_ostream<char>][m[K’
[7.619s]   205 |       [01;36m[Koperator[m[K<<(unsigned long long __n)
[7.619s]       |       [01;36m[K^~~~~~~~[m[K
[7.619s] [01m[K/usr/include/c++/11/ostream:205:37:[m[K [01;36m[Knote: [m[K  no known conversion for argument 1 from ‘[01m[Kstd::unique_ptr<sensor_msgs::msg::JointState_<std::allocator<void> >, std::default_delete<sensor_msgs::msg::JointState_<std::allocator<void> > > >[m[K’ to ‘[01m[Klong long unsigned int[m[K’
[7.619s]   205 |       operator<<([01;36m[Kunsigned long long __n[m[K)
[7.619s]       |                  [01;36m[K~~~~~~~~~~~~~~~~~~~^~~[m[K
[7.620s] [01m[K/usr/include/c++/11/ostream:220:7:[m[K [01;36m[Knote: [m[Kcandidate: ‘[01m[Kstd::basic_ostream<_CharT, _Traits>::__ostream_type& std::basic_ostream<_CharT, _Traits>::operator<<(double) [with _CharT = char; _Traits = std::char_traits<char>; std::basic_ostream<_CharT, _Traits>::__ostream_type = std::basic_ostream<char>][m[K’
[7.620s]   220 |       [01;36m[Koperator[m[K<<(double __f)
[7.620s]       |       [01;36m[K^~~~~~~~[m[K
[7.620s] [01m[K/usr/include/c++/11/ostream:220:25:[m[K [01;36m[Knote: [m[K  no known conversion for argument 1 from ‘[01m[Kstd::unique_ptr<sensor_msgs::msg::JointState_<std::allocator<void> >, std::default_delete<sensor_msgs::msg::JointState_<std::allocator<void> > > >[m[K’ to ‘[01m[Kdouble[m[K’
[7.620s]   220 |       operator<<([01;36m[Kdouble __f[m[K)
[7.621s]       |                  [01;36m[K~~~~~~~^~~[m[K
[7.621s] [01m[K/usr/include/c++/11/ostream:224:7:[m[K [01;36m[Knote: [m[Kcandidate: ‘[01m[Kstd::basic_ostream<_CharT, _Traits>::__ostream_type& std::basic_ostream<_CharT, _Traits>::operator<<(float) [with _CharT = char; _Traits = std::char_traits<char>; std::basic_ostream<_CharT, _Traits>::__ostream_type = std::basic_ostream<char>][m[K’
[7.621s]   224 |       [01;36m[Koperator[m[K<<(float __f)
[7.621s]       |       [01;36m[K^~~~~~~~[m[K
[7.621s] [01m[K/usr/include/c++/11/ostream:224:24:[m[K [01;36m[Knote: [m[K  no known conversion for argument 1 from ‘[01m[Kstd::unique_ptr<sensor_msgs::msg::JointState_<std::allocator<void> >, std::default_delete<sensor_msgs::msg::JointState_<std::allocator<void> > > >[m[K’ to ‘[01m[Kfloat[m[K’
[7.622s]   224 |       operator<<([01;36m[Kfloat __f[m[K)
[7.622s]       |                  [01;36m[K~~~~~~^~~[m[K
[7.622s] [01m[K/usr/include/c++/11/ostream:232:7:[m[K [01;36m[Knote: [m[Kcandidate: ‘[01m[Kstd::basic_ostream<_CharT, _Traits>::__ostream_type& std::basic_ostream<_CharT, _Traits>::operator<<(long double) [with _CharT = char; _Traits = std::char_traits<char>; std::basic_ostream<_CharT, _Traits>::__ostream_type = std::basic_ostream<char>][m[K’
[7.622s]   232 |       [01;36m[Koperator[m[K<<(long double __f)
[7.623s]       |       [01;36m[K^~~~~~~~[m[K
[7.623s] [01m[K/usr/include/c++/11/ostream:232:30:[m[K [01;36m[Knote: [m[K  no known conversion for argument 1 from ‘[01m[Kstd::unique_ptr<sensor_msgs::msg::JointState_<std::allocator<void> >, std::default_delete<sensor_msgs::msg::JointState_<std::allocator<void> > > >[m[K’ to ‘[01m[Klong double[m[K’
[7.623s]   232 |       operator<<([01;36m[Klong double __f[m[K)
[7.623s]       |                  [01;36m[K~~~~~~~~~~~~^~~[m[K
[7.623s] [01m[K/usr/include/c++/11/ostream:245:7:[m[K [01;36m[Knote: [m[Kcandidate: ‘[01m[Kstd::basic_ostream<_CharT, _Traits>::__ostream_type& std::basic_ostream<_CharT, _Traits>::operator<<(const void*) [with _CharT = char; _Traits = std::char_traits<char>; std::basic_ostream<_CharT, _Traits>::__ostream_type = std::basic_ostream<char>][m[K’
[7.624s]   245 |       [01;36m[Koperator[m[K<<(const void* __p)
[7.624s]       |       [01;36m[K^~~~~~~~[m[K
[7.624s] [01m[K/usr/include/c++/11/ostream:245:30:[m[K [01;36m[Knote: [m[K  no known conversion for argument 1 from ‘[01m[Kstd::unique_ptr<sensor_msgs::msg::JointState_<std::allocator<void> >, std::default_delete<sensor_msgs::msg::JointState_<std::allocator<void> > > >[m[K’ to ‘[01m[Kconst void*[m[K’
[7.624s]   245 |       operator<<([01;36m[Kconst void* __p[m[K)
[7.624s]       |                  [01;36m[K~~~~~~~~~~~~^~~[m[K
[7.625s] [01m[K/usr/include/c++/11/ostream:250:7:[m[K [01;36m[Knote: [m[Kcandidate: ‘[01m[Kstd::basic_ostream<_CharT, _Traits>::__ostream_type& std::basic_ostream<_CharT, _Traits>::operator<<(std::nullptr_t) [with _CharT = char; _Traits = std::char_traits<char>; std::basic_ostream<_CharT, _Traits>::__ostream_type = std::basic_ostream<char>; std::nullptr_t = std::nullptr_t][m[K’
[7.625s]   250 |       [01;36m[Koperator[m[K<<(nullptr_t)
[7.625s]       |       [01;36m[K^~~~~~~~[m[K
[7.625s] [01m[K/usr/include/c++/11/ostream:250:18:[m[K [01;36m[Knote: [m[K  no known conversion for argument 1 from ‘[01m[Kstd::unique_ptr<sensor_msgs::msg::JointState_<std::allocator<void> >, std::default_delete<sensor_msgs::msg::JointState_<std::allocator<void> > > >[m[K’ to ‘[01m[Kstd::nullptr_t[m[K’
[7.625s]   250 |       operator<<([01;36m[Knullptr_t[m[K)
[7.626s]       |                  [01;36m[K^~~~~~~~~[m[K
[7.626s] In file included from [01m[K/usr/include/c++/11/ostream:829[m[K,
[7.626s]                  from [01m[K/usr/include/c++/11/iostream:39[m[K,
[7.626s]                  from [01m[K/opt/ros/humble/include/rclcpp/rclcpp/executor.hpp:22[m[K,
[7.627s]                  from [01m[K/opt/ros/humble/include/rclcpp/rclcpp/executors/multi_threaded_executor.hpp:25[m[K,
[7.627s]                  from [01m[K/opt/ros/humble/include/rclcpp/rclcpp/executors.hpp:21[m[K,
[7.627s]                  from [01m[K/opt/ros/humble/include/rclcpp/rclcpp/rclcpp.hpp:155[m[K,
[7.627s]                  from [01m[K/home/nvidia/ros2_ws/src/rby1_robot_state/src/robot_state_publisher.cpp:2[m[K:
[7.627s] [01m[K/usr/include/c++/11/bits/ostream.tcc:119:5:[m[K [01;36m[Knote: [m[Kcandidate: ‘[01m[Kstd::basic_ostream<_Ch, _Tr>& std::basic_ostream<_CharT, _Traits>::operator<<(std::basic_ostream<_CharT, _Traits>::__streambuf_type*) [with _CharT = char; _Traits = std::char_traits<char>; std::basic_ostream<_CharT, _Traits>::__streambuf_type = std::basic_streambuf<char>][m[K’
[7.628s]   119 |     [01;36m[Kbasic_ostream<_CharT, _Traits>[m[K::
[7.628s]       |     [01;36m[K^~~~~~~~~~~~~~~~~~~~~~~~~~~~~~[m[K
[7.628s] [01m[K/usr/include/c++/11/bits/ostream.tcc:120:34:[m[K [01;36m[Knote: [m[K  no known conversion for argument 1 from ‘[01m[Kstd::unique_ptr<sensor_msgs::msg::JointState_<std::allocator<void> >, std::default_delete<sensor_msgs::msg::JointState_<std::allocator<void> > > >[m[K’ to ‘[01m[Kstd::basic_ostream<char>::__streambuf_type*[m[K’ {aka ‘[01m[Kstd::basic_streambuf<char>*[m[K’}
[7.628s]   120 |     operator<<([01;36m[K__streambuf_type* __sbin[m[K)
[7.629s]       |                [01;36m[K~~~~~~~~~~~~~~~~~~^~~~~~[m[K
[7.629s] In file included from [01m[K/usr/include/c++/11/memory:77[m[K,
[7.629s]                  from [01m[K/home/nvidia/ros2_ws/src/rby1_robot_state/src/robot_state_publisher.cpp:1[m[K:
[7.630s] [01m[K/usr/include/c++/11/bits/shared_ptr.h:70:5:[m[K [01;36m[Knote: [m[Kcandidate: ‘[01m[Ktemplate<class _Ch, class _Tr, class _Tp, __gnu_cxx::_Lock_policy _Lp> std::basic_ostream<_Ch, _Tr>& std::operator<<(std::basic_ostream<_Ch, _Tr>&, const std::__shared_ptr<_Tp, _Lp>&)[m[K’
[7.630s]    70 |     [01;36m[Koperator[m[K<<(std::basic_ostream<_Ch, _Tr>& __os,
[7.630s]       |     [01;36m[K^~~~~~~~[m[K
[7.630s] [01m[K/usr/include/c++/11/bits/shared_ptr.h:70:5:[m[K [01;36m[Knote: [m[K  template argument deduction/substitution failed:
[7.631s] [01m[K/home/nvidia/ros2_ws/src/rby1_robot_state/src/robot_state_publisher.cpp:51:30:[m[K [01;36m[Knote: [m[K  ‘[01m[Kstd::unique_ptr<sensor_msgs::msg::JointState_<std::allocator<void> >, std::default_delete<sensor_msgs::msg::JointState_<std::allocator<void> > > >[m[K’ is not derived from ‘[01m[Kconst std::__shared_ptr<_Tp, _Lp>[m[K’
[7.631s]    51 |                 std::cout << [01;36m[Kmsg[m[K << std::endl;
[7.631s]       |                              [01;36m[K^~~[m[K
[7.631s] In file included from [01m[K/usr/include/c++/11/bits/basic_string.h:48[m[K,
[7.631s]                  from [01m[K/usr/include/c++/11/string:55[m[K,
[7.632s]                  from [01m[K/usr/include/c++/11/stdexcept:39[m[K,
[7.632s]                  from [01m[K/usr/include/c++/11/system_error:41[m[K,
[7.632s]                  from [01m[K/usr/include/c++/11/mutex:42[m[K,
[7.632s]                  from [01m[K/usr/include/c++/11/future:38[m[K,
[7.632s]                  from [01m[K/opt/ros/humble/include/rclcpp/rclcpp/executors.hpp:18[m[K,
[7.633s]                  from [01m[K/opt/ros/humble/include/rclcpp/rclcpp/rclcpp.hpp:155[m[K,
[7.633s]                  from [01m[K/home/nvidia/ros2_ws/src/rby1_robot_state/src/robot_state_publisher.cpp:2[m[K:
[7.633s] [01m[K/usr/include/c++/11/string_view:667:5:[m[K [01;36m[Knote: [m[Kcandidate: ‘[01m[Ktemplate<class _CharT, class _Traits> std::basic_ostream<_Ch, _Tr>& std::operator<<(std::basic_ostream<_Ch, _Tr>&, std::basic_string_view<_CharT, _Traits>)[m[K’
[7.633s]   667 |     [01;36m[Koperator[m[K<<(basic_ostream<_CharT, _Traits>& __os,
[7.634s]       |     [01;36m[K^~~~~~~~[m[K
[7.634s] [01m[K/usr/include/c++/11/string_view:667:5:[m[K [01;36m[Knote: [m[K  template argument deduction/substitution failed:
[7.634s] [01m[K/home/nvidia/ros2_ws/src/rby1_robot_state/src/robot_state_publisher.cpp:51:30:[m[K [01;36m[Knote: [m[K  ‘[01m[Kstd::unique_ptr<sensor_msgs::msg::JointState_<std::allocator<void> >, std::default_delete<sensor_msgs::msg::JointState_<std::allocator<void> > > >[m[K’ is not derived from ‘[01m[Kstd::basic_string_view<_CharT, _Traits>[m[K’
[7.634s]    51 |                 std::cout << [01;36m[Kmsg[m[K << std::endl;
[7.634s]       |                              [01;36m[K^~~[m[K
[7.635s] In file included from [01m[K/usr/include/c++/11/string:55[m[K,
[7.635s]                  from [01m[K/usr/include/c++/11/stdexcept:39[m[K,
[7.635s]                  from [01m[K/usr/include/c++/11/system_error:41[m[K,
[7.635s]                  from [01m[K/usr/include/c++/11/mutex:42[m[K,
[7.635s]                  from [01m[K/usr/include/c++/11/future:38[m[K,
[7.636s]                  from [01m[K/opt/ros/humble/include/rclcpp/rclcpp/executors.hpp:18[m[K,
[7.636s]                  from [01m[K/opt/ros/humble/include/rclcpp/rclcpp/rclcpp.hpp:155[m[K,
[7.636s]                  from [01m[K/home/nvidia/ros2_ws/src/rby1_robot_state/src/robot_state_publisher.cpp:2[m[K:
[7.636s] [01m[K/usr/include/c++/11/bits/basic_string.h:6531:5:[m[K [01;36m[Knote: [m[Kcandidate: ‘[01m[Ktemplate<class _CharT, class _Traits, class _Alloc> std::basic_ostream<_Ch, _Tr>& std::operator<<(std::basic_ostream<_Ch, _Tr>&, const std::__cxx11::basic_string<_CharT, _Traits, _Allocator>&)[m[K’
[7.636s]  6531 |     [01;36m[Koperator[m[K<<(basic_ostream<_CharT, _Traits>& __os,
[7.637s]       |     [01;36m[K^~~~~~~~[m[K
[7.637s] [01m[K/usr/include/c++/11/bits/basic_string.h:6531:5:[m[K [01;36m[Knote: [m[K  template argument deduction/substitution failed:
[7.637s] [01m[K/home/nvidia/ros2_ws/src/rby1_robot_state/src/robot_state_publisher.cpp:51:30:[m[K [01;36m[Knote: [m[K  ‘[01m[Kstd::unique_ptr<sensor_msgs::msg::JointState_<std::allocator<void> >, std::default_delete<sensor_msgs::msg::JointState_<std::allocator<void> > > >[m[K’ is not derived from ‘[01m[Kconst std::__cxx11::basic_string<_CharT, _Traits, _Allocator>[m[K’
[7.637s]    51 |                 std::cout << [01;36m[Kmsg[m[K << std::endl;
[7.638s]       |                              [01;36m[K^~~[m[K
[7.638s] In file included from [01m[K/usr/include/c++/11/mutex:42[m[K,
[7.638s]                  from [01m[K/usr/include/c++/11/future:38[m[K,
[7.638s]                  from [01m[K/opt/ros/humble/include/rclcpp/rclcpp/executors.hpp:18[m[K,
[7.638s]                  from [01m[K/opt/ros/humble/include/rclcpp/rclcpp/rclcpp.hpp:155[m[K,
[7.639s]                  from [01m[K/home/nvidia/ros2_ws/src/rby1_robot_state/src/robot_state_publisher.cpp:2[m[K:
[7.639s] [01m[K/usr/include/c++/11/system_error:279:5:[m[K [01;36m[Knote: [m[Kcandidate: ‘[01m[Ktemplate<class _CharT, class _Traits> std::basic_ostream<_Ch, _Tr>& std::operator<<(std::basic_ostream<_Ch, _Tr>&, const std::error_code&)[m[K’
[7.639s]   279 |     [01;36m[Koperator[m[K<<(basic_ostream<_CharT, _Traits>& __os, const error_code& __e)
[7.639s]       |     [01;36m[K^~~~~~~~[m[K
[7.640s] [01m[K/usr/include/c++/11/system_error:279:5:[m[K [01;36m[Knote: [m[K  template argument deduction/substitution failed:
[7.640s] [01m[K/home/nvidia/ros2_ws/src/rby1_robot_state/src/robot_state_publisher.cpp:51:30:[m[K [01;36m[Knote: [m[K  cannot convert ‘[01m[Kmsg[m[K’ (type ‘[01m[Kstd::unique_ptr<sensor_msgs::msg::JointState_<std::allocator<void> >, std::default_delete<sensor_msgs::msg::JointState_<std::allocator<void> > > >[m[K’) to type ‘[01m[Kconst std::error_code&[m[K’
[7.640s]    51 |                 std::cout << [01;36m[Kmsg[m[K << std::endl;
[7.640s]       |                              [01;36m[K^~~[m[K
[7.641s] In file included from [01m[K/opt/ros/humble/include/rclcpp/rclcpp/executors/multi_threaded_executor.hpp:22[m[K,
[7.641s]                  from [01m[K/opt/ros/humble/include/rclcpp/rclcpp/executors.hpp:21[m[K,
[7.642s]                  from [01m[K/opt/ros/humble/include/rclcpp/rclcpp/rclcpp.hpp:155[m[K,
[7.642s]                  from [01m[K/home/nvidia/ros2_ws/src/rby1_robot_state/src/robot_state_publisher.cpp:2[m[K:
[7.642s] [01m[K/usr/include/c++/11/thread:92:5:[m[K [01;36m[Knote: [m[Kcandidate: ‘[01m[Ktemplate<class _CharT, class _Traits> std::basic_ostream<_Ch, _Tr>& std::operator<<(std::basic_ostream<_Ch, _Tr>&, std::thread::id)[m[K’
[7.642s]    92 |     [01;36m[Koperator[m[K<<(basic_ostream<_CharT, _Traits>& __out, thread::id __id)
[7.642s]       |     [01;36m[K^~~~~~~~[m[K
[7.643s] [01m[K/usr/include/c++/11/thread:92:5:[m[K [01;36m[Knote: [m[K  template argument deduction/substitution failed:
[7.643s] [01m[K/home/nvidia/ros2_ws/src/rby1_robot_state/src/robot_state_publisher.cpp:51:30:[m[K [01;36m[Knote: [m[K  cannot convert ‘[01m[Kmsg[m[K’ (type ‘[01m[Kstd::unique_ptr<sensor_msgs::msg::JointState_<std::allocator<void> >, std::default_delete<sensor_msgs::msg::JointState_<std::allocator<void> > > >[m[K’) to type ‘[01m[Kstd::thread::id[m[K’
[7.643s]    51 |                 std::cout << [01;36m[Kmsg[m[K << std::endl;
[7.643s]       |                              [01;36m[K^~~[m[K
[7.644s] In file included from [01m[K/usr/include/c++/11/iostream:39[m[K,
[7.644s]                  from [01m[K/opt/ros/humble/include/rclcpp/rclcpp/executor.hpp:22[m[K,
[7.644s]                  from [01m[K/opt/ros/humble/include/rclcpp/rclcpp/executors/multi_threaded_executor.hpp:25[m[K,
[7.644s]                  from [01m[K/opt/ros/humble/include/rclcpp/rclcpp/executors.hpp:21[m[K,
[7.645s]                  from [01m[K/opt/ros/humble/include/rclcpp/rclcpp/rclcpp.hpp:155[m[K,
[7.645s]                  from [01m[K/home/nvidia/ros2_ws/src/rby1_robot_state/src/robot_state_publisher.cpp:2[m[K:
[7.646s] [01m[K/usr/include/c++/11/ostream:513:5:[m[K [01;36m[Knote: [m[Kcandidate: ‘[01m[Ktemplate<class _CharT, class _Traits> std::basic_ostream<_Ch, _Tr>& std::operator<<(std::basic_ostream<_Ch, _Tr>&, _CharT)[m[K’
[7.646s]   513 |     [01;36m[Koperator[m[K<<(basic_ostream<_CharT, _Traits>& __out, _CharT __c)
[7.646s]       |     [01;36m[K^~~~~~~~[m[K
[7.646s] [01m[K/usr/include/c++/11/ostream:513:5:[m[K [01;36m[Knote: [m[K  template argument deduction/substitution failed:
[7.646s] [01m[K/home/nvidia/ros2_ws/src/rby1_robot_state/src/robot_state_publisher.cpp:51:30:[m[K [01;36m[Knote: [m[K  deduced conflicting types for parameter ‘[01m[K_CharT[m[K’ (‘[01m[Kchar[m[K’ and ‘[01m[Kstd::unique_ptr<sensor_msgs::msg::JointState_<std::allocator<void> >, std::default_delete<sensor_msgs::msg::JointState_<std::allocator<void> > > >[m[K’)
[7.646s]    51 |                 std::cout << [01;36m[Kmsg[m[K << std::endl;
[7.647s]       |                              [01;36m[K^~~[m[K
[7.647s] In file included from [01m[K/usr/include/c++/11/iostream:39[m[K,
[7.647s]                  from [01m[K/opt/ros/humble/include/rclcpp/rclcpp/executor.hpp:22[m[K,
[7.647s]                  from [01m[K/opt/ros/humble/include/rclcpp/rclcpp/executors/multi_threaded_executor.hpp:25[m[K,
[7.647s]                  from [01m[K/opt/ros/humble/include/rclcpp/rclcpp/executors.hpp:21[m[K,
[7.648s]                  from [01m[K/opt/ros/humble/include/rclcpp/rclcpp/rclcpp.hpp:155[m[K,
[7.648s]                  from [01m[K/home/nvidia/ros2_ws/src/rby1_robot_state/src/robot_state_publisher.cpp:2[m[K:
[7.648s] [01m[K/usr/include/c++/11/ostream:518:5:[m[K [01;36m[Knote: [m[Kcandidate: ‘[01m[Ktemplate<class _CharT, class _Traits> std::basic_ostream<_Ch, _Tr>& std::operator<<(std::basic_ostream<_Ch, _Tr>&, char)[m[K’
[7.648s]   518 |     [01;36m[Koperator[m[K<<(basic_ostream<_CharT, _Traits>& __out, char __c)
[7.648s]       |     [01;36m[K^~~~~~~~[m[K
[7.648s] [01m[K/usr/include/c++/11/ostream:518:5:[m[K [01;36m[Knote: [m[K  template argument deduction/substitution failed:
[7.649s] [01m[K/home/nvidia/ros2_ws/src/rby1_robot_state/src/robot_state_publisher.cpp:51:30:[m[K [01;36m[Knote: [m[K  cannot convert ‘[01m[Kmsg[m[K’ (type ‘[01m[Kstd::unique_ptr<sensor_msgs::msg::JointState_<std::allocator<void> >, std::default_delete<sensor_msgs::msg::JointState_<std::allocator<void> > > >[m[K’) to type ‘[01m[Kchar[m[K’
[7.649s]    51 |                 std::cout << [01;36m[Kmsg[m[K << std::endl;
[7.649s]       |                              [01;36m[K^~~[m[K
[7.649s] In file included from [01m[K/usr/include/c++/11/iostream:39[m[K,
[7.649s]                  from [01m[K/opt/ros/humble/include/rclcpp/rclcpp/executor.hpp:22[m[K,
[7.649s]                  from [01m[K/opt/ros/humble/include/rclcpp/rclcpp/executors/multi_threaded_executor.hpp:25[m[K,
[7.650s]                  from [01m[K/opt/ros/humble/include/rclcpp/rclcpp/executors.hpp:21[m[K,
[7.650s]                  from [01m[K/opt/ros/humble/include/rclcpp/rclcpp/rclcpp.hpp:155[m[K,
[7.650s]                  from [01m[K/home/nvidia/ros2_ws/src/rby1_robot_state/src/robot_state_publisher.cpp:2[m[K:
[7.650s] [01m[K/usr/include/c++/11/ostream:524:5:[m[K [01;36m[Knote: [m[Kcandidate: ‘[01m[Ktemplate<class _Traits> std::basic_ostream<char, _Traits>& std::operator<<(std::basic_ostream<char, _Traits>&, char)[m[K’
[7.650s]   524 |     [01;36m[Koperator[m[K<<(basic_ostream<char, _Traits>& __out, char __c)
[7.650s]       |     [01;36m[K^~~~~~~~[m[K
[7.651s] [01m[K/usr/include/c++/11/ostream:524:5:[m[K [01;36m[Knote: [m[K  template argument deduction/substitution failed:
[7.651s] [01m[K/home/nvidia/ros2_ws/src/rby1_robot_state/src/robot_state_publisher.cpp:51:30:[m[K [01;36m[Knote: [m[K  cannot convert ‘[01m[Kmsg[m[K’ (type ‘[01m[Kstd::unique_ptr<sensor_msgs::msg::JointState_<std::allocator<void> >, std::default_delete<sensor_msgs::msg::JointState_<std::allocator<void> > > >[m[K’) to type ‘[01m[Kchar[m[K’
[7.651s]    51 |                 std::cout << [01;36m[Kmsg[m[K << std::endl;
[7.651s]       |                              [01;36m[K^~~[m[K
[7.651s] In file included from [01m[K/usr/include/c++/11/iostream:39[m[K,
[7.651s]                  from [01m[K/opt/ros/humble/include/rclcpp/rclcpp/executor.hpp:22[m[K,
[7.652s]                  from [01m[K/opt/ros/humble/include/rclcpp/rclcpp/executors/multi_threaded_executor.hpp:25[m[K,
[7.652s]                  from [01m[K/opt/ros/humble/include/rclcpp/rclcpp/executors.hpp:21[m[K,
[7.652s]                  from [01m[K/opt/ros/humble/include/rclcpp/rclcpp/rclcpp.hpp:155[m[K,
[7.652s]                  from [01m[K/home/nvidia/ros2_ws/src/rby1_robot_state/src/robot_state_publisher.cpp:2[m[K:
[7.652s] [01m[K/usr/include/c++/11/ostream:530:5:[m[K [01;36m[Knote: [m[Kcandidate: ‘[01m[Ktemplate<class _Traits> std::basic_ostream<char, _Traits>& std::operator<<(std::basic_ostream<char, _Traits>&, signed char)[m[K’
[7.653s]   530 |     [01;36m[Koperator[m[K<<(basic_ostream<char, _Traits>& __out, signed char __c)
[7.653s]       |     [01;36m[K^~~~~~~~[m[K
[7.653s] [01m[K/usr/include/c++/11/ostream:530:5:[m[K [01;36m[Knote: [m[K  template argument deduction/substitution failed:
[7.653s] [01m[K/home/nvidia/ros2_ws/src/rby1_robot_state/src/robot_state_publisher.cpp:51:30:[m[K [01;36m[Knote: [m[K  cannot convert ‘[01m[Kmsg[m[K’ (type ‘[01m[Kstd::unique_ptr<sensor_msgs::msg::JointState_<std::allocator<void> >, std::default_delete<sensor_msgs::msg::JointState_<std::allocator<void> > > >[m[K’) to type ‘[01m[Ksigned char[m[K’
[7.653s]    51 |                 std::cout << [01;36m[Kmsg[m[K << std::endl;
[7.654s]       |                              [01;36m[K^~~[m[K
[7.654s] In file included from [01m[K/usr/include/c++/11/iostream:39[m[K,
[7.654s]                  from [01m[K/opt/ros/humble/include/rclcpp/rclcpp/executor.hpp:22[m[K,
[7.654s]                  from [01m[K/opt/ros/humble/include/rclcpp/rclcpp/executors/multi_threaded_executor.hpp:25[m[K,
[7.654s]                  from [01m[K/opt/ros/humble/include/rclcpp/rclcpp/executors.hpp:21[m[K,
[7.654s]                  from [01m[K/opt/ros/humble/include/rclcpp/rclcpp/rclcpp.hpp:155[m[K,
[7.655s]                  from [01m[K/home/nvidia/ros2_ws/src/rby1_robot_state/src/robot_state_publisher.cpp:2[m[K:
[7.655s] [01m[K/usr/include/c++/11/ostream:535:5:[m[K [01;36m[Knote: [m[Kcandidate: ‘[01m[Ktemplate<class _Traits> std::basic_ostream<char, _Traits>& std::operator<<(std::basic_ostream<char, _Traits>&, unsigned char)[m[K’
[7.655s]   535 |     [01;36m[Koperator[m[K<<(basic_ostream<char, _Traits>& __out, unsigned char __c)
[7.655s]       |     [01;36m[K^~~~~~~~[m[K
[7.655s] [01m[K/usr/include/c++/11/ostream:535:5:[m[K [01;36m[Knote: [m[K  template argument deduction/substitution failed:
[7.655s] [01m[K/home/nvidia/ros2_ws/src/rby1_robot_state/src/robot_state_publisher.cpp:51:30:[m[K [01;36m[Knote: [m[K  cannot convert ‘[01m[Kmsg[m[K’ (type ‘[01m[Kstd::unique_ptr<sensor_msgs::msg::JointState_<std::allocator<void> >, std::default_delete<sensor_msgs::msg::JointState_<std::allocator<void> > > >[m[K’) to type ‘[01m[Kunsigned char[m[K’
[7.656s]    51 |                 std::cout << [01;36m[Kmsg[m[K << std::endl;
[7.656s]       |                              [01;36m[K^~~[m[K
[7.656s] In file included from [01m[K/usr/include/c++/11/iostream:39[m[K,
[7.656s]                  from [01m[K/opt/ros/humble/include/rclcpp/rclcpp/executor.hpp:22[m[K,
[7.656s]                  from [01m[K/opt/ros/humble/include/rclcpp/rclcpp/executors/multi_threaded_executor.hpp:25[m[K,
[7.656s]                  from [01m[K/opt/ros/humble/include/rclcpp/rclcpp/executors.hpp:21[m[K,
[7.657s]                  from [01m[K/opt/ros/humble/include/rclcpp/rclcpp/rclcpp.hpp:155[m[K,
[7.657s]                  from [01m[K/home/nvidia/ros2_ws/src/rby1_robot_state/src/robot_state_publisher.cpp:2[m[K:
[7.657s] [01m[K/usr/include/c++/11/ostream:594:5:[m[K [01;36m[Knote: [m[Kcandidate: ‘[01m[Ktemplate<class _CharT, class _Traits> std::basic_ostream<_Ch, _Tr>& std::operator<<(std::basic_ostream<_Ch, _Tr>&, const _CharT*)[m[K’
[7.657s]   594 |     [01;36m[Koperator[m[K<<(basic_ostream<_CharT, _Traits>& __out, const _CharT* __s)
[7.657s]       |     [01;36m[K^~~~~~~~[m[K
[7.658s] [01m[K/usr/include/c++/11/ostream:594:5:[m[K [01;36m[Knote: [m[K  template argument deduction/substitution failed:
[7.658s] [01m[K/home/nvidia/ros2_ws/src/rby1_robot_state/src/robot_state_publisher.cpp:51:30:[m[K [01;36m[Knote: [m[K  mismatched types ‘[01m[Kconst _CharT*[m[K’ and ‘[01m[Kstd::unique_ptr<sensor_msgs::msg::JointState_<std::allocator<void> >, std::default_delete<sensor_msgs::msg::JointState_<std::allocator<void> > > >[m[K’
[7.658s]    51 |                 std::cout << [01;36m[Kmsg[m[K << std::endl;
[7.658s]       |                              [01;36m[K^~~[m[K
[7.658s] In file included from [01m[K/usr/include/c++/11/ostream:829[m[K,
[7.658s]                  from [01m[K/usr/include/c++/11/iostream:39[m[K,
[7.658s]                  from [01m[K/opt/ros/humble/include/rclcpp/rclcpp/executor.hpp:22[m[K,
[7.659s]                  from [01m[K/opt/ros/humble/include/rclcpp/rclcpp/executors/multi_threaded_executor.hpp:25[m[K,
[7.659s]                  from [01m[K/opt/ros/humble/include/rclcpp/rclcpp/executors.hpp:21[m[K,
[7.659s]                  from [01m[K/opt/ros/humble/include/rclcpp/rclcpp/rclcpp.hpp:155[m[K,
[7.659s]                  from [01m[K/home/nvidia/ros2_ws/src/rby1_robot_state/src/robot_state_publisher.cpp:2[m[K:
[7.659s] [01m[K/usr/include/c++/11/bits/ostream.tcc:321:5:[m[K [01;36m[Knote: [m[Kcandidate: ‘[01m[Ktemplate<class _CharT, class _Traits> std::basic_ostream<_Ch, _Tr>& std::operator<<(std::basic_ostream<_Ch, _Tr>&, const char*)[m[K’
[7.659s]   321 |     [01;36m[Koperator[m[K<<(basic_ostream<_CharT, _Traits>& __out, const char* __s)
[7.659s]       |     [01;36m[K^~~~~~~~[m[K
[7.660s] [01m[K/usr/include/c++/11/bits/ostream.tcc:321:5:[m[K [01;36m[Knote: [m[K  template argument deduction/substitution failed:
[7.660s] [01m[K/home/nvidia/ros2_ws/src/rby1_robot_state/src/robot_state_publisher.cpp:51:30:[m[K [01;36m[Knote: [m[K  cannot convert ‘[01m[Kmsg[m[K’ (type ‘[01m[Kstd::unique_ptr<sensor_msgs::msg::JointState_<std::allocator<void> >, std::default_delete<sensor_msgs::msg::JointState_<std::allocator<void> > > >[m[K’) to type ‘[01m[Kconst char*[m[K’
[7.660s]    51 |                 std::cout << [01;36m[Kmsg[m[K << std::endl;
[7.660s]       |                              [01;36m[K^~~[m[K
[7.660s] In file included from [01m[K/usr/include/c++/11/iostream:39[m[K,
[7.660s]                  from [01m[K/opt/ros/humble/include/rclcpp/rclcpp/executor.hpp:22[m[K,
[7.661s]                  from [01m[K/opt/ros/humble/include/rclcpp/rclcpp/executors/multi_threaded_executor.hpp:25[m[K,
[7.661s]                  from [01m[K/opt/ros/humble/include/rclcpp/rclcpp/executors.hpp:21[m[K,
[7.661s]                  from [01m[K/opt/ros/humble/include/rclcpp/rclcpp/rclcpp.hpp:155[m[K,
[7.661s]                  from [01m[K/home/nvidia/ros2_ws/src/rby1_robot_state/src/robot_state_publisher.cpp:2[m[K:
[7.661s] [01m[K/usr/include/c++/11/ostream:611:5:[m[K [01;36m[Knote: [m[Kcandidate: ‘[01m[Ktemplate<class _Traits> std::basic_ostream<char, _Traits>& std::operator<<(std::basic_ostream<char, _Traits>&, const char*)[m[K’
[7.661s]   611 |     [01;36m[Koperator[m[K<<(basic_ostream<char, _Traits>& __out, const char* __s)
[7.662s]       |     [01;36m[K^~~~~~~~[m[K
[7.662s] [01m[K/usr/include/c++/11/ostream:611:5:[m[K [01;36m[Knote: [m[K  template argument deduction/substitution failed:
[7.662s] [01m[K/home/nvidia/ros2_ws/src/rby1_robot_state/src/robot_state_publisher.cpp:51:30:[m[K [01;36m[Knote: [m[K  cannot convert ‘[01m[Kmsg[m[K’ (type ‘[01m[Kstd::unique_ptr<sensor_msgs::msg::JointState_<std::allocator<void> >, std::default_delete<sensor_msgs::msg::JointState_<std::allocator<void> > > >[m[K’) to type ‘[01m[Kconst char*[m[K’
[7.662s]    51 |                 std::cout << [01;36m[Kmsg[m[K << std::endl;
[7.663s]       |                              [01;36m[K^~~[m[K
[7.663s] In file included from [01m[K/usr/include/c++/11/iostream:39[m[K,
[7.663s]                  from [01m[K/opt/ros/humble/include/rclcpp/rclcpp/executor.hpp:22[m[K,
[7.663s]                  from [01m[K/opt/ros/humble/include/rclcpp/rclcpp/executors/multi_threaded_executor.hpp:25[m[K,
[7.663s]                  from [01m[K/opt/ros/humble/include/rclcpp/rclcpp/executors.hpp:21[m[K,
[7.664s]                  from [01m[K/opt/ros/humble/include/rclcpp/rclcpp/rclcpp.hpp:155[m[K,
[7.664s]                  from [01m[K/home/nvidia/ros2_ws/src/rby1_robot_state/src/robot_state_publisher.cpp:2[m[K:
[7.664s] [01m[K/usr/include/c++/11/ostream:624:5:[m[K [01;36m[Knote: [m[Kcandidate: ‘[01m[Ktemplate<class _Traits> std::basic_ostream<char, _Traits>& std::operator<<(std::basic_ostream<char, _Traits>&, const signed char*)[m[K’
[7.664s]   624 |     [01;36m[Koperator[m[K<<(basic_ostream<char, _Traits>& __out, const signed char* __s)
[7.664s]       |     [01;36m[K^~~~~~~~[m[K
[7.664s] [01m[K/usr/include/c++/11/ostream:624:5:[m[K [01;36m[Knote: [m[K  template argument deduction/substitution failed:
[7.664s] [01m[K/home/nvidia/ros2_ws/src/rby1_robot_state/src/robot_state_publisher.cpp:51:30:[m[K [01;36m[Knote: [m[K  cannot convert ‘[01m[Kmsg[m[K’ (type ‘[01m[Kstd::unique_ptr<sensor_msgs::msg::JointState_<std::allocator<void> >, std::default_delete<sensor_msgs::msg::JointState_<std::allocator<void> > > >[m[K’) to type ‘[01m[Kconst signed char*[m[K’
[7.665s]    51 |                 std::cout << [01;36m[Kmsg[m[K << std::endl;
[7.665s]       |                              [01;36m[K^~~[m[K
[7.665s] In file included from [01m[K/usr/include/c++/11/iostream:39[m[K,
[7.665s]                  from [01m[K/opt/ros/humble/include/rclcpp/rclcpp/executor.hpp:22[m[K,
[7.665s]                  from [01m[K/opt/ros/humble/include/rclcpp/rclcpp/executors/multi_threaded_executor.hpp:25[m[K,
[7.665s]                  from [01m[K/opt/ros/humble/include/rclcpp/rclcpp/executors.hpp:21[m[K,
[7.666s]                  from [01m[K/opt/ros/humble/include/rclcpp/rclcpp/rclcpp.hpp:155[m[K,
[7.666s]                  from [01m[K/home/nvidia/ros2_ws/src/rby1_robot_state/src/robot_state_publisher.cpp:2[m[K:
[7.666s] [01m[K/usr/include/c++/11/ostream:629:5:[m[K [01;36m[Knote: [m[Kcandidate: ‘[01m[Ktemplate<class _Traits> std::basic_ostream<char, _Traits>& std::operator<<(std::basic_ostream<char, _Traits>&, const unsigned char*)[m[K’
[7.666s]   629 |     [01;36m[Koperator[m[K<<(basic_ostream<char, _Traits>& __out, const unsigned char* __s)
[7.666s]       |     [01;36m[K^~~~~~~~[m[K
[7.666s] [01m[K/usr/include/c++/11/ostream:629:5:[m[K [01;36m[Knote: [m[K  template argument deduction/substitution failed:
[7.666s] [01m[K/home/nvidia/ros2_ws/src/rby1_robot_state/src/robot_state_publisher.cpp:51:30:[m[K [01;36m[Knote: [m[K  cannot convert ‘[01m[Kmsg[m[K’ (type ‘[01m[Kstd::unique_ptr<sensor_msgs::msg::JointState_<std::allocator<void> >, std::default_delete<sensor_msgs::msg::JointState_<std::allocator<void> > > >[m[K’) to type ‘[01m[Kconst unsigned char*[m[K’
[7.666s]    51 |                 std::cout << [01;36m[Kmsg[m[K << std::endl;
[7.667s]       |                              [01;36m[K^~~[m[K
[7.667s] In file included from [01m[K/usr/include/c++/11/iostream:39[m[K,
[7.667s]                  from [01m[K/opt/ros/humble/include/rclcpp/rclcpp/executor.hpp:22[m[K,
[7.667s]                  from [01m[K/opt/ros/humble/include/rclcpp/rclcpp/executors/multi_threaded_executor.hpp:25[m[K,
[7.667s]                  from [01m[K/opt/ros/humble/include/rclcpp/rclcpp/executors.hpp:21[m[K,
[7.667s]                  from [01m[K/opt/ros/humble/include/rclcpp/rclcpp/rclcpp.hpp:155[m[K,
[7.667s]                  from [01m[K/home/nvidia/ros2_ws/src/rby1_robot_state/src/robot_state_publisher.cpp:2[m[K:
[7.668s] [01m[K/usr/include/c++/11/ostream:750:5:[m[K [01;36m[Knote: [m[Kcandidate: ‘[01m[Ktemplate<class _Ostream, class _Tp> _Ostream&& std::operator<<(_Ostream&&, const _Tp&)[m[K’
[7.668s]   750 |     [01;36m[Koperator[m[K<<(_Ostream&& __os, const _Tp& __x)
[7.668s]       |     [01;36m[K^~~~~~~~[m[K
[7.668s] [01m[K/usr/include/c++/11/ostream:750:5:[m[K [01;36m[Knote: [m[K  template argument deduction/substitution failed:
[7.668s] /usr/include/c++/11/ostream: In substitution of ‘[01m[Ktemplate<class _Ostream, class _Tp> _Ostream&& std::operator<<(_Ostream&&, const _Tp&) [with _Ostream = std::basic_ostream<char>&; _Tp = std::unique_ptr<sensor_msgs::msg::JointState_<std::allocator<void> >, std::default_delete<sensor_msgs::msg::JointState_<std::allocator<void> > > >][m[K’:
[7.668s] [01m[K/home/nvidia/ros2_ws/src/rby1_robot_state/src/robot_state_publisher.cpp:51:30:[m[K   required from here
[7.668s] [01m[K/usr/include/c++/11/ostream:750:5:[m[K [01;31m[Kerror: [m[Kno type named ‘[01m[Ktype[m[K’ in ‘[01m[Kstruct std::enable_if<false, void>[m[K’
[7.668s] In file included from [01m[K/opt/ros/humble/include/rosidl_runtime_cpp/rosidl_runtime_cpp/traits.hpp:19[m[K,
[7.669s]                  from [01m[K/opt/ros/humble/include/builtin_interfaces/builtin_interfaces/msg/detail/duration__traits.hpp:15[m[K,
[7.669s]                  from [01m[K/opt/ros/humble/include/builtin_interfaces/builtin_interfaces/msg/duration.hpp:9[m[K,
[7.669s]                  from [01m[K/opt/ros/humble/include/rclcpp/rclcpp/duration.hpp:20[m[K,
[7.669s]                  from [01m[K/opt/ros/humble/include/rclcpp/rclcpp/qos.hpp:20[m[K,
[7.669s]                  from [01m[K/opt/ros/humble/include/rclcpp/rclcpp/node_interfaces/node_graph_interface.hpp:32[m[K,
[7.669s]                  from [01m[K/opt/ros/humble/include/rclcpp/rclcpp/client.hpp:42[m[K,
[7.669s]                  from [01m[K/opt/ros/humble/include/rclcpp/rclcpp/callback_group.hpp:24[m[K,
[7.669s]                  from [01m[K/opt/ros/humble/include/rclcpp/rclcpp/any_executable.hpp:20[m[K,
[7.670s]                  from [01m[K/opt/ros/humble/include/rclcpp/rclcpp/memory_strategy.hpp:25[m[K,
[7.670s]                  from [01m[K/opt/ros/humble/include/rclcpp/rclcpp/memory_strategies.hpp:18[m[K,
[7.670s]                  from [01m[K/opt/ros/humble/include/rclcpp/rclcpp/executor_options.hpp:20[m[K,
[7.670s]                  from [01m[K/opt/ros/humble/include/rclcpp/rclcpp/executor.hpp:37[m[K,
[7.670s]                  from [01m[K/opt/ros/humble/include/rclcpp/rclcpp/executors/multi_threaded_executor.hpp:25[m[K,
[7.670s]                  from [01m[K/opt/ros/humble/include/rclcpp/rclcpp/executors.hpp:21[m[K,
[7.670s]                  from [01m[K/opt/ros/humble/include/rclcpp/rclcpp/rclcpp.hpp:155[m[K,
[7.670s]                  from [01m[K/home/nvidia/ros2_ws/src/rby1_robot_state/src/robot_state_publisher.cpp:2[m[K:
[7.671s] [01m[K/usr/include/c++/11/iomanip:79:5:[m[K [01;36m[Knote: [m[Kcandidate: ‘[01m[Ktemplate<class _CharT, class _Traits> std::basic_ostream<_Ch, _Tr>& std::operator<<(std::basic_ostream<_Ch, _Tr>&, std::_Resetiosflags)[m[K’
[7.671s]    79 |     [01;36m[Koperator[m[K<<(basic_ostream<_CharT, _Traits>& __os, _Resetiosflags __f)
[7.671s]       |     [01;36m[K^~~~~~~~[m[K
[7.671s] [01m[K/usr/include/c++/11/iomanip:79:5:[m[K [01;36m[Knote: [m[K  template argument deduction/substitution failed:
[7.671s] [01m[K/home/nvidia/ros2_ws/src/rby1_robot_state/src/robot_state_publisher.cpp:51:30:[m[K [01;36m[Knote: [m[K  cannot convert ‘[01m[Kmsg[m[K’ (type ‘[01m[Kstd::unique_ptr<sensor_msgs::msg::JointState_<std::allocator<void> >, std::default_delete<sensor_msgs::msg::JointState_<std::allocator<void> > > >[m[K’) to type ‘[01m[Kstd::_Resetiosflags[m[K’
[7.671s]    51 |                 std::cout << [01;36m[Kmsg[m[K << std::endl;
[7.671s]       |                              [01;36m[K^~~[m[K
[7.672s] In file included from [01m[K/opt/ros/humble/include/rosidl_runtime_cpp/rosidl_runtime_cpp/traits.hpp:19[m[K,
[7.672s]                  from [01m[K/opt/ros/humble/include/builtin_interfaces/builtin_interfaces/msg/detail/duration__traits.hpp:15[m[K,
[7.672s]                  from [01m[K/opt/ros/humble/include/builtin_interfaces/builtin_interfaces/msg/duration.hpp:9[m[K,
[7.672s]                  from [01m[K/opt/ros/humble/include/rclcpp/rclcpp/duration.hpp:20[m[K,
[7.672s]                  from [01m[K/opt/ros/humble/include/rclcpp/rclcpp/qos.hpp:20[m[K,
[7.672s]                  from [01m[K/opt/ros/humble/include/rclcpp/rclcpp/node_interfaces/node_graph_interface.hpp:32[m[K,
[7.672s]                  from [01m[K/opt/ros/humble/include/rclcpp/rclcpp/client.hpp:42[m[K,
[7.672s]                  from [01m[K/opt/ros/humble/include/rclcpp/rclcpp/callback_group.hpp:24[m[K,
[7.673s]                  from [01m[K/opt/ros/humble/include/rclcpp/rclcpp/any_executable.hpp:20[m[K,
[7.673s]                  from [01m[K/opt/ros/humble/include/rclcpp/rclcpp/memory_strategy.hpp:25[m[K,
[7.673s]                  from [01m[K/opt/ros/humble/include/rclcpp/rclcpp/memory_strategies.hpp:18[m[K,
[7.673s]                  from [01m[K/opt/ros/humble/include/rclcpp/rclcpp/executor_options.hpp:20[m[K,
[7.673s]                  from [01m[K/opt/ros/humble/include/rclcpp/rclcpp/executor.hpp:37[m[K,
[7.673s]                  from [01m[K/opt/ros/humble/include/rclcpp/rclcpp/executors/multi_threaded_executor.hpp:25[m[K,
[7.673s]                  from [01m[K/opt/ros/humble/include/rclcpp/rclcpp/executors.hpp:21[m[K,
[7.674s]                  from [01m[K/opt/ros/humble/include/rclcpp/rclcpp/rclcpp.hpp:155[m[K,
[7.674s]                  from [01m[K/home/nvidia/ros2_ws/src/rby1_robot_state/src/robot_state_publisher.cpp:2[m[K:
[7.674s] [01m[K/usr/include/c++/11/iomanip:109:5:[m[K [01;36m[Knote: [m[Kcandidate: ‘[01m[Ktemplate<class _CharT, class _Traits> std::basic_ostream<_Ch, _Tr>& std::operator<<(std::basic_ostream<_Ch, _Tr>&, std::_Setiosflags)[m[K’
[7.674s]   109 |     [01;36m[Koperator[m[K<<(basic_ostream<_CharT, _Traits>& __os, _Setiosflags __f)
[7.674s]       |     [01;36m[K^~~~~~~~[m[K
[7.674s] [01m[K/usr/include/c++/11/iomanip:109:5:[m[K [01;36m[Knote: [m[K  template argument deduction/substitution failed:
[7.674s] [01m[K/home/nvidia/ros2_ws/src/rby1_robot_state/src/robot_state_publisher.cpp:51:30:[m[K [01;36m[Knote: [m[K  cannot convert ‘[01m[Kmsg[m[K’ (type ‘[01m[Kstd::unique_ptr<sensor_msgs::msg::JointState_<std::allocator<void> >, std::default_delete<sensor_msgs::msg::JointState_<std::allocator<void> > > >[m[K’) to type ‘[01m[Kstd::_Setiosflags[m[K’
[7.674s]    51 |                 std::cout << [01;36m[Kmsg[m[K << std::endl;
[7.675s]       |                              [01;36m[K^~~[m[K
[7.675s] In file included from [01m[K/opt/ros/humble/include/rosidl_runtime_cpp/rosidl_runtime_cpp/traits.hpp:19[m[K,
[7.675s]                  from [01m[K/opt/ros/humble/include/builtin_interfaces/builtin_interfaces/msg/detail/duration__traits.hpp:15[m[K,
[7.675s]                  from [01m[K/opt/ros/humble/include/builtin_interfaces/builtin_interfaces/msg/duration.hpp:9[m[K,
[7.675s]                  from [01m[K/opt/ros/humble/include/rclcpp/rclcpp/duration.hpp:20[m[K,
[7.675s]                  from [01m[K/opt/ros/humble/include/rclcpp/rclcpp/qos.hpp:20[m[K,
[7.675s]                  from [01m[K/opt/ros/humble/include/rclcpp/rclcpp/node_interfaces/node_graph_interface.hpp:32[m[K,
[7.675s]                  from [01m[K/opt/ros/humble/include/rclcpp/rclcpp/client.hpp:42[m[K,
[7.676s]                  from [01m[K/opt/ros/humble/include/rclcpp/rclcpp/callback_group.hpp:24[m[K,
[7.676s]                  from [01m[K/opt/ros/humble/include/rclcpp/rclcpp/any_executable.hpp:20[m[K,
[7.676s]                  from [01m[K/opt/ros/humble/include/rclcpp/rclcpp/memory_strategy.hpp:25[m[K,
[7.676s]                  from [01m[K/opt/ros/humble/include/rclcpp/rclcpp/memory_strategies.hpp:18[m[K,
[7.676s]                  from [01m[K/opt/ros/humble/include/rclcpp/rclcpp/executor_options.hpp:20[m[K,
[7.676s]                  from [01m[K/opt/ros/humble/include/rclcpp/rclcpp/executor.hpp:37[m[K,
[7.676s]                  from [01m[K/opt/ros/humble/include/rclcpp/rclcpp/executors/multi_threaded_executor.hpp:25[m[K,
[7.676s]                  from [01m[K/opt/ros/humble/include/rclcpp/rclcpp/executors.hpp:21[m[K,
[7.677s]                  from [01m[K/opt/ros/humble/include/rclcpp/rclcpp/rclcpp.hpp:155[m[K,
[7.677s]                  from [01m[K/home/nvidia/ros2_ws/src/rby1_robot_state/src/robot_state_publisher.cpp:2[m[K:
[7.677s] [01m[K/usr/include/c++/11/iomanip:143:5:[m[K [01;36m[Knote: [m[Kcandidate: ‘[01m[Ktemplate<class _CharT, class _Traits> std::basic_ostream<_Ch, _Tr>& std::operator<<(std::basic_ostream<_Ch, _Tr>&, std::_Setbase)[m[K’
[7.677s]   143 |     [01;36m[Koperator[m[K<<(basic_ostream<_CharT, _Traits>& __os, _Setbase __f)
[7.678s]       |     [01;36m[K^~~~~~~~[m[K
[7.678s] [01m[K/usr/include/c++/11/iomanip:143:5:[m[K [01;36m[Knote: [m[K  template argument deduction/substitution failed:
[7.678s] [01m[K/home/nvidia/ros2_ws/src/rby1_robot_state/src/robot_state_publisher.cpp:51:30:[m[K [01;36m[Knote: [m[K  cannot convert ‘[01m[Kmsg[m[K’ (type ‘[01m[Kstd::unique_ptr<sensor_msgs::msg::JointState_<std::allocator<void> >, std::default_delete<sensor_msgs::msg::JointState_<std::allocator<void> > > >[m[K’) to type ‘[01m[Kstd::_Setbase[m[K’
[7.678s]    51 |                 std::cout << [01;36m[Kmsg[m[K << std::endl;
[7.678s]       |                              [01;36m[K^~~[m[K
[7.678s] In file included from [01m[K/opt/ros/humble/include/rosidl_runtime_cpp/rosidl_runtime_cpp/traits.hpp:19[m[K,
[7.679s]                  from [01m[K/opt/ros/humble/include/builtin_interfaces/builtin_interfaces/msg/detail/duration__traits.hpp:15[m[K,
[7.679s]                  from [01m[K/opt/ros/humble/include/builtin_interfaces/builtin_interfaces/msg/duration.hpp:9[m[K,
[7.679s]                  from [01m[K/opt/ros/humble/include/rclcpp/rclcpp/duration.hpp:20[m[K,
[7.679s]                  from [01m[K/opt/ros/humble/include/rclcpp/rclcpp/qos.hpp:20[m[K,
[7.679s]                  from [01m[K/opt/ros/humble/include/rclcpp/rclcpp/node_interfaces/node_graph_interface.hpp:32[m[K,
[7.679s]                  from [01m[K/opt/ros/humble/include/rclcpp/rclcpp/client.hpp:42[m[K,
[7.679s]                  from [01m[K/opt/ros/humble/include/rclcpp/rclcpp/callback_group.hpp:24[m[K,
[7.679s]                  from [01m[K/opt/ros/humble/include/rclcpp/rclcpp/any_executable.hpp:20[m[K,
[7.679s]                  from [01m[K/opt/ros/humble/include/rclcpp/rclcpp/memory_strategy.hpp:25[m[K,
[7.680s]                  from [01m[K/opt/ros/humble/include/rclcpp/rclcpp/memory_strategies.hpp:18[m[K,
[7.680s]                  from [01m[K/opt/ros/humble/include/rclcpp/rclcpp/executor_options.hpp:20[m[K,
[7.680s]                  from [01m[K/opt/ros/humble/include/rclcpp/rclcpp/executor.hpp:37[m[K,
[7.680s]                  from [01m[K/opt/ros/humble/include/rclcpp/rclcpp/executors/multi_threaded_executor.hpp:25[m[K,
[7.680s]                  from [01m[K/opt/ros/humble/include/rclcpp/rclcpp/executors.hpp:21[m[K,
[7.680s]                  from [01m[K/opt/ros/humble/include/rclcpp/rclcpp/rclcpp.hpp:155[m[K,
[7.680s]                  from [01m[K/home/nvidia/ros2_ws/src/rby1_robot_state/src/robot_state_publisher.cpp:2[m[K:
[7.680s] [01m[K/usr/include/c++/11/iomanip:178:5:[m[K [01;36m[Knote: [m[Kcandidate: ‘[01m[Ktemplate<class _CharT, class _Traits> std::basic_ostream<_Ch, _Tr>& std::operator<<(std::basic_ostream<_Ch, _Tr>&, std::_Setfill<_CharT>)[m[K’
[7.680s]   178 |     [01;36m[Koperator[m[K<<(basic_ostream<_CharT, _Traits>& __os, _Setfill<_CharT> __f)
[7.681s]       |     [01;36m[K^~~~~~~~[m[K
[7.681s] [01m[K/usr/include/c++/11/iomanip:178:5:[m[K [01;36m[Knote: [m[K  template argument deduction/substitution failed:
[7.681s] [01m[K/home/nvidia/ros2_ws/src/rby1_robot_state/src/robot_state_publisher.cpp:51:30:[m[K [01;36m[Knote: [m[K  ‘[01m[Kstd::unique_ptr<sensor_msgs::msg::JointState_<std::allocator<void> >, std::default_delete<sensor_msgs::msg::JointState_<std::allocator<void> > > >[m[K’ is not derived from ‘[01m[Kstd::_Setfill<_CharT>[m[K’
[7.681s]    51 |                 std::cout << [01;36m[Kmsg[m[K << std::endl;
[7.681s]       |                              [01;36m[K^~~[m[K
[7.681s] In file included from [01m[K/opt/ros/humble/include/rosidl_runtime_cpp/rosidl_runtime_cpp/traits.hpp:19[m[K,
[7.681s]                  from [01m[K/opt/ros/humble/include/builtin_interfaces/builtin_interfaces/msg/detail/duration__traits.hpp:15[m[K,
[7.682s]                  from [01m[K/opt/ros/humble/include/builtin_interfaces/builtin_interfaces/msg/duration.hpp:9[m[K,
[7.682s]                  from [01m[K/opt/ros/humble/include/rclcpp/rclcpp/duration.hpp:20[m[K,
[7.682s]                  from [01m[K/opt/ros/humble/include/rclcpp/rclcpp/qos.hpp:20[m[K,
[7.682s]                  from [01m[K/opt/ros/humble/include/rclcpp/rclcpp/node_interfaces/node_graph_interface.hpp:32[m[K,
[7.682s]                  from [01m[K/opt/ros/humble/include/rclcpp/rclcpp/client.hpp:42[m[K,
[7.682s]                  from [01m[K/opt/ros/humble/include/rclcpp/rclcpp/callback_group.hpp:24[m[K,
[7.682s]                  from [01m[K/opt/ros/humble/include/rclcpp/rclcpp/any_executable.hpp:20[m[K,
[7.682s]                  from [01m[K/opt/ros/humble/include/rclcpp/rclcpp/memory_strategy.hpp:25[m[K,
[7.682s]                  from [01m[K/opt/ros/humble/include/rclcpp/rclcpp/memory_strategies.hpp:18[m[K,
[7.683s]                  from [01m[K/opt/ros/humble/include/rclcpp/rclcpp/executor_options.hpp:20[m[K,
[7.683s]                  from [01m[K/opt/ros/humble/include/rclcpp/rclcpp/executor.hpp:37[m[K,
[7.683s]                  from [01m[K/opt/ros/humble/include/rclcpp/rclcpp/executors/multi_threaded_executor.hpp:25[m[K,
[7.683s]                  from [01m[K/opt/ros/humble/include/rclcpp/rclcpp/executors.hpp:21[m[K,
[7.683s]                  from [01m[K/opt/ros/humble/include/rclcpp/rclcpp/rclcpp.hpp:155[m[K,
[7.683s]                  from [01m[K/home/nvidia/ros2_ws/src/rby1_robot_state/src/robot_state_publisher.cpp:2[m[K:
[7.683s] [01m[K/usr/include/c++/11/iomanip:208:5:[m[K [01;36m[Knote: [m[Kcandidate: ‘[01m[Ktemplate<class _CharT, class _Traits> std::basic_ostream<_Ch, _Tr>& std::operator<<(std::basic_ostream<_Ch, _Tr>&, std::_Setprecision)[m[K’
[7.683s]   208 |     [01;36m[Koperator[m[K<<(basic_ostream<_CharT, _Traits>& __os, _Setprecision __f)
[7.683s]       |     [01;36m[K^~~~~~~~[m[K
[7.684s] [01m[K/usr/include/c++/11/iomanip:208:5:[m[K [01;36m[Knote: [m[K  template argument deduction/substitution failed:
[7.684s] [01m[K/home/nvidia/ros2_ws/src/rby1_robot_state/src/robot_state_publisher.cpp:51:30:[m[K [01;36m[Knote: [m[K  cannot convert ‘[01m[Kmsg[m[K’ (type ‘[01m[Kstd::unique_ptr<sensor_msgs::msg::JointState_<std::allocator<void> >, std::default_delete<sensor_msgs::msg::JointState_<std::allocator<void> > > >[m[K’) to type ‘[01m[Kstd::_Setprecision[m[K’
[7.684s]    51 |                 std::cout << [01;36m[Kmsg[m[K << std::endl;
[7.684s]       |                              [01;36m[K^~~[m[K
[7.684s] In file included from [01m[K/opt/ros/humble/include/rosidl_runtime_cpp/rosidl_runtime_cpp/traits.hpp:19[m[K,
[7.684s]                  from [01m[K/opt/ros/humble/include/builtin_interfaces/builtin_interfaces/msg/detail/duration__traits.hpp:15[m[K,
[7.684s]                  from [01m[K/opt/ros/humble/include/builtin_interfaces/builtin_interfaces/msg/duration.hpp:9[m[K,
[7.684s]                  from [01m[K/opt/ros/humble/include/rclcpp/rclcpp/duration.hpp:20[m[K,
[7.684s]                  from [01m[K/opt/ros/humble/include/rclcpp/rclcpp/qos.hpp:20[m[K,
[7.685s]                  from [01m[K/opt/ros/humble/include/rclcpp/rclcpp/node_interfaces/node_graph_interface.hpp:32[m[K,
[7.685s]                  from [01m[K/opt/ros/humble/include/rclcpp/rclcpp/client.hpp:42[m[K,
[7.685s]                  from [01m[K/opt/ros/humble/include/rclcpp/rclcpp/callback_group.hpp:24[m[K,
[7.685s]                  from [01m[K/opt/ros/humble/include/rclcpp/rclcpp/any_executable.hpp:20[m[K,
[7.685s]                  from [01m[K/opt/ros/humble/include/rclcpp/rclcpp/memory_strategy.hpp:25[m[K,
[7.685s]                  from [01m[K/opt/ros/humble/include/rclcpp/rclcpp/memory_strategies.hpp:18[m[K,
[7.685s]                  from [01m[K/opt/ros/humble/include/rclcpp/rclcpp/executor_options.hpp:20[m[K,
[7.685s]                  from [01m[K/opt/ros/humble/include/rclcpp/rclcpp/executor.hpp:37[m[K,
[7.686s]                  from [01m[K/opt/ros/humble/include/rclcpp/rclcpp/executors/multi_threaded_executor.hpp:25[m[K,
[7.686s]                  from [01m[K/opt/ros/humble/include/rclcpp/rclcpp/executors.hpp:21[m[K,
[7.686s]                  from [01m[K/opt/ros/humble/include/rclcpp/rclcpp/rclcpp.hpp:155[m[K,
[7.686s]                  from [01m[K/home/nvidia/ros2_ws/src/rby1_robot_state/src/robot_state_publisher.cpp:2[m[K:
[7.686s] [01m[K/usr/include/c++/11/iomanip:238:5:[m[K [01;36m[Knote: [m[Kcandidate: ‘[01m[Ktemplate<class _CharT, class _Traits> std::basic_ostream<_Ch, _Tr>& std::operator<<(std::basic_ostream<_Ch, _Tr>&, std::_Setw)[m[K’
[7.686s]   238 |     [01;36m[Koperator[m[K<<(basic_ostream<_CharT, _Traits>& __os, _Setw __f)
[7.686s]       |     [01;36m[K^~~~~~~~[m[K
[7.686s] [01m[K/usr/include/c++/11/iomanip:238:5:[m[K [01;36m[Knote: [m[K  template argument deduction/substitution failed:
[7.686s] [01m[K/home/nvidia/ros2_ws/src/rby1_robot_state/src/robot_state_publisher.cpp:51:30:[m[K [01;36m[Knote: [m[K  cannot convert ‘[01m[Kmsg[m[K’ (type ‘[01m[Kstd::unique_ptr<sensor_msgs::msg::JointState_<std::allocator<void> >, std::default_delete<sensor_msgs::msg::JointState_<std::allocator<void> > > >[m[K’) to type ‘[01m[Kstd::_Setw[m[K’
[7.687s]    51 |                 std::cout << [01;36m[Kmsg[m[K << std::endl;
[7.687s]       |                              [01;36m[K^~~[m[K
[7.687s] In file included from [01m[K/opt/ros/humble/include/rosidl_runtime_cpp/rosidl_runtime_cpp/traits.hpp:19[m[K,
[7.687s]                  from [01m[K/opt/ros/humble/include/builtin_interfaces/builtin_interfaces/msg/detail/duration__traits.hpp:15[m[K,
[7.687s]                  from [01m[K/opt/ros/humble/include/builtin_interfaces/builtin_interfaces/msg/duration.hpp:9[m[K,
[7.687s]                  from [01m[K/opt/ros/humble/include/rclcpp/rclcpp/duration.hpp:20[m[K,
[7.687s]                  from [01m[K/opt/ros/humble/include/rclcpp/rclcpp/qos.hpp:20[m[K,
[7.687s]                  from [01m[K/opt/ros/humble/include/rclcpp/rclcpp/node_interfaces/node_graph_interface.hpp:32[m[K,
[7.687s]                  from [01m[K/opt/ros/humble/include/rclcpp/rclcpp/client.hpp:42[m[K,
[7.687s]                  from [01m[K/opt/ros/humble/include/rclcpp/rclcpp/callback_group.hpp:24[m[K,
[7.688s]                  from [01m[K/opt/ros/humble/include/rclcpp/rclcpp/any_executable.hpp:20[m[K,
[7.688s]                  from [01m[K/opt/ros/humble/include/rclcpp/rclcpp/memory_strategy.hpp:25[m[K,
[7.688s]                  from [01m[K/opt/ros/humble/include/rclcpp/rclcpp/memory_strategies.hpp:18[m[K,
[7.688s]                  from [01m[K/opt/ros/humble/include/rclcpp/rclcpp/executor_options.hpp:20[m[K,
[7.688s]                  from [01m[K/opt/ros/humble/include/rclcpp/rclcpp/executor.hpp:37[m[K,
[7.688s]                  from [01m[K/opt/ros/humble/include/rclcpp/rclcpp/executors/multi_threaded_executor.hpp:25[m[K,
[7.688s]                  from [01m[K/opt/ros/humble/include/rclcpp/rclcpp/executors.hpp:21[m[K,
[7.688s]                  from [01m[K/opt/ros/humble/include/rclcpp/rclcpp/rclcpp.hpp:155[m[K,
[7.688s]                  from [01m[K/home/nvidia/ros2_ws/src/rby1_robot_state/src/robot_state_publisher.cpp:2[m[K:
[7.688s] [01m[K/usr/include/c++/11/iomanip:311:5:[m[K [01;36m[Knote: [m[Kcandidate: ‘[01m[Ktemplate<class _CharT, class _Traits, class _MoneyT> std::basic_ostream<_Ch, _Tr>& std::operator<<(std::basic_ostream<_Ch, _Tr>&, std::_Put_money<_MoneyT>)[m[K’
[7.689s]   311 |     [01;36m[Koperator[m[K<<(basic_ostream<_CharT, _Traits>& __os, _Put_money<_MoneyT> __f)
[7.689s]       |     [01;36m[K^~~~~~~~[m[K
[7.689s] [01m[K/usr/include/c++/11/iomanip:311:5:[m[K [01;36m[Knote: [m[K  template argument deduction/substitution failed:
[7.689s] [01m[K/home/nvidia/ros2_ws/src/rby1_robot_state/src/robot_state_publisher.cpp:51:30:[m[K [01;36m[Knote: [m[K  ‘[01m[Kstd::unique_ptr<sensor_msgs::msg::JointState_<std::allocator<void> >, std::default_delete<sensor_msgs::msg::JointState_<std::allocator<void> > > >[m[K’ is not derived from ‘[01m[Kstd::_Put_money<_MoneyT>[m[K’
[7.689s]    51 |                 std::cout << [01;36m[Kmsg[m[K << std::endl;
[7.689s]       |                              [01;36m[K^~~[m[K
[7.689s] In file included from [01m[K/opt/ros/humble/include/rosidl_runtime_cpp/rosidl_runtime_cpp/traits.hpp:19[m[K,
[7.690s]                  from [01m[K/opt/ros/humble/include/builtin_interfaces/builtin_interfaces/msg/detail/duration__traits.hpp:15[m[K,
[7.690s]                  from [01m[K/opt/ros/humble/include/builtin_interfaces/builtin_interfaces/msg/duration.hpp:9[m[K,
[7.690s]                  from [01m[K/opt/ros/humble/include/rclcpp/rclcpp/duration.hpp:20[m[K,
[7.690s]                  from [01m[K/opt/ros/humble/include/rclcpp/rclcpp/qos.hpp:20[m[K,
[7.690s]                  from [01m[K/opt/ros/humble/include/rclcpp/rclcpp/node_interfaces/node_graph_interface.hpp:32[m[K,
[7.690s]                  from [01m[K/opt/ros/humble/include/rclcpp/rclcpp/client.hpp:42[m[K,
[7.690s]                  from [01m[K/opt/ros/humble/include/rclcpp/rclcpp/callback_group.hpp:24[m[K,
[7.690s]                  from [01m[K/opt/ros/humble/include/rclcpp/rclcpp/any_executable.hpp:20[m[K,
[7.690s]                  from [01m[K/opt/ros/humble/include/rclcpp/rclcpp/memory_strategy.hpp:25[m[K,
[7.690s]                  from [01m[K/opt/ros/humble/include/rclcpp/rclcpp/memory_strategies.hpp:18[m[K,
[7.691s]                  from [01m[K/opt/ros/humble/include/rclcpp/rclcpp/executor_options.hpp:20[m[K,
[7.691s]                  from [01m[K/opt/ros/humble/include/rclcpp/rclcpp/executor.hpp:37[m[K,
[7.691s]                  from [01m[K/opt/ros/humble/include/rclcpp/rclcpp/executors/multi_threaded_executor.hpp:25[m[K,
[7.691s]                  from [01m[K/opt/ros/humble/include/rclcpp/rclcpp/executors.hpp:21[m[K,
[7.691s]                  from [01m[K/opt/ros/humble/include/rclcpp/rclcpp/rclcpp.hpp:155[m[K,
[7.691s]                  from [01m[K/home/nvidia/ros2_ws/src/rby1_robot_state/src/robot_state_publisher.cpp:2[m[K:
[7.691s] [01m[K/usr/include/c++/11/iomanip:363:5:[m[K [01;36m[Knote: [m[Kcandidate: ‘[01m[Ktemplate<class _CharT, class _Traits> std::basic_ostream<_Ch, _Tr>& std::operator<<(std::basic_ostream<_Ch, _Tr>&, std::_Put_time<_CharT>)[m[K’
[7.691s]   363 |     [01;36m[Koperator[m[K<<(basic_ostream<_CharT, _Traits>& __os, _Put_time<_CharT> __f)
[7.691s]       |     [01;36m[K^~~~~~~~[m[K
[7.691s] [01m[K/usr/include/c++/11/iomanip:363:5:[m[K [01;36m[Knote: [m[K  template argument deduction/substitution failed:
[7.692s] [01m[K/home/nvidia/ros2_ws/src/rby1_robot_state/src/robot_state_publisher.cpp:51:30:[m[K [01;36m[Knote: [m[K  ‘[01m[Kstd::unique_ptr<sensor_msgs::msg::JointState_<std::allocator<void> >, std::default_delete<sensor_msgs::msg::JointState_<std::allocator<void> > > >[m[K’ is not derived from ‘[01m[Kstd::_Put_time<_CharT>[m[K’
[7.692s]    51 |                 std::cout << [01;36m[Kmsg[m[K << std::endl;
[7.692s]       |                              [01;36m[K^~~[m[K
[7.692s] In file included from [01m[K/usr/include/eigen3/Eigen/Core:50[m[K,
[7.692s]                  from [01m[K/home/nvidia/rby1-sdk/include/rby1-sdk/dynamics/robot.h:3[m[K,
[7.692s]                  from [01m[K/home/nvidia/rby1-sdk/include/rby1-sdk/robot.h:10[m[K,
[7.692s]                  from [01m[K/home/nvidia/ros2_ws/src/rby1_robot_state/src/robot_state_publisher.cpp:4[m[K:
[7.692s] [01m[K/usr/include/c++/11/complex:555:5:[m[K [01;36m[Knote: [m[Kcandidate: ‘[01m[Ktemplate<class _Tp, class _CharT, class _Traits> std::basic_ostream<_CharT, _Traits>& std::operator<<(std::basic_ostream<_CharT, _Traits>&, const std::complex<_Tp>&)[m[K’
[7.692s]   555 |     [01;36m[Koperator[m[K<<(basic_ostream<_CharT, _Traits>& __os, const complex<_Tp>& __x)
[7.692s]       |     [01;36m[K^~~~~~~~[m[K
[7.693s] [01m[K/usr/include/c++/11/complex:555:5:[m[K [01;36m[Knote: [m[K  template argument deduction/substitution failed:
[7.693s] [01m[K/home/nvidia/ros2_ws/src/rby1_robot_state/src/robot_state_publisher.cpp:51:30:[m[K [01;36m[Knote: [m[K  ‘[01m[Kstd::unique_ptr<sensor_msgs::msg::JointState_<std::allocator<void> >, std::default_delete<sensor_msgs::msg::JointState_<std::allocator<void> > > >[m[K’ is not derived from ‘[01m[Kconst std::complex<_Tp>[m[K’
[7.693s]    51 |                 std::cout << [01;36m[Kmsg[m[K << std::endl;
[7.693s]       |                              [01;36m[K^~~[m[K
[7.693s] In file included from [01m[K/usr/include/eigen3/Eigen/Core:81[m[K,
[7.693s]                  from [01m[K/home/nvidia/rby1-sdk/include/rby1-sdk/dynamics/robot.h:3[m[K,
[7.693s]                  from [01m[K/home/nvidia/rby1-sdk/include/rby1-sdk/robot.h:10[m[K,
[7.693s]                  from [01m[K/home/nvidia/ros2_ws/src/rby1_robot_state/src/robot_state_publisher.cpp:4[m[K:
[7.693s] [01m[K/usr/include/c++/11/cstddef:126:5:[m[K [01;36m[Knote: [m[Kcandidate: ‘[01m[Ktemplate<class _IntegerType> constexpr std::__byte_op_t<_IntegerType> std::operator<<(std::byte, _IntegerType)[m[K’
[7.694s]   126 |     [01;36m[Koperator[m[K<<(byte __b, _IntegerType __shift) noexcept
[7.694s]       |     [01;36m[K^~~~~~~~[m[K
[7.694s] [01m[K/usr/include/c++/11/cstddef:126:5:[m[K [01;36m[Knote: [m[K  template argument deduction/substitution failed:
[7.694s] [01m[K/home/nvidia/ros2_ws/src/rby1_robot_state/src/robot_state_publisher.cpp:51:22:[m[K [01;36m[Knote: [m[K  cannot convert ‘[01m[Kstd::cout[m[K’ (type ‘[01m[Kstd::ostream[m[K’ {aka ‘[01m[Kstd::basic_ostream<char>[m[K’}) to type ‘[01m[Kstd::byte[m[K’
[7.694s]    51 |                 [01;36m[Kstd::cout[m[K << msg << std::endl;
[7.694s]       |                 [01;36m[K~~~~~^~~~[m[K
[7.694s] In file included from [01m[K/home/nvidia/rby1-sdk/include/rby1-sdk/robot.h:11[m[K,
[7.694s]                  from [01m[K/home/nvidia/ros2_ws/src/rby1_robot_state/src/robot_state_publisher.cpp:4[m[K:
[7.694s] [01m[K/home/nvidia/rby1-sdk/include/rby1-sdk/log.h:49:22:[m[K [01;36m[Knote: [m[Kcandidate: ‘[01m[Kstd::ostream& operator<<(std::ostream&, const rb::Log::Level&)[m[K’
[7.694s]    49 | inline std::ostream& [01;36m[Koperator[m[K<<(std::ostream& out, const rb::Log::Level& level) {
[7.695s]       |                      [01;36m[K^~~~~~~~[m[K
[7.695s] [01m[K/home/nvidia/rby1-sdk/include/rby1-sdk/log.h:49:74:[m[K [01;36m[Knote: [m[K  no known conversion for argument 2 from ‘[01m[Kstd::unique_ptr<sensor_msgs::msg::JointState_<std::allocator<void> >, std::default_delete<sensor_msgs::msg::JointState_<std::allocator<void> > > >[m[K’ to ‘[01m[Kconst rb::Log::Level&[m[K’
[7.695s]    49 | inline std::ostream& operator<<(std::ostream& out, [01;36m[Kconst rb::Log::Level& level[m[K) {
[7.695s]       |                                                    [01;36m[K~~~~~~~~~~~~~~~~~~~~~~^~~~~[m[K
[7.695s] [01m[K/home/nvidia/rby1-sdk/include/rby1-sdk/log.h:55:22:[m[K [01;36m[Knote: [m[Kcandidate: ‘[01m[Kstd::ostream& operator<<(std::ostream&, const rb::Log&)[m[K’
[7.695s]    55 | inline std::ostream& [01;36m[Koperator[m[K<<(std::ostream& out, const rb::Log& log) {
[7.696s]       |                      [01;36m[K^~~~~~~~[m[K
[7.696s] [01m[K/home/nvidia/rby1-sdk/include/rby1-sdk/log.h:55:67:[m[K [01;36m[Knote: [m[K  no known conversion for argument 2 from ‘[01m[Kstd::unique_ptr<sensor_msgs::msg::JointState_<std::allocator<void> >, std::default_delete<sensor_msgs::msg::JointState_<std::allocator<void> > > >[m[K’ to ‘[01m[Kconst rb::Log&[m[K’
[7.696s]    55 | inline std::ostream& operator<<(std::ostream& out, [01;36m[Kconst rb::Log& log[m[K) {
[7.696s]       |                                                    [01;36m[K~~~~~~~~~~~~~~~^~~[m[K
[7.696s] /home/nvidia/ros2_ws/src/rby1_robot_state/src/robot_state_publisher.cpp: In instantiation of ‘[01m[KRobotStatePublisher::RobotStatePublisher(std::shared_ptr<rb::Robot<rb::y1_model::A> >, std::unique_ptr<rb::RobotCommandStreamHandler<rb::y1_model::A> >)::<lambda(const auto:49&, const auto:50&)> [with auto:49 = rb::RobotState<rb::y1_model::A>; auto:50 = rb::ControlManagerState][m[K’:
[7.696s] [01m[K/usr/include/c++/11/type_traits:2530:26:[m[K   required by substitution of ‘[01m[Ktemplate<class _Fn, class ... _Args> static std::__result_of_success<decltype (declval<_Fn>()((declval<_Args>)()...)), std::__invoke_other> std::__result_of_other_impl::_S_test(int) [with _Fn = RobotStatePublisher::RobotStatePublisher(std::shared_ptr<rb::Robot<rb::y1_model::A> >, std::unique_ptr<rb::RobotCommandStreamHandler<rb::y1_model::A> >)::<lambda(const auto:49&, const auto:50&)>&; _Args = {const rb::RobotState<rb::y1_model::A>&, const rb::ControlManagerState&}][m[K’
[7.696s] [01m[K/usr/include/c++/11/type_traits:2541:55:[m[K   required from ‘[01m[Kstruct std::__result_of_impl<false, false, RobotStatePublisher::RobotStatePublisher(std::shared_ptr<rb::Robot<rb::y1_model::A> >, std::unique_ptr<rb::RobotCommandStreamHandler<rb::y1_model::A> >)::<lambda(const auto:49&, const auto:50&)>&, const rb::RobotState<rb::y1_model::A>&, const rb::ControlManagerState&>[m[K’
[7.697s] [01m[K/usr/include/c++/11/bits/std_function.h:348:9:[m[K   recursively required by substitution of ‘[01m[Ktemplate<class _Result, class _Ret> struct std::__is_invocable_impl<_Result, _Ret, true, std::__void_t<typename _CTp::type> > [with _Result = std::__invoke_result<RobotStatePublisher::RobotStatePublisher(std::shared_ptr<rb::Robot<rb::y1_model::A> >, std::unique_ptr<rb::RobotCommandStreamHandler<rb::y1_model::A> >)::<lambda(const auto:49&, const auto:50&)>&, const rb::RobotState<rb::y1_model::A>&, const rb::ControlManagerState&>; _Ret = void][m[K’
[7.697s] [01m[K/usr/include/c++/11/bits/std_function.h:348:9:[m[K   required from ‘[01m[Kstruct std::function<void(const rb::RobotState<rb::y1_model::A>&, const rb::ControlManagerState&)>::_Callable<RobotStatePublisher::RobotStatePublisher(std::shared_ptr<rb::Robot<rb::y1_model::A> >, std::unique_ptr<rb::RobotCommandStreamHandler<rb::y1_model::A> >)::<lambda(const auto:49&, const auto:50&)>, RobotStatePublisher::RobotStatePublisher(std::shared_ptr<rb::Robot<rb::y1_model::A> >, std::unique_ptr<rb::RobotCommandStreamHandler<rb::y1_model::A> >)::<lambda(const auto:49&, const auto:50&)>, std::__invoke_result<RobotStatePublisher::RobotStatePublisher(std::shared_ptr<rb::Robot<rb::y1_model::A> >, std::unique_ptr<rb::RobotCommandStreamHandler<rb::y1_model::A> >)::<lambda(const auto:49&, const auto:50&)>&, const rb::RobotState<rb::y1_model::A>&, const rb::ControlManagerState&> >[m[K’
[7.697s] [01m[K/usr/include/c++/11/bits/std_function.h:353:8:[m[K   required by substitution of ‘[01m[Ktemplate<class _Res, class ... _ArgTypes> template<class _Cond, class _Tp> using _Requires = std::__enable_if_t<_Cond::value, _Tp> [with _Cond = std::function<void(const rb::RobotState<rb::y1_model::A>&, const rb::ControlManagerState&)>::_Callable<RobotStatePublisher::RobotStatePublisher(std::shared_ptr<rb::Robot<rb::y1_model::A> >, std::unique_ptr<rb::RobotCommandStreamHandler<rb::y1_model::A> >)::<lambda(const auto:49&, const auto:50&)>, RobotStatePublisher::RobotStatePublisher(std::shared_ptr<rb::Robot<rb::y1_model::A> >, std::unique_ptr<rb::RobotCommandStreamHandler<rb::y1_model::A> >)::<lambda(const auto:49&, const auto:50&)>, std::__invoke_result<RobotStatePublisher::RobotStatePublisher(std::shared_ptr<rb::Robot<rb::y1_model::A> >, std::unique_ptr<rb::RobotCommandStreamHandler<rb::y1_model::A> >)::<lambda(const auto:49&, const auto:50&)>&, const rb::RobotState<rb::y1_model::A>&, const rb::ControlManagerState&> >; _Tp = void; _Res = void; _ArgTypes = {const rb::RobotState<rb::y1_model::A>&, const rb::ControlManagerState&}][m[K’
[7.697s] [01m[K/usr/include/c++/11/bits/std_function.h:434:9:[m[K   required by substitution of ‘[01m[Ktemplate<class _Functor, class _Constraints> std::function<void(const rb::RobotState<rb::y1_model::A>&, const rb::ControlManagerState&)>::function(_Functor&&) [with _Functor = RobotStatePublisher::RobotStatePublisher(std::shared_ptr<rb::Robot<rb::y1_model::A> >, std::unique_ptr<rb::RobotCommandStreamHandler<rb::y1_model::A> >)::<lambda(const auto:49&, const auto:50&)>; _Constraints = <missing>][m[K’
[7.697s] [01m[K/home/nvidia/ros2_ws/src/rby1_robot_state/src/robot_state_publisher.cpp:38:32:[m[K   required from here
[7.697s] [01m[K/home/nvidia/ros2_ws/src/rby1_robot_state/src/robot_state_publisher.cpp:39:51:[m[K [01;35m[Kwarning: [m[Kunused parameter ‘[01m[Kcontrol_manager[m[K’ [[01;35m[K]8;;https://gcc.gnu.org/onlinedocs/gcc/Warning-Options.html#index-Wunused-parameter-Wunused-parameter]8;;[m[K]
[7.697s]    39 |             [this](const auto& state, [01;35m[Kconst auto& control_manager[m[K) {
[7.697s]       |                                       [01;35m[K~~~~~~~~~~~~^~~~~~~~~~~~~~~[m[K
[9.572s] gmake[2]: *** [CMakeFiles/robot_state_publisher.dir/build.make:79: CMakeFiles/robot_state_publisher.dir/src/robot_state_publisher.cpp.o] Error 1
[9.573s] gmake[1]: *** [CMakeFiles/Makefile2:153: CMakeFiles/robot_state_publisher.dir/all] Error 2
[9.573s] gmake: *** [Makefile:146: all] Error 2
[9.579s] Invoked command in '/home/nvidia/ros2_ws/src/rby1_robot_state/build/rby1_robot_state' returned '2': CMAKE_PREFIX_PATH=${CMAKE_PREFIX_PATH}:/home/nvidia/ros2_ws/install/launch_param_builder:/home/nvidia/ros2_ws/install/keyboard_joy:/home/nvidia/rby1_ros2_ws/install/rby1_subscriber_pkg:/home/nvidia/rby1_ros2_ws/install/rby1_mobile_control:/opt/ros/humble /usr/bin/cmake --build /home/nvidia/ros2_ws/src/rby1_robot_state/build/rby1_robot_state -- -j8 -l8
