[0.202s] DEBUG:colcon:Command line arguments: ['/usr/bin/colcon', 'build']
[0.202s] DEBUG:colcon:Parsed command line arguments: Namespace(log_base=None, log_level=None, verb_name='build', build_base='build', install_base='install', merge_install=False, symlink_install=False, test_result_base=None, continue_on_error=False, executor='parallel', parallel_workers=8, event_handlers=None, ignore_user_meta=False, metas=['./colcon.meta'], base_paths=['.'], packages_ignore=None, packages_ignore_regex=None, paths=None, packages_up_to=None, packages_up_to_regex=None, packages_above=None, packages_above_and_dependencies=None, packages_above_depth=None, packages_select_by_dep=None, packages_skip_by_dep=None, packages_skip_up_to=None, packages_select_build_failed=False, packages_skip_build_finished=False, packages_select_test_failures=False, packages_skip_test_passed=False, packages_select=None, packages_skip=None, packages_select_regex=None, packages_skip_regex=None, packages_start=None, packages_end=None, allow_overriding=[], cmake_args=None, cmake_target=None, cmake_target_skip_unavailable=False, cmake_clean_cache=False, cmake_clean_first=False, cmake_force_configure=False, ament_cmake_args=None, catkin_cmake_args=None, catkin_skip_building_tests=False, mixin_files=None, mixin=None, verb_parser=<colcon_mixin.mixin.mixin_argument.MixinArgumentDecorator object at 0xffff844f6230>, verb_extension=<colcon_core.verb.build.BuildVerb object at 0xffff844f5c60>, main=<bound method BuildVerb.main of <colcon_core.verb.build.BuildVerb object at 0xffff844f5c60>>, mixin_verb=('build',))
[0.515s] Level 1:colcon.colcon_core.package_discovery:discover_packages(colcon_meta) check parameters
[0.516s] Level 1:colcon.colcon_core.package_discovery:discover_packages(recursive) check parameters
[0.516s] Level 1:colcon.colcon_core.package_discovery:discover_packages(ignore) check parameters
[0.516s] Level 1:colcon.colcon_core.package_discovery:discover_packages(path) check parameters
[0.516s] Level 1:colcon.colcon_core.package_discovery:discover_packages(colcon_meta) discover
[0.516s] Level 1:colcon.colcon_core.package_discovery:discover_packages(recursive) discover
[0.516s] INFO:colcon.colcon_core.package_discovery:Crawling recursively for packages in '/home/nvidia/ros2_ws/src/rby1_movement'
[0.516s] Level 1:colcon.colcon_core.package_identification:_identify(.) by extensions ['ignore', 'ignore_ament_install']
[0.517s] Level 1:colcon.colcon_core.package_identification:_identify(.) by extension 'ignore'
[0.517s] Level 1:colcon.colcon_core.package_identification:_identify(.) by extension 'ignore_ament_install'
[0.517s] Level 1:colcon.colcon_core.package_identification:_identify(.) by extensions ['colcon_pkg']
[0.517s] Level 1:colcon.colcon_core.package_identification:_identify(.) by extension 'colcon_pkg'
[0.517s] Level 1:colcon.colcon_core.package_identification:_identify(.) by extensions ['colcon_meta']
[0.517s] Level 1:colcon.colcon_core.package_identification:_identify(.) by extension 'colcon_meta'
[0.517s] Level 1:colcon.colcon_core.package_identification:_identify(.) by extensions ['ros']
[0.517s] Level 1:colcon.colcon_core.package_identification:_identify(.) by extension 'ros'
[0.541s] DEBUG:colcon.colcon_core.package_identification:Package '.' with type 'ros.ament_cmake' and name 'rby1_movement'
[0.541s] Level 1:colcon.colcon_core.package_discovery:discover_packages(recursive) using defaults
[0.541s] Level 1:colcon.colcon_core.package_discovery:discover_packages(ignore) discover
[0.541s] Level 1:colcon.colcon_core.package_discovery:discover_packages(ignore) using defaults
[0.541s] Level 1:colcon.colcon_core.package_discovery:discover_packages(path) discover
[0.541s] Level 1:colcon.colcon_core.package_discovery:discover_packages(path) using defaults
[0.605s] Level 1:colcon.colcon_core.package_discovery:discover_packages(prefix_path) check parameters
[0.605s] Level 1:colcon.colcon_core.package_discovery:discover_packages(prefix_path) discover
[0.611s] DEBUG:colcon.colcon_installed_package_information.package_discovery:Found 15 installed packages in /home/nvidia/ros2_ws/install
[0.611s] DEBUG:colcon.colcon_installed_package_information.package_discovery:Found 1 installed packages in /home/nvidia/ros2_ws/src/rby1_movement/install
[0.612s] DEBUG:colcon.colcon_installed_package_information.package_discovery:Found 1 installed packages in /home/nvidia/ros2_ws/src/ros2-keyboard/keyboard/install
[0.614s] DEBUG:colcon.colcon_installed_package_information.package_discovery:Found 293 installed packages in /opt/ros/humble
[0.617s] Level 1:colcon.colcon_core.package_discovery:discover_packages(prefix_path) using defaults
[0.688s] Level 5:colcon.colcon_core.verb:set package 'rby1_movement' build argument 'cmake_args' from command line to 'None'
[0.689s] Level 5:colcon.colcon_core.verb:set package 'rby1_movement' build argument 'cmake_target' from command line to 'None'
[0.689s] Level 5:colcon.colcon_core.verb:set package 'rby1_movement' build argument 'cmake_target_skip_unavailable' from command line to 'False'
[0.689s] Level 5:colcon.colcon_core.verb:set package 'rby1_movement' build argument 'cmake_clean_cache' from command line to 'False'
[0.689s] Level 5:colcon.colcon_core.verb:set package 'rby1_movement' build argument 'cmake_clean_first' from command line to 'False'
[0.689s] Level 5:colcon.colcon_core.verb:set package 'rby1_movement' build argument 'cmake_force_configure' from command line to 'False'
[0.689s] Level 5:colcon.colcon_core.verb:set package 'rby1_movement' build argument 'ament_cmake_args' from command line to 'None'
[0.689s] Level 5:colcon.colcon_core.verb:set package 'rby1_movement' build argument 'catkin_cmake_args' from command line to 'None'
[0.689s] Level 5:colcon.colcon_core.verb:set package 'rby1_movement' build argument 'catkin_skip_building_tests' from command line to 'False'
[0.689s] DEBUG:colcon.colcon_core.verb:Building package 'rby1_movement' with the following arguments: {'ament_cmake_args': None, 'build_base': '/home/nvidia/ros2_ws/src/rby1_movement/build/rby1_movement', 'catkin_cmake_args': None, 'catkin_skip_building_tests': False, 'cmake_args': None, 'cmake_clean_cache': False, 'cmake_clean_first': False, 'cmake_force_configure': False, 'cmake_target': None, 'cmake_target_skip_unavailable': False, 'install_base': '/home/nvidia/ros2_ws/src/rby1_movement/install/rby1_movement', 'merge_install': False, 'path': '/home/nvidia/ros2_ws/src/rby1_movement', 'symlink_install': False, 'test_result_base': None}
[0.689s] INFO:colcon.colcon_core.executor:Executing jobs using 'parallel' executor
[0.692s] DEBUG:colcon.colcon_parallel_executor.executor.parallel:run_until_complete
[0.692s] INFO:colcon.colcon_ros.task.ament_cmake.build:Building ROS package in '/home/nvidia/ros2_ws/src/rby1_movement' with build type 'ament_cmake'
[0.692s] INFO:colcon.colcon_cmake.task.cmake.build:Building CMake package in '/home/nvidia/ros2_ws/src/rby1_movement'
[0.696s] INFO:colcon.colcon_core.plugin_system:Skipping extension 'colcon_core.shell.bat': Not used on non-Windows systems
[0.696s] INFO:colcon.colcon_core.shell:Skip shell extension 'powershell' for command environment: Not usable outside of PowerShell
[0.696s] DEBUG:colcon.colcon_core.shell:Skip shell extension 'dsv' for command environment
[0.717s] DEBUG:colcon.colcon_core.event_handler.log_command:Invoking command in '/home/nvidia/ros2_ws/src/rby1_movement/build/rby1_movement': CMAKE_PREFIX_PATH=${CMAKE_PREFIX_PATH}:/home/nvidia/ros2_ws/install/keyboard_joy:/opt/ros/humble /usr/bin/cmake --build /home/nvidia/ros2_ws/src/rby1_movement/build/rby1_movement -- -j8 -l8
[15.131s] DEBUG:colcon.colcon_core.event_handler.log_command:Invoked command in '/home/nvidia/ros2_ws/src/rby1_movement/build/rby1_movement' returned '2': CMAKE_PREFIX_PATH=${CMAKE_PREFIX_PATH}:/home/nvidia/ros2_ws/install/keyboard_joy:/opt/ros/humble /usr/bin/cmake --build /home/nvidia/ros2_ws/src/rby1_movement/build/rby1_movement -- -j8 -l8
[15.133s] Level 1:colcon.colcon_core.environment:create_environment_scripts_only(rby1_movement)
[15.142s] Level 1:colcon.colcon_core.environment:checking '/home/nvidia/ros2_ws/src/rby1_movement/install/rby1_movement' for CMake module files
[15.144s] Level 1:colcon.colcon_core.environment:checking '/home/nvidia/ros2_ws/src/rby1_movement/install/rby1_movement' for CMake config files
[15.146s] Level 1:colcon.colcon_core.environment:checking '/home/nvidia/ros2_ws/src/rby1_movement/install/rby1_movement/bin'
[15.147s] Level 1:colcon.colcon_core.environment:checking '/home/nvidia/ros2_ws/src/rby1_movement/install/rby1_movement/lib/pkgconfig/rby1_movement.pc'
[15.148s] Level 1:colcon.colcon_core.environment:checking '/home/nvidia/ros2_ws/src/rby1_movement/install/rby1_movement/lib/python3.10/site-packages'
[15.149s] Level 1:colcon.colcon_core.environment:checking '/home/nvidia/ros2_ws/src/rby1_movement/install/rby1_movement/bin'
[15.149s] INFO:colcon.colcon_core.shell:Creating package script '/home/nvidia/ros2_ws/src/rby1_movement/install/rby1_movement/share/rby1_movement/package.ps1'
[15.153s] INFO:colcon.colcon_core.shell:Creating package descriptor '/home/nvidia/ros2_ws/src/rby1_movement/install/rby1_movement/share/rby1_movement/package.dsv'
[15.155s] INFO:colcon.colcon_core.shell:Creating package script '/home/nvidia/ros2_ws/src/rby1_movement/install/rby1_movement/share/rby1_movement/package.sh'
[15.158s] INFO:colcon.colcon_core.shell:Creating package script '/home/nvidia/ros2_ws/src/rby1_movement/install/rby1_movement/share/rby1_movement/package.bash'
[15.161s] INFO:colcon.colcon_core.shell:Creating package script '/home/nvidia/ros2_ws/src/rby1_movement/install/rby1_movement/share/rby1_movement/package.zsh'
[15.164s] Level 1:colcon.colcon_core.environment:create_file_with_runtime_dependencies(/home/nvidia/ros2_ws/src/rby1_movement/install/rby1_movement/share/colcon-core/packages/rby1_movement)
[15.175s] DEBUG:colcon.colcon_parallel_executor.executor.parallel:closing loop
[15.176s] DEBUG:colcon.colcon_parallel_executor.executor.parallel:loop closed
[15.176s] DEBUG:colcon.colcon_parallel_executor.executor.parallel:run_until_complete finished with '2'
[15.176s] DEBUG:colcon.colcon_core.event_reactor:joining thread
[15.197s] INFO:colcon.colcon_core.plugin_system:Skipping extension 'colcon_notification.desktop_notification.terminal_notifier': Not used on non-Darwin systems
[15.197s] INFO:colcon.colcon_core.plugin_system:Skipping extension 'colcon_notification.desktop_notification.win32': Not used on non-Windows systems
[15.197s] INFO:colcon.colcon_notification.desktop_notification:Sending desktop notification using 'notify2'
[15.250s] DEBUG:colcon.colcon_core.event_reactor:joined thread
[15.252s] INFO:colcon.colcon_core.shell:Creating prefix script '/home/nvidia/ros2_ws/src/rby1_movement/install/local_setup.ps1'
[15.257s] INFO:colcon.colcon_core.shell:Creating prefix util module '/home/nvidia/ros2_ws/src/rby1_movement/install/_local_setup_util_ps1.py'
[15.262s] INFO:colcon.colcon_core.shell:Creating prefix chain script '/home/nvidia/ros2_ws/src/rby1_movement/install/setup.ps1'
[15.269s] INFO:colcon.colcon_core.shell:Creating prefix script '/home/nvidia/ros2_ws/src/rby1_movement/install/local_setup.sh'
[15.271s] INFO:colcon.colcon_core.shell:Creating prefix util module '/home/nvidia/ros2_ws/src/rby1_movement/install/_local_setup_util_sh.py'
[15.274s] INFO:colcon.colcon_core.shell:Creating prefix chain script '/home/nvidia/ros2_ws/src/rby1_movement/install/setup.sh'
[15.281s] INFO:colcon.colcon_core.shell:Creating prefix script '/home/nvidia/ros2_ws/src/rby1_movement/install/local_setup.bash'
[15.282s] INFO:colcon.colcon_core.shell:Creating prefix chain script '/home/nvidia/ros2_ws/src/rby1_movement/install/setup.bash'
[15.289s] INFO:colcon.colcon_core.shell:Creating prefix script '/home/nvidia/ros2_ws/src/rby1_movement/install/local_setup.zsh'
[15.291s] INFO:colcon.colcon_core.shell:Creating prefix chain script '/home/nvidia/ros2_ws/src/rby1_movement/install/setup.zsh'
