[0.023s] Invoking command in '/home/nvidia/ros2_ws/src/rby1_movement/build/rby1_movement': CMAKE_PREFIX_PATH=${CMAKE_PREFIX_PATH}:/home/nvidia/ros2_ws/install/keyboard_joy:/opt/ros/humble /usr/bin/cmake --build /home/nvidia/ros2_ws/src/rby1_movement/build/rby1_movement -- -j8 -l8
[0.059s] -- Found ament_cmake: 1.3.11 (/opt/ros/humble/share/ament_cmake/cmake)
[0.495s] -- Found rclcpp: 16.0.12 (/opt/ros/humble/share/rclcpp/cmake)
[0.573s] -- Found rosidl_generator_c: 3.1.6 (/opt/ros/humble/share/rosidl_generator_c/cmake)
[0.577s] -- Found rosidl_adapter: 3.1.6 (/opt/ros/humble/share/rosidl_adapter/cmake)
[0.587s] -- Found rosidl_generator_cpp: 3.1.6 (/opt/ros/humble/share/rosidl_generator_cpp/cmake)
[0.604s] -- Using all available rosidl_typesupport_c: rosidl_typesupport_fastrtps_c;rosidl_typesupport_introspection_c
[0.626s] -- Using all available rosidl_typesupport_cpp: rosidl_typesupport_fastrtps_cpp;rosidl_typesupport_introspection_cpp
[0.682s] -- Found rmw_implementation_cmake: 6.1.2 (/opt/ros/humble/share/rmw_implementation_cmake/cmake)
[0.685s] -- Found rmw_cyclonedds_cpp: 1.3.4 (/opt/ros/humble/share/rmw_cyclonedds_cpp/cmake)
[0.716s] -- Using RMW implementation 'rmw_cyclonedds_cpp' as default
[0.801s] -- Found sensor_msgs: 4.8.0 (/opt/ros/humble/share/sensor_msgs/cmake)
[0.853s] -- Found rosidl_default_generators: 1.2.0 (/opt/ros/humble/share/rosidl_default_generators/cmake)
[0.870s] -- Found ament_lint_auto: 0.12.12 (/opt/ros/humble/share/ament_lint_auto/cmake)
[1.128s] -- Added test 'cppcheck' to perform static code analysis on C / C++ code
[1.129s] -- Configured cppcheck include dirs: 
[1.129s] -- Configured cppcheck exclude dirs and/or files: 
[1.145s] -- Added test 'flake8' to check Python code syntax and style conventions
[1.175s] -- Added test 'lint_cmake' to check CMake code style
[1.191s] -- Added test 'pep257' to check Python code against some of the docstring style conventions in PEP 257
[1.308s] -- Added test 'uncrustify' to check C / C++ code style
[1.308s] -- Configured uncrustify additional arguments: 
[1.323s] -- Added test 'xmllint' to check XML markup files
[1.325s] -- Configuring done (1.3s)
[1.350s] -- Generating done (0.0s)
[1.355s] -- Build files have been written to: /home/nvidia/ros2_ws/src/rby1_movement/build/rby1_movement
[1.432s] [ 50%] [32mBuilding CXX object CMakeFiles/rby1_movement_subscriber.dir/src/rby1_movement_subscriber.cpp.o[0m
[8.895s] [01m[K/home/nvidia/ros2_ws/src/rby1_movement/src/rby1_movement_subscriber.cpp:[m[K In constructor ‘[01m[KRBY1_Movement::RBY1_Movement(std::shared_ptr<rb::Robot<rb::y1_model::A> >, std::unique_ptr<rb::RobotCommandStreamHandler<rb::y1_model::A> >)[m[K’:
[8.895s] [01m[K/home/nvidia/ros2_ws/src/rby1_movement/src/rby1_movement_subscriber.cpp:28:9:[m[K [01;31m[Kerror: [m[Kclass ‘[01m[KRBY1_Movement[m[K’ does not have any field named ‘[01m[Kcurrent_speed_[m[K’
[8.895s]    28 |         [01;31m[Kcurrent_speed_[m[K(0.5) {
[8.895s]       |         [01;31m[K^~~~~~~~~~~~~~[m[K
[8.952s] [01m[K/home/nvidia/ros2_ws/src/rby1_movement/src/rby1_movement_subscriber.cpp:[m[K In function ‘[01m[Kint main(int, char**)[m[K’:
[8.952s] [01m[K/home/nvidia/ros2_ws/src/rby1_movement/src/rby1_movement_subscriber.cpp:167:9:[m[K [01;35m[Kwarning: [m[Kunused variable ‘[01m[Kspeed_control[m[K’ [[01;35m[K]8;;https://gcc.gnu.org/onlinedocs/gcc/Warning-Options.html#index-Wunused-variable-Wunused-variable]8;;[m[K]
[8.952s]   167 |     int [01;35m[Kspeed_control[m[K;
[8.952s]       |         [01;35m[K^~~~~~~~~~~~~[m[K
[14.431s] gmake[2]: *** [CMakeFiles/rby1_movement_subscriber.dir/build.make:79: CMakeFiles/rby1_movement_subscriber.dir/src/rby1_movement_subscriber.cpp.o] Error 1
[14.431s] gmake[1]: *** [CMakeFiles/Makefile2:153: CMakeFiles/rby1_movement_subscriber.dir/all] Error 2
[14.432s] gmake: *** [Makefile:146: all] Error 2
[14.438s] Invoked command in '/home/nvidia/ros2_ws/src/rby1_movement/build/rby1_movement' returned '2': CMAKE_PREFIX_PATH=${CMAKE_PREFIX_PATH}:/home/nvidia/ros2_ws/install/keyboard_joy:/opt/ros/humble /usr/bin/cmake --build /home/nvidia/ros2_ws/src/rby1_movement/build/rby1_movement -- -j8 -l8
