[0.019s] Invoking command in '/home/nvidia/ros2_ws/src/ros2-keyboard/keyboard/build/keyboard': CMAKE_PREFIX_PATH=${CMAKE_PREFIX_PATH}:/opt/ros/humble /usr/bin/cmake /home/nvidia/ros2_ws/src/ros2-keyboard/keyboard -DCMAKE_INSTALL_PREFIX=/home/nvidia/ros2_ws/src/ros2-keyboard/keyboard/install/keyboard
[0.029s] [0mCMake Deprecation Warning at CMakeLists.txt:1 (cmake_minimum_required):
[0.030s]   Compatibility with CMake < 3.10 will be removed from a future version of
[0.030s]   CMake.
[0.030s] 
[0.030s]   Update the VERSION argument <min> value.  Or, use the <min>...<max> syntax
[0.030s]   to tell CMake that the project requires at least <min> but has been updated
[0.030s]   to work with policies introduced by <max> or earlier.
[0.030s] 
[0.030s] [0m
[0.239s] -- The C compiler identification is GNU 11.4.0
[0.405s] -- The CXX compiler identification is GNU 11.4.0
[0.437s] -- Detecting C compiler ABI info
[0.573s] -- Detecting C compiler ABI info - done
[0.620s] -- Check for working C compiler: /usr/bin/cc - skipped
[0.622s] -- Detecting C compile features
[0.624s] -- Detecting C compile features - done
[0.663s] -- Detecting CXX compiler ABI info
[0.817s] -- Detecting CXX compiler ABI info - done
[0.865s] -- Check for working CXX compiler: /usr/bin/c++ - skipped
[0.866s] -- Detecting CXX compile features
[0.868s] -- Detecting CXX compile features - done
[0.923s] -- Found ament_cmake: 1.3.11 (/opt/ros/humble/share/ament_cmake/cmake)
[1.241s] -- Found Python3: /usr/bin/python3 (found version "3.10.12") found components: Interpreter
[1.668s] -- Found rclcpp: 16.0.12 (/opt/ros/humble/share/rclcpp/cmake)
[1.848s] -- Found rosidl_generator_c: 3.1.6 (/opt/ros/humble/share/rosidl_generator_c/cmake)
[1.872s] -- Found rosidl_adapter: 3.1.6 (/opt/ros/humble/share/rosidl_adapter/cmake)
[1.907s] -- Found rosidl_generator_cpp: 3.1.6 (/opt/ros/humble/share/rosidl_generator_cpp/cmake)
[1.952s] -- Using all available rosidl_typesupport_c: rosidl_typesupport_fastrtps_c;rosidl_typesupport_introspection_c
[2.010s] -- Using all available rosidl_typesupport_cpp: rosidl_typesupport_fastrtps_cpp;rosidl_typesupport_introspection_cpp
[2.189s] -- Found rmw_implementation_cmake: 6.1.2 (/opt/ros/humble/share/rmw_implementation_cmake/cmake)
[2.204s] -- Found rmw_cyclonedds_cpp: 1.3.4 (/opt/ros/humble/share/rmw_cyclonedds_cpp/cmake)
[2.291s] -- Using RMW implementation 'rmw_cyclonedds_cpp' as default
[2.348s] -- Performing Test CMAKE_HAVE_LIBC_PTHREAD
[2.475s] -- Performing Test CMAKE_HAVE_LIBC_PTHREAD - Success
[2.478s] -- Found Threads: TRUE
[2.720s] -- Found SDL: /usr/lib/aarch64-linux-gnu/libSDLmain.a;/usr/lib/aarch64-linux-gnu/libSDL.so (found version "1.2.15")
[2.726s] -- Found keyboard_msgs: 1.0.0 (/home/nvidia/ros2_ws/install/keyboard_msgs/share/keyboard_msgs/cmake)
[2.774s] -- Found ament_lint_auto: 0.12.12 (/opt/ros/humble/share/ament_lint_auto/cmake)
[3.044s] -- Added test 'copyright' to check source files copyright and LICENSE
[3.055s] -- Added test 'cppcheck' to perform static code analysis on C / C++ code
[3.056s] -- Configured cppcheck include dirs: $<BUILD_INTERFACE:/home/nvidia/ros2_ws/src/ros2-keyboard/keyboard/include>
[3.056s] -- Configured cppcheck exclude dirs and/or files: 
[3.065s] -- Added test 'cpplint' to check C / C++ code against the Google style
[3.065s] -- Configured cpplint exclude dirs and/or files: 
[3.068s] -- Added test 'flake8' to check Python code syntax and style conventions
[3.071s] -- Added test 'lint_cmake' to check CMake code style
[3.073s] -- Added test 'pep257' to check Python code against some of the docstring style conventions in PEP 257
[3.083s] -- Added test 'uncrustify' to check C / C++ code style
[3.083s] -- Configured uncrustify additional arguments: 
[3.085s] -- Added test 'xmllint' to check XML markup files
[3.089s] -- Configuring done (3.1s)
[3.111s] -- Generating done (0.0s)
[3.116s] -- Build files have been written to: /home/nvidia/ros2_ws/src/ros2-keyboard/keyboard/build/keyboard
[3.136s] Invoked command in '/home/nvidia/ros2_ws/src/ros2-keyboard/keyboard/build/keyboard' returned '0': CMAKE_PREFIX_PATH=${CMAKE_PREFIX_PATH}:/opt/ros/humble /usr/bin/cmake /home/nvidia/ros2_ws/src/ros2-keyboard/keyboard -DCMAKE_INSTALL_PREFIX=/home/nvidia/ros2_ws/src/ros2-keyboard/keyboard/install/keyboard
[3.141s] Invoking command in '/home/nvidia/ros2_ws/src/ros2-keyboard/keyboard/build/keyboard': CMAKE_PREFIX_PATH=${CMAKE_PREFIX_PATH}:/opt/ros/humble /usr/bin/cmake --build /home/nvidia/ros2_ws/src/ros2-keyboard/keyboard/build/keyboard -- -j8 -l8
[3.198s] [ 50%] [32mBuilding CXX object CMakeFiles/keyboard.dir/src/keyboard.cpp.o[0m
[13.581s] [100%] [32m[1mLinking CXX executable keyboard[0m
[13.888s] [100%] Built target keyboard
[13.901s] Invoked command in '/home/nvidia/ros2_ws/src/ros2-keyboard/keyboard/build/keyboard' returned '0': CMAKE_PREFIX_PATH=${CMAKE_PREFIX_PATH}:/opt/ros/humble /usr/bin/cmake --build /home/nvidia/ros2_ws/src/ros2-keyboard/keyboard/build/keyboard -- -j8 -l8
[13.916s] Invoking command in '/home/nvidia/ros2_ws/src/ros2-keyboard/keyboard/build/keyboard': CMAKE_PREFIX_PATH=${CMAKE_PREFIX_PATH}:/opt/ros/humble /usr/bin/cmake --install /home/nvidia/ros2_ws/src/ros2-keyboard/keyboard/build/keyboard
[13.924s] -- Install configuration: "Release"
[13.924s] -- Installing: /home/nvidia/ros2_ws/src/ros2-keyboard/keyboard/install/keyboard/lib/keyboard/keyboard
[13.926s] -- Set non-toolchain portion of runtime path of "/home/nvidia/ros2_ws/src/ros2-keyboard/keyboard/install/keyboard/lib/keyboard/keyboard" to ""
[13.926s] -- Installing: /home/nvidia/ros2_ws/src/ros2-keyboard/keyboard/install/keyboard/lib/keyboard/keyboard_to_joy.py
[13.928s] -- Installing: /home/nvidia/ros2_ws/src/ros2-keyboard/keyboard/install/keyboard/share/keyboard/config
[13.928s] -- Installing: /home/nvidia/ros2_ws/src/ros2-keyboard/keyboard/install/keyboard/share/keyboard/config/mapping_config.yaml
[13.928s] -- Installing: /home/nvidia/ros2_ws/src/ros2-keyboard/keyboard/install/keyboard/share/keyboard/config/example_config.yaml
[13.928s] -- Installing: /home/nvidia/ros2_ws/src/ros2-keyboard/keyboard/install/keyboard/share/ament_index/resource_index/package_run_dependencies/keyboard
[13.929s] -- Installing: /home/nvidia/ros2_ws/src/ros2-keyboard/keyboard/install/keyboard/share/ament_index/resource_index/parent_prefix_path/keyboard
[13.929s] -- Installing: /home/nvidia/ros2_ws/src/ros2-keyboard/keyboard/install/keyboard/share/keyboard/environment/ament_prefix_path.sh
[13.929s] -- Installing: /home/nvidia/ros2_ws/src/ros2-keyboard/keyboard/install/keyboard/share/keyboard/environment/ament_prefix_path.dsv
[13.930s] -- Installing: /home/nvidia/ros2_ws/src/ros2-keyboard/keyboard/install/keyboard/share/keyboard/environment/path.sh
[13.930s] -- Installing: /home/nvidia/ros2_ws/src/ros2-keyboard/keyboard/install/keyboard/share/keyboard/environment/path.dsv
[13.930s] -- Installing: /home/nvidia/ros2_ws/src/ros2-keyboard/keyboard/install/keyboard/share/keyboard/local_setup.bash
[13.931s] -- Installing: /home/nvidia/ros2_ws/src/ros2-keyboard/keyboard/install/keyboard/share/keyboard/local_setup.sh
[13.931s] -- Installing: /home/nvidia/ros2_ws/src/ros2-keyboard/keyboard/install/keyboard/share/keyboard/local_setup.zsh
[13.931s] -- Installing: /home/nvidia/ros2_ws/src/ros2-keyboard/keyboard/install/keyboard/share/keyboard/local_setup.dsv
[13.931s] -- Installing: /home/nvidia/ros2_ws/src/ros2-keyboard/keyboard/install/keyboard/share/keyboard/package.dsv
[13.932s] -- Installing: /home/nvidia/ros2_ws/src/ros2-keyboard/keyboard/install/keyboard/share/ament_index/resource_index/packages/keyboard
[13.932s] -- Installing: /home/nvidia/ros2_ws/src/ros2-keyboard/keyboard/install/keyboard/share/keyboard/cmake/keyboardConfig.cmake
[13.932s] -- Installing: /home/nvidia/ros2_ws/src/ros2-keyboard/keyboard/install/keyboard/share/keyboard/cmake/keyboardConfig-version.cmake
[13.932s] -- Installing: /home/nvidia/ros2_ws/src/ros2-keyboard/keyboard/install/keyboard/share/keyboard/package.xml
[13.935s] Invoked command in '/home/nvidia/ros2_ws/src/ros2-keyboard/keyboard/build/keyboard' returned '0': CMAKE_PREFIX_PATH=${CMAKE_PREFIX_PATH}:/opt/ros/humble /usr/bin/cmake --install /home/nvidia/ros2_ws/src/ros2-keyboard/keyboard/build/keyboard
