[01m[K/home/nvidia/ros2_ws/src/rby1_movement/src/rby1_movement_subscriber.cpp:[m[K In constructor ‘[01m[KRBY1_Movement::RBY1_Movement(std::shared_ptr<rb::Robot<rb::y1_model::A> >, std::unique_ptr<rb::RobotCommandStreamHandler<rb::y1_model::A> >)[m[K’:
[01m[K/home/nvidia/ros2_ws/src/rby1_movement/src/rby1_movement_subscriber.cpp:24:9:[m[K [01;31m[Kerror: [m[Kuse of deleted function ‘[01m[Kstd::unique_ptr<_Tp, _Dp>::unique_ptr(const std::unique_ptr<_Tp, _Dp>&) [with _Tp = rb::RobotCommandStreamHandler<rb::y1_model::A>; _Dp = std::default_delete<rb::RobotCommandStreamHandler<rb::y1_model::A> >][m[K’
   24 |         [01;31m[Kstream(stream)[m[K {
      |         [01;31m[K^~~~~~~~~~~~~~[m[K
In file included from [01m[K/usr/include/c++/11/bits/locale_conv.h:41[m[K,
                 from [01m[K/usr/include/c++/11/locale:43[m[K,
                 from [01m[K/usr/include/c++/11/iomanip:43[m[K,
                 from [01m[K/home/nvidia/ros2_ws/src/rby1_movement/src/rby1_movement_subscriber.cpp:1[m[K:
[01m[K/usr/include/c++/11/bits/unique_ptr.h:468:7:[m[K [01;36m[Knote: [m[Kdeclared here
  468 |       [01;36m[Kunique_ptr[m[K(const unique_ptr&) = delete;
      |       [01;36m[K^~~~~~~~~~[m[K
In file included from [01m[K/usr/include/aarch64-linux-gnu/c++/11/bits/c++allocator.h:33[m[K,
                 from [01m[K/usr/include/c++/11/bits/allocator.h:46[m[K,
                 from [01m[K/usr/include/c++/11/string:41[m[K,
                 from [01m[K/usr/include/c++/11/bits/locale_classes.h:40[m[K,
                 from [01m[K/usr/include/c++/11/bits/ios_base.h:41[m[K,
                 from [01m[K/usr/include/c++/11/iomanip:40[m[K,
                 from [01m[K/home/nvidia/ros2_ws/src/rby1_movement/src/rby1_movement_subscriber.cpp:1[m[K:
/usr/include/c++/11/ext/new_allocator.h: In instantiation of ‘[01m[Kvoid __gnu_cxx::new_allocator<_Tp>::construct(_Up*, _Args&& ...) [with _Up = RBY1_Movement; _Args = {std::shared_ptr<rb::Robot<rb::y1_model::A> >&, std::unique_ptr<rb::RobotCommandStreamHandler<rb::y1_model::A>, std::default_delete<rb::RobotCommandStreamHandler<rb::y1_model::A> > >&}; _Tp = RBY1_Movement][m[K’:
[01m[K/usr/include/c++/11/bits/alloc_traits.h:516:17:[m[K   required from ‘[01m[Kstatic void std::allocator_traits<std::allocator<_CharT> >::construct(std::allocator_traits<std::allocator<_CharT> >::allocator_type&, _Up*, _Args&& ...) [with _Up = RBY1_Movement; _Args = {std::shared_ptr<rb::Robot<rb::y1_model::A> >&, std::unique_ptr<rb::RobotCommandStreamHandler<rb::y1_model::A>, std::default_delete<rb::RobotCommandStreamHandler<rb::y1_model::A> > >&}; _Tp = RBY1_Movement; std::allocator_traits<std::allocator<_CharT> >::allocator_type = std::allocator<RBY1_Movement>][m[K’
[01m[K/usr/include/c++/11/bits/shared_ptr_base.h:519:39:[m[K   required from ‘[01m[Kstd::_Sp_counted_ptr_inplace<_Tp, _Alloc, _Lp>::_Sp_counted_ptr_inplace(_Alloc, _Args&& ...) [with _Args = {std::shared_ptr<rb::Robot<rb::y1_model::A> >&, std::unique_ptr<rb::RobotCommandStreamHandler<rb::y1_model::A>, std::default_delete<rb::RobotCommandStreamHandler<rb::y1_model::A> > >&}; _Tp = RBY1_Movement; _Alloc = std::allocator<RBY1_Movement>; __gnu_cxx::_Lock_policy _Lp = __gnu_cxx::_S_atomic][m[K’
[01m[K/usr/include/c++/11/bits/shared_ptr_base.h:650:16:[m[K   required from ‘[01m[Kstd::__shared_count<_Lp>::__shared_count(_Tp*&, std::_Sp_alloc_shared_tag<_Alloc>, _Args&& ...) [with _Tp = RBY1_Movement; _Alloc = std::allocator<RBY1_Movement>; _Args = {std::shared_ptr<rb::Robot<rb::y1_model::A> >&, std::unique_ptr<rb::RobotCommandStreamHandler<rb::y1_model::A>, std::default_delete<rb::RobotCommandStreamHandler<rb::y1_model::A> > >&}; __gnu_cxx::_Lock_policy _Lp = __gnu_cxx::_S_atomic][m[K’
[01m[K/usr/include/c++/11/bits/shared_ptr_base.h:1342:14:[m[K   required from ‘[01m[Kstd::__shared_ptr<_Tp, _Lp>::__shared_ptr(std::_Sp_alloc_shared_tag<_Tp>, _Args&& ...) [with _Alloc = std::allocator<RBY1_Movement>; _Args = {std::shared_ptr<rb::Robot<rb::y1_model::A> >&, std::unique_ptr<rb::RobotCommandStreamHandler<rb::y1_model::A>, std::default_delete<rb::RobotCommandStreamHandler<rb::y1_model::A> > >&}; _Tp = RBY1_Movement; __gnu_cxx::_Lock_policy _Lp = __gnu_cxx::_S_atomic][m[K’
[01m[K/usr/include/c++/11/bits/shared_ptr.h:409:59:[m[K   required from ‘[01m[Kstd::shared_ptr<_Tp>::shared_ptr(std::_Sp_alloc_shared_tag<_Tp>, _Args&& ...) [with _Alloc = std::allocator<RBY1_Movement>; _Args = {std::shared_ptr<rb::Robot<rb::y1_model::A> >&, std::unique_ptr<rb::RobotCommandStreamHandler<rb::y1_model::A>, std::default_delete<rb::RobotCommandStreamHandler<rb::y1_model::A> > >&}; _Tp = RBY1_Movement][m[K’
[01m[K/usr/include/c++/11/bits/shared_ptr.h:862:14:[m[K   required from ‘[01m[Kstd::shared_ptr<_Tp> std::allocate_shared(const _Alloc&, _Args&& ...) [with _Tp = RBY1_Movement; _Alloc = std::allocator<RBY1_Movement>; _Args = {std::shared_ptr<rb::Robot<rb::y1_model::A> >&, std::unique_ptr<rb::RobotCommandStreamHandler<rb::y1_model::A>, std::default_delete<rb::RobotCommandStreamHandler<rb::y1_model::A> > >&}][m[K’
[01m[K/usr/include/c++/11/bits/shared_ptr.h:878:39:[m[K   required from ‘[01m[Kstd::shared_ptr<_Tp> std::make_shared(_Args&& ...) [with _Tp = RBY1_Movement; _Args = {std::shared_ptr<rb::Robot<rb::y1_model::A> >&, std::unique_ptr<rb::RobotCommandStreamHandler<rb::y1_model::A>, std::default_delete<rb::RobotCommandStreamHandler<rb::y1_model::A> > >&}][m[K’
[01m[K/home/nvidia/ros2_ws/src/rby1_movement/src/rby1_movement_subscriber.cpp:136:49:[m[K   required from here
[01m[K/usr/include/c++/11/ext/new_allocator.h:162:11:[m[K [01;31m[Kerror: [m[Kuse of deleted function ‘[01m[Kstd::unique_ptr<_Tp, _Dp>::unique_ptr(const std::unique_ptr<_Tp, _Dp>&) [with _Tp = rb::RobotCommandStreamHandler<rb::y1_model::A>; _Dp = std::default_delete<rb::RobotCommandStreamHandler<rb::y1_model::A> >][m[K’
  162 |         { [01;31m[K::new((void *)__p) _Up(std::forward<_Args>(__args)...)[m[K; }
      |           [01;31m[K^~~~~~~~~~~~~~~~~~~~~~~~~~~~~~~~~~~~~~~~~~~~~~~~~~~~~~[m[K
In file included from [01m[K/usr/include/c++/11/bits/locale_conv.h:41[m[K,
                 from [01m[K/usr/include/c++/11/locale:43[m[K,
                 from [01m[K/usr/include/c++/11/iomanip:43[m[K,
                 from [01m[K/home/nvidia/ros2_ws/src/rby1_movement/src/rby1_movement_subscriber.cpp:1[m[K:
[01m[K/usr/include/c++/11/bits/unique_ptr.h:468:7:[m[K [01;36m[Knote: [m[Kdeclared here
  468 |       [01;36m[Kunique_ptr[m[K(const unique_ptr&) = delete;
      |       [01;36m[K^~~~~~~~~~[m[K
[01m[K/home/nvidia/ros2_ws/src/rby1_movement/src/rby1_movement_subscriber.cpp:21:127:[m[K [01;36m[Knote: [m[K  initializing argument 2 of ‘[01m[KRBY1_Movement::RBY1_Movement(std::shared_ptr<rb::Robot<rb::y1_model::A> >, std::unique_ptr<rb::RobotCommandStreamHandler<rb::y1_model::A> >)[m[K’
   21 | [01;36m[KmmandStreamHandler<y1_model::A>> stream[m[K) :
      | [01;36m[K~~~~~~~~~~~~~~~~~~~~~~~~~~~~~~~~~^~~~~~[m[K

gmake[2]: *** [CMakeFiles/rby1_movement_subscriber.dir/build.make:79: CMakeFiles/rby1_movement_subscriber.dir/src/rby1_movement_subscriber.cpp.o] Error 1
gmake[1]: *** [CMakeFiles/Makefile2:153: CMakeFiles/rby1_movement_subscriber.dir/all] Error 2
gmake: *** [Makefile:146: all] Error 2
