[0.030s] Invoking command in '/home/nvidia/ros2_ws/src/rby1_base_movement/build/rby1_base_movement': CMAKE_PREFIX_PATH=${CMAKE_PREFIX_PATH}:/home/nvidia/ros2_ws/src/install/launch_param_builder:/home/nvidia/ros2_ws/src/install/keyboard_joy:/home/nvidia/ros2_ws/install/launch_param_builder:/home/nvidia/ros2_ws/install/keyboard_joy:/opt/ros/humble /usr/bin/cmake --build /home/nvidia/ros2_ws/src/rby1_base_movement/build/rby1_base_movement -- -j8 -l8
[0.105s] [100%] Built target rby1_base_movement_subscriber
[0.121s] Invoked command in '/home/nvidia/ros2_ws/src/rby1_base_movement/build/rby1_base_movement' returned '0': CMAKE_PREFIX_PATH=${CMAKE_PREFIX_PATH}:/home/nvidia/ros2_ws/src/install/launch_param_builder:/home/nvidia/ros2_ws/src/install/keyboard_joy:/home/nvidia/ros2_ws/install/launch_param_builder:/home/nvidia/ros2_ws/install/keyboard_joy:/opt/ros/humble /usr/bin/cmake --build /home/nvidia/ros2_ws/src/rby1_base_movement/build/rby1_base_movement -- -j8 -l8
[0.137s] Invoking command in '/home/nvidia/ros2_ws/src/rby1_base_movement/build/rby1_base_movement': CMAKE_PREFIX_PATH=${CMAKE_PREFIX_PATH}:/home/nvidia/ros2_ws/src/install/launch_param_builder:/home/nvidia/ros2_ws/src/install/keyboard_joy:/home/nvidia/ros2_ws/install/launch_param_builder:/home/nvidia/ros2_ws/install/keyboard_joy:/opt/ros/humble /usr/bin/cmake --install /home/nvidia/ros2_ws/src/rby1_base_movement/build/rby1_base_movement
[0.148s] -- Install configuration: ""
[0.149s] -- Up-to-date: /home/nvidia/ros2_ws/src/rby1_base_movement/install/rby1_base_movement/lib/rby1_base_movement/rby1_base_movement_subscriber
[0.150s] -- Up-to-date: /home/nvidia/ros2_ws/src/rby1_base_movement/install/rby1_base_movement/share/rby1_base_movement//launch
[0.150s] -- Up-to-date: /home/nvidia/ros2_ws/src/rby1_base_movement/install/rby1_base_movement/share/rby1_base_movement//launch/control_base.launch.py
[0.150s] -- Up-to-date: /home/nvidia/ros2_ws/src/rby1_base_movement/install/rby1_base_movement/share/rby1_base_movement//launch/movement.launch.py
[0.150s] -- Up-to-date: /home/nvidia/ros2_ws/src/rby1_base_movement/install/rby1_base_movement/share/ament_index/resource_index/package_run_dependencies/rby1_base_movement
[0.151s] -- Up-to-date: /home/nvidia/ros2_ws/src/rby1_base_movement/install/rby1_base_movement/share/ament_index/resource_index/parent_prefix_path/rby1_base_movement
[0.151s] -- Up-to-date: /home/nvidia/ros2_ws/src/rby1_base_movement/install/rby1_base_movement/share/rby1_base_movement/environment/ament_prefix_path.sh
[0.151s] -- Up-to-date: /home/nvidia/ros2_ws/src/rby1_base_movement/install/rby1_base_movement/share/rby1_base_movement/environment/ament_prefix_path.dsv
[0.151s] -- Up-to-date: /home/nvidia/ros2_ws/src/rby1_base_movement/install/rby1_base_movement/share/rby1_base_movement/environment/path.sh
[0.151s] -- Up-to-date: /home/nvidia/ros2_ws/src/rby1_base_movement/install/rby1_base_movement/share/rby1_base_movement/environment/path.dsv
[0.151s] -- Up-to-date: /home/nvidia/ros2_ws/src/rby1_base_movement/install/rby1_base_movement/share/rby1_base_movement/local_setup.bash
[0.152s] -- Up-to-date: /home/nvidia/ros2_ws/src/rby1_base_movement/install/rby1_base_movement/share/rby1_base_movement/local_setup.sh
[0.152s] -- Up-to-date: /home/nvidia/ros2_ws/src/rby1_base_movement/install/rby1_base_movement/share/rby1_base_movement/local_setup.zsh
[0.152s] -- Up-to-date: /home/nvidia/ros2_ws/src/rby1_base_movement/install/rby1_base_movement/share/rby1_base_movement/local_setup.dsv
[0.152s] -- Installing: /home/nvidia/ros2_ws/src/rby1_base_movement/install/rby1_base_movement/share/rby1_base_movement/package.dsv
[0.152s] -- Up-to-date: /home/nvidia/ros2_ws/src/rby1_base_movement/install/rby1_base_movement/share/ament_index/resource_index/packages/rby1_base_movement
[0.152s] -- Up-to-date: /home/nvidia/ros2_ws/src/rby1_base_movement/install/rby1_base_movement/share/rby1_base_movement/cmake/rby1_base_movementConfig.cmake
[0.153s] -- Up-to-date: /home/nvidia/ros2_ws/src/rby1_base_movement/install/rby1_base_movement/share/rby1_base_movement/cmake/rby1_base_movementConfig-version.cmake
[0.153s] -- Up-to-date: /home/nvidia/ros2_ws/src/rby1_base_movement/install/rby1_base_movement/share/rby1_base_movement/package.xml
[0.156s] Invoked command in '/home/nvidia/ros2_ws/src/rby1_base_movement/build/rby1_base_movement' returned '0': CMAKE_PREFIX_PATH=${CMAKE_PREFIX_PATH}:/home/nvidia/ros2_ws/src/install/launch_param_builder:/home/nvidia/ros2_ws/src/install/keyboard_joy:/home/nvidia/ros2_ws/install/launch_param_builder:/home/nvidia/ros2_ws/install/keyboard_joy:/opt/ros/humble /usr/bin/cmake --install /home/nvidia/ros2_ws/src/rby1_base_movement/build/rby1_base_movement
