[100%] Built target rby1_base_movement_subscriber
-- Install configuration: ""
-- Up-to-date: /home/nvidia/ros2_ws/src/rby1_base_movement/install/rby1_base_movement/lib/rby1_base_movement/rby1_base_movement_subscriber
-- Up-to-date: /home/nvidia/ros2_ws/src/rby1_base_movement/install/rby1_base_movement/share/rby1_base_movement//launch
-- Up-to-date: /home/nvidia/ros2_ws/src/rby1_base_movement/install/rby1_base_movement/share/rby1_base_movement//launch/control_base.launch.py
-- Up-to-date: /home/nvidia/ros2_ws/src/rby1_base_movement/install/rby1_base_movement/share/rby1_base_movement//launch/movement.launch.py
-- Up-to-date: /home/nvidia/ros2_ws/src/rby1_base_movement/install/rby1_base_movement/share/ament_index/resource_index/package_run_dependencies/rby1_base_movement
-- Up-to-date: /home/nvidia/ros2_ws/src/rby1_base_movement/install/rby1_base_movement/share/ament_index/resource_index/parent_prefix_path/rby1_base_movement
-- Up-to-date: /home/nvidia/ros2_ws/src/rby1_base_movement/install/rby1_base_movement/share/rby1_base_movement/environment/ament_prefix_path.sh
-- Up-to-date: /home/nvidia/ros2_ws/src/rby1_base_movement/install/rby1_base_movement/share/rby1_base_movement/environment/ament_prefix_path.dsv
-- Up-to-date: /home/nvidia/ros2_ws/src/rby1_base_movement/install/rby1_base_movement/share/rby1_base_movement/environment/path.sh
-- Up-to-date: /home/nvidia/ros2_ws/src/rby1_base_movement/install/rby1_base_movement/share/rby1_base_movement/environment/path.dsv
-- Up-to-date: /home/nvidia/ros2_ws/src/rby1_base_movement/install/rby1_base_movement/share/rby1_base_movement/local_setup.bash
-- Up-to-date: /home/nvidia/ros2_ws/src/rby1_base_movement/install/rby1_base_movement/share/rby1_base_movement/local_setup.sh
-- Up-to-date: /home/nvidia/ros2_ws/src/rby1_base_movement/install/rby1_base_movement/share/rby1_base_movement/local_setup.zsh
-- Up-to-date: /home/nvidia/ros2_ws/src/rby1_base_movement/install/rby1_base_movement/share/rby1_base_movement/local_setup.dsv
-- Installing: /home/nvidia/ros2_ws/src/rby1_base_movement/install/rby1_base_movement/share/rby1_base_movement/package.dsv
-- Up-to-date: /home/nvidia/ros2_ws/src/rby1_base_movement/install/rby1_base_movement/share/ament_index/resource_index/packages/rby1_base_movement
-- Up-to-date: /home/nvidia/ros2_ws/src/rby1_base_movement/install/rby1_base_movement/share/rby1_base_movement/cmake/rby1_base_movementConfig.cmake
-- Up-to-date: /home/nvidia/ros2_ws/src/rby1_base_movement/install/rby1_base_movement/share/rby1_base_movement/cmake/rby1_base_movementConfig-version.cmake
-- Up-to-date: /home/nvidia/ros2_ws/src/rby1_base_movement/install/rby1_base_movement/share/rby1_base_movement/package.xml
