[0.201s] DEBUG:colcon:Command line arguments: ['/usr/bin/colcon', 'build']
[0.201s] DEBUG:colcon:Parsed command line arguments: Namespace(log_base=None, log_level=None, verb_name='build', build_base='build', install_base='install', merge_install=False, symlink_install=False, test_result_base=None, continue_on_error=False, executor='parallel', parallel_workers=8, event_handlers=None, ignore_user_meta=False, metas=['./colcon.meta'], base_paths=['.'], packages_ignore=None, packages_ignore_regex=None, paths=None, packages_up_to=None, packages_up_to_regex=None, packages_above=None, packages_above_and_dependencies=None, packages_above_depth=None, packages_select_by_dep=None, packages_skip_by_dep=None, packages_skip_up_to=None, packages_select_build_failed=False, packages_skip_build_finished=False, packages_select_test_failures=False, packages_skip_test_passed=False, packages_select=None, packages_skip=None, packages_select_regex=None, packages_skip_regex=None, packages_start=None, packages_end=None, allow_overriding=[], cmake_args=None, cmake_target=None, cmake_target_skip_unavailable=False, cmake_clean_cache=False, cmake_clean_first=False, cmake_force_configure=False, ament_cmake_args=None, catkin_cmake_args=None, catkin_skip_building_tests=False, mixin_files=None, mixin=None, verb_parser=<colcon_mixin.mixin.mixin_argument.MixinArgumentDecorator object at 0xffffb97a5f00>, verb_extension=<colcon_core.verb.build.BuildVerb object at 0xffffb97a5930>, main=<bound method BuildVerb.main of <colcon_core.verb.build.BuildVerb object at 0xffffb97a5930>>, mixin_verb=('build',))
[0.510s] Level 1:colcon.colcon_core.package_discovery:discover_packages(colcon_meta) check parameters
[0.510s] Level 1:colcon.colcon_core.package_discovery:discover_packages(recursive) check parameters
[0.510s] Level 1:colcon.colcon_core.package_discovery:discover_packages(ignore) check parameters
[0.511s] Level 1:colcon.colcon_core.package_discovery:discover_packages(path) check parameters
[0.511s] Level 1:colcon.colcon_core.package_discovery:discover_packages(colcon_meta) discover
[0.511s] Level 1:colcon.colcon_core.package_discovery:discover_packages(recursive) discover
[0.511s] INFO:colcon.colcon_core.package_discovery:Crawling recursively for packages in '/home/nvidia/ros2_ws/src/ros2-keyboard/keyboard'
[0.511s] Level 1:colcon.colcon_core.package_identification:_identify(.) by extensions ['ignore', 'ignore_ament_install']
[0.511s] Level 1:colcon.colcon_core.package_identification:_identify(.) by extension 'ignore'
[0.511s] Level 1:colcon.colcon_core.package_identification:_identify(.) by extension 'ignore_ament_install'
[0.511s] Level 1:colcon.colcon_core.package_identification:_identify(.) by extensions ['colcon_pkg']
[0.512s] Level 1:colcon.colcon_core.package_identification:_identify(.) by extension 'colcon_pkg'
[0.512s] Level 1:colcon.colcon_core.package_identification:_identify(.) by extensions ['colcon_meta']
[0.512s] Level 1:colcon.colcon_core.package_identification:_identify(.) by extension 'colcon_meta'
[0.512s] Level 1:colcon.colcon_core.package_identification:_identify(.) by extensions ['ros']
[0.512s] Level 1:colcon.colcon_core.package_identification:_identify(.) by extension 'ros'
[0.535s] DEBUG:colcon.colcon_core.package_identification:Package '.' with type 'ros.ament_cmake' and name 'keyboard'
[0.536s] Level 1:colcon.colcon_core.package_discovery:discover_packages(recursive) using defaults
[0.536s] Level 1:colcon.colcon_core.package_discovery:discover_packages(ignore) discover
[0.536s] Level 1:colcon.colcon_core.package_discovery:discover_packages(ignore) using defaults
[0.536s] Level 1:colcon.colcon_core.package_discovery:discover_packages(path) discover
[0.536s] Level 1:colcon.colcon_core.package_discovery:discover_packages(path) using defaults
[0.599s] Level 1:colcon.colcon_core.package_discovery:discover_packages(prefix_path) check parameters
[0.599s] Level 1:colcon.colcon_core.package_discovery:discover_packages(prefix_path) discover
[0.603s] DEBUG:colcon.colcon_installed_package_information.package_discovery:Found 1 installed packages in /home/nvidia/ros2_ws/src/ros2-keyboard/keyboard/install
[0.604s] DEBUG:colcon.colcon_installed_package_information.package_discovery:Found 1 installed packages in /home/nvidia/ros2_ws/src/rby1_movement/install
[0.605s] DEBUG:colcon.colcon_installed_package_information.package_discovery:Found 14 installed packages in /home/nvidia/ros2_ws/install
[0.608s] DEBUG:colcon.colcon_installed_package_information.package_discovery:Found 293 installed packages in /opt/ros/humble
[0.610s] Level 1:colcon.colcon_core.package_discovery:discover_packages(prefix_path) using defaults
[0.680s] Level 5:colcon.colcon_core.verb:set package 'keyboard' build argument 'cmake_args' from command line to 'None'
[0.680s] Level 5:colcon.colcon_core.verb:set package 'keyboard' build argument 'cmake_target' from command line to 'None'
[0.680s] Level 5:colcon.colcon_core.verb:set package 'keyboard' build argument 'cmake_target_skip_unavailable' from command line to 'False'
[0.680s] Level 5:colcon.colcon_core.verb:set package 'keyboard' build argument 'cmake_clean_cache' from command line to 'False'
[0.681s] Level 5:colcon.colcon_core.verb:set package 'keyboard' build argument 'cmake_clean_first' from command line to 'False'
[0.681s] Level 5:colcon.colcon_core.verb:set package 'keyboard' build argument 'cmake_force_configure' from command line to 'False'
[0.681s] Level 5:colcon.colcon_core.verb:set package 'keyboard' build argument 'ament_cmake_args' from command line to 'None'
[0.681s] Level 5:colcon.colcon_core.verb:set package 'keyboard' build argument 'catkin_cmake_args' from command line to 'None'
[0.681s] Level 5:colcon.colcon_core.verb:set package 'keyboard' build argument 'catkin_skip_building_tests' from command line to 'False'
[0.681s] DEBUG:colcon.colcon_core.verb:Building package 'keyboard' with the following arguments: {'ament_cmake_args': None, 'build_base': '/home/nvidia/ros2_ws/src/ros2-keyboard/keyboard/build/keyboard', 'catkin_cmake_args': None, 'catkin_skip_building_tests': False, 'cmake_args': None, 'cmake_clean_cache': False, 'cmake_clean_first': False, 'cmake_force_configure': False, 'cmake_target': None, 'cmake_target_skip_unavailable': False, 'install_base': '/home/nvidia/ros2_ws/src/ros2-keyboard/keyboard/install/keyboard', 'merge_install': False, 'path': '/home/nvidia/ros2_ws/src/ros2-keyboard/keyboard', 'symlink_install': False, 'test_result_base': None}
[0.681s] INFO:colcon.colcon_core.executor:Executing jobs using 'parallel' executor
[0.683s] DEBUG:colcon.colcon_parallel_executor.executor.parallel:run_until_complete
[0.684s] INFO:colcon.colcon_ros.task.ament_cmake.build:Building ROS package in '/home/nvidia/ros2_ws/src/ros2-keyboard/keyboard' with build type 'ament_cmake'
[0.684s] INFO:colcon.colcon_cmake.task.cmake.build:Building CMake package in '/home/nvidia/ros2_ws/src/ros2-keyboard/keyboard'
[0.688s] INFO:colcon.colcon_core.plugin_system:Skipping extension 'colcon_core.shell.bat': Not used on non-Windows systems
[0.688s] INFO:colcon.colcon_core.shell:Skip shell extension 'powershell' for command environment: Not usable outside of PowerShell
[0.688s] DEBUG:colcon.colcon_core.shell:Skip shell extension 'dsv' for command environment
[0.707s] DEBUG:colcon.colcon_core.event_handler.log_command:Invoking command in '/home/nvidia/ros2_ws/src/ros2-keyboard/keyboard/build/keyboard': CMAKE_PREFIX_PATH=${CMAKE_PREFIX_PATH}:/opt/ros/humble /usr/bin/cmake --build /home/nvidia/ros2_ws/src/ros2-keyboard/keyboard/build/keyboard -- -j8 -l8
[0.783s] DEBUG:colcon.colcon_core.event_handler.log_command:Invoked command in '/home/nvidia/ros2_ws/src/ros2-keyboard/keyboard/build/keyboard' returned '0': CMAKE_PREFIX_PATH=${CMAKE_PREFIX_PATH}:/opt/ros/humble /usr/bin/cmake --build /home/nvidia/ros2_ws/src/ros2-keyboard/keyboard/build/keyboard -- -j8 -l8
[0.795s] DEBUG:colcon.colcon_core.event_handler.log_command:Invoking command in '/home/nvidia/ros2_ws/src/ros2-keyboard/keyboard/build/keyboard': CMAKE_PREFIX_PATH=${CMAKE_PREFIX_PATH}:/opt/ros/humble /usr/bin/cmake --install /home/nvidia/ros2_ws/src/ros2-keyboard/keyboard/build/keyboard
[0.812s] Level 1:colcon.colcon_core.environment:create_environment_scripts_only(keyboard)
[0.813s] DEBUG:colcon.colcon_core.event_handler.log_command:Invoked command in '/home/nvidia/ros2_ws/src/ros2-keyboard/keyboard/build/keyboard' returned '0': CMAKE_PREFIX_PATH=${CMAKE_PREFIX_PATH}:/opt/ros/humble /usr/bin/cmake --install /home/nvidia/ros2_ws/src/ros2-keyboard/keyboard/build/keyboard
[0.819s] Level 1:colcon.colcon_core.environment:checking '/home/nvidia/ros2_ws/src/ros2-keyboard/keyboard/install/keyboard' for CMake module files
[0.820s] Level 1:colcon.colcon_core.environment:checking '/home/nvidia/ros2_ws/src/ros2-keyboard/keyboard/install/keyboard' for CMake config files
[0.821s] Level 1:colcon.colcon_core.shell:create_environment_hook('keyboard', 'cmake_prefix_path')
[0.822s] INFO:colcon.colcon_core.shell:Creating environment hook '/home/nvidia/ros2_ws/src/ros2-keyboard/keyboard/install/keyboard/share/keyboard/hook/cmake_prefix_path.ps1'
[0.824s] INFO:colcon.colcon_core.shell:Creating environment descriptor '/home/nvidia/ros2_ws/src/ros2-keyboard/keyboard/install/keyboard/share/keyboard/hook/cmake_prefix_path.dsv'
[0.825s] INFO:colcon.colcon_core.shell:Creating environment hook '/home/nvidia/ros2_ws/src/ros2-keyboard/keyboard/install/keyboard/share/keyboard/hook/cmake_prefix_path.sh'
[0.829s] Level 1:colcon.colcon_core.environment:checking '/home/nvidia/ros2_ws/src/ros2-keyboard/keyboard/install/keyboard/lib'
[0.829s] Level 1:colcon.colcon_core.environment:checking '/home/nvidia/ros2_ws/src/ros2-keyboard/keyboard/install/keyboard/bin'
[0.829s] Level 1:colcon.colcon_core.environment:checking '/home/nvidia/ros2_ws/src/ros2-keyboard/keyboard/install/keyboard/lib/pkgconfig/keyboard.pc'
[0.830s] Level 1:colcon.colcon_core.environment:checking '/home/nvidia/ros2_ws/src/ros2-keyboard/keyboard/install/keyboard/lib/python3.10/site-packages'
[0.831s] Level 1:colcon.colcon_core.environment:checking '/home/nvidia/ros2_ws/src/ros2-keyboard/keyboard/install/keyboard/bin'
[0.832s] INFO:colcon.colcon_core.shell:Creating package script '/home/nvidia/ros2_ws/src/ros2-keyboard/keyboard/install/keyboard/share/keyboard/package.ps1'
[0.834s] INFO:colcon.colcon_core.shell:Creating package descriptor '/home/nvidia/ros2_ws/src/ros2-keyboard/keyboard/install/keyboard/share/keyboard/package.dsv'
[0.836s] INFO:colcon.colcon_core.shell:Creating package script '/home/nvidia/ros2_ws/src/ros2-keyboard/keyboard/install/keyboard/share/keyboard/package.sh'
[0.838s] INFO:colcon.colcon_core.shell:Creating package script '/home/nvidia/ros2_ws/src/ros2-keyboard/keyboard/install/keyboard/share/keyboard/package.bash'
[0.840s] INFO:colcon.colcon_core.shell:Creating package script '/home/nvidia/ros2_ws/src/ros2-keyboard/keyboard/install/keyboard/share/keyboard/package.zsh'
[0.842s] Level 1:colcon.colcon_core.environment:create_file_with_runtime_dependencies(/home/nvidia/ros2_ws/src/ros2-keyboard/keyboard/install/keyboard/share/colcon-core/packages/keyboard)
[0.844s] Level 1:colcon.colcon_core.environment:create_environment_scripts_only(keyboard)
[0.844s] Level 1:colcon.colcon_core.environment:checking '/home/nvidia/ros2_ws/src/ros2-keyboard/keyboard/install/keyboard' for CMake module files
[0.846s] Level 1:colcon.colcon_core.environment:checking '/home/nvidia/ros2_ws/src/ros2-keyboard/keyboard/install/keyboard' for CMake config files
[0.846s] Level 1:colcon.colcon_core.shell:create_environment_hook('keyboard', 'cmake_prefix_path')
[0.847s] INFO:colcon.colcon_core.shell:Creating environment hook '/home/nvidia/ros2_ws/src/ros2-keyboard/keyboard/install/keyboard/share/keyboard/hook/cmake_prefix_path.ps1'
[0.848s] INFO:colcon.colcon_core.shell:Creating environment descriptor '/home/nvidia/ros2_ws/src/ros2-keyboard/keyboard/install/keyboard/share/keyboard/hook/cmake_prefix_path.dsv'
[0.849s] INFO:colcon.colcon_core.shell:Creating environment hook '/home/nvidia/ros2_ws/src/ros2-keyboard/keyboard/install/keyboard/share/keyboard/hook/cmake_prefix_path.sh'
[0.850s] Level 1:colcon.colcon_core.environment:checking '/home/nvidia/ros2_ws/src/ros2-keyboard/keyboard/install/keyboard/lib'
[0.851s] Level 1:colcon.colcon_core.environment:checking '/home/nvidia/ros2_ws/src/ros2-keyboard/keyboard/install/keyboard/bin'
[0.851s] Level 1:colcon.colcon_core.environment:checking '/home/nvidia/ros2_ws/src/ros2-keyboard/keyboard/install/keyboard/lib/pkgconfig/keyboard.pc'
[0.851s] Level 1:colcon.colcon_core.environment:checking '/home/nvidia/ros2_ws/src/ros2-keyboard/keyboard/install/keyboard/lib/python3.10/site-packages'
[0.852s] Level 1:colcon.colcon_core.environment:checking '/home/nvidia/ros2_ws/src/ros2-keyboard/keyboard/install/keyboard/bin'
[0.853s] INFO:colcon.colcon_core.shell:Creating package script '/home/nvidia/ros2_ws/src/ros2-keyboard/keyboard/install/keyboard/share/keyboard/package.ps1'
[0.854s] INFO:colcon.colcon_core.shell:Creating package descriptor '/home/nvidia/ros2_ws/src/ros2-keyboard/keyboard/install/keyboard/share/keyboard/package.dsv'
[0.855s] INFO:colcon.colcon_core.shell:Creating package script '/home/nvidia/ros2_ws/src/ros2-keyboard/keyboard/install/keyboard/share/keyboard/package.sh'
[0.856s] INFO:colcon.colcon_core.shell:Creating package script '/home/nvidia/ros2_ws/src/ros2-keyboard/keyboard/install/keyboard/share/keyboard/package.bash'
[0.857s] INFO:colcon.colcon_core.shell:Creating package script '/home/nvidia/ros2_ws/src/ros2-keyboard/keyboard/install/keyboard/share/keyboard/package.zsh'
[0.858s] Level 1:colcon.colcon_core.environment:create_file_with_runtime_dependencies(/home/nvidia/ros2_ws/src/ros2-keyboard/keyboard/install/keyboard/share/colcon-core/packages/keyboard)
[0.859s] DEBUG:colcon.colcon_parallel_executor.executor.parallel:closing loop
[0.860s] DEBUG:colcon.colcon_parallel_executor.executor.parallel:loop closed
[0.860s] DEBUG:colcon.colcon_parallel_executor.executor.parallel:run_until_complete finished with '0'
[0.860s] DEBUG:colcon.colcon_core.event_reactor:joining thread
[0.878s] INFO:colcon.colcon_core.plugin_system:Skipping extension 'colcon_notification.desktop_notification.terminal_notifier': Not used on non-Darwin systems
[0.878s] INFO:colcon.colcon_core.plugin_system:Skipping extension 'colcon_notification.desktop_notification.win32': Not used on non-Windows systems
[0.879s] INFO:colcon.colcon_notification.desktop_notification:Sending desktop notification using 'notify2'
[0.918s] DEBUG:colcon.colcon_core.event_reactor:joined thread
[0.919s] INFO:colcon.colcon_core.shell:Creating prefix script '/home/nvidia/ros2_ws/src/ros2-keyboard/keyboard/install/local_setup.ps1'
[0.922s] INFO:colcon.colcon_core.shell:Creating prefix util module '/home/nvidia/ros2_ws/src/ros2-keyboard/keyboard/install/_local_setup_util_ps1.py'
[0.926s] INFO:colcon.colcon_core.shell:Creating prefix chain script '/home/nvidia/ros2_ws/src/ros2-keyboard/keyboard/install/setup.ps1'
[0.931s] INFO:colcon.colcon_core.shell:Creating prefix script '/home/nvidia/ros2_ws/src/ros2-keyboard/keyboard/install/local_setup.sh'
[0.933s] INFO:colcon.colcon_core.shell:Creating prefix util module '/home/nvidia/ros2_ws/src/ros2-keyboard/keyboard/install/_local_setup_util_sh.py'
[0.934s] INFO:colcon.colcon_core.shell:Creating prefix chain script '/home/nvidia/ros2_ws/src/ros2-keyboard/keyboard/install/setup.sh'
[0.939s] INFO:colcon.colcon_core.shell:Creating prefix script '/home/nvidia/ros2_ws/src/ros2-keyboard/keyboard/install/local_setup.bash'
[0.940s] INFO:colcon.colcon_core.shell:Creating prefix chain script '/home/nvidia/ros2_ws/src/ros2-keyboard/keyboard/install/setup.bash'
[0.944s] INFO:colcon.colcon_core.shell:Creating prefix script '/home/nvidia/ros2_ws/src/ros2-keyboard/keyboard/install/local_setup.zsh'
[0.946s] INFO:colcon.colcon_core.shell:Creating prefix chain script '/home/nvidia/ros2_ws/src/ros2-keyboard/keyboard/install/setup.zsh'
