[ 50%] [32mBuilding CXX object CMakeFiles/rby1_movement_subscriber.dir/src/rby1_movement_subscriber.cpp.o[0m
[01m[K/home/nvidia/ros2_ws/src/rby1_movement/src/rby1_movement_subscriber.cpp:[m[K In constructor ‘[01m[KRBY1_Movement::RBY1_Movement(std::shared_ptr<rb::Robot<rb::y1_model::A> >)[m[K’:
[01m[K/home/nvidia/ros2_ws/src/rby1_movement/src/rby1_movement_subscriber.cpp:19:63:[m[K [01;35m[Kwarning: [m[Kunused parameter ‘[01m[Krobot_[m[K’ [[01;35m[K]8;;https://gcc.gnu.org/onlinedocs/gcc/Warning-Options.html#index-Wunused-parameter-Wunused-parameter]8;;[m[K]
   19 |   RBY1_Movement([01;35m[Kstd::shared_ptr<rb::Robot<rb::y1_model::A>> robot_[m[K) : Node("rby1_movement_subscriber") {
      |                 [01;35m[K~~~~~~~~~~~~~~~~~~~~~~~~~~~~~~~~~~~~~~~~~~~~^~~~~~[m[K

[100%] [32m[1mLinking CXX executable rby1_movement_subscriber[0m
[100%] Built target rby1_movement_subscriber
-- Install configuration: ""
-- Installing: /home/nvidia/ros2_ws/src/rby1_movement/install/rby1_movement/lib/rby1_movement/rby1_movement_subscriber
-- Set non-toolchain portion of runtime path of "/home/nvidia/ros2_ws/src/rby1_movement/install/rby1_movement/lib/rby1_movement/rby1_movement_subscriber" to ""
-- Up-to-date: /home/nvidia/ros2_ws/src/rby1_movement/install/rby1_movement/share/ament_index/resource_index/package_run_dependencies/rby1_movement
-- Up-to-date: /home/nvidia/ros2_ws/src/rby1_movement/install/rby1_movement/share/ament_index/resource_index/parent_prefix_path/rby1_movement
-- Up-to-date: /home/nvidia/ros2_ws/src/rby1_movement/install/rby1_movement/share/rby1_movement/environment/ament_prefix_path.sh
-- Up-to-date: /home/nvidia/ros2_ws/src/rby1_movement/install/rby1_movement/share/rby1_movement/environment/ament_prefix_path.dsv
-- Up-to-date: /home/nvidia/ros2_ws/src/rby1_movement/install/rby1_movement/share/rby1_movement/environment/path.sh
-- Up-to-date: /home/nvidia/ros2_ws/src/rby1_movement/install/rby1_movement/share/rby1_movement/environment/path.dsv
-- Up-to-date: /home/nvidia/ros2_ws/src/rby1_movement/install/rby1_movement/share/rby1_movement/local_setup.bash
-- Up-to-date: /home/nvidia/ros2_ws/src/rby1_movement/install/rby1_movement/share/rby1_movement/local_setup.sh
-- Up-to-date: /home/nvidia/ros2_ws/src/rby1_movement/install/rby1_movement/share/rby1_movement/local_setup.zsh
-- Up-to-date: /home/nvidia/ros2_ws/src/rby1_movement/install/rby1_movement/share/rby1_movement/local_setup.dsv
-- Installing: /home/nvidia/ros2_ws/src/rby1_movement/install/rby1_movement/share/rby1_movement/package.dsv
-- Up-to-date: /home/nvidia/ros2_ws/src/rby1_movement/install/rby1_movement/share/ament_index/resource_index/packages/rby1_movement
-- Up-to-date: /home/nvidia/ros2_ws/src/rby1_movement/install/rby1_movement/share/rby1_movement/cmake/rby1_movementConfig.cmake
-- Up-to-date: /home/nvidia/ros2_ws/src/rby1_movement/install/rby1_movement/share/rby1_movement/cmake/rby1_movementConfig-version.cmake
-- Up-to-date: /home/nvidia/ros2_ws/src/rby1_movement/install/rby1_movement/share/rby1_movement/package.xml
