[ 50%] [32mBuilding CXX object CMakeFiles/rby1_base_movement_subscriber.dir/src/rby1_base_movement_subscriber.cpp.o[0m
[01m[K/home/nvidia/ros2_ws/src/rby1_base_movement/src/rby1_base_movement_subscriber.cpp:[m[K In function ‘[01m[Kint main(int, char**)[m[K’:
[01m[K/home/nvidia/ros2_ws/src/rby1_base_movement/src/rby1_base_movement_subscriber.cpp:134:9:[m[K [01;35m[Kwarning: [m[Kunused variable ‘[01m[Kspeed_control[m[K’ [[01;35m[K]8;;https://gcc.gnu.org/onlinedocs/gcc/Warning-Options.html#index-Wunused-variable-Wunused-variable]8;;[m[K]
  134 |     int [01;35m[Kspeed_control[m[K;
      |         [01;35m[K^~~~~~~~~~~~~[m[K
[100%] [32m[1mLinking CXX executable rby1_base_movement_subscriber[0m
[100%] Built target rby1_base_movement_subscriber
-- Install configuration: ""
-- Installing: /home/nvidia/ros2_ws/src/rby1_base_movement/install/rby1_base_movement/lib/rby1_base_movement/rby1_base_movement_subscriber
-- Set non-toolchain portion of runtime path of "/home/nvidia/ros2_ws/src/rby1_base_movement/install/rby1_base_movement/lib/rby1_base_movement/rby1_base_movement_subscriber" to ""
-- Up-to-date: /home/nvidia/ros2_ws/src/rby1_base_movement/install/rby1_base_movement/share/rby1_base_movement//launch
-- Up-to-date: /home/nvidia/ros2_ws/src/rby1_base_movement/install/rby1_base_movement/share/rby1_base_movement//launch/control_base.launch.py
-- Up-to-date: /home/nvidia/ros2_ws/src/rby1_base_movement/install/rby1_base_movement/share/rby1_base_movement//launch/movement.launch.py
-- Up-to-date: /home/nvidia/ros2_ws/src/rby1_base_movement/install/rby1_base_movement/share/ament_index/resource_index/package_run_dependencies/rby1_base_movement
-- Up-to-date: /home/nvidia/ros2_ws/src/rby1_base_movement/install/rby1_base_movement/share/ament_index/resource_index/parent_prefix_path/rby1_base_movement
-- Up-to-date: /home/nvidia/ros2_ws/src/rby1_base_movement/install/rby1_base_movement/share/rby1_base_movement/environment/ament_prefix_path.sh
-- Up-to-date: /home/nvidia/ros2_ws/src/rby1_base_movement/install/rby1_base_movement/share/rby1_base_movement/environment/ament_prefix_path.dsv
-- Up-to-date: /home/nvidia/ros2_ws/src/rby1_base_movement/install/rby1_base_movement/share/rby1_base_movement/environment/path.sh
-- Up-to-date: /home/nvidia/ros2_ws/src/rby1_base_movement/install/rby1_base_movement/share/rby1_base_movement/environment/path.dsv
-- Up-to-date: /home/nvidia/ros2_ws/src/rby1_base_movement/install/rby1_base_movement/share/rby1_base_movement/local_setup.bash
-- Up-to-date: /home/nvidia/ros2_ws/src/rby1_base_movement/install/rby1_base_movement/share/rby1_base_movement/local_setup.sh
-- Up-to-date: /home/nvidia/ros2_ws/src/rby1_base_movement/install/rby1_base_movement/share/rby1_base_movement/local_setup.zsh
-- Up-to-date: /home/nvidia/ros2_ws/src/rby1_base_movement/install/rby1_base_movement/share/rby1_base_movement/local_setup.dsv
-- Installing: /home/nvidia/ros2_ws/src/rby1_base_movement/install/rby1_base_movement/share/rby1_base_movement/package.dsv
-- Up-to-date: /home/nvidia/ros2_ws/src/rby1_base_movement/install/rby1_base_movement/share/ament_index/resource_index/packages/rby1_base_movement
-- Up-to-date: /home/nvidia/ros2_ws/src/rby1_base_movement/install/rby1_base_movement/share/rby1_base_movement/cmake/rby1_base_movementConfig.cmake
-- Up-to-date: /home/nvidia/ros2_ws/src/rby1_base_movement/install/rby1_base_movement/share/rby1_base_movement/cmake/rby1_base_movementConfig-version.cmake
-- Up-to-date: /home/nvidia/ros2_ws/src/rby1_base_movement/install/rby1_base_movement/share/rby1_base_movement/package.xml
