[0.030s] Invoking command in '/home/nvidia/ros2_ws/src/rby1_base_movement/build/rby1_base_movement': CMAKE_PREFIX_PATH=${CMAKE_PREFIX_PATH}:/home/nvidia/ros2_ws/src/install/launch_param_builder:/home/nvidia/ros2_ws/src/install/keyboard_joy:/home/nvidia/ros2_ws/install/launch_param_builder:/home/nvidia/ros2_ws/install/keyboard_joy:/opt/ros/humble /usr/bin/cmake --build /home/nvidia/ros2_ws/src/rby1_base_movement/build/rby1_base_movement -- -j8 -l8
[0.109s] [ 50%] [32mBuilding CXX object CMakeFiles/rby1_base_movement_subscriber.dir/src/rby1_base_movement_subscriber.cpp.o[0m
[7.673s] [01m[K/home/nvidia/ros2_ws/src/rby1_base_movement/src/rby1_base_movement_subscriber.cpp:[m[K In function ‘[01m[Kint main(int, char**)[m[K’:
[7.673s] [01m[K/home/nvidia/ros2_ws/src/rby1_base_movement/src/rby1_base_movement_subscriber.cpp:134:9:[m[K [01;35m[Kwarning: [m[Kunused variable ‘[01m[Kspeed_control[m[K’ [[01;35m[K]8;;https://gcc.gnu.org/onlinedocs/gcc/Warning-Options.html#index-Wunused-variable-Wunused-variable]8;;[m[K]
[7.674s]   134 |     int [01;35m[Kspeed_control[m[K;
[7.674s]       |         [01;35m[K^~~~~~~~~~~~~[m[K
[19.540s] [100%] [32m[1mLinking CXX executable rby1_base_movement_subscriber[0m
[21.292s] [100%] Built target rby1_base_movement_subscriber
[21.306s] Invoked command in '/home/nvidia/ros2_ws/src/rby1_base_movement/build/rby1_base_movement' returned '0': CMAKE_PREFIX_PATH=${CMAKE_PREFIX_PATH}:/home/nvidia/ros2_ws/src/install/launch_param_builder:/home/nvidia/ros2_ws/src/install/keyboard_joy:/home/nvidia/ros2_ws/install/launch_param_builder:/home/nvidia/ros2_ws/install/keyboard_joy:/opt/ros/humble /usr/bin/cmake --build /home/nvidia/ros2_ws/src/rby1_base_movement/build/rby1_base_movement -- -j8 -l8
[21.323s] Invoking command in '/home/nvidia/ros2_ws/src/rby1_base_movement/build/rby1_base_movement': CMAKE_PREFIX_PATH=${CMAKE_PREFIX_PATH}:/home/nvidia/ros2_ws/src/install/launch_param_builder:/home/nvidia/ros2_ws/src/install/keyboard_joy:/home/nvidia/ros2_ws/install/launch_param_builder:/home/nvidia/ros2_ws/install/keyboard_joy:/opt/ros/humble /usr/bin/cmake --install /home/nvidia/ros2_ws/src/rby1_base_movement/build/rby1_base_movement
[21.332s] -- Install configuration: ""
[21.332s] -- Installing: /home/nvidia/ros2_ws/src/rby1_base_movement/install/rby1_base_movement/lib/rby1_base_movement/rby1_base_movement_subscriber
[21.343s] -- Set non-toolchain portion of runtime path of "/home/nvidia/ros2_ws/src/rby1_base_movement/install/rby1_base_movement/lib/rby1_base_movement/rby1_base_movement_subscriber" to ""
[21.343s] -- Up-to-date: /home/nvidia/ros2_ws/src/rby1_base_movement/install/rby1_base_movement/share/rby1_base_movement//launch
[21.343s] -- Up-to-date: /home/nvidia/ros2_ws/src/rby1_base_movement/install/rby1_base_movement/share/rby1_base_movement//launch/control_base.launch.py
[21.343s] -- Up-to-date: /home/nvidia/ros2_ws/src/rby1_base_movement/install/rby1_base_movement/share/rby1_base_movement//launch/movement.launch.py
[21.344s] -- Up-to-date: /home/nvidia/ros2_ws/src/rby1_base_movement/install/rby1_base_movement/share/ament_index/resource_index/package_run_dependencies/rby1_base_movement
[21.344s] -- Up-to-date: /home/nvidia/ros2_ws/src/rby1_base_movement/install/rby1_base_movement/share/ament_index/resource_index/parent_prefix_path/rby1_base_movement
[21.344s] -- Up-to-date: /home/nvidia/ros2_ws/src/rby1_base_movement/install/rby1_base_movement/share/rby1_base_movement/environment/ament_prefix_path.sh
[21.344s] -- Up-to-date: /home/nvidia/ros2_ws/src/rby1_base_movement/install/rby1_base_movement/share/rby1_base_movement/environment/ament_prefix_path.dsv
[21.344s] -- Up-to-date: /home/nvidia/ros2_ws/src/rby1_base_movement/install/rby1_base_movement/share/rby1_base_movement/environment/path.sh
[21.345s] -- Up-to-date: /home/nvidia/ros2_ws/src/rby1_base_movement/install/rby1_base_movement/share/rby1_base_movement/environment/path.dsv
[21.345s] -- Up-to-date: /home/nvidia/ros2_ws/src/rby1_base_movement/install/rby1_base_movement/share/rby1_base_movement/local_setup.bash
[21.345s] -- Up-to-date: /home/nvidia/ros2_ws/src/rby1_base_movement/install/rby1_base_movement/share/rby1_base_movement/local_setup.sh
[21.345s] -- Up-to-date: /home/nvidia/ros2_ws/src/rby1_base_movement/install/rby1_base_movement/share/rby1_base_movement/local_setup.zsh
[21.345s] -- Up-to-date: /home/nvidia/ros2_ws/src/rby1_base_movement/install/rby1_base_movement/share/rby1_base_movement/local_setup.dsv
[21.345s] -- Installing: /home/nvidia/ros2_ws/src/rby1_base_movement/install/rby1_base_movement/share/rby1_base_movement/package.dsv
[21.345s] -- Up-to-date: /home/nvidia/ros2_ws/src/rby1_base_movement/install/rby1_base_movement/share/ament_index/resource_index/packages/rby1_base_movement
[21.346s] -- Up-to-date: /home/nvidia/ros2_ws/src/rby1_base_movement/install/rby1_base_movement/share/rby1_base_movement/cmake/rby1_base_movementConfig.cmake
[21.346s] -- Up-to-date: /home/nvidia/ros2_ws/src/rby1_base_movement/install/rby1_base_movement/share/rby1_base_movement/cmake/rby1_base_movementConfig-version.cmake
[21.346s] -- Up-to-date: /home/nvidia/ros2_ws/src/rby1_base_movement/install/rby1_base_movement/share/rby1_base_movement/package.xml
[21.349s] Invoked command in '/home/nvidia/ros2_ws/src/rby1_base_movement/build/rby1_base_movement' returned '0': CMAKE_PREFIX_PATH=${CMAKE_PREFIX_PATH}:/home/nvidia/ros2_ws/src/install/launch_param_builder:/home/nvidia/ros2_ws/src/install/keyboard_joy:/home/nvidia/ros2_ws/install/launch_param_builder:/home/nvidia/ros2_ws/install/keyboard_joy:/opt/ros/humble /usr/bin/cmake --install /home/nvidia/ros2_ws/src/rby1_base_movement/build/rby1_base_movement
