[0.023s] Invoking command in '/home/nvidia/ros2_ws/src/rby1_movement/build/rby1_movement': CMAKE_PREFIX_PATH=${CMAKE_PREFIX_PATH}:/opt/ros/humble /usr/bin/cmake --build /home/nvidia/ros2_ws/src/rby1_movement/build/rby1_movement -- -j8 -l8
[0.105s] [ 50%] [32mBuilding CXX object CMakeFiles/rby1_movement_subscriber.dir/src/rby1_movement_subscriber.cpp.o[0m
[7.461s] [01m[K/home/nvidia/ros2_ws/src/rby1_movement/src/rby1_movement_subscriber.cpp:59:5:[m[K [01;31m[Kerror: [m[Knon-static data member declared with placeholder ‘[01m[Kauto[m[K’
[7.461s]    59 |     [01;31m[Kauto[m[K robot = rb::Robot<rb::y1_model::A>::Create(robot_ip_);
[7.461s]       |     [01;31m[K^~~~[m[K
[7.471s] [01m[K/home/nvidia/ros2_ws/src/rby1_movement/src/rby1_movement_subscriber.cpp:60:5:[m[K [01;31m[Kerror: [m[K‘[01m[Kwheel_acceleration_limit[m[K’ does not name a type
[7.471s]    60 |     [01;31m[Kwheel_acceleration_limit[m[K << 100, 100;
[7.471s]       |     [01;31m[K^~~~~~~~~~~~~~~~~~~~~~~~[m[K
[7.577s] [01m[K/home/nvidia/ros2_ws/src/rby1_movement/src/rby1_movement_subscriber.cpp:[m[K In member function ‘[01m[Kvoid RBY1_Movement::joy_callback(sensor_msgs::msg::Joy_<std::allocator<void> >::SharedPtr)[m[K’:
[7.578s] [01m[K/home/nvidia/ros2_ws/src/rby1_movement/src/rby1_movement_subscriber.cpp:64:38:[m[K [01;31m[Kerror: [m[Kno match for ‘[01m[Koperator=[m[K’ (operand types are ‘[01m[KEigen::Vector<double, 20>[m[K’ {aka ‘[01m[KEigen::Matrix<double, 20, 1, 0, 20, 1>[m[K’} and ‘[01m[Kdouble[m[K’)
[7.578s]    64 |                 wheel_velocity = [01;31m[K1.5[m[K, 1.5;
[7.579s]       |                                  [01;31m[K^~~[m[K
[7.579s] 
[7.579s] In file included from [01m[K/usr/include/eigen3/Eigen/Core:295[m[K,
[7.579s]                  from [01m[K/home/nvidia/rby1-sdk/include/rby1-sdk/dynamics/robot.h:3[m[K,
[7.579s]                  from [01m[K/home/nvidia/rby1-sdk/include/rby1-sdk/model.h:6[m[K,
[7.579s]                  from [01m[K/home/nvidia/ros2_ws/src/rby1_movement/src/rby1_movement_subscriber.cpp:6[m[K:
[7.579s] [01m[K/usr/include/eigen3/Eigen/src/Core/Matrix.h:223:33:[m[K [01;36m[Knote: [m[Kcandidate: ‘[01m[Ktemplate<class OtherDerived> Eigen::Matrix<_Scalar, _Rows, _Cols, _Options, _MaxRows, _MaxCols>& Eigen::Matrix<_Scalar, _Rows, _Cols, _Options, _MaxRows, _MaxCols>::operator=(const Eigen::DenseBase<OtherDerived>&) [with OtherDerived = OtherDerived; _Scalar = double; int _Rows = 20; int _Cols = 1; int _Options = 0; int _MaxRows = 20; int _MaxCols = 1][m[K’
[7.579s]   223 |    EIGEN_STRONG_INLINE Matrix& [01;36m[Koperator[m[K=(const DenseBase<OtherDerived>& other)
[7.579s]       |                                [01;36m[K^~~~~~~~[m[K
[7.580s] 
[7.580s] [01m[K/usr/include/eigen3/Eigen/src/Core/Matrix.h:223:33:[m[K [01;36m[Knote: [m[K  template argument deduction/substitution failed:
[7.580s] [01m[K/home/nvidia/ros2_ws/src/rby1_movement/src/rby1_movement_subscriber.cpp:64:38:[m[K [01;36m[Knote: [m[K  mismatched types ‘[01m[Kconst Eigen::DenseBase<Derived>[m[K’ and ‘[01m[Kdouble[m[K’
[7.580s]    64 |                 wheel_velocity = [01;36m[K1.5[m[K, 1.5;
[7.580s]       |                                  [01;36m[K^~~[m[K
[7.580s] 
[7.580s] In file included from [01m[K/usr/include/eigen3/Eigen/Core:295[m[K,
[7.580s]                  from [01m[K/home/nvidia/rby1-sdk/include/rby1-sdk/dynamics/robot.h:3[m[K,
[7.580s]                  from [01m[K/home/nvidia/rby1-sdk/include/rby1-sdk/model.h:6[m[K,
[7.580s]                  from [01m[K/home/nvidia/ros2_ws/src/rby1_movement/src/rby1_movement_subscriber.cpp:6[m[K:
[7.581s] [01m[K/usr/include/eigen3/Eigen/src/Core/Matrix.h:236:33:[m[K [01;36m[Knote: [m[Kcandidate: ‘[01m[Ktemplate<class OtherDerived> Eigen::Matrix<_Scalar, _Rows, _Cols, _Options, _MaxRows, _MaxCols>& Eigen::Matrix<_Scalar, _Rows, _Cols, _Options, _MaxRows, _MaxCols>::operator=(const Eigen::EigenBase<OtherDerived>&) [with OtherDerived = OtherDerived; _Scalar = double; int _Rows = 20; int _Cols = 1; int _Options = 0; int _MaxRows = 20; int _MaxCols = 1][m[K’
[7.581s]   236 |    EIGEN_STRONG_INLINE Matrix& [01;36m[Koperator[m[K=(const EigenBase<OtherDerived> &other)
[7.581s]       |                                [01;36m[K^~~~~~~~[m[K
[7.581s] 
[7.581s] [01m[K/usr/include/eigen3/Eigen/src/Core/Matrix.h:236:33:[m[K [01;36m[Knote: [m[K  template argument deduction/substitution failed:
[7.581s] [01m[K/home/nvidia/ros2_ws/src/rby1_movement/src/rby1_movement_subscriber.cpp:64:38:[m[K [01;36m[Knote: [m[K  mismatched types ‘[01m[Kconst Eigen::EigenBase<Derived>[m[K’ and ‘[01m[Kdouble[m[K’
[7.581s]    64 |                 wheel_velocity = [01;36m[K1.5[m[K, 1.5;
[7.581s]       |                                  [01;36m[K^~~[m[K
[7.581s] 
[7.581s] In file included from [01m[K/usr/include/eigen3/Eigen/Core:295[m[K,
[7.582s]                  from [01m[K/home/nvidia/rby1-sdk/include/rby1-sdk/dynamics/robot.h:3[m[K,
[7.582s]                  from [01m[K/home/nvidia/rby1-sdk/include/rby1-sdk/model.h:6[m[K,
[7.582s]                  from [01m[K/home/nvidia/ros2_ws/src/rby1_movement/src/rby1_movement_subscriber.cpp:6[m[K:
[7.582s] [01m[K/usr/include/eigen3/Eigen/src/Core/Matrix.h:243:33:[m[K [01;36m[Knote: [m[Kcandidate: ‘[01m[Ktemplate<class OtherDerived> Eigen::Matrix<_Scalar, _Rows, _Cols, _Options, _MaxRows, _MaxCols>& Eigen::Matrix<_Scalar, _Rows, _Cols, _Options, _MaxRows, _MaxCols>::operator=(const Eigen::ReturnByValue<OtherDerived>&) [with OtherDerived = OtherDerived; _Scalar = double; int _Rows = 20; int _Cols = 1; int _Options = 0; int _MaxRows = 20; int _MaxCols = 1][m[K’
[7.582s]   243 |    EIGEN_STRONG_INLINE Matrix& [01;36m[Koperator[m[K=(const ReturnByValue<OtherDerived>& func)
[7.582s]       |                                [01;36m[K^~~~~~~~[m[K
[7.582s] 
[7.582s] [01m[K/usr/include/eigen3/Eigen/src/Core/Matrix.h:243:33:[m[K [01;36m[Knote: [m[K  template argument deduction/substitution failed:
[7.582s] [01m[K/home/nvidia/ros2_ws/src/rby1_movement/src/rby1_movement_subscriber.cpp:64:38:[m[K [01;36m[Knote: [m[K  mismatched types ‘[01m[Kconst Eigen::ReturnByValue<Derived>[m[K’ and ‘[01m[Kdouble[m[K’
[7.582s]    64 |                 wheel_velocity = [01;36m[K1.5[m[K, 1.5;
[7.583s]       |                                  [01;36m[K^~~[m[K
[7.583s] 
[7.583s] In file included from [01m[K/usr/include/eigen3/Eigen/Core:295[m[K,
[7.583s]                  from [01m[K/home/nvidia/rby1-sdk/include/rby1-sdk/dynamics/robot.h:3[m[K,
[7.583s]                  from [01m[K/home/nvidia/rby1-sdk/include/rby1-sdk/model.h:6[m[K,
[7.583s]                  from [01m[K/home/nvidia/ros2_ws/src/rby1_movement/src/rby1_movement_subscriber.cpp:6[m[K:
[7.583s] [01m[K/usr/include/eigen3/Eigen/src/Core/Matrix.h:438:13:[m[K [01;36m[Knote: [m[Kcandidate: ‘[01m[Ktemplate<class OtherDerived> Eigen::Matrix<_Scalar, _Rows, _Cols, _Options, _MaxRows, _MaxCols>& Eigen::Matrix<_Scalar, _Rows, _Cols, _Options, _MaxRows, _MaxCols>::operator=(const Eigen::RotationBase<OtherDerived, Eigen::Matrix<_Scalar, _Rows, _Cols, _Options, _MaxRows, _MaxCols>::ColsAtCompileTime>&) [with OtherDerived = OtherDerived; _Scalar = double; int _Rows = 20; int _Cols = 1; int _Options = 0; int _MaxRows = 20; int _MaxCols = 1][m[K’
[7.583s]   438 |     Matrix& [01;36m[Koperator[m[K=(const RotationBase<OtherDerived,ColsAtCompileTime>& r);
[7.583s]       |             [01;36m[K^~~~~~~~[m[K
[7.583s] [01m[K/usr/include/eigen3/Eigen/src/Core/Matrix.h:438:13:[m[K [01;36m[Knote: [m[K  template argument deduction/substitution failed:
[7.583s] [01m[K/home/nvidia/ros2_ws/src/rby1_movement/src/rby1_movement_subscriber.cpp:64:38:[m[K [01;36m[Knote: [m[K  mismatched types ‘[01m[Kconst Eigen::RotationBase<OtherDerived, 1>[m[K’ and ‘[01m[Kdouble[m[K’
[7.584s]    64 |                 wheel_velocity = [01;36m[K1.5[m[K, 1.5;
[7.584s]       |                                  [01;36m[K^~~[m[K
[7.584s] 
[7.584s] In file included from [01m[K/usr/include/eigen3/Eigen/Core:295[m[K,
[7.584s]                  from [01m[K/home/nvidia/rby1-sdk/include/rby1-sdk/dynamics/robot.h:3[m[K,
[7.584s]                  from [01m[K/home/nvidia/rby1-sdk/include/rby1-sdk/model.h:6[m[K,
[7.584s]                  from [01m[K/home/nvidia/ros2_ws/src/rby1_movement/src/rby1_movement_subscriber.cpp:6[m[K:
[7.584s] [01m[K/usr/include/eigen3/Eigen/src/Core/Matrix.h:206:33:[m[K [01;36m[Knote: [m[Kcandidate: ‘[01m[KEigen::Matrix<_Scalar, _Rows, _Cols, _Options, _MaxRows, _MaxCols>& Eigen::Matrix<_Scalar, _Rows, _Cols, _Options, _MaxRows, _MaxCols>::operator=(const Eigen::Matrix<_Scalar, _Rows, _Cols, _Options, _MaxRows, _MaxCols>&) [with _Scalar = double; int _Rows = 20; int _Cols = 1; int _Options = 0; int _MaxRows = 20; int _MaxCols = 1][m[K’
[7.585s]   206 |    EIGEN_STRONG_INLINE Matrix& [01;36m[Koperator[m[K=(const Matrix& other)
[7.585s]       |                                [01;36m[K^~~~~~~~[m[K
[7.585s] 
[7.585s] [01m[K/usr/include/eigen3/Eigen/src/Core/Matrix.h:206:57:[m[K [01;36m[Knote: [m[K  no known conversion for argument 1 from ‘[01m[Kdouble[m[K’ to ‘[01m[Kconst Eigen::Matrix<double, 20, 1, 0, 20, 1>&[m[K’
[7.585s]   206 | INE Matrix& operator=([01;36m[Kconst Matrix& other[m[K)
[7.585s]       |                       [01;36m[K~~~~~~~~~~~~~~^~~~~[m[K
[7.585s] 
[7.585s] [01m[K/usr/include/eigen3/Eigen/src/Core/Matrix.h:279:13:[m[K [01;36m[Knote: [m[Kcandidate: ‘[01m[KEigen::Matrix<_Scalar, _Rows, _Cols, _Options, _MaxRows, _MaxCols>& Eigen::Matrix<_Scalar, _Rows, _Cols, _Options, _MaxRows, _MaxCols>::operator=(Eigen::Matrix<_Scalar, _Rows, _Cols, _Options, _MaxRows, _MaxCols>&&) [with _Scalar = double; int _Rows = 20; int _Cols = 1; int _Options = 0; int _MaxRows = 20; int _MaxCols = 1][m[K’
[7.585s]   279 |     Matrix& [01;36m[Koperator[m[K=(Matrix&& other) EIGEN_NOEXCEPT_IF(std::is_nothrow_move_assignable<Scalar>::value)
[7.585s]       |             [01;36m[K^~~~~~~~[m[K
[7.585s] [01m[K/usr/include/eigen3/Eigen/src/Core/Matrix.h:279:32:[m[K [01;36m[Knote: [m[K  no known conversion for argument 1 from ‘[01m[Kdouble[m[K’ to ‘[01m[KEigen::Matrix<double, 20, 1, 0, 20, 1>&&[m[K’
[7.586s]   279 |     Matrix& operator=([01;36m[KMatrix&& other[m[K) EIGEN_NOEXCEPT_IF(std::is_nothrow_move_assignable<Scalar>::value)
[7.586s]       |                       [01;36m[K~~~~~~~~~^~~~~[m[K
[7.586s] [01m[K/home/nvidia/ros2_ws/src/rby1_movement/src/rby1_movement_subscriber.cpp:67:39:[m[K [01;31m[Kerror: [m[Kno match for ‘[01m[Koperator=[m[K’ (operand types are ‘[01m[KEigen::Vector<double, 20>[m[K’ {aka ‘[01m[KEigen::Matrix<double, 20, 1, 0, 20, 1>[m[K’} and ‘[01m[Kdouble[m[K’)
[7.586s]    67 |               wheel_velocity = -[01;31m[K1.5[m[K, -1.5;
[7.586s]       |                                 [01;31m[K^~~[m[K
[7.586s] 
[7.586s] In file included from [01m[K/usr/include/eigen3/Eigen/Core:295[m[K,
[7.586s]                  from [01m[K/home/nvidia/rby1-sdk/include/rby1-sdk/dynamics/robot.h:3[m[K,
[7.586s]                  from [01m[K/home/nvidia/rby1-sdk/include/rby1-sdk/model.h:6[m[K,
[7.586s]                  from [01m[K/home/nvidia/ros2_ws/src/rby1_movement/src/rby1_movement_subscriber.cpp:6[m[K:
[7.587s] [01m[K/usr/include/eigen3/Eigen/src/Core/Matrix.h:223:33:[m[K [01;36m[Knote: [m[Kcandidate: ‘[01m[Ktemplate<class OtherDerived> Eigen::Matrix<_Scalar, _Rows, _Cols, _Options, _MaxRows, _MaxCols>& Eigen::Matrix<_Scalar, _Rows, _Cols, _Options, _MaxRows, _MaxCols>::operator=(const Eigen::DenseBase<OtherDerived>&) [with OtherDerived = OtherDerived; _Scalar = double; int _Rows = 20; int _Cols = 1; int _Options = 0; int _MaxRows = 20; int _MaxCols = 1][m[K’
[7.587s]   223 |    EIGEN_STRONG_INLINE Matrix& [01;36m[Koperator[m[K=(const DenseBase<OtherDerived>& other)
[7.587s]       |                                [01;36m[K^~~~~~~~[m[K
[7.587s] 
[7.587s] [01m[K/usr/include/eigen3/Eigen/src/Core/Matrix.h:223:33:[m[K [01;36m[Knote: [m[K  template argument deduction/substitution failed:
[7.587s] [01m[K/home/nvidia/ros2_ws/src/rby1_movement/src/rby1_movement_subscriber.cpp:67:39:[m[K [01;36m[Knote: [m[K  mismatched types ‘[01m[Kconst Eigen::DenseBase<Derived>[m[K’ and ‘[01m[Kdouble[m[K’
[7.587s]    67 |               wheel_velocity = -[01;36m[K1.5[m[K, -1.5;
[7.587s]       |                                 [01;36m[K^~~[m[K
[7.587s] 
[7.587s] In file included from [01m[K/usr/include/eigen3/Eigen/Core:295[m[K,
[7.587s]                  from [01m[K/home/nvidia/rby1-sdk/include/rby1-sdk/dynamics/robot.h:3[m[K,
[7.588s]                  from [01m[K/home/nvidia/rby1-sdk/include/rby1-sdk/model.h:6[m[K,
[7.588s]                  from [01m[K/home/nvidia/ros2_ws/src/rby1_movement/src/rby1_movement_subscriber.cpp:6[m[K:
[7.588s] [01m[K/usr/include/eigen3/Eigen/src/Core/Matrix.h:236:33:[m[K [01;36m[Knote: [m[Kcandidate: ‘[01m[Ktemplate<class OtherDerived> Eigen::Matrix<_Scalar, _Rows, _Cols, _Options, _MaxRows, _MaxCols>& Eigen::Matrix<_Scalar, _Rows, _Cols, _Options, _MaxRows, _MaxCols>::operator=(const Eigen::EigenBase<OtherDerived>&) [with OtherDerived = OtherDerived; _Scalar = double; int _Rows = 20; int _Cols = 1; int _Options = 0; int _MaxRows = 20; int _MaxCols = 1][m[K’
[7.588s]   236 |    EIGEN_STRONG_INLINE Matrix& [01;36m[Koperator[m[K=(const EigenBase<OtherDerived> &other)
[7.588s]       |                                [01;36m[K^~~~~~~~[m[K
[7.588s] 
[7.588s] [01m[K/usr/include/eigen3/Eigen/src/Core/Matrix.h:236:33:[m[K [01;36m[Knote: [m[K  template argument deduction/substitution failed:
[7.588s] [01m[K/home/nvidia/ros2_ws/src/rby1_movement/src/rby1_movement_subscriber.cpp:67:39:[m[K [01;36m[Knote: [m[K  mismatched types ‘[01m[Kconst Eigen::EigenBase<Derived>[m[K’ and ‘[01m[Kdouble[m[K’
[7.588s]    67 |               wheel_velocity = -[01;36m[K1.5[m[K, -1.5;
[7.588s]       |                                 [01;36m[K^~~[m[K
[7.589s] 
[7.589s] In file included from [01m[K/usr/include/eigen3/Eigen/Core:295[m[K,
[7.589s]                  from [01m[K/home/nvidia/rby1-sdk/include/rby1-sdk/dynamics/robot.h:3[m[K,
[7.589s]                  from [01m[K/home/nvidia/rby1-sdk/include/rby1-sdk/model.h:6[m[K,
[7.589s]                  from [01m[K/home/nvidia/ros2_ws/src/rby1_movement/src/rby1_movement_subscriber.cpp:6[m[K:
[7.589s] [01m[K/usr/include/eigen3/Eigen/src/Core/Matrix.h:243:33:[m[K [01;36m[Knote: [m[Kcandidate: ‘[01m[Ktemplate<class OtherDerived> Eigen::Matrix<_Scalar, _Rows, _Cols, _Options, _MaxRows, _MaxCols>& Eigen::Matrix<_Scalar, _Rows, _Cols, _Options, _MaxRows, _MaxCols>::operator=(const Eigen::ReturnByValue<OtherDerived>&) [with OtherDerived = OtherDerived; _Scalar = double; int _Rows = 20; int _Cols = 1; int _Options = 0; int _MaxRows = 20; int _MaxCols = 1][m[K’
[7.589s]   243 |    EIGEN_STRONG_INLINE Matrix& [01;36m[Koperator[m[K=(const ReturnByValue<OtherDerived>& func)
[7.589s]       |                                [01;36m[K^~~~~~~~[m[K
[7.589s] 
[7.589s] [01m[K/usr/include/eigen3/Eigen/src/Core/Matrix.h:243:33:[m[K [01;36m[Knote: [m[K  template argument deduction/substitution failed:
[7.589s] [01m[K/home/nvidia/ros2_ws/src/rby1_movement/src/rby1_movement_subscriber.cpp:67:39:[m[K [01;36m[Knote: [m[K  mismatched types ‘[01m[Kconst Eigen::ReturnByValue<Derived>[m[K’ and ‘[01m[Kdouble[m[K’
[7.590s]    67 |               wheel_velocity = -[01;36m[K1.5[m[K, -1.5;
[7.590s]       |                                 [01;36m[K^~~[m[K
[7.590s] 
[7.590s] In file included from [01m[K/usr/include/eigen3/Eigen/Core:295[m[K,
[7.590s]                  from [01m[K/home/nvidia/rby1-sdk/include/rby1-sdk/dynamics/robot.h:3[m[K,
[7.590s]                  from [01m[K/home/nvidia/rby1-sdk/include/rby1-sdk/model.h:6[m[K,
[7.590s]                  from [01m[K/home/nvidia/ros2_ws/src/rby1_movement/src/rby1_movement_subscriber.cpp:6[m[K:
[7.590s] [01m[K/usr/include/eigen3/Eigen/src/Core/Matrix.h:438:13:[m[K [01;36m[Knote: [m[Kcandidate: ‘[01m[Ktemplate<class OtherDerived> Eigen::Matrix<_Scalar, _Rows, _Cols, _Options, _MaxRows, _MaxCols>& Eigen::Matrix<_Scalar, _Rows, _Cols, _Options, _MaxRows, _MaxCols>::operator=(const Eigen::RotationBase<OtherDerived, Eigen::Matrix<_Scalar, _Rows, _Cols, _Options, _MaxRows, _MaxCols>::ColsAtCompileTime>&) [with OtherDerived = OtherDerived; _Scalar = double; int _Rows = 20; int _Cols = 1; int _Options = 0; int _MaxRows = 20; int _MaxCols = 1][m[K’
[7.590s]   438 |     Matrix& [01;36m[Koperator[m[K=(const RotationBase<OtherDerived,ColsAtCompileTime>& r);
[7.590s]       |             [01;36m[K^~~~~~~~[m[K
[7.590s] [01m[K/usr/include/eigen3/Eigen/src/Core/Matrix.h:438:13:[m[K [01;36m[Knote: [m[K  template argument deduction/substitution failed:
[7.591s] [01m[K/home/nvidia/ros2_ws/src/rby1_movement/src/rby1_movement_subscriber.cpp:67:39:[m[K [01;36m[Knote: [m[K  mismatched types ‘[01m[Kconst Eigen::RotationBase<OtherDerived, 1>[m[K’ and ‘[01m[Kdouble[m[K’
[7.591s]    67 |               wheel_velocity = -[01;36m[K1.5[m[K, -1.5;
[7.591s]       |                                 [01;36m[K^~~[m[K
[7.591s] 
[7.591s] In file included from [01m[K/usr/include/eigen3/Eigen/Core:295[m[K,
[7.591s]                  from [01m[K/home/nvidia/rby1-sdk/include/rby1-sdk/dynamics/robot.h:3[m[K,
[7.591s]                  from [01m[K/home/nvidia/rby1-sdk/include/rby1-sdk/model.h:6[m[K,
[7.591s]                  from [01m[K/home/nvidia/ros2_ws/src/rby1_movement/src/rby1_movement_subscriber.cpp:6[m[K:
[7.591s] [01m[K/usr/include/eigen3/Eigen/src/Core/Matrix.h:206:33:[m[K [01;36m[Knote: [m[Kcandidate: ‘[01m[KEigen::Matrix<_Scalar, _Rows, _Cols, _Options, _MaxRows, _MaxCols>& Eigen::Matrix<_Scalar, _Rows, _Cols, _Options, _MaxRows, _MaxCols>::operator=(const Eigen::Matrix<_Scalar, _Rows, _Cols, _Options, _MaxRows, _MaxCols>&) [with _Scalar = double; int _Rows = 20; int _Cols = 1; int _Options = 0; int _MaxRows = 20; int _MaxCols = 1][m[K’
[7.591s]   206 |    EIGEN_STRONG_INLINE Matrix& [01;36m[Koperator[m[K=(const Matrix& other)
[7.592s]       |                                [01;36m[K^~~~~~~~[m[K
[7.592s] 
[7.592s] [01m[K/usr/include/eigen3/Eigen/src/Core/Matrix.h:206:57:[m[K [01;36m[Knote: [m[K  no known conversion for argument 1 from ‘[01m[Kdouble[m[K’ to ‘[01m[Kconst Eigen::Matrix<double, 20, 1, 0, 20, 1>&[m[K’
[7.592s]   206 | INE Matrix& operator=([01;36m[Kconst Matrix& other[m[K)
[7.592s]       |                       [01;36m[K~~~~~~~~~~~~~~^~~~~[m[K
[7.592s] 
[7.592s] [01m[K/usr/include/eigen3/Eigen/src/Core/Matrix.h:279:13:[m[K [01;36m[Knote: [m[Kcandidate: ‘[01m[KEigen::Matrix<_Scalar, _Rows, _Cols, _Options, _MaxRows, _MaxCols>& Eigen::Matrix<_Scalar, _Rows, _Cols, _Options, _MaxRows, _MaxCols>::operator=(Eigen::Matrix<_Scalar, _Rows, _Cols, _Options, _MaxRows, _MaxCols>&&) [with _Scalar = double; int _Rows = 20; int _Cols = 1; int _Options = 0; int _MaxRows = 20; int _MaxCols = 1][m[K’
[7.592s]   279 |     Matrix& [01;36m[Koperator[m[K=(Matrix&& other) EIGEN_NOEXCEPT_IF(std::is_nothrow_move_assignable<Scalar>::value)
[7.592s]       |             [01;36m[K^~~~~~~~[m[K
[7.592s] [01m[K/usr/include/eigen3/Eigen/src/Core/Matrix.h:279:32:[m[K [01;36m[Knote: [m[K  no known conversion for argument 1 from ‘[01m[Kdouble[m[K’ to ‘[01m[KEigen::Matrix<double, 20, 1, 0, 20, 1>&&[m[K’
[7.592s]   279 |     Matrix& operator=([01;36m[KMatrix&& other[m[K) EIGEN_NOEXCEPT_IF(std::is_nothrow_move_assignable<Scalar>::value)
[7.593s]       |                       [01;36m[K~~~~~~~~~^~~~~[m[K
[7.593s] [01m[K/home/nvidia/ros2_ws/src/rby1_movement/src/rby1_movement_subscriber.cpp:70:38:[m[K [01;31m[Kerror: [m[Kno match for ‘[01m[Koperator=[m[K’ (operand types are ‘[01m[KEigen::Vector<double, 20>[m[K’ {aka ‘[01m[KEigen::Matrix<double, 20, 1, 0, 20, 1>[m[K’} and ‘[01m[Kint[m[K’)
[7.593s]    70 |                     wheel_velocity = [01;31m[K0[m[K, 0;
[7.593s]       |                                      [01;31m[K^[m[K
[7.593s] In file included from [01m[K/usr/include/eigen3/Eigen/Core:295[m[K,
[7.593s]                  from [01m[K/home/nvidia/rby1-sdk/include/rby1-sdk/dynamics/robot.h:3[m[K,
[7.593s]                  from [01m[K/home/nvidia/rby1-sdk/include/rby1-sdk/model.h:6[m[K,
[7.593s]                  from [01m[K/home/nvidia/ros2_ws/src/rby1_movement/src/rby1_movement_subscriber.cpp:6[m[K:
[7.593s] [01m[K/usr/include/eigen3/Eigen/src/Core/Matrix.h:223:33:[m[K [01;36m[Knote: [m[Kcandidate: ‘[01m[Ktemplate<class OtherDerived> Eigen::Matrix<_Scalar, _Rows, _Cols, _Options, _MaxRows, _MaxCols>& Eigen::Matrix<_Scalar, _Rows, _Cols, _Options, _MaxRows, _MaxCols>::operator=(const Eigen::DenseBase<OtherDerived>&) [with OtherDerived = OtherDerived; _Scalar = double; int _Rows = 20; int _Cols = 1; int _Options = 0; int _MaxRows = 20; int _MaxCols = 1][m[K’
[7.593s]   223 |    EIGEN_STRONG_INLINE Matrix& [01;36m[Koperator[m[K=(const DenseBase<OtherDerived>& other)
[7.594s]       |                                [01;36m[K^~~~~~~~[m[K
[7.594s] 
[7.594s] [01m[K/usr/include/eigen3/Eigen/src/Core/Matrix.h:223:33:[m[K [01;36m[Knote: [m[K  template argument deduction/substitution failed:
[7.594s] [01m[K/home/nvidia/ros2_ws/src/rby1_movement/src/rby1_movement_subscriber.cpp:70:38:[m[K [01;36m[Knote: [m[K  mismatched types ‘[01m[Kconst Eigen::DenseBase<Derived>[m[K’ and ‘[01m[Kint[m[K’
[7.594s]    70 |                     wheel_velocity = [01;36m[K0[m[K, 0;
[7.594s]       |                                      [01;36m[K^[m[K
[7.594s] In file included from [01m[K/usr/include/eigen3/Eigen/Core:295[m[K,
[7.594s]                  from [01m[K/home/nvidia/rby1-sdk/include/rby1-sdk/dynamics/robot.h:3[m[K,
[7.594s]                  from [01m[K/home/nvidia/rby1-sdk/include/rby1-sdk/model.h:6[m[K,
[7.594s]                  from [01m[K/home/nvidia/ros2_ws/src/rby1_movement/src/rby1_movement_subscriber.cpp:6[m[K:
[7.594s] [01m[K/usr/include/eigen3/Eigen/src/Core/Matrix.h:236:33:[m[K [01;36m[Knote: [m[Kcandidate: ‘[01m[Ktemplate<class OtherDerived> Eigen::Matrix<_Scalar, _Rows, _Cols, _Options, _MaxRows, _MaxCols>& Eigen::Matrix<_Scalar, _Rows, _Cols, _Options, _MaxRows, _MaxCols>::operator=(const Eigen::EigenBase<OtherDerived>&) [with OtherDerived = OtherDerived; _Scalar = double; int _Rows = 20; int _Cols = 1; int _Options = 0; int _MaxRows = 20; int _MaxCols = 1][m[K’
[7.595s]   236 |    EIGEN_STRONG_INLINE Matrix& [01;36m[Koperator[m[K=(const EigenBase<OtherDerived> &other)
[7.595s]       |                                [01;36m[K^~~~~~~~[m[K
[7.595s] 
[7.595s] [01m[K/usr/include/eigen3/Eigen/src/Core/Matrix.h:236:33:[m[K [01;36m[Knote: [m[K  template argument deduction/substitution failed:
[7.595s] [01m[K/home/nvidia/ros2_ws/src/rby1_movement/src/rby1_movement_subscriber.cpp:70:38:[m[K [01;36m[Knote: [m[K  mismatched types ‘[01m[Kconst Eigen::EigenBase<Derived>[m[K’ and ‘[01m[Kint[m[K’
[7.595s]    70 |                     wheel_velocity = [01;36m[K0[m[K, 0;
[7.595s]       |                                      [01;36m[K^[m[K
[7.595s] In file included from [01m[K/usr/include/eigen3/Eigen/Core:295[m[K,
[7.595s]                  from [01m[K/home/nvidia/rby1-sdk/include/rby1-sdk/dynamics/robot.h:3[m[K,
[7.595s]                  from [01m[K/home/nvidia/rby1-sdk/include/rby1-sdk/model.h:6[m[K,
[7.595s]                  from [01m[K/home/nvidia/ros2_ws/src/rby1_movement/src/rby1_movement_subscriber.cpp:6[m[K:
[7.596s] [01m[K/usr/include/eigen3/Eigen/src/Core/Matrix.h:243:33:[m[K [01;36m[Knote: [m[Kcandidate: ‘[01m[Ktemplate<class OtherDerived> Eigen::Matrix<_Scalar, _Rows, _Cols, _Options, _MaxRows, _MaxCols>& Eigen::Matrix<_Scalar, _Rows, _Cols, _Options, _MaxRows, _MaxCols>::operator=(const Eigen::ReturnByValue<OtherDerived>&) [with OtherDerived = OtherDerived; _Scalar = double; int _Rows = 20; int _Cols = 1; int _Options = 0; int _MaxRows = 20; int _MaxCols = 1][m[K’
[7.596s]   243 |    EIGEN_STRONG_INLINE Matrix& [01;36m[Koperator[m[K=(const ReturnByValue<OtherDerived>& func)
[7.596s]       |                                [01;36m[K^~~~~~~~[m[K
[7.596s] 
[7.596s] [01m[K/usr/include/eigen3/Eigen/src/Core/Matrix.h:243:33:[m[K [01;36m[Knote: [m[K  template argument deduction/substitution failed:
[7.596s] [01m[K/home/nvidia/ros2_ws/src/rby1_movement/src/rby1_movement_subscriber.cpp:70:38:[m[K [01;36m[Knote: [m[K  mismatched types ‘[01m[Kconst Eigen::ReturnByValue<Derived>[m[K’ and ‘[01m[Kint[m[K’
[7.596s]    70 |                     wheel_velocity = [01;36m[K0[m[K, 0;
[7.596s]       |                                      [01;36m[K^[m[K
[7.596s] In file included from [01m[K/usr/include/eigen3/Eigen/Core:295[m[K,
[7.596s]                  from [01m[K/home/nvidia/rby1-sdk/include/rby1-sdk/dynamics/robot.h:3[m[K,
[7.597s]                  from [01m[K/home/nvidia/rby1-sdk/include/rby1-sdk/model.h:6[m[K,
[7.597s]                  from [01m[K/home/nvidia/ros2_ws/src/rby1_movement/src/rby1_movement_subscriber.cpp:6[m[K:
[7.597s] [01m[K/usr/include/eigen3/Eigen/src/Core/Matrix.h:438:13:[m[K [01;36m[Knote: [m[Kcandidate: ‘[01m[Ktemplate<class OtherDerived> Eigen::Matrix<_Scalar, _Rows, _Cols, _Options, _MaxRows, _MaxCols>& Eigen::Matrix<_Scalar, _Rows, _Cols, _Options, _MaxRows, _MaxCols>::operator=(const Eigen::RotationBase<OtherDerived, Eigen::Matrix<_Scalar, _Rows, _Cols, _Options, _MaxRows, _MaxCols>::ColsAtCompileTime>&) [with OtherDerived = OtherDerived; _Scalar = double; int _Rows = 20; int _Cols = 1; int _Options = 0; int _MaxRows = 20; int _MaxCols = 1][m[K’
[7.597s]   438 |     Matrix& [01;36m[Koperator[m[K=(const RotationBase<OtherDerived,ColsAtCompileTime>& r);
[7.597s]       |             [01;36m[K^~~~~~~~[m[K
[7.597s] [01m[K/usr/include/eigen3/Eigen/src/Core/Matrix.h:438:13:[m[K [01;36m[Knote: [m[K  template argument deduction/substitution failed:
[7.597s] [01m[K/home/nvidia/ros2_ws/src/rby1_movement/src/rby1_movement_subscriber.cpp:70:38:[m[K [01;36m[Knote: [m[K  mismatched types ‘[01m[Kconst Eigen::RotationBase<OtherDerived, 1>[m[K’ and ‘[01m[Kint[m[K’
[7.597s]    70 |                     wheel_velocity = [01;36m[K0[m[K, 0;
[7.597s]       |                                      [01;36m[K^[m[K
[7.597s] In file included from [01m[K/usr/include/eigen3/Eigen/Core:295[m[K,
[7.598s]                  from [01m[K/home/nvidia/rby1-sdk/include/rby1-sdk/dynamics/robot.h:3[m[K,
[7.598s]                  from [01m[K/home/nvidia/rby1-sdk/include/rby1-sdk/model.h:6[m[K,
[7.598s]                  from [01m[K/home/nvidia/ros2_ws/src/rby1_movement/src/rby1_movement_subscriber.cpp:6[m[K:
[7.598s] [01m[K/usr/include/eigen3/Eigen/src/Core/Matrix.h:206:33:[m[K [01;36m[Knote: [m[Kcandidate: ‘[01m[KEigen::Matrix<_Scalar, _Rows, _Cols, _Options, _MaxRows, _MaxCols>& Eigen::Matrix<_Scalar, _Rows, _Cols, _Options, _MaxRows, _MaxCols>::operator=(const Eigen::Matrix<_Scalar, _Rows, _Cols, _Options, _MaxRows, _MaxCols>&) [with _Scalar = double; int _Rows = 20; int _Cols = 1; int _Options = 0; int _MaxRows = 20; int _MaxCols = 1][m[K’
[7.598s]   206 |    EIGEN_STRONG_INLINE Matrix& [01;36m[Koperator[m[K=(const Matrix& other)
[7.598s]       |                                [01;36m[K^~~~~~~~[m[K
[7.598s] 
[7.598s] [01m[K/usr/include/eigen3/Eigen/src/Core/Matrix.h:206:57:[m[K [01;36m[Knote: [m[K  no known conversion for argument 1 from ‘[01m[Kint[m[K’ to ‘[01m[Kconst Eigen::Matrix<double, 20, 1, 0, 20, 1>&[m[K’
[7.598s]   206 | INE Matrix& operator=([01;36m[Kconst Matrix& other[m[K)
[7.598s]       |                       [01;36m[K~~~~~~~~~~~~~~^~~~~[m[K
[7.598s] 
[7.599s] [01m[K/usr/include/eigen3/Eigen/src/Core/Matrix.h:279:13:[m[K [01;36m[Knote: [m[Kcandidate: ‘[01m[KEigen::Matrix<_Scalar, _Rows, _Cols, _Options, _MaxRows, _MaxCols>& Eigen::Matrix<_Scalar, _Rows, _Cols, _Options, _MaxRows, _MaxCols>::operator=(Eigen::Matrix<_Scalar, _Rows, _Cols, _Options, _MaxRows, _MaxCols>&&) [with _Scalar = double; int _Rows = 20; int _Cols = 1; int _Options = 0; int _MaxRows = 20; int _MaxCols = 1][m[K’
[7.599s]   279 |     Matrix& [01;36m[Koperator[m[K=(Matrix&& other) EIGEN_NOEXCEPT_IF(std::is_nothrow_move_assignable<Scalar>::value)
[7.599s]       |             [01;36m[K^~~~~~~~[m[K
[7.599s] [01m[K/usr/include/eigen3/Eigen/src/Core/Matrix.h:279:32:[m[K [01;36m[Knote: [m[K  no known conversion for argument 1 from ‘[01m[Kint[m[K’ to ‘[01m[KEigen::Matrix<double, 20, 1, 0, 20, 1>&&[m[K’
[7.599s]   279 |     Matrix& operator=([01;36m[KMatrix&& other[m[K) EIGEN_NOEXCEPT_IF(std::is_nothrow_move_assignable<Scalar>::value)
[7.599s]       |                       [01;36m[K~~~~~~~~~^~~~~[m[K
[13.137s] gmake[2]: *** [CMakeFiles/rby1_movement_subscriber.dir/build.make:79: CMakeFiles/rby1_movement_subscriber.dir/src/rby1_movement_subscriber.cpp.o] Error 1
[13.137s] gmake[1]: *** [CMakeFiles/Makefile2:153: CMakeFiles/rby1_movement_subscriber.dir/all] Error 2
[13.138s] gmake: *** [Makefile:146: all] Error 2
[13.143s] Invoked command in '/home/nvidia/ros2_ws/src/rby1_movement/build/rby1_movement' returned '2': CMAKE_PREFIX_PATH=${CMAKE_PREFIX_PATH}:/opt/ros/humble /usr/bin/cmake --build /home/nvidia/ros2_ws/src/rby1_movement/build/rby1_movement -- -j8 -l8
