[0.344s] DEBUG:colcon:Command line arguments: ['/usr/bin/colcon', 'build']
[0.345s] DEBUG:colcon:Parsed command line arguments: Namespace(log_base=None, log_level=None, verb_name='build', build_base='build', install_base='install', merge_install=False, symlink_install=False, test_result_base=None, continue_on_error=False, executor='parallel', parallel_workers=8, event_handlers=None, ignore_user_meta=False, metas=['./colcon.meta'], base_paths=['.'], packages_ignore=None, packages_ignore_regex=None, paths=None, packages_up_to=None, packages_up_to_regex=None, packages_above=None, packages_above_and_dependencies=None, packages_above_depth=None, packages_select_by_dep=None, packages_skip_by_dep=None, packages_skip_up_to=None, packages_select_build_failed=False, packages_skip_build_finished=False, packages_select_test_failures=False, packages_skip_test_passed=False, packages_select=None, packages_skip=None, packages_select_regex=None, packages_skip_regex=None, packages_start=None, packages_end=None, allow_overriding=[], cmake_args=None, cmake_target=None, cmake_target_skip_unavailable=False, cmake_clean_cache=False, cmake_clean_first=False, cmake_force_configure=False, ament_cmake_args=None, catkin_cmake_args=None, catkin_skip_building_tests=False, mixin_files=None, mixin=None, verb_parser=<colcon_mixin.mixin.mixin_argument.MixinArgumentDecorator object at 0xffff89455f00>, verb_extension=<colcon_core.verb.build.BuildVerb object at 0xffff89455930>, main=<bound method BuildVerb.main of <colcon_core.verb.build.BuildVerb object at 0xffff89455930>>, mixin_verb=('build',))
[0.895s] Level 1:colcon.colcon_core.package_discovery:discover_packages(colcon_meta) check parameters
[0.896s] Level 1:colcon.colcon_core.package_discovery:discover_packages(recursive) check parameters
[0.896s] Level 1:colcon.colcon_core.package_discovery:discover_packages(ignore) check parameters
[0.896s] Level 1:colcon.colcon_core.package_discovery:discover_packages(path) check parameters
[0.896s] Level 1:colcon.colcon_core.package_discovery:discover_packages(colcon_meta) discover
[0.896s] Level 1:colcon.colcon_core.package_discovery:discover_packages(recursive) discover
[0.896s] INFO:colcon.colcon_core.package_discovery:Crawling recursively for packages in '/home/nvidia/ros2_ws/src/rby1_movement'
[0.897s] Level 1:colcon.colcon_core.package_identification:_identify(.) by extensions ['ignore', 'ignore_ament_install']
[0.897s] Level 1:colcon.colcon_core.package_identification:_identify(.) by extension 'ignore'
[0.897s] Level 1:colcon.colcon_core.package_identification:_identify(.) by extension 'ignore_ament_install'
[0.897s] Level 1:colcon.colcon_core.package_identification:_identify(.) by extensions ['colcon_pkg']
[0.897s] Level 1:colcon.colcon_core.package_identification:_identify(.) by extension 'colcon_pkg'
[0.897s] Level 1:colcon.colcon_core.package_identification:_identify(.) by extensions ['colcon_meta']
[0.897s] Level 1:colcon.colcon_core.package_identification:_identify(.) by extension 'colcon_meta'
[0.898s] Level 1:colcon.colcon_core.package_identification:_identify(.) by extensions ['ros']
[0.898s] Level 1:colcon.colcon_core.package_identification:_identify(.) by extension 'ros'
[0.927s] DEBUG:colcon.colcon_core.package_identification:Package '.' with type 'ros.ament_cmake' and name 'rby1_movement'
[0.927s] Level 1:colcon.colcon_core.package_discovery:discover_packages(recursive) using defaults
[0.928s] Level 1:colcon.colcon_core.package_discovery:discover_packages(ignore) discover
[0.928s] Level 1:colcon.colcon_core.package_discovery:discover_packages(ignore) using defaults
[0.928s] Level 1:colcon.colcon_core.package_discovery:discover_packages(path) discover
[0.928s] Level 1:colcon.colcon_core.package_discovery:discover_packages(path) using defaults
[1.018s] Level 1:colcon.colcon_core.package_discovery:discover_packages(prefix_path) check parameters
[1.018s] Level 1:colcon.colcon_core.package_discovery:discover_packages(prefix_path) discover
[1.027s] DEBUG:colcon.colcon_installed_package_information.package_discovery:Found 14 installed packages in /home/nvidia/ros2_ws/install
[1.029s] DEBUG:colcon.colcon_installed_package_information.package_discovery:Found 293 installed packages in /opt/ros/humble
[1.032s] Level 1:colcon.colcon_core.package_discovery:discover_packages(prefix_path) using defaults
[1.116s] Level 5:colcon.colcon_core.verb:set package 'rby1_movement' build argument 'cmake_args' from command line to 'None'
[1.117s] Level 5:colcon.colcon_core.verb:set package 'rby1_movement' build argument 'cmake_target' from command line to 'None'
[1.117s] Level 5:colcon.colcon_core.verb:set package 'rby1_movement' build argument 'cmake_target_skip_unavailable' from command line to 'False'
[1.117s] Level 5:colcon.colcon_core.verb:set package 'rby1_movement' build argument 'cmake_clean_cache' from command line to 'False'
[1.117s] Level 5:colcon.colcon_core.verb:set package 'rby1_movement' build argument 'cmake_clean_first' from command line to 'False'
[1.117s] Level 5:colcon.colcon_core.verb:set package 'rby1_movement' build argument 'cmake_force_configure' from command line to 'False'
[1.117s] Level 5:colcon.colcon_core.verb:set package 'rby1_movement' build argument 'ament_cmake_args' from command line to 'None'
[1.117s] Level 5:colcon.colcon_core.verb:set package 'rby1_movement' build argument 'catkin_cmake_args' from command line to 'None'
[1.117s] Level 5:colcon.colcon_core.verb:set package 'rby1_movement' build argument 'catkin_skip_building_tests' from command line to 'False'
[1.117s] DEBUG:colcon.colcon_core.verb:Building package 'rby1_movement' with the following arguments: {'ament_cmake_args': None, 'build_base': '/home/nvidia/ros2_ws/src/rby1_movement/build/rby1_movement', 'catkin_cmake_args': None, 'catkin_skip_building_tests': False, 'cmake_args': None, 'cmake_clean_cache': False, 'cmake_clean_first': False, 'cmake_force_configure': False, 'cmake_target': None, 'cmake_target_skip_unavailable': False, 'install_base': '/home/nvidia/ros2_ws/src/rby1_movement/install/rby1_movement', 'merge_install': False, 'path': '/home/nvidia/ros2_ws/src/rby1_movement', 'symlink_install': False, 'test_result_base': None}
[1.118s] INFO:colcon.colcon_core.executor:Executing jobs using 'parallel' executor
[1.119s] DEBUG:colcon.colcon_parallel_executor.executor.parallel:run_until_complete
[1.120s] INFO:colcon.colcon_ros.task.ament_cmake.build:Building ROS package in '/home/nvidia/ros2_ws/src/rby1_movement' with build type 'ament_cmake'
[1.120s] INFO:colcon.colcon_cmake.task.cmake.build:Building CMake package in '/home/nvidia/ros2_ws/src/rby1_movement'
[1.131s] INFO:colcon.colcon_core.plugin_system:Skipping extension 'colcon_core.shell.bat': Not used on non-Windows systems
[1.131s] INFO:colcon.colcon_core.shell:Skip shell extension 'powershell' for command environment: Not usable outside of PowerShell
[1.131s] DEBUG:colcon.colcon_core.shell:Skip shell extension 'dsv' for command environment
[1.149s] DEBUG:colcon.colcon_core.event_handler.log_command:Invoking command in '/home/nvidia/ros2_ws/src/rby1_movement/build/rby1_movement': CMAKE_PREFIX_PATH=${CMAKE_PREFIX_PATH}:/opt/ros/humble /usr/bin/cmake --build /home/nvidia/ros2_ws/src/rby1_movement/build/rby1_movement -- -j8 -l8
[24.356s] DEBUG:colcon.colcon_core.event_handler.log_command:Invoked command in '/home/nvidia/ros2_ws/src/rby1_movement/build/rby1_movement' returned '0': CMAKE_PREFIX_PATH=${CMAKE_PREFIX_PATH}:/opt/ros/humble /usr/bin/cmake --build /home/nvidia/ros2_ws/src/rby1_movement/build/rby1_movement -- -j8 -l8
[24.379s] DEBUG:colcon.colcon_core.event_handler.log_command:Invoking command in '/home/nvidia/ros2_ws/src/rby1_movement/build/rby1_movement': CMAKE_PREFIX_PATH=${CMAKE_PREFIX_PATH}:/opt/ros/humble /usr/bin/cmake --install /home/nvidia/ros2_ws/src/rby1_movement/build/rby1_movement
[24.412s] Level 1:colcon.colcon_core.environment:create_environment_scripts_only(rby1_movement)
[24.413s] DEBUG:colcon.colcon_core.event_handler.log_command:Invoked command in '/home/nvidia/ros2_ws/src/rby1_movement/build/rby1_movement' returned '0': CMAKE_PREFIX_PATH=${CMAKE_PREFIX_PATH}:/opt/ros/humble /usr/bin/cmake --install /home/nvidia/ros2_ws/src/rby1_movement/build/rby1_movement
[24.431s] Level 1:colcon.colcon_core.environment:checking '/home/nvidia/ros2_ws/src/rby1_movement/install/rby1_movement' for CMake module files
[24.433s] Level 1:colcon.colcon_core.environment:checking '/home/nvidia/ros2_ws/src/rby1_movement/install/rby1_movement' for CMake config files
[24.436s] Level 1:colcon.colcon_core.shell:create_environment_hook('rby1_movement', 'cmake_prefix_path')
[24.437s] INFO:colcon.colcon_core.shell:Creating environment hook '/home/nvidia/ros2_ws/src/rby1_movement/install/rby1_movement/share/rby1_movement/hook/cmake_prefix_path.ps1'
[24.441s] INFO:colcon.colcon_core.shell:Creating environment descriptor '/home/nvidia/ros2_ws/src/rby1_movement/install/rby1_movement/share/rby1_movement/hook/cmake_prefix_path.dsv'
[24.444s] INFO:colcon.colcon_core.shell:Creating environment hook '/home/nvidia/ros2_ws/src/rby1_movement/install/rby1_movement/share/rby1_movement/hook/cmake_prefix_path.sh'
[24.448s] Level 1:colcon.colcon_core.environment:checking '/home/nvidia/ros2_ws/src/rby1_movement/install/rby1_movement/lib'
[24.448s] Level 1:colcon.colcon_core.environment:checking '/home/nvidia/ros2_ws/src/rby1_movement/install/rby1_movement/bin'
[24.449s] Level 1:colcon.colcon_core.environment:checking '/home/nvidia/ros2_ws/src/rby1_movement/install/rby1_movement/lib/pkgconfig/rby1_movement.pc'
[24.450s] Level 1:colcon.colcon_core.environment:checking '/home/nvidia/ros2_ws/src/rby1_movement/install/rby1_movement/lib/python3.10/site-packages'
[24.451s] Level 1:colcon.colcon_core.environment:checking '/home/nvidia/ros2_ws/src/rby1_movement/install/rby1_movement/bin'
[24.452s] INFO:colcon.colcon_core.shell:Creating package script '/home/nvidia/ros2_ws/src/rby1_movement/install/rby1_movement/share/rby1_movement/package.ps1'
[24.456s] INFO:colcon.colcon_core.shell:Creating package descriptor '/home/nvidia/ros2_ws/src/rby1_movement/install/rby1_movement/share/rby1_movement/package.dsv'
[24.458s] INFO:colcon.colcon_core.shell:Creating package script '/home/nvidia/ros2_ws/src/rby1_movement/install/rby1_movement/share/rby1_movement/package.sh'
[24.461s] INFO:colcon.colcon_core.shell:Creating package script '/home/nvidia/ros2_ws/src/rby1_movement/install/rby1_movement/share/rby1_movement/package.bash'
[24.465s] INFO:colcon.colcon_core.shell:Creating package script '/home/nvidia/ros2_ws/src/rby1_movement/install/rby1_movement/share/rby1_movement/package.zsh'
[24.469s] Level 1:colcon.colcon_core.environment:create_file_with_runtime_dependencies(/home/nvidia/ros2_ws/src/rby1_movement/install/rby1_movement/share/colcon-core/packages/rby1_movement)
[24.471s] Level 1:colcon.colcon_core.environment:create_environment_scripts_only(rby1_movement)
[24.472s] Level 1:colcon.colcon_core.environment:checking '/home/nvidia/ros2_ws/src/rby1_movement/install/rby1_movement' for CMake module files
[24.474s] Level 1:colcon.colcon_core.environment:checking '/home/nvidia/ros2_ws/src/rby1_movement/install/rby1_movement' for CMake config files
[24.475s] Level 1:colcon.colcon_core.shell:create_environment_hook('rby1_movement', 'cmake_prefix_path')
[24.476s] INFO:colcon.colcon_core.shell:Creating environment hook '/home/nvidia/ros2_ws/src/rby1_movement/install/rby1_movement/share/rby1_movement/hook/cmake_prefix_path.ps1'
[24.478s] INFO:colcon.colcon_core.shell:Creating environment descriptor '/home/nvidia/ros2_ws/src/rby1_movement/install/rby1_movement/share/rby1_movement/hook/cmake_prefix_path.dsv'
[24.480s] INFO:colcon.colcon_core.shell:Creating environment hook '/home/nvidia/ros2_ws/src/rby1_movement/install/rby1_movement/share/rby1_movement/hook/cmake_prefix_path.sh'
[24.483s] Level 1:colcon.colcon_core.environment:checking '/home/nvidia/ros2_ws/src/rby1_movement/install/rby1_movement/lib'
[24.483s] Level 1:colcon.colcon_core.environment:checking '/home/nvidia/ros2_ws/src/rby1_movement/install/rby1_movement/bin'
[24.483s] Level 1:colcon.colcon_core.environment:checking '/home/nvidia/ros2_ws/src/rby1_movement/install/rby1_movement/lib/pkgconfig/rby1_movement.pc'
[24.484s] Level 1:colcon.colcon_core.environment:checking '/home/nvidia/ros2_ws/src/rby1_movement/install/rby1_movement/lib/python3.10/site-packages'
[24.485s] Level 1:colcon.colcon_core.environment:checking '/home/nvidia/ros2_ws/src/rby1_movement/install/rby1_movement/bin'
[24.486s] INFO:colcon.colcon_core.shell:Creating package script '/home/nvidia/ros2_ws/src/rby1_movement/install/rby1_movement/share/rby1_movement/package.ps1'
[24.488s] INFO:colcon.colcon_core.shell:Creating package descriptor '/home/nvidia/ros2_ws/src/rby1_movement/install/rby1_movement/share/rby1_movement/package.dsv'
[24.490s] INFO:colcon.colcon_core.shell:Creating package script '/home/nvidia/ros2_ws/src/rby1_movement/install/rby1_movement/share/rby1_movement/package.sh'
[24.492s] INFO:colcon.colcon_core.shell:Creating package script '/home/nvidia/ros2_ws/src/rby1_movement/install/rby1_movement/share/rby1_movement/package.bash'
[24.493s] INFO:colcon.colcon_core.shell:Creating package script '/home/nvidia/ros2_ws/src/rby1_movement/install/rby1_movement/share/rby1_movement/package.zsh'
[24.495s] Level 1:colcon.colcon_core.environment:create_file_with_runtime_dependencies(/home/nvidia/ros2_ws/src/rby1_movement/install/rby1_movement/share/colcon-core/packages/rby1_movement)
[24.496s] DEBUG:colcon.colcon_parallel_executor.executor.parallel:closing loop
[24.498s] DEBUG:colcon.colcon_parallel_executor.executor.parallel:loop closed
[24.498s] DEBUG:colcon.colcon_parallel_executor.executor.parallel:run_until_complete finished with '0'
[24.498s] DEBUG:colcon.colcon_core.event_reactor:joining thread
[24.523s] INFO:colcon.colcon_core.plugin_system:Skipping extension 'colcon_notification.desktop_notification.terminal_notifier': Not used on non-Darwin systems
[24.523s] INFO:colcon.colcon_core.plugin_system:Skipping extension 'colcon_notification.desktop_notification.win32': Not used on non-Windows systems
[24.524s] INFO:colcon.colcon_notification.desktop_notification:Sending desktop notification using 'notify2'
[24.574s] DEBUG:colcon.colcon_core.event_reactor:joined thread
[24.576s] INFO:colcon.colcon_core.shell:Creating prefix script '/home/nvidia/ros2_ws/src/rby1_movement/install/local_setup.ps1'
[24.583s] INFO:colcon.colcon_core.shell:Creating prefix util module '/home/nvidia/ros2_ws/src/rby1_movement/install/_local_setup_util_ps1.py'
[24.590s] INFO:colcon.colcon_core.shell:Creating prefix chain script '/home/nvidia/ros2_ws/src/rby1_movement/install/setup.ps1'
[24.597s] INFO:colcon.colcon_core.shell:Creating prefix script '/home/nvidia/ros2_ws/src/rby1_movement/install/local_setup.sh'
[24.600s] INFO:colcon.colcon_core.shell:Creating prefix util module '/home/nvidia/ros2_ws/src/rby1_movement/install/_local_setup_util_sh.py'
[24.602s] INFO:colcon.colcon_core.shell:Creating prefix chain script '/home/nvidia/ros2_ws/src/rby1_movement/install/setup.sh'
[24.610s] INFO:colcon.colcon_core.shell:Creating prefix script '/home/nvidia/ros2_ws/src/rby1_movement/install/local_setup.bash'
[24.612s] INFO:colcon.colcon_core.shell:Creating prefix chain script '/home/nvidia/ros2_ws/src/rby1_movement/install/setup.bash'
[24.619s] INFO:colcon.colcon_core.shell:Creating prefix script '/home/nvidia/ros2_ws/src/rby1_movement/install/local_setup.zsh'
[24.621s] INFO:colcon.colcon_core.shell:Creating prefix chain script '/home/nvidia/ros2_ws/src/rby1_movement/install/setup.zsh'
