[0.217s] DEBUG:colcon:Command line arguments: ['/usr/bin/colcon', 'build']
[0.218s] DEBUG:colcon:Parsed command line arguments: Namespace(log_base=None, log_level=None, verb_name='build', build_base='build', install_base='install', merge_install=False, symlink_install=False, test_result_base=None, continue_on_error=False, executor='parallel', parallel_workers=8, event_handlers=None, ignore_user_meta=False, metas=['./colcon.meta'], base_paths=['.'], packages_ignore=None, packages_ignore_regex=None, paths=None, packages_up_to=None, packages_up_to_regex=None, packages_above=None, packages_above_and_dependencies=None, packages_above_depth=None, packages_select_by_dep=None, packages_skip_by_dep=None, packages_skip_up_to=None, packages_select_build_failed=False, packages_skip_build_finished=False, packages_select_test_failures=False, packages_skip_test_passed=False, packages_select=None, packages_skip=None, packages_select_regex=None, packages_skip_regex=None, packages_start=None, packages_end=None, allow_overriding=[], cmake_args=None, cmake_target=None, cmake_target_skip_unavailable=False, cmake_clean_cache=False, cmake_clean_first=False, cmake_force_configure=False, ament_cmake_args=None, catkin_cmake_args=None, catkin_skip_building_tests=False, mixin_files=None, mixin=None, verb_parser=<colcon_mixin.mixin.mixin_argument.MixinArgumentDecorator object at 0xffff7fd75f00>, verb_extension=<colcon_core.verb.build.BuildVerb object at 0xffff7fd75930>, main=<bound method BuildVerb.main of <colcon_core.verb.build.BuildVerb object at 0xffff7fd75930>>, mixin_verb=('build',))
[0.544s] Level 1:colcon.colcon_core.package_discovery:discover_packages(colcon_meta) check parameters
[0.545s] Level 1:colcon.colcon_core.package_discovery:discover_packages(recursive) check parameters
[0.545s] Level 1:colcon.colcon_core.package_discovery:discover_packages(ignore) check parameters
[0.545s] Level 1:colcon.colcon_core.package_discovery:discover_packages(path) check parameters
[0.545s] Level 1:colcon.colcon_core.package_discovery:discover_packages(colcon_meta) discover
[0.545s] Level 1:colcon.colcon_core.package_discovery:discover_packages(recursive) discover
[0.545s] INFO:colcon.colcon_core.package_discovery:Crawling recursively for packages in '/home/nvidia/ros2_ws/src/rby1_movement'
[0.545s] Level 1:colcon.colcon_core.package_identification:_identify(.) by extensions ['ignore', 'ignore_ament_install']
[0.546s] Level 1:colcon.colcon_core.package_identification:_identify(.) by extension 'ignore'
[0.546s] Level 1:colcon.colcon_core.package_identification:_identify(.) by extension 'ignore_ament_install'
[0.546s] Level 1:colcon.colcon_core.package_identification:_identify(.) by extensions ['colcon_pkg']
[0.546s] Level 1:colcon.colcon_core.package_identification:_identify(.) by extension 'colcon_pkg'
[0.546s] Level 1:colcon.colcon_core.package_identification:_identify(.) by extensions ['colcon_meta']
[0.546s] Level 1:colcon.colcon_core.package_identification:_identify(.) by extension 'colcon_meta'
[0.546s] Level 1:colcon.colcon_core.package_identification:_identify(.) by extensions ['ros']
[0.546s] Level 1:colcon.colcon_core.package_identification:_identify(.) by extension 'ros'
[0.571s] DEBUG:colcon.colcon_core.package_identification:Package '.' with type 'ros.ament_cmake' and name 'rby1_movement'
[0.572s] Level 1:colcon.colcon_core.package_discovery:discover_packages(recursive) using defaults
[0.572s] Level 1:colcon.colcon_core.package_discovery:discover_packages(ignore) discover
[0.572s] Level 1:colcon.colcon_core.package_discovery:discover_packages(ignore) using defaults
[0.572s] Level 1:colcon.colcon_core.package_discovery:discover_packages(path) discover
[0.572s] Level 1:colcon.colcon_core.package_discovery:discover_packages(path) using defaults
[0.641s] Level 1:colcon.colcon_core.package_discovery:discover_packages(prefix_path) check parameters
[0.641s] Level 1:colcon.colcon_core.package_discovery:discover_packages(prefix_path) discover
[0.645s] DEBUG:colcon.colcon_installed_package_information.package_discovery:Found 1 installed packages in /home/nvidia/ros2_ws/src/rby1_movement/install
[0.647s] DEBUG:colcon.colcon_installed_package_information.package_discovery:Found 14 installed packages in /home/nvidia/ros2_ws/install
[0.649s] DEBUG:colcon.colcon_installed_package_information.package_discovery:Found 293 installed packages in /opt/ros/humble
[0.652s] Level 1:colcon.colcon_core.package_discovery:discover_packages(prefix_path) using defaults
[0.724s] Level 5:colcon.colcon_core.verb:set package 'rby1_movement' build argument 'cmake_args' from command line to 'None'
[0.725s] Level 5:colcon.colcon_core.verb:set package 'rby1_movement' build argument 'cmake_target' from command line to 'None'
[0.725s] Level 5:colcon.colcon_core.verb:set package 'rby1_movement' build argument 'cmake_target_skip_unavailable' from command line to 'False'
[0.725s] Level 5:colcon.colcon_core.verb:set package 'rby1_movement' build argument 'cmake_clean_cache' from command line to 'False'
[0.725s] Level 5:colcon.colcon_core.verb:set package 'rby1_movement' build argument 'cmake_clean_first' from command line to 'False'
[0.725s] Level 5:colcon.colcon_core.verb:set package 'rby1_movement' build argument 'cmake_force_configure' from command line to 'False'
[0.725s] Level 5:colcon.colcon_core.verb:set package 'rby1_movement' build argument 'ament_cmake_args' from command line to 'None'
[0.725s] Level 5:colcon.colcon_core.verb:set package 'rby1_movement' build argument 'catkin_cmake_args' from command line to 'None'
[0.725s] Level 5:colcon.colcon_core.verb:set package 'rby1_movement' build argument 'catkin_skip_building_tests' from command line to 'False'
[0.725s] DEBUG:colcon.colcon_core.verb:Building package 'rby1_movement' with the following arguments: {'ament_cmake_args': None, 'build_base': '/home/nvidia/ros2_ws/src/rby1_movement/build/rby1_movement', 'catkin_cmake_args': None, 'catkin_skip_building_tests': False, 'cmake_args': None, 'cmake_clean_cache': False, 'cmake_clean_first': False, 'cmake_force_configure': False, 'cmake_target': None, 'cmake_target_skip_unavailable': False, 'install_base': '/home/nvidia/ros2_ws/src/rby1_movement/install/rby1_movement', 'merge_install': False, 'path': '/home/nvidia/ros2_ws/src/rby1_movement', 'symlink_install': False, 'test_result_base': None}
[0.725s] INFO:colcon.colcon_core.executor:Executing jobs using 'parallel' executor
[0.728s] DEBUG:colcon.colcon_parallel_executor.executor.parallel:run_until_complete
[0.728s] INFO:colcon.colcon_ros.task.ament_cmake.build:Building ROS package in '/home/nvidia/ros2_ws/src/rby1_movement' with build type 'ament_cmake'
[0.728s] INFO:colcon.colcon_cmake.task.cmake.build:Building CMake package in '/home/nvidia/ros2_ws/src/rby1_movement'
[0.732s] INFO:colcon.colcon_core.plugin_system:Skipping extension 'colcon_core.shell.bat': Not used on non-Windows systems
[0.733s] INFO:colcon.colcon_core.shell:Skip shell extension 'powershell' for command environment: Not usable outside of PowerShell
[0.733s] DEBUG:colcon.colcon_core.shell:Skip shell extension 'dsv' for command environment
[0.749s] DEBUG:colcon.colcon_core.event_handler.log_command:Invoking command in '/home/nvidia/ros2_ws/src/rby1_movement/build/rby1_movement': CMAKE_PREFIX_PATH=${CMAKE_PREFIX_PATH}:/opt/ros/humble /usr/bin/cmake --build /home/nvidia/ros2_ws/src/rby1_movement/build/rby1_movement -- -j8 -l8
[14.782s] DEBUG:colcon.colcon_core.event_handler.log_command:Invoked command in '/home/nvidia/ros2_ws/src/rby1_movement/build/rby1_movement' returned '2': CMAKE_PREFIX_PATH=${CMAKE_PREFIX_PATH}:/opt/ros/humble /usr/bin/cmake --build /home/nvidia/ros2_ws/src/rby1_movement/build/rby1_movement -- -j8 -l8
[14.784s] Level 1:colcon.colcon_core.environment:create_environment_scripts_only(rby1_movement)
[14.791s] Level 1:colcon.colcon_core.environment:checking '/home/nvidia/ros2_ws/src/rby1_movement/install/rby1_movement' for CMake module files
[14.794s] Level 1:colcon.colcon_core.environment:checking '/home/nvidia/ros2_ws/src/rby1_movement/install/rby1_movement' for CMake config files
[14.795s] Level 1:colcon.colcon_core.shell:create_environment_hook('rby1_movement', 'cmake_prefix_path')
[14.796s] INFO:colcon.colcon_core.shell:Creating environment hook '/home/nvidia/ros2_ws/src/rby1_movement/install/rby1_movement/share/rby1_movement/hook/cmake_prefix_path.ps1'
[14.799s] INFO:colcon.colcon_core.shell:Creating environment descriptor '/home/nvidia/ros2_ws/src/rby1_movement/install/rby1_movement/share/rby1_movement/hook/cmake_prefix_path.dsv'
[14.802s] INFO:colcon.colcon_core.shell:Creating environment hook '/home/nvidia/ros2_ws/src/rby1_movement/install/rby1_movement/share/rby1_movement/hook/cmake_prefix_path.sh'
[14.806s] Level 1:colcon.colcon_core.environment:checking '/home/nvidia/ros2_ws/src/rby1_movement/install/rby1_movement/lib'
[14.807s] Level 1:colcon.colcon_core.environment:checking '/home/nvidia/ros2_ws/src/rby1_movement/install/rby1_movement/bin'
[14.807s] Level 1:colcon.colcon_core.environment:checking '/home/nvidia/ros2_ws/src/rby1_movement/install/rby1_movement/lib/pkgconfig/rby1_movement.pc'
[14.808s] Level 1:colcon.colcon_core.environment:checking '/home/nvidia/ros2_ws/src/rby1_movement/install/rby1_movement/lib/python3.10/site-packages'
[14.808s] Level 1:colcon.colcon_core.environment:checking '/home/nvidia/ros2_ws/src/rby1_movement/install/rby1_movement/bin'
[14.810s] INFO:colcon.colcon_core.shell:Creating package script '/home/nvidia/ros2_ws/src/rby1_movement/install/rby1_movement/share/rby1_movement/package.ps1'
[14.813s] INFO:colcon.colcon_core.shell:Creating package descriptor '/home/nvidia/ros2_ws/src/rby1_movement/install/rby1_movement/share/rby1_movement/package.dsv'
[14.815s] INFO:colcon.colcon_core.shell:Creating package script '/home/nvidia/ros2_ws/src/rby1_movement/install/rby1_movement/share/rby1_movement/package.sh'
[14.819s] INFO:colcon.colcon_core.shell:Creating package script '/home/nvidia/ros2_ws/src/rby1_movement/install/rby1_movement/share/rby1_movement/package.bash'
[14.822s] INFO:colcon.colcon_core.shell:Creating package script '/home/nvidia/ros2_ws/src/rby1_movement/install/rby1_movement/share/rby1_movement/package.zsh'
[14.825s] Level 1:colcon.colcon_core.environment:create_file_with_runtime_dependencies(/home/nvidia/ros2_ws/src/rby1_movement/install/rby1_movement/share/colcon-core/packages/rby1_movement)
[14.837s] DEBUG:colcon.colcon_parallel_executor.executor.parallel:closing loop
[14.838s] DEBUG:colcon.colcon_parallel_executor.executor.parallel:loop closed
[14.838s] DEBUG:colcon.colcon_parallel_executor.executor.parallel:run_until_complete finished with '2'
[14.838s] DEBUG:colcon.colcon_core.event_reactor:joining thread
[14.858s] INFO:colcon.colcon_core.plugin_system:Skipping extension 'colcon_notification.desktop_notification.terminal_notifier': Not used on non-Darwin systems
[14.859s] INFO:colcon.colcon_core.plugin_system:Skipping extension 'colcon_notification.desktop_notification.win32': Not used on non-Windows systems
[14.859s] INFO:colcon.colcon_notification.desktop_notification:Sending desktop notification using 'notify2'
[14.902s] DEBUG:colcon.colcon_core.event_reactor:joined thread
[14.904s] INFO:colcon.colcon_core.shell:Creating prefix script '/home/nvidia/ros2_ws/src/rby1_movement/install/local_setup.ps1'
[14.909s] INFO:colcon.colcon_core.shell:Creating prefix util module '/home/nvidia/ros2_ws/src/rby1_movement/install/_local_setup_util_ps1.py'
[14.914s] INFO:colcon.colcon_core.shell:Creating prefix chain script '/home/nvidia/ros2_ws/src/rby1_movement/install/setup.ps1'
[14.921s] INFO:colcon.colcon_core.shell:Creating prefix script '/home/nvidia/ros2_ws/src/rby1_movement/install/local_setup.sh'
[14.924s] INFO:colcon.colcon_core.shell:Creating prefix util module '/home/nvidia/ros2_ws/src/rby1_movement/install/_local_setup_util_sh.py'
[14.926s] INFO:colcon.colcon_core.shell:Creating prefix chain script '/home/nvidia/ros2_ws/src/rby1_movement/install/setup.sh'
[14.933s] INFO:colcon.colcon_core.shell:Creating prefix script '/home/nvidia/ros2_ws/src/rby1_movement/install/local_setup.bash'
[14.935s] INFO:colcon.colcon_core.shell:Creating prefix chain script '/home/nvidia/ros2_ws/src/rby1_movement/install/setup.bash'
[14.942s] INFO:colcon.colcon_core.shell:Creating prefix script '/home/nvidia/ros2_ws/src/rby1_movement/install/local_setup.zsh'
[14.944s] INFO:colcon.colcon_core.shell:Creating prefix chain script '/home/nvidia/ros2_ws/src/rby1_movement/install/setup.zsh'
