[ 50%] [32mBuilding CXX object CMakeFiles/robot_state_publisher.dir/src/robot_state_publisher.cpp.o[0m
/home/nvidia/ros2_ws/src/rby1_robot_state/src/robot_state_publisher.cpp: In instantiation of ‘[01m[KRobotStatePublisher::RobotStatePublisher(std::shared_ptr<rb::Robot<rb::y1_model::A> >, std::unique_ptr<rb::RobotCommandStreamHandler<rb::y1_model::A> >)::<lambda(const auto:47&, const auto:48&)> [with auto:47 = rb::RobotState<rb::y1_model::A>; auto:48 = rb::ControlManagerState][m[K’:
[01m[K/usr/include/c++/11/type_traits:2530:26:[m[K   required by substitution of ‘[01m[Ktemplate<class _Fn, class ... _Args> static std::__result_of_success<decltype (declval<_Fn>()((declval<_Args>)()...)), std::__invoke_other> std::__result_of_other_impl::_S_test(int) [with _Fn = RobotStatePublisher::RobotStatePublisher(std::shared_ptr<rb::Robot<rb::y1_model::A> >, std::unique_ptr<rb::RobotCommandStreamHandler<rb::y1_model::A> >)::<lambda(const auto:47&, const auto:48&)>&; _Args = {const rb::RobotState<rb::y1_model::A>&, const rb::ControlManagerState&}][m[K’
[01m[K/usr/include/c++/11/type_traits:2541:55:[m[K   required from ‘[01m[Kstruct std::__result_of_impl<false, false, RobotStatePublisher::RobotStatePublisher(std::shared_ptr<rb::Robot<rb::y1_model::A> >, std::unique_ptr<rb::RobotCommandStreamHandler<rb::y1_model::A> >)::<lambda(const auto:47&, const auto:48&)>&, const rb::RobotState<rb::y1_model::A>&, const rb::ControlManagerState&>[m[K’
[01m[K/usr/include/c++/11/bits/std_function.h:348:9:[m[K   recursively required by substitution of ‘[01m[Ktemplate<class _Result, class _Ret> struct std::__is_invocable_impl<_Result, _Ret, true, std::__void_t<typename _CTp::type> > [with _Result = std::__invoke_result<RobotStatePublisher::RobotStatePublisher(std::shared_ptr<rb::Robot<rb::y1_model::A> >, std::unique_ptr<rb::RobotCommandStreamHandler<rb::y1_model::A> >)::<lambda(const auto:47&, const auto:48&)>&, const rb::RobotState<rb::y1_model::A>&, const rb::ControlManagerState&>; _Ret = void][m[K’
[01m[K/usr/include/c++/11/bits/std_function.h:348:9:[m[K   required from ‘[01m[Kstruct std::function<void(const rb::RobotState<rb::y1_model::A>&, const rb::ControlManagerState&)>::_Callable<RobotStatePublisher::RobotStatePublisher(std::shared_ptr<rb::Robot<rb::y1_model::A> >, std::unique_ptr<rb::RobotCommandStreamHandler<rb::y1_model::A> >)::<lambda(const auto:47&, const auto:48&)>, RobotStatePublisher::RobotStatePublisher(std::shared_ptr<rb::Robot<rb::y1_model::A> >, std::unique_ptr<rb::RobotCommandStreamHandler<rb::y1_model::A> >)::<lambda(const auto:47&, const auto:48&)>, std::__invoke_result<RobotStatePublisher::RobotStatePublisher(std::shared_ptr<rb::Robot<rb::y1_model::A> >, std::unique_ptr<rb::RobotCommandStreamHandler<rb::y1_model::A> >)::<lambda(const auto:47&, const auto:48&)>&, const rb::RobotState<rb::y1_model::A>&, const rb::ControlManagerState&> >[m[K’
[01m[K/usr/include/c++/11/bits/std_function.h:353:8:[m[K   required by substitution of ‘[01m[Ktemplate<class _Res, class ... _ArgTypes> template<class _Cond, class _Tp> using _Requires = std::__enable_if_t<_Cond::value, _Tp> [with _Cond = std::function<void(const rb::RobotState<rb::y1_model::A>&, const rb::ControlManagerState&)>::_Callable<RobotStatePublisher::RobotStatePublisher(std::shared_ptr<rb::Robot<rb::y1_model::A> >, std::unique_ptr<rb::RobotCommandStreamHandler<rb::y1_model::A> >)::<lambda(const auto:47&, const auto:48&)>, RobotStatePublisher::RobotStatePublisher(std::shared_ptr<rb::Robot<rb::y1_model::A> >, std::unique_ptr<rb::RobotCommandStreamHandler<rb::y1_model::A> >)::<lambda(const auto:47&, const auto:48&)>, std::__invoke_result<RobotStatePublisher::RobotStatePublisher(std::shared_ptr<rb::Robot<rb::y1_model::A> >, std::unique_ptr<rb::RobotCommandStreamHandler<rb::y1_model::A> >)::<lambda(const auto:47&, const auto:48&)>&, const rb::RobotState<rb::y1_model::A>&, const rb::ControlManagerState&> >; _Tp = void; _Res = void; _ArgTypes = {const rb::RobotState<rb::y1_model::A>&, const rb::ControlManagerState&}][m[K’
[01m[K/usr/include/c++/11/bits/std_function.h:434:9:[m[K   required by substitution of ‘[01m[Ktemplate<class _Functor, class _Constraints> std::function<void(const rb::RobotState<rb::y1_model::A>&, const rb::ControlManagerState&)>::function(_Functor&&) [with _Functor = RobotStatePublisher::RobotStatePublisher(std::shared_ptr<rb::Robot<rb::y1_model::A> >, std::unique_ptr<rb::RobotCommandStreamHandler<rb::y1_model::A> >)::<lambda(const auto:47&, const auto:48&)>; _Constraints = <missing>][m[K’
[01m[K/home/nvidia/ros2_ws/src/rby1_robot_state/src/robot_state_publisher.cpp:38:32:[m[K   required from here
[01m[K/home/nvidia/ros2_ws/src/rby1_robot_state/src/robot_state_publisher.cpp:39:51:[m[K [01;35m[Kwarning: [m[Kunused parameter ‘[01m[Kcontrol_manager[m[K’ [[01;35m[K]8;;https://gcc.gnu.org/onlinedocs/gcc/Warning-Options.html#index-Wunused-parameter-Wunused-parameter]8;;[m[K]
   39 |             [this](const auto& state, [01;35m[Kconst auto& control_manager[m[K) {
      |                                       [01;35m[K~~~~~~~~~~~~^~~~~~~~~~~~~~~[m[K
[100%] [32m[1mLinking CXX executable robot_state_publisher[0m
[100%] Built target robot_state_publisher
-- Install configuration: ""
-- Installing: /home/nvidia/ros2_ws/src/rby1_robot_state/install/rby1_robot_state/lib/rby1_robot_state/robot_state_publisher
-- Set non-toolchain portion of runtime path of "/home/nvidia/ros2_ws/src/rby1_robot_state/install/rby1_robot_state/lib/rby1_robot_state/robot_state_publisher" to ""
-- Up-to-date: /home/nvidia/ros2_ws/src/rby1_robot_state/install/rby1_robot_state/share/ament_index/resource_index/package_run_dependencies/rby1_robot_state
-- Up-to-date: /home/nvidia/ros2_ws/src/rby1_robot_state/install/rby1_robot_state/share/ament_index/resource_index/parent_prefix_path/rby1_robot_state
-- Up-to-date: /home/nvidia/ros2_ws/src/rby1_robot_state/install/rby1_robot_state/share/rby1_robot_state/environment/ament_prefix_path.sh
-- Up-to-date: /home/nvidia/ros2_ws/src/rby1_robot_state/install/rby1_robot_state/share/rby1_robot_state/environment/ament_prefix_path.dsv
-- Up-to-date: /home/nvidia/ros2_ws/src/rby1_robot_state/install/rby1_robot_state/share/rby1_robot_state/environment/path.sh
-- Up-to-date: /home/nvidia/ros2_ws/src/rby1_robot_state/install/rby1_robot_state/share/rby1_robot_state/environment/path.dsv
-- Up-to-date: /home/nvidia/ros2_ws/src/rby1_robot_state/install/rby1_robot_state/share/rby1_robot_state/local_setup.bash
-- Up-to-date: /home/nvidia/ros2_ws/src/rby1_robot_state/install/rby1_robot_state/share/rby1_robot_state/local_setup.sh
-- Up-to-date: /home/nvidia/ros2_ws/src/rby1_robot_state/install/rby1_robot_state/share/rby1_robot_state/local_setup.zsh
-- Up-to-date: /home/nvidia/ros2_ws/src/rby1_robot_state/install/rby1_robot_state/share/rby1_robot_state/local_setup.dsv
-- Installing: /home/nvidia/ros2_ws/src/rby1_robot_state/install/rby1_robot_state/share/rby1_robot_state/package.dsv
-- Up-to-date: /home/nvidia/ros2_ws/src/rby1_robot_state/install/rby1_robot_state/share/ament_index/resource_index/packages/rby1_robot_state
-- Up-to-date: /home/nvidia/ros2_ws/src/rby1_robot_state/install/rby1_robot_state/share/rby1_robot_state/cmake/rby1_robot_stateConfig.cmake
-- Up-to-date: /home/nvidia/ros2_ws/src/rby1_robot_state/install/rby1_robot_state/share/rby1_robot_state/cmake/rby1_robot_stateConfig-version.cmake
-- Up-to-date: /home/nvidia/ros2_ws/src/rby1_robot_state/install/rby1_robot_state/share/rby1_robot_state/package.xml
