[01m[K/home/nvidia/ros2_ws/src/rby1_movement/src/rby1_movement_subscriber.cpp:[m[K In constructor ‘[01m[KRBY1_Movement::RBY1_Movement(std::shared_ptr<rb::Robot<rb::y1_model::A> >, std::thread)[m[K’:
[01m[K/home/nvidia/ros2_ws/src/rby1_movement/src/rby1_movement_subscriber.cpp:19:63:[m[K [01;35m[Kwarning: [m[Kunused parameter ‘[01m[Krobot_[m[K’ [[01;35m[K]8;;https://gcc.gnu.org/onlinedocs/gcc/Warning-Options.html#index-Wunused-parameter-Wunused-parameter]8;;[m[K]
   19 |   RBY1_Movement([01;35m[Kstd::shared_ptr<rb::Robot<rb::y1_model::A>> robot_[m[K, std::thread robot_thread_) : Node("rby1_movement_subscriber") {
      |                 [01;35m[K~~~~~~~~~~~~~~~~~~~~~~~~~~~~~~~~~~~~~~~~~~~~^~~~~~[m[K

[01m[K/home/nvidia/ros2_ws/src/rby1_movement/src/rby1_movement_subscriber.cpp:19:83:[m[K [01;35m[Kwarning: [m[Kunused parameter ‘[01m[Krobot_thread_[m[K’ [[01;35m[K]8;;https://gcc.gnu.org/onlinedocs/gcc/Warning-Options.html#index-Wunused-parameter-Wunused-parameter]8;;[m[K]
   19 | :shared_ptr<rb::Robot<rb::y1_model::A>> robot_, [01;35m[Kstd::thread robot_thread_[m[K) : Node("rby1_movement_subscriber") {
      |                                                 [01;35m[K~~~~~~~~~~~~^~~~~~~~~~~~~[m[K

[01m[K/home/nvidia/ros2_ws/src/rby1_movement/src/rby1_movement_subscriber.cpp:[m[K In function ‘[01m[Kint main(int, char**)[m[K’:
[01m[K/home/nvidia/ros2_ws/src/rby1_movement/src/rby1_movement_subscriber.cpp:94:5:[m[K [01;31m[Kerror: [m[K‘[01m[Krobot_[m[K’ was not declared in this scope
   94 |     [01;31m[Krobot_[m[K = rb::Robot<rb::y1_model::A>::Create("192.168.30.1:50051");
      |     [01;31m[K^~~~~~[m[K
[01m[K/home/nvidia/ros2_ws/src/rby1_movement/src/rby1_movement_subscriber.cpp:95:5:[m[K [01;31m[Kerror: [m[K‘[01m[Krobot_thread_[m[K’ was not declared in this scope
   95 |     [01;31m[Krobot_thread_[m[K = std::thread([this]() {
      |     [01;31m[K^~~~~~~~~~~~~[m[K
[01m[K/home/nvidia/ros2_ws/src/rby1_movement/src/rby1_movement_subscriber.cpp:95:34:[m[K [01;31m[Kerror: [m[Kinvalid use of ‘[01m[Kthis[m[K’ in non-member function
   95 |     robot_thread_ = std::thread([[01;31m[Kthis[m[K]() {
      |                                  [01;31m[K^~~~[m[K
[01m[K/home/nvidia/ros2_ws/src/rby1_movement/src/rby1_movement_subscriber.cpp:[m[K In lambda function:
[01m[K/home/nvidia/ros2_ws/src/rby1_movement/src/rby1_movement_subscriber.cpp:96:9:[m[K [01;31m[Kerror: [m[K‘[01m[Krobot_[m[K’ is not captured
   96 |         [01;31m[Krobot_[m[K->Connect();
      |         [01;31m[K^~~~~~[m[K
[01m[K/home/nvidia/ros2_ws/src/rby1_movement/src/rby1_movement_subscriber.cpp:95:38:[m[K [01;36m[Knote: [m[Kthe lambda has no capture-default
   95 |     robot_thread_ = std::thread([this[01;36m[K][m[K() {
      |                                      [01;36m[K^[m[K
[01m[K/home/nvidia/ros2_ws/src/rby1_movement/src/rby1_movement_subscriber.cpp:94:5:[m[K [01;36m[Knote: [m[K‘[01m[K<typeprefixerror>robot_[m[K’ declared here
   94 |     [01;36m[Krobot_[m[K = rb::Robot<rb::y1_model::A>::Create("192.168.30.1:50051");
      |     [01;36m[K^~~~~~[m[K
[01m[K/home/nvidia/ros2_ws/src/rby1_movement/src/rby1_movement_subscriber.cpp:97:22:[m[K [01;31m[Kerror: [m[K‘[01m[Krobot_[m[K’ is not captured
   97 |         std::cout << [01;31m[Krobot_[m[K->GetRobotInfo().robot_version << std::endl;
      |                      [01;31m[K^~~~~~[m[K
[01m[K/home/nvidia/ros2_ws/src/rby1_movement/src/rby1_movement_subscriber.cpp:95:38:[m[K [01;36m[Knote: [m[Kthe lambda has no capture-default
   95 |     robot_thread_ = std::thread([this[01;36m[K][m[K() {
      |                                      [01;36m[K^[m[K
[01m[K/home/nvidia/ros2_ws/src/rby1_movement/src/rby1_movement_subscriber.cpp:94:5:[m[K [01;36m[Knote: [m[K‘[01m[K<typeprefixerror>robot_[m[K’ declared here
   94 |     [01;36m[Krobot_[m[K = rb::Robot<rb::y1_model::A>::Create("192.168.30.1:50051");
      |     [01;36m[K^~~~~~[m[K
gmake[2]: *** [CMakeFiles/rby1_movement_subscriber.dir/build.make:79: CMakeFiles/rby1_movement_subscriber.dir/src/rby1_movement_subscriber.cpp.o] Error 1
gmake[1]: *** [CMakeFiles/Makefile2:153: CMakeFiles/rby1_movement_subscriber.dir/all] Error 2
gmake: *** [Makefile:146: all] Error 2
